#
# There is insufficient memory for the Java Runtime Environment to continue.
# Native memory allocation (malloc) failed to allocate 1048576 bytes. Error detail: AllocateHeap
# Possible reasons:
#   The system is out of physical RAM or swap space
#   This process is running with CompressedOops enabled, and the Java Heap may be blocking the growth of the native heap
# Possible solutions:
#   Reduce memory load on the system
#   Increase physical memory or swap space
#   Check if swap backing store is full
#   Decrease Java heap size (-Xmx/-Xms)
#   Decrease number of Java threads
#   Decrease Java thread stack sizes (-Xss)
#   Set larger code cache with -XX:ReservedCodeCacheSize=
#   JVM is running with Unscaled Compressed Oops mode in which the Java heap is
#     placed in the first 4GB address space. The Java Heap base address is the
#     maximum limit for the native heap growth. Please use -XX:HeapBaseMinAddress
#     to set the Java Heap base and to place the Java Heap above 4GB virtual address.
# This output file may be truncated or incomplete.
#
#  Out of Memory Error (allocation.cpp:44), pid=8932, tid=6768
#
# JRE version: OpenJDK Runtime Environment Temurin-21.0.8+9 (21.0.8+9) (build 21.0.8+9-LTS)
# Java VM: OpenJDK 64-Bit Server VM Temurin-21.0.8+9 (21.0.8+9-LTS, mixed mode, sharing, tiered, compressed oops, compressed class ptrs, parallel gc, windows-amd64)
# No core dump will be written. Minidumps are not enabled by default on client versions of Windows
#

---------------  S U M M A R Y ------------

Command Line: --add-modules=ALL-SYSTEM --add-opens=java.base/java.util=ALL-UNNAMED --add-opens=java.base/java.lang=ALL-UNNAMED --add-opens=java.base/sun.nio.fs=ALL-UNNAMED -Declipse.application=org.eclipse.jdt.ls.core.id1 -Dosgi.bundles.defaultStartLevel=4 -Declipse.product=org.eclipse.jdt.ls.core.product -Djava.import.generatesMetadataFilesAtProjectRoot=false -DDetectVMInstallationsJob.disabled=true -Dfile.encoding=utf8 -XX:+UseParallelGC -XX:GCTimeRatio=4 -XX:AdaptiveSizePolicyWeight=90 -Dsun.zip.disableMemoryMapping=true -Xmx2G -Xms100m -Xlog:disable -javaagent:c:\Users\samue\.vscode\extensions\redhat.java-1.44.0-win32-x64\lombok\lombok-1.18.39-4050.jar -XX:+HeapDumpOnOutOfMemoryError -XX:HeapDumpPath=c:\Users\samue\AppData\Roaming\Code\User\workspaceStorage\cdf97f8f069daa303bb81283c0c28557\redhat.java -Daether.dependencyCollector.impl=bf c:\Users\samue\.vscode\extensions\redhat.java-1.44.0-win32-x64\server\plugins\org.eclipse.equinox.launcher_1.7.0.v20250519-0528.jar -configuration c:\Users\samue\AppData\Roaming\Code\User\globalStorage\redhat.java\1.44.0\config_win -data c:\Users\samue\AppData\Roaming\Code\User\workspaceStorage\cdf97f8f069daa303bb81283c0c28557\redhat.java\jdt_ws --pipe=\\.\pipe\lsp-85d1dbbcc00e1e669abfe185d3b213d4-sock

Host: AMD Ryzen 7 4800H with Radeon Graphics         , 16 cores, 7G,  Windows 11 , 64 bit Build 26100 (10.0.26100.4768)
Time: Sat Sep  6 16:22:11 2025 Hora oficial do Brasil elapsed time: 1642805.455126 seconds (19d 0h 20m 5s)

---------------  T H R E A D  ---------------

Current thread (0x0000020790745e00):  JavaThread "Attach Listener" daemon [_thread_in_vm, id=6768, stack(0x0000002a63300000,0x0000002a63400000) (1024K)]

Stack: [0x0000002a63300000,0x0000002a63400000]
Native frames: (J=compiled Java code, j=interpreted, Vv=VM code, C=native code)
V  [jvm.dll+0x6d2449]
V  [jvm.dll+0x8ae341]
V  [jvm.dll+0x8b08be]
V  [jvm.dll+0x8b0fa3]
V  [jvm.dll+0x280c96]
V  [jvm.dll+0xc0347]
V  [jvm.dll+0x6d2cf9]
V  [jvm.dll+0x131116]
V  [jvm.dll+0x3f2d16]
V  [jvm.dll+0x857e6b]
V  [jvm.dll+0x6d0b0d]
C  [ucrtbase.dll+0x37b0]
C  [KERNEL32.DLL+0x2e8d7]
C  [ntdll.dll+0x3c34c]


---------------  P R O C E S S  ---------------

Threads class SMR info:
_java_thread_list=0x00000207fbd1fb50, length=50, elements={
0x000002079069b7d0, 0x000002079064d270, 0x0000020790742760, 0x00000207907451b0,
0x0000020790745e00, 0x0000020790748050, 0x000002079074dd10, 0x000002079074eb40,
0x00000207e94e6fc0, 0x00000207e9627010, 0x00000207ef0ecd30, 0x00000207efcc1890,
0x00000207e9588e60, 0x00000207efcad920, 0x00000207ef059240, 0x00000207ef97e700,
0x00000207ef2afc60, 0x00000207e96e1150, 0x00000207e96df080, 0x00000207e96df710,
0x00000207f3088920, 0x00000207f3087570, 0x00000207f3088fb0, 0x00000207f3088290,
0x00000207f3085b30, 0x00000207f3087c00, 0x00000207f30861c0, 0x00000207f3089cd0,
0x00000207f3086850, 0x00000207f308c430, 0x00000207f308cac0, 0x00000207f308b710,
0x00000207f3089640, 0x00000207f308b080, 0x00000207f308bda0, 0x00000207f308d150,
0x00000207f308a360, 0x00000207f308a9f0, 0x00000207f1e51630, 0x00000207f1e4e840,
0x00000207f0d010f0, 0x00000207f1a19900, 0x00000207f1a1a620, 0x00000207f1a17830,
0x00000207f1a150d0, 0x00000207f1e51cc0, 0x00000207f1e50280, 0x00000207f1e54ab0,
0x00000207f0cfbba0, 0x00000207f0d003d0
}

Java Threads: ( => current thread )
  0x000002079069b7d0 JavaThread "main"                              [_thread_blocked, id=6528, stack(0x0000002a62c00000,0x0000002a62d00000) (1024K)]
  0x000002079064d270 JavaThread "Reference Handler"          daemon [_thread_blocked, id=4316, stack(0x0000002a63000000,0x0000002a63100000) (1024K)]
  0x0000020790742760 JavaThread "Finalizer"                  daemon [_thread_blocked, id=16012, stack(0x0000002a63100000,0x0000002a63200000) (1024K)]
  0x00000207907451b0 JavaThread "Signal Dispatcher"          daemon [_thread_blocked, id=21200, stack(0x0000002a63200000,0x0000002a63300000) (1024K)]
=>0x0000020790745e00 JavaThread "Attach Listener"            daemon [_thread_in_vm, id=6768, stack(0x0000002a63300000,0x0000002a63400000) (1024K)]
  0x0000020790748050 JavaThread "Service Thread"             daemon [_thread_blocked, id=10576, stack(0x0000002a63400000,0x0000002a63500000) (1024K)]
  0x000002079074dd10 JavaThread "Monitor Deflation Thread"   daemon [_thread_blocked, id=7324, stack(0x0000002a63500000,0x0000002a63600000) (1024K)]
  0x000002079074eb40 JavaThread "C2 CompilerThread0"         daemon [_thread_blocked, id=15448, stack(0x0000002a63600000,0x0000002a63700000) (1024K)]
  0x00000207e94e6fc0 JavaThread "C1 CompilerThread0"         daemon [_thread_blocked, id=14252, stack(0x0000002a63700000,0x0000002a63800000) (1024K)]
  0x00000207e9627010 JavaThread "Common-Cleaner"             daemon [_thread_blocked, id=11304, stack(0x0000002a63900000,0x0000002a63a00000) (1024K)]
  0x00000207ef0ecd30 JavaThread "Notification Thread"        daemon [_thread_blocked, id=7676, stack(0x0000002a63a00000,0x0000002a63b00000) (1024K)]
  0x00000207efcc1890 JavaThread "Active Thread: Equinox Container: 26696586-18a2-4567-b3e2-e27cfc804d19"        [_thread_blocked, id=18612, stack(0x0000002a64400000,0x0000002a64500000) (1024K)]
  0x00000207e9588e60 JavaThread "Refresh Thread: Equinox Container: 26696586-18a2-4567-b3e2-e27cfc804d19" daemon [_thread_blocked, id=8892, stack(0x0000002a63b00000,0x0000002a63c00000) (1024K)]
  0x00000207efcad920 JavaThread "Framework Event Dispatcher: Equinox Container: 26696586-18a2-4567-b3e2-e27cfc804d19" daemon [_thread_blocked, id=7460, stack(0x0000002a63c00000,0x0000002a63d00000) (1024K)]
  0x00000207ef059240 JavaThread "Start Level: Equinox Container: 26696586-18a2-4567-b3e2-e27cfc804d19" daemon [_thread_blocked, id=3400, stack(0x0000002a64500000,0x0000002a64600000) (1024K)]
  0x00000207ef97e700 JavaThread "Bundle File Closer"         daemon [_thread_blocked, id=19284, stack(0x0000002a64800000,0x0000002a64900000) (1024K)]
  0x00000207ef2afc60 JavaThread "SCR Component Actor"        daemon [_thread_blocked, id=21748, stack(0x0000002a64900000,0x0000002a64a00000) (1024K)]
  0x00000207e96e1150 JavaThread "Worker-JM"                         [_thread_blocked, id=16588, stack(0x0000002a65000000,0x0000002a65100000) (1024K)]
  0x00000207e96df080 JavaThread "JNA Cleaner"                daemon [_thread_blocked, id=3968, stack(0x0000002a65200000,0x0000002a65300000) (1024K)]
  0x00000207e96df710 JavaThread "Java indexing"              daemon [_thread_blocked, id=6944, stack(0x0000002a65600000,0x0000002a65700000) (1024K)]
  0x00000207f3088920 JavaThread "Thread-2"                   daemon [_thread_in_native, id=1104, stack(0x0000002a65b00000,0x0000002a65c00000) (1024K)]
  0x00000207f3087570 JavaThread "Thread-3"                   daemon [_thread_in_native, id=12140, stack(0x0000002a65c00000,0x0000002a65d00000) (1024K)]
  0x00000207f3088fb0 JavaThread "Thread-4"                   daemon [_thread_in_native, id=13776, stack(0x0000002a65d00000,0x0000002a65e00000) (1024K)]
  0x00000207f3088290 JavaThread "Thread-5"                   daemon [_thread_in_native, id=7756, stack(0x0000002a65e00000,0x0000002a65f00000) (1024K)]
  0x00000207f3085b30 JavaThread "Thread-6"                   daemon [_thread_in_native, id=10648, stack(0x0000002a65f00000,0x0000002a66000000) (1024K)]
  0x00000207f3087c00 JavaThread "Thread-7"                   daemon [_thread_in_native, id=2864, stack(0x0000002a66000000,0x0000002a66100000) (1024K)]
  0x00000207f30861c0 JavaThread "Thread-8"                   daemon [_thread_in_native, id=8936, stack(0x0000002a66100000,0x0000002a66200000) (1024K)]
  0x00000207f3089cd0 JavaThread "Thread-9"                   daemon [_thread_in_native, id=11660, stack(0x0000002a66200000,0x0000002a66300000) (1024K)]
  0x00000207f3086850 JavaThread "Thread-10"                  daemon [_thread_in_native, id=15596, stack(0x0000002a66300000,0x0000002a66400000) (1024K)]
  0x00000207f308c430 JavaThread "Thread-11"                  daemon [_thread_in_native, id=6084, stack(0x0000002a66400000,0x0000002a66500000) (1024K)]
  0x00000207f308cac0 JavaThread "Thread-12"                  daemon [_thread_in_native, id=3192, stack(0x0000002a66500000,0x0000002a66600000) (1024K)]
  0x00000207f308b710 JavaThread "Thread-13"                  daemon [_thread_in_native, id=9240, stack(0x0000002a66600000,0x0000002a66700000) (1024K)]
  0x00000207f3089640 JavaThread "Thread-14"                  daemon [_thread_in_native, id=4268, stack(0x0000002a66700000,0x0000002a66800000) (1024K)]
  0x00000207f308b080 JavaThread "Thread-15"                  daemon [_thread_in_native, id=7500, stack(0x0000002a66800000,0x0000002a66900000) (1024K)]
  0x00000207f308bda0 JavaThread "Thread-16"                  daemon [_thread_in_native, id=9912, stack(0x0000002a66900000,0x0000002a66a00000) (1024K)]
  0x00000207f308d150 JavaThread "Thread-17"                  daemon [_thread_in_native, id=20996, stack(0x0000002a66a00000,0x0000002a66b00000) (1024K)]
  0x00000207f308a360 JavaThread "Thread-18"                  daemon [_thread_in_native, id=6368, stack(0x0000002a66b00000,0x0000002a66c00000) (1024K)]
  0x00000207f308a9f0 JavaThread "pool-2-thread-1"                   [_thread_blocked, id=22260, stack(0x0000002a66c00000,0x0000002a66d00000) (1024K)]
  0x00000207f1e51630 JavaThread "WorkspaceEventsHandler"            [_thread_blocked, id=16560, stack(0x0000002a66e00000,0x0000002a66f00000) (1024K)]
  0x00000207f1e4e840 JavaThread "pool-1-thread-1"                   [_thread_blocked, id=12356, stack(0x0000002a66f00000,0x0000002a67000000) (1024K)]
  0x00000207f0d010f0 JavaThread "Cleaner-0"                  daemon [_thread_blocked, id=14568, stack(0x0000002a65900000,0x0000002a65a00000) (1024K)]
  0x00000207f1a19900 JavaThread "ForkJoinPool.commonPool-worker-31" daemon [_thread_blocked, id=34664, stack(0x0000002a64c00000,0x0000002a64d00000) (1024K)]
  0x00000207f1a1a620 JavaThread "Worker-25"                         [_thread_blocked, id=26140, stack(0x0000002a64d00000,0x0000002a64e00000) (1024K)]
  0x00000207f1a17830 JavaThread "ForkJoinPool.commonPool-worker-32" daemon [_thread_blocked, id=28940, stack(0x0000002a62a00000,0x0000002a62b00000) (1024K)]
  0x00000207f1a150d0 JavaThread "Worker-26"                         [_thread_blocked, id=11844, stack(0x0000002a62b00000,0x0000002a62c00000) (1024K)]
  0x00000207f1e51cc0 JavaThread "ForkJoinPool.commonPool-worker-35" daemon [_thread_blocked, id=29060, stack(0x0000002a65300000,0x0000002a65400000) (1024K)]
  0x00000207f1e50280 JavaThread "ForkJoinPool.commonPool-worker-38" daemon [_thread_blocked, id=32996, stack(0x0000002a65a00000,0x0000002a65b00000) (1024K)]
  0x00000207f1e54ab0 JavaThread "ForkJoinPool.commonPool-worker-42" daemon [_thread_blocked, id=22788, stack(0x0000002a67300000,0x0000002a67400000) (1024K)]
  0x00000207f0cfbba0 JavaThread "LocalFile Deleter"          daemon [_thread_blocked, id=28508, stack(0x0000002a67b00000,0x0000002a67c00000) (1024K)]
  0x00000207f0d003d0 JavaThread "LocalFile Deleter"          daemon [_thread_blocked, id=29128, stack(0x0000002a67d00000,0x0000002a67e00000) (1024K)]
Total: 50

Other Threads:
  0x0000020790740c10 VMThread "VM Thread"                           [id=13252, stack(0x0000002a62f00000,0x0000002a63000000) (1024K)]
  0x000002079052ba00 WatcherThread "VM Periodic Task Thread"        [id=12176, stack(0x0000002a62e00000,0x0000002a62f00000) (1024K)]
  0x00000207906b9fa0 WorkerThread "GC Thread#0"                     [id=13308, stack(0x0000002a62d00000,0x0000002a62e00000) (1024K)]
  0x00000207ef15ec10 WorkerThread "GC Thread#1"                     [id=18000, stack(0x0000002a63d00000,0x0000002a63e00000) (1024K)]
  0x00000207ef4f89e0 WorkerThread "GC Thread#2"                     [id=21508, stack(0x0000002a63e00000,0x0000002a63f00000) (1024K)]
  0x00000207ef4f8d80 WorkerThread "GC Thread#3"                     [id=20676, stack(0x0000002a63f00000,0x0000002a64000000) (1024K)]
  0x00000207ef4e9990 WorkerThread "GC Thread#4"                     [id=1420, stack(0x0000002a64000000,0x0000002a64100000) (1024K)]
  0x00000207ef4e9d30 WorkerThread "GC Thread#5"                     [id=1748, stack(0x0000002a64100000,0x0000002a64200000) (1024K)]
  0x00000207ef18e8c0 WorkerThread "GC Thread#6"                     [id=21872, stack(0x0000002a64200000,0x0000002a64300000) (1024K)]
  0x00000207efb4ce90 WorkerThread "GC Thread#7"                     [id=21292, stack(0x0000002a64300000,0x0000002a64400000) (1024K)]
  0x00000207ef97d740 WorkerThread "GC Thread#8"                     [id=22448, stack(0x0000002a63800000,0x0000002a63900000) (1024K)]
  0x00000207e95fc6d0 WorkerThread "GC Thread#9"                     [id=20080, stack(0x0000002a64600000,0x0000002a64700000) (1024K)]
  0x00000207e95fd550 WorkerThread "GC Thread#10"                    [id=21312, stack(0x0000002a64700000,0x0000002a64800000) (1024K)]
  0x00000207e95fca70 WorkerThread "GC Thread#11"                    [id=20936, stack(0x0000002a64b00000,0x0000002a64c00000) (1024K)]
  0x00000207e95fd1b0 WorkerThread "GC Thread#12"                    [id=20460, stack(0x0000002a64f00000,0x0000002a65000000) (1024K)]
Total: 15

Threads with active compile tasks:
Total: 0

VM state: not at safepoint (normal execution)

VM Mutex/Monitor currently owned by a thread: None

Heap address: 0x0000000080000000, size: 2048 MB, Compressed Oops mode: 32-bit

CDS archive(s) mapped at: [0x00000207a7000000-0x00000207a7ba0000-0x00000207a7ba0000), size 12189696, SharedBaseAddress: 0x00000207a7000000, ArchiveRelocationMode: 1.
Compressed class space mapped at: 0x00000207a8000000-0x00000207e8000000, reserved size: 1073741824
Narrow klass base: 0x00000207a7000000, Narrow klass shift: 0, Narrow klass range: 0x100000000

GC Precious Log:
 CardTable entry size: 512
 CPUs: 16 total, 16 available
 Memory: 7549M
 Large Page Support: Disabled
 NUMA Support: Disabled
 Compressed Oops: Enabled (32-bit)
 Alignments: Space 512K, Generation 512K, Heap 2M
 Heap Min Capacity: 100M
 Heap Initial Capacity: 100M
 Heap Max Capacity: 2G
 Pre-touch: Disabled
 Parallel Workers: 13

Heap:
 PSYoungGen      total 4096K, used 1440K [0x00000000d5580000, 0x00000000d5a80000, 0x0000000100000000)
  eden space 3072K, 30% used [0x00000000d5580000,0x00000000d5666ef0,0x00000000d5880000)
  from space 1024K, 50% used [0x00000000d5880000,0x00000000d5901210,0x00000000d5980000)
  to   space 1024K, 0% used [0x00000000d5980000,0x00000000d5980000,0x00000000d5a80000)
 ParOldGen       total 850432K, used 414159K [0x0000000080000000, 0x00000000b3e80000, 0x00000000d5580000)
  object space 850432K, 48% used [0x0000000080000000,0x0000000099473ec8,0x00000000b3e80000)
 Metaspace       used 83372K, committed 84864K, reserved 1179648K
  class space    used 8376K, committed 9024K, reserved 1048576K

Card table byte_map: [0x0000020790040000,0x0000020790450000] _byte_map_base: 0x000002078fc40000

Marking Bits: (ParMarkBitMap*) 0x00007ffab09ea340
 Begin Bits: [0x00000207a2b40000, 0x00000207a4b40000)
 End Bits:   [0x00000207a4b40000, 0x00000207a6b40000)

Polling page: 0x000002078e4f0000

Metaspace:

Usage:
  Non-class:     73.24 MB used.
      Class:      8.18 MB used.
       Both:     81.42 MB used.

Virtual space:
  Non-class space:      128.00 MB reserved,      74.06 MB ( 58%) committed,  2 nodes.
      Class space:        1.00 GB reserved,       8.81 MB ( <1%) committed,  1 nodes.
             Both:        1.12 GB reserved,      82.88 MB (  7%) committed. 

Chunk freelists:
   Non-Class:  5.83 MB
       Class:  7.17 MB
        Both:  13.00 MB

MaxMetaspaceSize: unlimited
CompressedClassSpaceSize: 1.00 GB
Initial GC threshold: 21.00 MB
Current GC threshold: 130.12 MB
CDS: on
 - commit_granule_bytes: 65536.
 - commit_granule_words: 8192.
 - virtual_space_node_default_size: 8388608.
 - enlarge_chunks_in_place: 1.
 - use_allocation_guard: 0.


Internal statistics:

num_allocs_failed_limit: 15.
num_arena_births: 1684.
num_arena_deaths: 418.
num_vsnodes_births: 3.
num_vsnodes_deaths: 0.
num_space_committed: 1326.
num_space_uncommitted: 0.
num_chunks_returned_to_freelist: 530.
num_chunks_taken_from_freelist: 5882.
num_chunk_merges: 166.
num_chunk_splits: 3330.
num_chunks_enlarged: 1760.
num_inconsistent_stats: 0.

CodeHeap 'non-profiled nmethods': size=119168Kb used=17327Kb max_used=17327Kb free=101840Kb
 bounds [0x000002079b430000, 0x000002079c520000, 0x00000207a2890000]
CodeHeap 'profiled nmethods': size=119104Kb used=46678Kb max_used=46678Kb free=72425Kb
 bounds [0x0000020793890000, 0x0000020796630000, 0x000002079ace0000]
CodeHeap 'non-nmethods': size=7488Kb used=1519Kb max_used=3245Kb free=5968Kb
 bounds [0x000002079ace0000, 0x000002079b010000, 0x000002079b430000]
CodeCache: size=245760Kb, used=65524Kb, max_used=67250Kb, free=180233Kb
 total_blobs=20220, nmethods=19384, adapters=740, full_count=0
Compilation: enabled, stopped_count=0, restarted_count=0

Compilation events (20 events):
Event: 1642513.441 Thread 0x000002079074eb40 21641       4       lombok.eclipse.EclipseAST::buildMethod (110 bytes)
Event: 1642513.443 Thread 0x00000207f2522f40 21642       3       org.eclipse.jdt.core.manipulation.JavaManipulation::getPreferenceNodeId (4 bytes)
Event: 1642513.444 Thread 0x00000207f2522f40 nmethod 21642 0x0000020796620e10 code [0x0000020796620fa0, 0x0000020796621098]
Event: 1642513.463 Thread 0x00000207f2522f40 21643       3       org.eclipse.lsp4j.WorkDoneProgressAndPartialResultParams::<init> (5 bytes)
Event: 1642513.463 Thread 0x00000207f2522f40 nmethod 21643 0x0000020796621110 code [0x00000207966212c0, 0x0000020796621428]
Event: 1642513.615 Thread 0x000002079074eb40 nmethod 21641 0x000002079c511310 code [0x000002079c5119c0, 0x000002079c5173f0]
Event: 1642513.634 Thread 0x00000207e94e6fc0 21644       3       org.eclipse.jdt.ls.core.internal.JavaLanguageServerPlugin::getProjectsManager (7 bytes)
Event: 1642513.635 Thread 0x00000207e94e6fc0 nmethod 21644 0x0000020796621510 code [0x00000207966216a0, 0x00000207966217a0]
Event: 1642513.635 Thread 0x00000207f2522870 21645       3       org.eclipse.jdt.internal.core.JavaModelManager::getDeltaProcessor (8 bytes)
Event: 1642513.635 Thread 0x00000207f2522870 nmethod 21645 0x0000020796621890 code [0x0000020796621a40, 0x0000020796621ba0]
Event: 1642513.641 Thread 0x00000207f2522870 21646       3       org.eclipse.jdt.internal.compiler.ast.TypeDeclaration::createDefaultConstructor (173 bytes)
Event: 1642513.642 Thread 0x00000207f2522870 nmethod 21646 0x0000020796621c90 code [0x0000020796621ec0, 0x0000020796622a18]
Event: 1642513.647 Thread 0x000002079074eb40 21647       4       org.eclipse.jdt.internal.compiler.lookup.MethodScope::problemReporter (18 bytes)
Event: 1642513.648 Thread 0x000002079074eb40 nmethod 21647 0x000002079c51bc10 code [0x000002079c51bda0, 0x000002079c51be90]
Event: 1642513.650 Thread 0x00000207e94e6fc0 21648       3       org.eclipse.core.internal.runtime.InternalPlatform::getLog (37 bytes)
Event: 1642513.650 Thread 0x00000207f2522870 21649       3       java.lang.Thread::getStackTrace (61 bytes)
Event: 1642513.650 Thread 0x00000207f2522870 nmethod 21649 0x0000020796622d90 code [0x0000020796623000, 0x0000020796623ad8]
Event: 1642513.650 Thread 0x00000207f2522870 21650       3       org.eclipse.core.runtime.Status::<init> (40 bytes)
Event: 1642513.650 Thread 0x00000207e94e6fc0 nmethod 21648 0x0000020796623d90 code [0x0000020796623fe0, 0x0000020796624860]
Event: 1642513.651 Thread 0x00000207f2522870 nmethod 21650 0x0000020796624b10 code [0x0000020796624d20, 0x00000207966256b0]

GC Heap History (20 events):
Event: 1642511.826 GC heap before
{Heap before GC invocations=1962 (full 4):
 PSYoungGen      total 4096K, used 3716K [0x00000000d5580000, 0x00000000d5a80000, 0x0000000100000000)
  eden space 3072K, 100% used [0x00000000d5580000,0x00000000d5880000,0x00000000d5880000)
  from space 1024K, 62% used [0x00000000d5880000,0x00000000d5921210,0x00000000d5980000)
  to   space 1024K, 0% used [0x00000000d5980000,0x00000000d5980000,0x00000000d5a80000)
 ParOldGen       total 850432K, used 411754K [0x0000000080000000, 0x00000000b3e80000, 0x00000000d5580000)
  object space 850432K, 48% used [0x0000000080000000,0x000000009921a898,0x00000000b3e80000)
 Metaspace       used 83361K, committed 84864K, reserved 1179648K
  class space    used 8376K, committed 9024K, reserved 1048576K
}
Event: 1642511.829 GC heap after
{Heap after GC invocations=1962 (full 4):
 PSYoungGen      total 4096K, used 628K [0x00000000d5580000, 0x00000000d5a80000, 0x0000000100000000)
  eden space 3072K, 0% used [0x00000000d5580000,0x00000000d5580000,0x00000000d5880000)
  from space 1024K, 61% used [0x00000000d5980000,0x00000000d5a1d200,0x00000000d5a80000)
  to   space 1024K, 0% used [0x00000000d5880000,0x00000000d5880000,0x00000000d5980000)
 ParOldGen       total 850432K, used 412214K [0x0000000080000000, 0x00000000b3e80000, 0x00000000d5580000)
  object space 850432K, 48% used [0x0000000080000000,0x000000009928daa8,0x00000000b3e80000)
 Metaspace       used 83361K, committed 84864K, reserved 1179648K
  class space    used 8376K, committed 9024K, reserved 1048576K
}
Event: 1642511.839 GC heap before
{Heap before GC invocations=1963 (full 4):
 PSYoungGen      total 4096K, used 3700K [0x00000000d5580000, 0x00000000d5a80000, 0x0000000100000000)
  eden space 3072K, 100% used [0x00000000d5580000,0x00000000d5880000,0x00000000d5880000)
  from space 1024K, 61% used [0x00000000d5980000,0x00000000d5a1d200,0x00000000d5a80000)
  to   space 1024K, 0% used [0x00000000d5880000,0x00000000d5880000,0x00000000d5980000)
 ParOldGen       total 850432K, used 412214K [0x0000000080000000, 0x00000000b3e80000, 0x00000000d5580000)
  object space 850432K, 48% used [0x0000000080000000,0x000000009928daa8,0x00000000b3e80000)
 Metaspace       used 83361K, committed 84864K, reserved 1179648K
  class space    used 8376K, committed 9024K, reserved 1048576K
}
Event: 1642511.841 GC heap after
{Heap after GC invocations=1963 (full 4):
 PSYoungGen      total 4096K, used 580K [0x00000000d5580000, 0x00000000d5a80000, 0x0000000100000000)
  eden space 3072K, 0% used [0x00000000d5580000,0x00000000d5580000,0x00000000d5880000)
  from space 1024K, 56% used [0x00000000d5880000,0x00000000d5911210,0x00000000d5980000)
  to   space 1024K, 0% used [0x00000000d5980000,0x00000000d5980000,0x00000000d5a80000)
 ParOldGen       total 850432K, used 412478K [0x0000000080000000, 0x00000000b3e80000, 0x00000000d5580000)
  object space 850432K, 48% used [0x0000000080000000,0x00000000992cfaa8,0x00000000b3e80000)
 Metaspace       used 83361K, committed 84864K, reserved 1179648K
  class space    used 8376K, committed 9024K, reserved 1048576K
}
Event: 1642511.866 GC heap before
{Heap before GC invocations=1964 (full 4):
 PSYoungGen      total 4096K, used 3652K [0x00000000d5580000, 0x00000000d5a80000, 0x0000000100000000)
  eden space 3072K, 100% used [0x00000000d5580000,0x00000000d5880000,0x00000000d5880000)
  from space 1024K, 56% used [0x00000000d5880000,0x00000000d5911210,0x00000000d5980000)
  to   space 1024K, 0% used [0x00000000d5980000,0x00000000d5980000,0x00000000d5a80000)
 ParOldGen       total 850432K, used 412478K [0x0000000080000000, 0x00000000b3e80000, 0x00000000d5580000)
  object space 850432K, 48% used [0x0000000080000000,0x00000000992cfaa8,0x00000000b3e80000)
 Metaspace       used 83361K, committed 84864K, reserved 1179648K
  class space    used 8376K, committed 9024K, reserved 1048576K
}
Event: 1642511.867 GC heap after
{Heap after GC invocations=1964 (full 4):
 PSYoungGen      total 3584K, used 416K [0x00000000d5580000, 0x00000000d5a00000, 0x0000000100000000)
  eden space 3072K, 0% used [0x00000000d5580000,0x00000000d5580000,0x00000000d5880000)
  from space 512K, 81% used [0x00000000d5980000,0x00000000d59e8000,0x00000000d5a00000)
  to   space 512K, 0% used [0x00000000d5900000,0x00000000d5900000,0x00000000d5980000)
 ParOldGen       total 850432K, used 412486K [0x0000000080000000, 0x00000000b3e80000, 0x00000000d5580000)
  object space 850432K, 48% used [0x0000000080000000,0x00000000992d1aa8,0x00000000b3e80000)
 Metaspace       used 83361K, committed 84864K, reserved 1179648K
  class space    used 8376K, committed 9024K, reserved 1048576K
}
Event: 1642513.168 GC heap before
{Heap before GC invocations=1965 (full 4):
 PSYoungGen      total 3584K, used 3488K [0x00000000d5580000, 0x00000000d5a00000, 0x0000000100000000)
  eden space 3072K, 100% used [0x00000000d5580000,0x00000000d5880000,0x00000000d5880000)
  from space 512K, 81% used [0x00000000d5980000,0x00000000d59e8000,0x00000000d5a00000)
  to   space 512K, 0% used [0x00000000d5900000,0x00000000d5900000,0x00000000d5980000)
 ParOldGen       total 850432K, used 412486K [0x0000000080000000, 0x00000000b3e80000, 0x00000000d5580000)
  object space 850432K, 48% used [0x0000000080000000,0x00000000992d1aa8,0x00000000b3e80000)
 Metaspace       used 83361K, committed 84864K, reserved 1179648K
  class space    used 8376K, committed 9024K, reserved 1048576K
}
Event: 1642513.169 GC heap after
{Heap after GC invocations=1965 (full 4):
 PSYoungGen      total 3584K, used 416K [0x00000000d5580000, 0x00000000d5a00000, 0x0000000100000000)
  eden space 3072K, 0% used [0x00000000d5580000,0x00000000d5580000,0x00000000d5880000)
  from space 512K, 81% used [0x00000000d5900000,0x00000000d5968000,0x00000000d5980000)
  to   space 512K, 0% used [0x00000000d5980000,0x00000000d5980000,0x00000000d5a00000)
 ParOldGen       total 850432K, used 412518K [0x0000000080000000, 0x00000000b3e80000, 0x00000000d5580000)
  object space 850432K, 48% used [0x0000000080000000,0x00000000992d9aa8,0x00000000b3e80000)
 Metaspace       used 83361K, committed 84864K, reserved 1179648K
  class space    used 8376K, committed 9024K, reserved 1048576K
}
Event: 1642513.179 GC heap before
{Heap before GC invocations=1966 (full 4):
 PSYoungGen      total 3584K, used 3488K [0x00000000d5580000, 0x00000000d5a00000, 0x0000000100000000)
  eden space 3072K, 100% used [0x00000000d5580000,0x00000000d5880000,0x00000000d5880000)
  from space 512K, 81% used [0x00000000d5900000,0x00000000d5968000,0x00000000d5980000)
  to   space 512K, 0% used [0x00000000d5980000,0x00000000d5980000,0x00000000d5a00000)
 ParOldGen       total 850432K, used 412518K [0x0000000080000000, 0x00000000b3e80000, 0x00000000d5580000)
  object space 850432K, 48% used [0x0000000080000000,0x00000000992d9aa8,0x00000000b3e80000)
 Metaspace       used 83364K, committed 84864K, reserved 1179648K
  class space    used 8376K, committed 9024K, reserved 1048576K
}
Event: 1642513.181 GC heap after
{Heap after GC invocations=1966 (full 4):
 PSYoungGen      total 3584K, used 506K [0x00000000d5580000, 0x00000000d5a80000, 0x0000000100000000)
  eden space 3072K, 0% used [0x00000000d5580000,0x00000000d5580000,0x00000000d5880000)
  from space 512K, 98% used [0x00000000d5980000,0x00000000d59fe900,0x00000000d5a00000)
  to   space 1024K, 0% used [0x00000000d5880000,0x00000000d5880000,0x00000000d5980000)
 ParOldGen       total 850432K, used 412678K [0x0000000080000000, 0x00000000b3e80000, 0x00000000d5580000)
  object space 850432K, 48% used [0x0000000080000000,0x0000000099301ab8,0x00000000b3e80000)
 Metaspace       used 83364K, committed 84864K, reserved 1179648K
  class space    used 8376K, committed 9024K, reserved 1048576K
}
Event: 1642513.192 GC heap before
{Heap before GC invocations=1967 (full 4):
 PSYoungGen      total 3584K, used 3578K [0x00000000d5580000, 0x00000000d5a80000, 0x0000000100000000)
  eden space 3072K, 100% used [0x00000000d5580000,0x00000000d5880000,0x00000000d5880000)
  from space 512K, 98% used [0x00000000d5980000,0x00000000d59fe900,0x00000000d5a00000)
  to   space 1024K, 0% used [0x00000000d5880000,0x00000000d5880000,0x00000000d5980000)
 ParOldGen       total 850432K, used 412678K [0x0000000080000000, 0x00000000b3e80000, 0x00000000d5580000)
  object space 850432K, 48% used [0x0000000080000000,0x0000000099301ab8,0x00000000b3e80000)
 Metaspace       used 83364K, committed 84864K, reserved 1179648K
  class space    used 8376K, committed 9024K, reserved 1048576K
}
Event: 1642513.194 GC heap after
{Heap after GC invocations=1967 (full 4):
 PSYoungGen      total 4096K, used 288K [0x00000000d5580000, 0x00000000d5a00000, 0x0000000100000000)
  eden space 3072K, 0% used [0x00000000d5580000,0x00000000d5580000,0x00000000d5880000)
  from space 1024K, 28% used [0x00000000d5880000,0x00000000d58c8000,0x00000000d5980000)
  to   space 512K, 0% used [0x00000000d5980000,0x00000000d5980000,0x00000000d5a00000)
 ParOldGen       total 850432K, used 413211K [0x0000000080000000, 0x00000000b3e80000, 0x00000000d5580000)
  object space 850432K, 48% used [0x0000000080000000,0x0000000099386cb8,0x00000000b3e80000)
 Metaspace       used 83364K, committed 84864K, reserved 1179648K
  class space    used 8376K, committed 9024K, reserved 1048576K
}
Event: 1642513.203 GC heap before
{Heap before GC invocations=1968 (full 4):
 PSYoungGen      total 4096K, used 3360K [0x00000000d5580000, 0x00000000d5a00000, 0x0000000100000000)
  eden space 3072K, 100% used [0x00000000d5580000,0x00000000d5880000,0x00000000d5880000)
  from space 1024K, 28% used [0x00000000d5880000,0x00000000d58c8000,0x00000000d5980000)
  to   space 512K, 0% used [0x00000000d5980000,0x00000000d5980000,0x00000000d5a00000)
 ParOldGen       total 850432K, used 413211K [0x0000000080000000, 0x00000000b3e80000, 0x00000000d5580000)
  object space 850432K, 48% used [0x0000000080000000,0x0000000099386cb8,0x00000000b3e80000)
 Metaspace       used 83370K, committed 84864K, reserved 1179648K
  class space    used 8376K, committed 9024K, reserved 1048576K
}
Event: 1642513.205 GC heap after
{Heap after GC invocations=1968 (full 4):
 PSYoungGen      total 3584K, used 506K [0x00000000d5580000, 0x00000000d5a80000, 0x0000000100000000)
  eden space 3072K, 0% used [0x00000000d5580000,0x00000000d5580000,0x00000000d5880000)
  from space 512K, 98% used [0x00000000d5980000,0x00000000d59fe900,0x00000000d5a00000)
  to   space 1024K, 0% used [0x00000000d5880000,0x00000000d5880000,0x00000000d5980000)
 ParOldGen       total 850432K, used 413427K [0x0000000080000000, 0x00000000b3e80000, 0x00000000d5580000)
  object space 850432K, 48% used [0x0000000080000000,0x00000000993bccc8,0x00000000b3e80000)
 Metaspace       used 83370K, committed 84864K, reserved 1179648K
  class space    used 8376K, committed 9024K, reserved 1048576K
}
Event: 1642513.436 GC heap before
{Heap before GC invocations=1969 (full 4):
 PSYoungGen      total 3584K, used 3578K [0x00000000d5580000, 0x00000000d5a80000, 0x0000000100000000)
  eden space 3072K, 100% used [0x00000000d5580000,0x00000000d5880000,0x00000000d5880000)
  from space 512K, 98% used [0x00000000d5980000,0x00000000d59fe900,0x00000000d5a00000)
  to   space 1024K, 0% used [0x00000000d5880000,0x00000000d5880000,0x00000000d5980000)
 ParOldGen       total 850432K, used 413427K [0x0000000080000000, 0x00000000b3e80000, 0x00000000d5580000)
  object space 850432K, 48% used [0x0000000080000000,0x00000000993bccc8,0x00000000b3e80000)
 Metaspace       used 83370K, committed 84864K, reserved 1179648K
  class space    used 8376K, committed 9024K, reserved 1048576K
}
Event: 1642513.438 GC heap after
{Heap after GC invocations=1969 (full 4):
 PSYoungGen      total 4096K, used 644K [0x00000000d5580000, 0x00000000d5a80000, 0x0000000100000000)
  eden space 3072K, 0% used [0x00000000d5580000,0x00000000d5580000,0x00000000d5880000)
  from space 1024K, 62% used [0x00000000d5880000,0x00000000d5921210,0x00000000d5980000)
  to   space 1024K, 0% used [0x00000000d5980000,0x00000000d5980000,0x00000000d5a80000)
 ParOldGen       total 850432K, used 413959K [0x0000000080000000, 0x00000000b3e80000, 0x00000000d5580000)
  object space 850432K, 48% used [0x0000000080000000,0x0000000099441ec8,0x00000000b3e80000)
 Metaspace       used 83370K, committed 84864K, reserved 1179648K
  class space    used 8376K, committed 9024K, reserved 1048576K
}
Event: 1642513.636 GC heap before
{Heap before GC invocations=1970 (full 4):
 PSYoungGen      total 4096K, used 3716K [0x00000000d5580000, 0x00000000d5a80000, 0x0000000100000000)
  eden space 3072K, 100% used [0x00000000d5580000,0x00000000d5880000,0x00000000d5880000)
  from space 1024K, 62% used [0x00000000d5880000,0x00000000d5921210,0x00000000d5980000)
  to   space 1024K, 0% used [0x00000000d5980000,0x00000000d5980000,0x00000000d5a80000)
 ParOldGen       total 850432K, used 413959K [0x0000000080000000, 0x00000000b3e80000, 0x00000000d5580000)
  object space 850432K, 48% used [0x0000000080000000,0x0000000099441ec8,0x00000000b3e80000)
 Metaspace       used 83371K, committed 84864K, reserved 1179648K
  class space    used 8376K, committed 9024K, reserved 1048576K
}
Event: 1642513.638 GC heap after
{Heap after GC invocations=1970 (full 4):
 PSYoungGen      total 4096K, used 468K [0x00000000d5580000, 0x00000000d5a80000, 0x0000000100000000)
  eden space 3072K, 0% used [0x00000000d5580000,0x00000000d5580000,0x00000000d5880000)
  from space 1024K, 45% used [0x00000000d5980000,0x00000000d59f5200,0x00000000d5a80000)
  to   space 1024K, 0% used [0x00000000d5880000,0x00000000d5880000,0x00000000d5980000)
 ParOldGen       total 850432K, used 414055K [0x0000000080000000, 0x00000000b3e80000, 0x00000000d5580000)
  object space 850432K, 48% used [0x0000000080000000,0x0000000099459ec8,0x00000000b3e80000)
 Metaspace       used 83371K, committed 84864K, reserved 1179648K
  class space    used 8376K, committed 9024K, reserved 1048576K
}
Event: 1642513.645 GC heap before
{Heap before GC invocations=1971 (full 4):
 PSYoungGen      total 4096K, used 3540K [0x00000000d5580000, 0x00000000d5a80000, 0x0000000100000000)
  eden space 3072K, 99% used [0x00000000d5580000,0x00000000d587fff8,0x00000000d5880000)
  from space 1024K, 45% used [0x00000000d5980000,0x00000000d59f5200,0x00000000d5a80000)
  to   space 1024K, 0% used [0x00000000d5880000,0x00000000d5880000,0x00000000d5980000)
 ParOldGen       total 850432K, used 414055K [0x0000000080000000, 0x00000000b3e80000, 0x00000000d5580000)
  object space 850432K, 48% used [0x0000000080000000,0x0000000099459ec8,0x00000000b3e80000)
 Metaspace       used 83371K, committed 84864K, reserved 1179648K
  class space    used 8376K, committed 9024K, reserved 1048576K
}
Event: 1642513.646 GC heap after
{Heap after GC invocations=1971 (full 4):
 PSYoungGen      total 4096K, used 516K [0x00000000d5580000, 0x00000000d5a80000, 0x0000000100000000)
  eden space 3072K, 0% used [0x00000000d5580000,0x00000000d5580000,0x00000000d5880000)
  from space 1024K, 50% used [0x00000000d5880000,0x00000000d5901210,0x00000000d5980000)
  to   space 1024K, 0% used [0x00000000d5980000,0x00000000d5980000,0x00000000d5a80000)
 ParOldGen       total 850432K, used 414159K [0x0000000080000000, 0x00000000b3e80000, 0x00000000d5580000)
  object space 850432K, 48% used [0x0000000080000000,0x0000000099473ec8,0x00000000b3e80000)
 Metaspace       used 83371K, committed 84864K, reserved 1179648K
  class space    used 8376K, committed 9024K, reserved 1048576K
}

Dll operation events (12 events):
Event: 0.022 Loaded shared library c:\Users\samue\.vscode\extensions\redhat.java-1.44.0-win32-x64\jre\21.0.8-win32-x86_64\bin\java.dll
Event: 0.213 Loaded shared library c:\Users\samue\.vscode\extensions\redhat.java-1.44.0-win32-x64\jre\21.0.8-win32-x86_64\bin\zip.dll
Event: 0.257 Loaded shared library C:\Users\samue\.vscode\extensions\redhat.java-1.44.0-win32-x64\jre\21.0.8-win32-x86_64\bin\instrument.dll
Event: 0.267 Loaded shared library C:\Users\samue\.vscode\extensions\redhat.java-1.44.0-win32-x64\jre\21.0.8-win32-x86_64\bin\net.dll
Event: 0.273 Loaded shared library C:\Users\samue\.vscode\extensions\redhat.java-1.44.0-win32-x64\jre\21.0.8-win32-x86_64\bin\nio.dll
Event: 0.281 Loaded shared library C:\Users\samue\.vscode\extensions\redhat.java-1.44.0-win32-x64\jre\21.0.8-win32-x86_64\bin\zip.dll
Event: 0.326 Loaded shared library C:\Users\samue\.vscode\extensions\redhat.java-1.44.0-win32-x64\jre\21.0.8-win32-x86_64\bin\jimage.dll
Event: 0.492 Loaded shared library c:\Users\samue\.vscode\extensions\redhat.java-1.44.0-win32-x64\jre\21.0.8-win32-x86_64\bin\verify.dll
Event: 10.049 Loaded shared library C:\Users\samue\AppData\Roaming\Code\User\globalStorage\redhat.java\1.44.0\config_win\org.eclipse.equinox.launcher\org.eclipse.equinox.launcher.win32.win32.x86_64_1.2.1400.v20250730-1736\eclipse_11913.dll
Event: 24.888 Loaded shared library C:\Users\samue\AppData\Local\Temp\jna-109203119\jna16105594935663321645.dll
Event: 28.575 Loaded shared library C:\Users\samue\.vscode\extensions\redhat.java-1.44.0-win32-x64\jre\21.0.8-win32-x86_64\bin\sunmscapi.dll
Event: 28.722 Loaded shared library C:\Users\samue\.vscode\extensions\redhat.java-1.44.0-win32-x64\jre\21.0.8-win32-x86_64\bin\extnet.dll

Deoptimization events (20 events):
Event: 1642502.095 Thread 0x00000207f1e4eed0 DEOPT PACKING pc=0x00000207946658da sp=0x0000002a657fde00
Event: 1642502.095 Thread 0x00000207f1e4eed0 DEOPT UNPACKING pc=0x000002079ad34242 sp=0x0000002a657fd2f8 mode 0
Event: 1642503.874 Thread 0x00000207f1e4eed0 DEOPT PACKING pc=0x0000020795ff2909 sp=0x0000002a657fe120
Event: 1642503.874 Thread 0x00000207f1e4eed0 DEOPT UNPACKING pc=0x000002079ad34242 sp=0x0000002a657fd588 mode 0
Event: 1642504.555 Thread 0x00000207f1e4eed0 Uncommon trap: trap_request=0xffffffd6 fr.pc=0x000002079c4d3e54 relative=0x0000000000000214
Event: 1642504.555 Thread 0x00000207f1e4eed0 Uncommon trap: reason=array_check action=maybe_recompile pc=0x000002079c4d3e54 method=org.eclipse.jdt.internal.compiler.util.SimpleSetOfCharArray.asArray([Ljava/lang/Object;)V @ 54 c2
Event: 1642504.555 Thread 0x00000207f1e4eed0 DEOPT PACKING pc=0x000002079c4d3e54 sp=0x0000002a657fdbd0
Event: 1642504.555 Thread 0x00000207f1e4eed0 DEOPT UNPACKING pc=0x000002079ad33aa2 sp=0x0000002a657fdb58 mode 2
Event: 1642504.556 Thread 0x00000207f1e4eed0 Uncommon trap: trap_request=0xffffffd6 fr.pc=0x000002079c4d3e54 relative=0x0000000000000214
Event: 1642504.556 Thread 0x00000207f1e4eed0 Uncommon trap: reason=array_check action=maybe_recompile pc=0x000002079c4d3e54 method=org.eclipse.jdt.internal.compiler.util.SimpleSetOfCharArray.asArray([Ljava/lang/Object;)V @ 54 c2
Event: 1642504.556 Thread 0x00000207f1e4eed0 DEOPT PACKING pc=0x000002079c4d3e54 sp=0x0000002a657fd380
Event: 1642504.556 Thread 0x00000207f1e4eed0 DEOPT UNPACKING pc=0x000002079ad33aa2 sp=0x0000002a657fd308 mode 2
Event: 1642504.588 Thread 0x00000207f1e4eed0 Uncommon trap: trap_request=0xffffffd6 fr.pc=0x000002079c4d3e54 relative=0x0000000000000214
Event: 1642504.588 Thread 0x00000207f1e4eed0 Uncommon trap: reason=array_check action=maybe_recompile pc=0x000002079c4d3e54 method=org.eclipse.jdt.internal.compiler.util.SimpleSetOfCharArray.asArray([Ljava/lang/Object;)V @ 54 c2
Event: 1642504.588 Thread 0x00000207f1e4eed0 DEOPT PACKING pc=0x000002079c4d3e54 sp=0x0000002a657fd9d0
Event: 1642504.589 Thread 0x00000207f1e4eed0 DEOPT UNPACKING pc=0x000002079ad33aa2 sp=0x0000002a657fd958 mode 2
Event: 1642504.590 Thread 0x00000207f1e4eed0 Uncommon trap: trap_request=0xffffffd6 fr.pc=0x000002079c4d3e54 relative=0x0000000000000214
Event: 1642504.590 Thread 0x00000207f1e4eed0 Uncommon trap: reason=array_check action=maybe_recompile pc=0x000002079c4d3e54 method=org.eclipse.jdt.internal.compiler.util.SimpleSetOfCharArray.asArray([Ljava/lang/Object;)V @ 54 c2
Event: 1642504.590 Thread 0x00000207f1e4eed0 DEOPT PACKING pc=0x000002079c4d3e54 sp=0x0000002a657fd9a0
Event: 1642504.590 Thread 0x00000207f1e4eed0 DEOPT UNPACKING pc=0x000002079ad33aa2 sp=0x0000002a657fd928 mode 2

Classes loaded (20 events):
Event: 1639794.167 Loading class java/util/zip/CheckedInputStream
Event: 1639794.169 Loading class java/util/zip/CheckedInputStream done
Event: 1639794.232 Loading class java/util/zip/GZIPInputStream$1
Event: 1639794.236 Loading class java/util/zip/GZIPInputStream$1 done
Event: 1639794.750 Loading class java/lang/UnsupportedClassVersionError
Event: 1639794.751 Loading class java/lang/UnsupportedClassVersionError done
Event: 1639797.346 Loading class jdk/internal/ref/CleanerImpl$InnocuousThreadFactory
Event: 1639797.347 Loading class jdk/internal/ref/CleanerImpl$InnocuousThreadFactory done
Event: 1639799.460 Loading class java/util/stream/ReferencePipeline$4
Event: 1639799.461 Loading class java/util/stream/ReferencePipeline$4 done
Event: 1639799.463 Loading class java/util/stream/Nodes$IntFixedNodeBuilder
Event: 1639799.464 Loading class java/util/stream/Node$Builder$OfInt
Event: 1639799.465 Loading class java/util/stream/Node$Builder$OfInt done
Event: 1639799.465 Loading class java/util/stream/Nodes$IntArrayNode
Event: 1639799.466 Loading class java/util/stream/Nodes$IntArrayNode done
Event: 1639799.466 Loading class java/util/stream/Nodes$IntFixedNodeBuilder done
Event: 1639799.467 Loading class java/util/stream/ReferencePipeline$4$1
Event: 1639799.467 Loading class java/util/stream/ReferencePipeline$4$1 done
Event: 1639922.493 Loading class java/nio/BufferMismatch
Event: 1639922.494 Loading class java/nio/BufferMismatch done

Classes unloaded (20 events):
Event: 1639971.726 Thread 0x0000020790740c10 Unloading class 0x00000207a808ac00 'java/lang/invoke/LambdaForm$MH+0x00000207a808ac00'
Event: 1639971.726 Thread 0x0000020790740c10 Unloading class 0x00000207a801ec00 'java/lang/invoke/LambdaForm$MH+0x00000207a801ec00'
Event: 1639971.726 Thread 0x0000020790740c10 Unloading class 0x00000207a800d800 'java/lang/invoke/LambdaForm$MH+0x00000207a800d800'
Event: 1639971.726 Thread 0x0000020790740c10 Unloading class 0x00000207a800d400 'java/lang/invoke/LambdaForm$MH+0x00000207a800d400'
Event: 1639971.726 Thread 0x0000020790740c10 Unloading class 0x00000207a800d000 'java/lang/invoke/LambdaForm$MH+0x00000207a800d000'
Event: 1639971.726 Thread 0x0000020790740c10 Unloading class 0x00000207a800cc00 'java/lang/invoke/LambdaForm$MH+0x00000207a800cc00'
Event: 1639971.726 Thread 0x0000020790740c10 Unloading class 0x00000207a800c800 'java/lang/invoke/LambdaForm$BMH+0x00000207a800c800'
Event: 1639971.726 Thread 0x0000020790740c10 Unloading class 0x00000207a800c000 'java/lang/invoke/LambdaForm$DMH+0x00000207a800c000'
Event: 1639971.726 Thread 0x0000020790740c10 Unloading class 0x00000207a8008c00 'java/lang/invoke/LambdaForm$MH+0x00000207a8008c00'
Event: 1639971.726 Thread 0x0000020790740c10 Unloading class 0x00000207a8008800 'java/lang/invoke/LambdaForm$MH+0x00000207a8008800'
Event: 1639971.726 Thread 0x0000020790740c10 Unloading class 0x00000207a8008400 'java/lang/invoke/LambdaForm$MH+0x00000207a8008400'
Event: 1639971.726 Thread 0x0000020790740c10 Unloading class 0x00000207a8007000 'java/lang/invoke/LambdaForm$MH+0x00000207a8007000'
Event: 1639971.726 Thread 0x0000020790740c10 Unloading class 0x00000207a8006800 'java/lang/invoke/LambdaForm$MH+0x00000207a8006800'
Event: 1639971.726 Thread 0x0000020790740c10 Unloading class 0x00000207a8006400 'java/lang/invoke/LambdaForm$MH+0x00000207a8006400'
Event: 1639971.726 Thread 0x0000020790740c10 Unloading class 0x00000207a8006000 'java/lang/invoke/LambdaForm$MH+0x00000207a8006000'
Event: 1639971.726 Thread 0x0000020790740c10 Unloading class 0x00000207a8005c00 'java/lang/invoke/LambdaForm$BMH+0x00000207a8005c00'
Event: 1639971.726 Thread 0x0000020790740c10 Unloading class 0x00000207a8004800 'java/lang/invoke/LambdaForm$DMH+0x00000207a8004800'
Event: 1639971.727 Thread 0x0000020790740c10 Unloading class 0x00000207a8002400 'java/lang/invoke/LambdaForm$MH+0x00000207a8002400'
Event: 1639971.727 Thread 0x0000020790740c10 Unloading class 0x00000207a8002000 'java/lang/invoke/LambdaForm$MH+0x00000207a8002000'
Event: 1639971.727 Thread 0x0000020790740c10 Unloading class 0x00000207a8001800 'java/lang/invoke/LambdaForm$MH+0x00000207a8001800'

Classes redefined (0 events):
No events

Internal exceptions (20 events):
Event: 1642002.723 Thread 0x00000207f1a150d0 Exception <a 'sun/nio/fs/WindowsException'{0x00000000d5717528}> (0x00000000d5717528) 
thrown [s\src\hotspot\share\prims\jni.cpp, line 520]
Event: 1642002.750 Thread 0x00000207f1a150d0 Exception <a 'sun/nio/fs/WindowsException'{0x00000000d5594758}> (0x00000000d5594758) 
thrown [s\src\hotspot\share\prims\jni.cpp, line 520]
Event: 1642002.753 Thread 0x00000207f1e557d0 Exception <a 'sun/nio/fs/WindowsException'{0x00000000d559a368}> (0x00000000d559a368) 
thrown [s\src\hotspot\share\prims\jni.cpp, line 520]
Event: 1642002.754 Thread 0x00000207f1e557d0 Exception <a 'sun/nio/fs/WindowsException'{0x00000000d559b7f8}> (0x00000000d559b7f8) 
thrown [s\src\hotspot\share\prims\jni.cpp, line 520]
Event: 1642002.754 Thread 0x00000207f0cfb510 Exception <a 'sun/nio/fs/WindowsException'{0x00000000d559f740}> (0x00000000d559f740) 
thrown [s\src\hotspot\share\prims\jni.cpp, line 520]
Event: 1642002.756 Thread 0x00000207f0cfdc70 Exception <a 'sun/nio/fs/WindowsException'{0x00000000d55aa008}> (0x00000000d55aa008) 
thrown [s\src\hotspot\share\prims\jni.cpp, line 520]
Event: 1642002.757 Thread 0x00000207f0cfe990 Exception <a 'sun/nio/fs/WindowsException'{0x00000000d55af2e8}> (0x00000000d55af2e8) 
thrown [s\src\hotspot\share\prims\jni.cpp, line 520]
Event: 1642002.757 Thread 0x00000207f0cfe300 Exception <a 'sun/nio/fs/WindowsException'{0x00000000d55b45f8}> (0x00000000d55b45f8) 
thrown [s\src\hotspot\share\prims\jni.cpp, line 520]
Event: 1642002.757 Thread 0x00000207f0cfae80 Exception <a 'sun/nio/fs/WindowsException'{0x00000000d55a5358}> (0x00000000d55a5358) 
thrown [s\src\hotspot\share\prims\jni.cpp, line 520]
Event: 1642002.933 Thread 0x00000207f1a150d0 Exception <a 'sun/nio/fs/WindowsException'{0x00000000d56a2e88}> (0x00000000d56a2e88) 
thrown [s\src\hotspot\share\prims\jni.cpp, line 520]
Event: 1642002.934 Thread 0x00000207f1e557d0 Exception <a 'sun/nio/fs/WindowsException'{0x00000000d56a9100}> (0x00000000d56a9100) 
thrown [s\src\hotspot\share\prims\jni.cpp, line 520]
Event: 1642002.934 Thread 0x00000207f0cfb510 Exception <a 'sun/nio/fs/WindowsException'{0x00000000d56abf78}> (0x00000000d56abf78) 
thrown [s\src\hotspot\share\prims\jni.cpp, line 520]
Event: 1642002.935 Thread 0x00000207f0cfae80 Exception <a 'sun/nio/fs/WindowsException'{0x00000000d56aee50}> (0x00000000d56aee50) 
thrown [s\src\hotspot\share\prims\jni.cpp, line 520]
Event: 1642003.006 Thread 0x00000207f1a150d0 Exception <a 'sun/nio/fs/WindowsException'{0x00000000d586a8d8}> (0x00000000d586a8d8) 
thrown [s\src\hotspot\share\prims\jni.cpp, line 520]
Event: 1642003.006 Thread 0x00000207f1a150d0 Exception <a 'sun/nio/fs/WindowsException'{0x00000000d586aef0}> (0x00000000d586aef0) 
thrown [s\src\hotspot\share\prims\jni.cpp, line 520]
Event: 1642003.099 Thread 0x00000207e96df710 Exception <a 'sun/nio/fs/WindowsException'{0x00000000d5701ab8}> (0x00000000d5701ab8) 
thrown [s\src\hotspot\share\prims\jni.cpp, line 520]
Event: 1642003.368 Thread 0x00000207e96df710 Exception <a 'sun/nio/fs/WindowsException'{0x00000000d565b640}> (0x00000000d565b640) 
thrown [s\src\hotspot\share\prims\jni.cpp, line 520]
Event: 1642057.865 Thread 0x00000207e96df710 Exception <a 'sun/nio/fs/WindowsException'{0x00000000d58e86c0}> (0x00000000d58e86c0) 
thrown [s\src\hotspot\share\prims\jni.cpp, line 520]
Event: 1642058.185 Thread 0x00000207e96df710 Exception <a 'sun/nio/fs/WindowsException'{0x00000000d55aaa10}> (0x00000000d55aaa10) 
thrown [s\src\hotspot\share\prims\jni.cpp, line 520]
Event: 1642170.558 Thread 0x00000207f1e4e840 Exception <a 'java/lang/ClassNotFoundException'{0x00000000d55a8d00}: sun/util/logging/resources/spi/loggingProvider> (0x00000000d55a8d00) 
thrown [s\src\hotspot\share\classfile\systemDictionary.cpp, line 312]

ZGC Phase Switch (0 events):
No events

VM Operations (20 events):
Event: 1642511.866 Executing VM operation: ParallelGCFailedAllocation (Allocation Failure)
Event: 1642511.867 Executing VM operation: ParallelGCFailedAllocation (Allocation Failure) done
Event: 1642513.168 Executing VM operation: ParallelGCFailedAllocation (Allocation Failure)
Event: 1642513.169 Executing VM operation: ParallelGCFailedAllocation (Allocation Failure) done
Event: 1642513.179 Executing VM operation: ParallelGCFailedAllocation (Allocation Failure)
Event: 1642513.181 Executing VM operation: ParallelGCFailedAllocation (Allocation Failure) done
Event: 1642513.192 Executing VM operation: ParallelGCFailedAllocation (Allocation Failure)
Event: 1642513.194 Executing VM operation: ParallelGCFailedAllocation (Allocation Failure) done
Event: 1642513.203 Executing VM operation: ParallelGCFailedAllocation (Allocation Failure)
Event: 1642513.205 Executing VM operation: ParallelGCFailedAllocation (Allocation Failure) done
Event: 1642513.436 Executing VM operation: ParallelGCFailedAllocation (Allocation Failure)
Event: 1642513.438 Executing VM operation: ParallelGCFailedAllocation (Allocation Failure) done
Event: 1642513.636 Executing VM operation: ParallelGCFailedAllocation (Allocation Failure)
Event: 1642513.638 Executing VM operation: ParallelGCFailedAllocation (Allocation Failure) done
Event: 1642513.645 Executing VM operation: ParallelGCFailedAllocation (Allocation Failure)
Event: 1642513.646 Executing VM operation: ParallelGCFailedAllocation (Allocation Failure) done
Event: 1642553.233 Executing VM operation: HandshakeAllThreads (HandshakeForDeflation)
Event: 1642553.233 Executing VM operation: HandshakeAllThreads (HandshakeForDeflation) done
Event: 1642553.233 Executing VM operation: RendezvousGCThreads
Event: 1642553.233 Executing VM operation: RendezvousGCThreads done

Memory protections (0 events):
No events

Nmethod flushes (20 events):
Event: 1639972.008 Thread 0x0000020790740c10 flushing  nmethod 0x0000020794a24690
Event: 1639972.008 Thread 0x0000020790740c10 flushing  nmethod 0x0000020794a25010
Event: 1639972.008 Thread 0x0000020790740c10 flushing  nmethod 0x0000020794a26790
Event: 1639972.008 Thread 0x0000020790740c10 flushing  nmethod 0x0000020794a2c510
Event: 1639972.008 Thread 0x0000020790740c10 flushing  nmethod 0x0000020794a2f910
Event: 1639972.008 Thread 0x0000020790740c10 flushing  nmethod 0x0000020794a2fd10
Event: 1639972.008 Thread 0x0000020790740c10 flushing  nmethod 0x0000020794a32e10
Event: 1639972.008 Thread 0x0000020790740c10 flushing  nmethod 0x0000020794a36310
Event: 1639972.008 Thread 0x0000020790740c10 flushing  nmethod 0x0000020794a3df10
Event: 1639972.008 Thread 0x0000020790740c10 flushing  nmethod 0x0000020794a46390
Event: 1639972.008 Thread 0x0000020790740c10 flushing  nmethod 0x0000020794a59b10
Event: 1639972.008 Thread 0x0000020790740c10 flushing  nmethod 0x0000020794a5b090
Event: 1639972.008 Thread 0x0000020790740c10 flushing  nmethod 0x0000020794a60090
Event: 1639972.008 Thread 0x0000020790740c10 flushing  nmethod 0x0000020794a93f90
Event: 1639972.008 Thread 0x0000020790740c10 flushing  nmethod 0x0000020794aaa690
Event: 1639972.008 Thread 0x0000020790740c10 flushing  nmethod 0x0000020794aad290
Event: 1639972.008 Thread 0x0000020790740c10 flushing  nmethod 0x0000020794e8bb10
Event: 1639972.008 Thread 0x0000020790740c10 flushing  nmethod 0x00000207950bc190
Event: 1639972.008 Thread 0x0000020790740c10 flushing  nmethod 0x00000207951f7190
Event: 1639972.008 Thread 0x0000020790740c10 flushing  nmethod 0x0000020795908a10

Events (20 events):
Event: 1642362.984 Thread 0x00000207f0cfe990 Thread exited: 0x00000207f0cfe990
Event: 1642421.784 Thread 0x00000207f1e4fbf0 Thread exited: 0x00000207f1e4fbf0
Event: 1642422.998 Thread 0x00000207f0cff020 Thread exited: 0x00000207f0cff020
Event: 1642481.787 Thread 0x00000207f1e50910 Thread exited: 0x00000207f1e50910
Event: 1642482.998 Thread 0x00000207fc9573b0 Thread exited: 0x00000207fc9573b0
Event: 1642508.029 Thread 0x00000207e94e6fc0 Thread added: 0x00000207f2522870
Event: 1642508.029 Thread 0x00000207e94e6fc0 Thread added: 0x00000207f2522f40
Event: 1642508.029 Thread 0x00000207e94e6fc0 Thread added: 0x00000207f1596550
Event: 1642513.170 Thread 0x00000207f1596550 Thread exited: 0x00000207f1596550
Event: 1642518.651 Thread 0x00000207f2522f40 Thread exited: 0x00000207f2522f40
Event: 1642523.659 Thread 0x00000207f2522870 Thread exited: 0x00000207f2522870
Event: 1642543.000 Thread 0x00000207f0d00a60 Thread exited: 0x00000207f0d00a60
Event: 1642573.468 Thread 0x00000207f1e53700 Thread exited: 0x00000207f1e53700
Event: 1642603.011 Thread 0x00000207f0d01e10 Thread exited: 0x00000207f0d01e10
Event: 1642633.467 Thread 0x00000207f1e4eed0 Thread exited: 0x00000207f1e4eed0
Event: 1642663.023 Thread 0x00000207f0cfdc70 Thread exited: 0x00000207f0cfdc70
Event: 1642693.481 Thread 0x00000207f1e52350 Thread exited: 0x00000207f1e52350
Event: 1642723.039 Thread 0x00000207f0cff6b0 Thread exited: 0x00000207f0cff6b0
Event: 1642753.499 Thread 0x00000207f1a16b10 Thread exited: 0x00000207f1a16b10
Event: 1642783.046 Thread 0x00000207f0cffd40 Thread exited: 0x00000207f0cffd40


Dynamic libraries:
0x00007ff611e90000 - 0x00007ff611e9e000 	c:\Users\samue\.vscode\extensions\redhat.java-1.44.0-win32-x64\jre\21.0.8-win32-x86_64\bin\java.exe
0x00007ffb9baa0000 - 0x00007ffb9bd07000 	C:\WINDOWS\SYSTEM32\ntdll.dll
0x00007ffb99b20000 - 0x00007ffb99be9000 	C:\WINDOWS\System32\KERNEL32.DLL
0x00007ffb993a0000 - 0x00007ffb99790000 	C:\WINDOWS\System32\KERNELBASE.dll
0x00007ffb991a0000 - 0x00007ffb992eb000 	C:\WINDOWS\System32\ucrtbase.dll
0x00007ffb79de0000 - 0x00007ffb79df8000 	c:\Users\samue\.vscode\extensions\redhat.java-1.44.0-win32-x64\jre\21.0.8-win32-x86_64\bin\jli.dll
0x00007ffb9a1e0000 - 0x00007ffb9a3a5000 	C:\WINDOWS\System32\USER32.dll
0x00007ffb99170000 - 0x00007ffb99197000 	C:\WINDOWS\System32\win32u.dll
0x00007ffb9b5a0000 - 0x00007ffb9b5cb000 	C:\WINDOWS\System32\GDI32.dll
0x00007ffb6adf0000 - 0x00007ffb6ae0e000 	c:\Users\samue\.vscode\extensions\redhat.java-1.44.0-win32-x64\jre\21.0.8-win32-x86_64\bin\VCRUNTIME140.dll
0x00007ffb98bd0000 - 0x00007ffb98d08000 	C:\WINDOWS\System32\gdi32full.dll
0x00007ffb992f0000 - 0x00007ffb99393000 	C:\WINDOWS\System32\msvcp_win.dll
0x00007ffb87660000 - 0x00007ffb878fa000 	C:\WINDOWS\WinSxS\amd64_microsoft.windows.common-controls_6595b64144ccf1df_6.0.26100.4768_none_3e0c112ce331287c\COMCTL32.dll
0x00007ffb9a3b0000 - 0x00007ffb9a459000 	C:\WINDOWS\System32\msvcrt.dll
0x00007ffb998a0000 - 0x00007ffb998cf000 	C:\WINDOWS\System32\IMM32.DLL
0x00007ffb81540000 - 0x00007ffb8154c000 	c:\Users\samue\.vscode\extensions\redhat.java-1.44.0-win32-x64\jre\21.0.8-win32-x86_64\bin\vcruntime140_1.dll
0x00007ffb376f0000 - 0x00007ffb3777d000 	c:\Users\samue\.vscode\extensions\redhat.java-1.44.0-win32-x64\jre\21.0.8-win32-x86_64\bin\msvcp140.dll
0x00007ffaafd30000 - 0x00007ffab0ac7000 	c:\Users\samue\.vscode\extensions\redhat.java-1.44.0-win32-x64\jre\21.0.8-win32-x86_64\bin\server\jvm.dll
0x00007ffb9b5d0000 - 0x00007ffb9b684000 	C:\WINDOWS\System32\ADVAPI32.dll
0x00007ffb9ad20000 - 0x00007ffb9adc6000 	C:\WINDOWS\System32\sechost.dll
0x00007ffb998e0000 - 0x00007ffb999f8000 	C:\WINDOWS\System32\RPCRT4.dll
0x00007ffb9b430000 - 0x00007ffb9b4a4000 	C:\WINDOWS\System32\WS2_32.dll
0x00007ffb98a30000 - 0x00007ffb98a8e000 	C:\WINDOWS\SYSTEM32\POWRPROF.dll
0x00007ffb914e0000 - 0x00007ffb91515000 	C:\WINDOWS\SYSTEM32\WINMM.dll
0x00007ffb926b0000 - 0x00007ffb926bb000 	C:\WINDOWS\SYSTEM32\VERSION.dll
0x00007ffb98a10000 - 0x00007ffb98a24000 	C:\WINDOWS\SYSTEM32\UMPDC.dll
0x00007ffb97950000 - 0x00007ffb9796b000 	C:\WINDOWS\SYSTEM32\kernel.appcore.dll
0x00007ffb81200000 - 0x00007ffb8120a000 	c:\Users\samue\.vscode\extensions\redhat.java-1.44.0-win32-x64\jre\21.0.8-win32-x86_64\bin\jimage.dll
0x00007ffb8cf60000 - 0x00007ffb8d1a1000 	C:\WINDOWS\SYSTEM32\DBGHELP.DLL
0x00007ffb99c70000 - 0x00007ffb99ff5000 	C:\WINDOWS\System32\combase.dll
0x00007ffb9b4b0000 - 0x00007ffb9b590000 	C:\WINDOWS\System32\OLEAUT32.dll
0x00007ffb66fa0000 - 0x00007ffb66fe3000 	C:\WINDOWS\SYSTEM32\dbgcore.DLL
0x00007ffb98f50000 - 0x00007ffb98fe9000 	C:\WINDOWS\System32\bcryptPrimitives.dll
0x00007ffb80620000 - 0x00007ffb8062f000 	c:\Users\samue\.vscode\extensions\redhat.java-1.44.0-win32-x64\jre\21.0.8-win32-x86_64\bin\instrument.dll
0x00007ffb5ca80000 - 0x00007ffb5ca9f000 	c:\Users\samue\.vscode\extensions\redhat.java-1.44.0-win32-x64\jre\21.0.8-win32-x86_64\bin\java.dll
0x00007ffb9a5d0000 - 0x00007ffb9ad1d000 	C:\WINDOWS\System32\SHELL32.dll
0x00007ffb98d10000 - 0x00007ffb98e83000 	C:\WINDOWS\System32\wintypes.dll
0x00007ffb967d0000 - 0x00007ffb97030000 	C:\WINDOWS\SYSTEM32\windows.storage.dll
0x00007ffb9b960000 - 0x00007ffb9ba55000 	C:\WINDOWS\System32\SHCORE.dll
0x00007ffb99830000 - 0x00007ffb9989a000 	C:\WINDOWS\System32\shlwapi.dll
0x00007ffb98af0000 - 0x00007ffb98b19000 	C:\WINDOWS\SYSTEM32\profapi.dll
0x00007ffb56240000 - 0x00007ffb56258000 	c:\Users\samue\.vscode\extensions\redhat.java-1.44.0-win32-x64\jre\21.0.8-win32-x86_64\bin\zip.dll
0x00007ffb7cf10000 - 0x00007ffb7cf20000 	C:\Users\samue\.vscode\extensions\redhat.java-1.44.0-win32-x64\jre\21.0.8-win32-x86_64\bin\net.dll
0x00007ffb91700000 - 0x00007ffb9181e000 	C:\WINDOWS\SYSTEM32\WINHTTP.dll
0x00007ffb97ee0000 - 0x00007ffb97f4b000 	C:\WINDOWS\system32\mswsock.dll
0x00007ffb54f30000 - 0x00007ffb54f46000 	C:\Users\samue\.vscode\extensions\redhat.java-1.44.0-win32-x64\jre\21.0.8-win32-x86_64\bin\nio.dll
0x00007ffb702b0000 - 0x00007ffb702c0000 	c:\Users\samue\.vscode\extensions\redhat.java-1.44.0-win32-x64\jre\21.0.8-win32-x86_64\bin\verify.dll
0x00007ffb53dc0000 - 0x00007ffb53e05000 	C:\Users\samue\AppData\Roaming\Code\User\globalStorage\redhat.java\1.44.0\config_win\org.eclipse.equinox.launcher\org.eclipse.equinox.launcher.win32.win32.x86_64_1.2.1400.v20250730-1736\eclipse_11913.dll
0x00007ffb9b270000 - 0x00007ffb9b410000 	C:\WINDOWS\System32\ole32.dll
0x00007ffb981b0000 - 0x00007ffb981cb000 	C:\WINDOWS\SYSTEM32\CRYPTSP.dll
0x00007ffb978b0000 - 0x00007ffb978eb000 	C:\WINDOWS\system32\rsaenh.dll
0x00007ffb97f80000 - 0x00007ffb97fab000 	C:\WINDOWS\SYSTEM32\USERENV.dll
0x00007ffb98ac0000 - 0x00007ffb98ae6000 	C:\WINDOWS\SYSTEM32\bcrypt.dll
0x00007ffb981a0000 - 0x00007ffb981ac000 	C:\WINDOWS\SYSTEM32\CRYPTBASE.dll
0x00007ffb97340000 - 0x00007ffb97373000 	C:\WINDOWS\SYSTEM32\IPHLPAPI.DLL
0x00007ffb9b930000 - 0x00007ffb9b93a000 	C:\WINDOWS\System32\NSI.dll
0x00007ffb30a30000 - 0x00007ffb30a79000 	C:\Users\samue\AppData\Local\Temp\jna-109203119\jna16105594935663321645.dll
0x00007ffb9b420000 - 0x00007ffb9b428000 	C:\WINDOWS\System32\PSAPI.DLL
0x00007ffb91a30000 - 0x00007ffb91a4f000 	C:\WINDOWS\SYSTEM32\dhcpcsvc6.DLL
0x00007ffb91a00000 - 0x00007ffb91a25000 	C:\WINDOWS\SYSTEM32\dhcpcsvc.DLL
0x00007ffb6cf60000 - 0x00007ffb6cf6e000 	C:\Users\samue\.vscode\extensions\redhat.java-1.44.0-win32-x64\jre\21.0.8-win32-x86_64\bin\sunmscapi.dll
0x00007ffb98ff0000 - 0x00007ffb99167000 	C:\WINDOWS\System32\CRYPT32.dll
0x00007ffb983c0000 - 0x00007ffb983f0000 	C:\WINDOWS\SYSTEM32\ncrypt.dll
0x00007ffb98370000 - 0x00007ffb983af000 	C:\WINDOWS\SYSTEM32\NTASN1.dll
0x00007ffb97380000 - 0x00007ffb974a6000 	C:\WINDOWS\SYSTEM32\DNSAPI.dll
0x00007ffb919f0000 - 0x00007ffb919fb000 	C:\Windows\System32\rasadhlp.dll
0x00007ffb8f930000 - 0x00007ffb8f9b6000 	C:\WINDOWS\System32\fwpuclnt.dll
0x00007ffb6aa70000 - 0x00007ffb6aa79000 	C:\Users\samue\.vscode\extensions\redhat.java-1.44.0-win32-x64\jre\21.0.8-win32-x86_64\bin\extnet.dll

JVMTI agents:
c:\Users\samue\.vscode\extensions\redhat.java-1.44.0-win32-x64\lombok\lombok-1.18.39-4050.jar path:c:\Users\samue\.vscode\extensions\redhat.java-1.44.0-win32-x64\jre\21.0.8-win32-x86_64\bin\instrument.dll, loaded, initialized, instrumentlib options:none

dbghelp: loaded successfully - version: 4.0.5 - missing functions: none
symbol engine: initialized successfully - sym options: 0x614 - pdb path: .;c:\Users\samue\.vscode\extensions\redhat.java-1.44.0-win32-x64\jre\21.0.8-win32-x86_64\bin;C:\WINDOWS\SYSTEM32;C:\WINDOWS\WinSxS\amd64_microsoft.windows.common-controls_6595b64144ccf1df_6.0.26100.4768_none_3e0c112ce331287c;c:\Users\samue\.vscode\extensions\redhat.java-1.44.0-win32-x64\jre\21.0.8-win32-x86_64\bin\server;C:\Users\samue\AppData\Roaming\Code\User\globalStorage\redhat.java\1.44.0\config_win\org.eclipse.equinox.launcher\org.eclipse.equinox.launcher.win32.win32.x86_64_1.2.1400.v20250730-1736;C:\Users\samue\AppData\Local\Temp\jna-109203119

VM Arguments:
jvm_args: --add-modules=ALL-SYSTEM --add-opens=java.base/java.util=ALL-UNNAMED --add-opens=java.base/java.lang=ALL-UNNAMED --add-opens=java.base/sun.nio.fs=ALL-UNNAMED -Declipse.application=org.eclipse.jdt.ls.core.id1 -Dosgi.bundles.defaultStartLevel=4 -Declipse.product=org.eclipse.jdt.ls.core.product -Djava.import.generatesMetadataFilesAtProjectRoot=false -DDetectVMInstallationsJob.disabled=true -Dfile.encoding=utf8 -XX:+UseParallelGC -XX:GCTimeRatio=4 -XX:AdaptiveSizePolicyWeight=90 -Dsun.zip.disableMemoryMapping=true -Xmx2G -Xms100m -Xlog:disable -javaagent:c:\Users\samue\.vscode\extensions\redhat.java-1.44.0-win32-x64\lombok\lombok-1.18.39-4050.jar -XX:+HeapDumpOnOutOfMemoryError -XX:HeapDumpPath=c:\Users\samue\AppData\Roaming\Code\User\workspaceStorage\cdf97f8f069daa303bb81283c0c28557\redhat.java -Daether.dependencyCollector.impl=bf 
java_command: c:\Users\samue\.vscode\extensions\redhat.java-1.44.0-win32-x64\server\plugins\org.eclipse.equinox.launcher_1.7.0.v20250519-0528.jar -configuration c:\Users\samue\AppData\Roaming\Code\User\globalStorage\redhat.java\1.44.0\config_win -data c:\Users\samue\AppData\Roaming\Code\User\workspaceStorage\cdf97f8f069daa303bb81283c0c28557\redhat.java\jdt_ws --pipe=\\.\pipe\lsp-85d1dbbcc00e1e669abfe185d3b213d4-sock
java_class_path (initial): c:\Users\samue\.vscode\extensions\redhat.java-1.44.0-win32-x64\server\plugins\org.eclipse.equinox.launcher_1.7.0.v20250519-0528.jar
Launcher Type: SUN_STANDARD

[Global flags]
    uintx AdaptiveSizePolicyWeight                 = 90                                        {product} {command line}
     intx CICompilerCount                          = 12                                        {product} {ergonomic}
    uintx GCTimeRatio                              = 4                                         {product} {command line}
     bool HeapDumpOnOutOfMemoryError               = true                                   {manageable} {command line}
    ccstr HeapDumpPath                             = c:\Users\samue\AppData\Roaming\Code\User\workspaceStorage\cdf97f8f069daa303bb81283c0c28557\redhat.java         {manageable} {command line}
   size_t InitialHeapSize                          = 104857600                                 {product} {command line}
   size_t MaxHeapSize                              = 2147483648                                {product} {command line}
   size_t MaxNewSize                               = 715653120                                 {product} {ergonomic}
   size_t MinHeapDeltaBytes                        = 524288                                    {product} {ergonomic}
   size_t MinHeapSize                              = 104857600                                 {product} {command line}
   size_t NewSize                                  = 34603008                                  {product} {ergonomic}
    uintx NonNMethodCodeHeapSize                   = 7602480                                {pd product} {ergonomic}
    uintx NonProfiledCodeHeapSize                  = 122027880                              {pd product} {ergonomic}
   size_t OldSize                                  = 70254592                                  {product} {ergonomic}
    uintx ProfiledCodeHeapSize                     = 122027880                              {pd product} {ergonomic}
    uintx ReservedCodeCacheSize                    = 251658240                              {pd product} {ergonomic}
     bool SegmentedCodeCache                       = true                                      {product} {ergonomic}
   size_t SoftMaxHeapSize                          = 2147483648                             {manageable} {ergonomic}
     bool UseCompressedOops                        = true                           {product lp64_product} {ergonomic}
     bool UseLargePagesIndividualAllocation        = false                                  {pd product} {ergonomic}
     bool UseParallelGC                            = true                                      {product} {command line}

Logging:
Log output configuration:
 #0: stdout all=off uptime,level,tags foldmultilines=false
 #1: stderr all=off uptime,level,tags foldmultilines=false

Environment Variables:
JAVA_HOME=C:\Program Files\Java\jdk-24
PATH=C:\Program Files\Java\jdk-24\bin;C:\Program Files\Common Files\Oracle\Java\javapath;C:\Windows\system32;C:\Windows;C:\Windows\System32\Wbem;C:\Windows\System32\WindowsPowerShell\v1.0\;C:\Windows\System32\OpenSSH\;C:\Program Files\nodejs\;C:\Program Files\Git\cmd;C:\Program Files (x86)\Microsoft SQL Server\150\DTS\Binn\;C:\Program Files\Azure Data Studio\bin;C:\Program Files\Microsoft SQL Server\Client SDK\ODBC\170\Tools\Binn\;C:\Program Files (x86)\Microsoft SQL Server\150\Tools\Binn\;C:\Program Files\Microsoft SQL Server\150\Tools\Binn\;C:\Program Files\Microsoft SQL Server\150\DTS\Binn\;C:\php8.1.12;C:\WINDOWS\system32;C:\WINDOWS;C:\WINDOWS\System32\Wbem;C:\WINDOWS\System32\WindowsPowerShell\v1.0\;C:\WINDOWS\System32\OpenSSH\;C:\apache-maven-3.9.9\bin;;C:\Program Files\Docker\Docker\resources\bin;C:\Users\samue\AppData\Local\Microsoft\WindowsApps;C:\Users\samue\AppData\Local\Programs\Microsoft VS Code\bin;C:\Users\samue\AppData\Roaming\npm;C:\Users\samue\AppData\Local\GitHubDesktop\bin;C:\Program Files\Azure Data Studio\bin;C:\apache-maven-3.9.9\bin;
USERNAME=samue
OS=Windows_NT
PROCESSOR_IDENTIFIER=AMD64 Family 23 Model 96 Stepping 1, AuthenticAMD
TMP=C:\Users\samue\AppData\Local\Temp
TEMP=C:\Users\samue\AppData\Local\Temp




Periodic native trim disabled

---------------  S Y S T E M  ---------------

OS:
 Windows 11 , 64 bit Build 26100 (10.0.26100.4768)
OS uptime: 22 days 4:23 hours
Hyper-V role detected

CPU: total 16 (initial active 16) (16 cores per cpu, 2 threads per core) family 23 model 96 stepping 1 microcode 0x8600103, cx8, cmov, fxsr, ht, mmx, 3dnowpref, sse, sse2, sse3, ssse3, sse4a, sse4.1, sse4.2, popcnt, lzcnt, tsc, tscinvbit, avx, avx2, aes, clmul, bmi1, bmi2, adx, sha, fma, vzeroupper, clflush, clflushopt, hv, rdtscp, rdpid, f16c
Processor Information for the first 16 processors :
  Max Mhz: 2900, Current Mhz: 2900, Mhz Limit: 2900

Memory: 4k page, system-wide physical 7549M (706M free)
TotalPageFile size 31101M (AvailPageFile size 38M)
current process WorkingSet (physical memory assigned to process): 10M, peak: 728M
current process commit charge ("private bytes"): 1215M, peak: 1242M

vm_info: OpenJDK 64-Bit Server VM (21.0.8+9-LTS) for windows-amd64 JRE (21.0.8+9-LTS), built on 2025-07-15T00:00:00Z by "admin" with MS VC++ 17.7 (VS2022)

END.
