#
# There is insufficient memory for the Java Runtime Environment to continue.
# Native memory allocation (malloc) failed to allocate 2332368 bytes. Error detail: Chunk::new
# Possible reasons:
#   The system is out of physical RAM or swap space
#   This process is running with CompressedOops enabled, and the Java Heap may be blocking the growth of the native heap
# Possible solutions:
#   Reduce memory load on the system
#   Increase physical memory or swap space
#   Check if swap backing store is full
#   Decrease Java heap size (-Xmx/-Xms)
#   Decrease number of Java threads
#   Decrease Java thread stack sizes (-Xss)
#   Set larger code cache with -XX:ReservedCodeCacheSize=
#   JVM is running with Unscaled Compressed Oops mode in which the Java heap is
#     placed in the first 4GB address space. The Java Heap base address is the
#     maximum limit for the native heap growth. Please use -XX:HeapBaseMinAddress
#     to set the Java Heap base and to place the Java Heap above 4GB virtual address.
# This output file may be truncated or incomplete.
#
#  Out of Memory Error (arena.cpp:168), pid=34140, tid=24008
#
# JRE version: OpenJDK Runtime Environment Temurin-21.0.8+9 (21.0.8+9) (build 21.0.8+9-LTS)
# Java VM: OpenJDK 64-Bit Server VM Temurin-21.0.8+9 (21.0.8+9-LTS, mixed mode, sharing, tiered, compressed oops, compressed class ptrs, parallel gc, windows-amd64)
# No core dump will be written. Minidumps are not enabled by default on client versions of Windows
#

---------------  S U M M A R Y ------------

Command Line: --add-modules=ALL-SYSTEM --add-opens=java.base/java.util=ALL-UNNAMED --add-opens=java.base/java.lang=ALL-UNNAMED --add-opens=java.base/sun.nio.fs=ALL-UNNAMED -Declipse.application=org.eclipse.jdt.ls.core.id1 -Dosgi.bundles.defaultStartLevel=4 -Declipse.product=org.eclipse.jdt.ls.core.product -Djava.import.generatesMetadataFilesAtProjectRoot=false -DDetectVMInstallationsJob.disabled=true -Dfile.encoding=utf8 -XX:+UseParallelGC -XX:GCTimeRatio=4 -XX:AdaptiveSizePolicyWeight=90 -Dsun.zip.disableMemoryMapping=true -Xmx2G -Xms100m -Xlog:disable -javaagent:c:\Users\samue\.vscode\extensions\redhat.java-1.44.0-win32-x64\lombok\lombok-1.18.39-4050.jar -XX:+HeapDumpOnOutOfMemoryError -XX:HeapDumpPath=c:\Users\samue\AppData\Roaming\Code\User\workspaceStorage\cdf97f8f069daa303bb81283c0c28557\redhat.java -Daether.dependencyCollector.impl=bf c:\Users\samue\.vscode\extensions\redhat.java-1.44.0-win32-x64\server\plugins\org.eclipse.equinox.launcher_1.7.0.v20250519-0528.jar -configuration c:\Users\samue\AppData\Roaming\Code\User\globalStorage\redhat.java\1.44.0\config_win -data c:\Users\samue\AppData\Roaming\Code\User\workspaceStorage\cdf97f8f069daa303bb81283c0c28557\redhat.java\jdt_ws --pipe=\\.\pipe\lsp-9734d824b55ead46ae107f997d57c834-sock

Host: AMD Ryzen 7 4800H with Radeon Graphics         , 16 cores, 7G,  Windows 11 , 64 bit Build 26100 (10.0.26100.4768)
Time: Sat Sep  6 16:23:38 2025 Hora oficial do Brasil elapsed time: 30.879592 seconds (0d 0h 0m 30s)

---------------  T H R E A D  ---------------

Current thread (0x000002ce0df62060):  JavaThread "C2 CompilerThread0" daemon [_thread_in_native, id=24008, stack(0x000000e29d300000,0x000000e29d400000) (1024K)]


Current CompileTask:
C2:30879 14053   !   4       org.eclipse.jdt.internal.core.search.indexing.BinaryIndexer::indexDocument (1168 bytes)

Stack: [0x000000e29d300000,0x000000e29d400000]
Native frames: (J=compiled Java code, j=interpreted, Vv=VM code, C=native code)
V  [jvm.dll+0x6d2449]
V  [jvm.dll+0x8ae341]
V  [jvm.dll+0x8b08be]
V  [jvm.dll+0x8b0fa3]
V  [jvm.dll+0x280c96]
V  [jvm.dll+0xc581d]
V  [jvm.dll+0xc5d53]
V  [jvm.dll+0x3b919c]
V  [jvm.dll+0x385315]
V  [jvm.dll+0x38477a]
V  [jvm.dll+0x248ed0]
V  [jvm.dll+0x2484af]
V  [jvm.dll+0x1c89ee]
V  [jvm.dll+0x257d4d]
V  [jvm.dll+0x2562ea]
V  [jvm.dll+0x3f2d16]
V  [jvm.dll+0x857e6b]
V  [jvm.dll+0x6d0b0d]
C  [ucrtbase.dll+0x37b0]
C  [KERNEL32.DLL+0x2e8d7]
C  [ntdll.dll+0x3c34c]


---------------  P R O C E S S  ---------------

Threads class SMR info:
_java_thread_list=0x000002ce210c9d20, length=99, elements={
0x000002cdb4f1bfd0, 0x000002ce0df541e0, 0x000002ce0df566b0, 0x000002ce0df59c00,
0x000002ce0df5ae60, 0x000002ce0df5bab0, 0x000002ce0df5e510, 0x000002ce0df62060,
0x000002ce0df662d0, 0x000002cdb4f8a620, 0x000002ce0f6fe840, 0x000002ce0fde9e80,
0x000002ce0fe1b790, 0x000002ce14105c70, 0x000002ce0fdbc520, 0x000002ce14a09a30,
0x000002ce14afd1c0, 0x000002ce148be610, 0x000002ce148bcbd0, 0x000002ce148beca0,
0x000002ce148bd260, 0x000002ce148bb820, 0x000002ce148bd8f0, 0x000002ce148bdf80,
0x000002ce166f4c20, 0x000002ce166f52b0, 0x000002ce166f3870, 0x000002ce166f31e0,
0x000002ce166f3f00, 0x000002ce166f4590, 0x000002ce166f5940, 0x000002ce166f5fd0,
0x000002ce166f2b50, 0x000002ce166f9ae0, 0x000002ce166f80a0, 0x000002ce166f7380,
0x000002ce166f7a10, 0x000002ce166f6660, 0x000002ce166f6cf0, 0x000002ce166f8dc0,
0x000002ce166f9450, 0x000002ce166f8730, 0x000002ce166fa170, 0x000002ce166ebfa0,
0x000002ce166eb910, 0x000002ce166e8b20, 0x000002ce166ec630, 0x000002ce166e91b0,
0x000002ce166ea560, 0x000002ce166e9840, 0x000002ce166ed350, 0x000002ce166e9ed0,
0x000002ce166ed9e0, 0x000002ce166ee070, 0x000002ce166eabf0, 0x000002ce166ee700,
0x000002ce166eb280, 0x000002ce166ef420, 0x000002ce166efab0, 0x000002ce166eed90,
0x000002ce166f0140, 0x000002ce164bacd0, 0x000002ce164b9fb0, 0x000002ce164b8c00,
0x000002ce164bc710, 0x000002ce164bb360, 0x000002ce164bb9f0, 0x000002ce164bc080,
0x000002ce164ba640, 0x000002ce164b9920, 0x000002ce164b9290, 0x000002ce164bdac0,
0x000002ce164bd430, 0x000002ce164be7e0, 0x000002ce164bee70, 0x000002ce164bfb90,
0x000002ce164bcda0, 0x000002ce164c0220, 0x000002ce164be150, 0x000002ce148bbeb0,
0x000002ce1823d220, 0x000002ce1823cb90, 0x000002ce182406a0, 0x000002ce18240d30,
0x000002ce182413c0, 0x000002ce1823df40, 0x000002ce18242770, 0x000002ce1823f2f0,
0x000002ce18242e00, 0x000002ce0df65c00, 0x000002ce18243b20, 0x000002ce182441b0,
0x000002ce20194350, 0x000002ce20193cc0, 0x000002ce20196ab0, 0x000002ce20193630,
0x000002ce201949e0, 0x000002ce0df65530, 0x000002ce201977d0
}

Java Threads: ( => current thread )
  0x000002cdb4f1bfd0 JavaThread "main"                              [_thread_blocked, id=27868, stack(0x000000e29c900000,0x000000e29ca00000) (1024K)]
  0x000002ce0df541e0 JavaThread "Reference Handler"          daemon [_thread_blocked, id=21276, stack(0x000000e29cd00000,0x000000e29ce00000) (1024K)]
  0x000002ce0df566b0 JavaThread "Finalizer"                  daemon [_thread_blocked, id=32132, stack(0x000000e29ce00000,0x000000e29cf00000) (1024K)]
  0x000002ce0df59c00 JavaThread "Signal Dispatcher"          daemon [_thread_blocked, id=27552, stack(0x000000e29cf00000,0x000000e29d000000) (1024K)]
  0x000002ce0df5ae60 JavaThread "Attach Listener"            daemon [_thread_blocked, id=19492, stack(0x000000e29d000000,0x000000e29d100000) (1024K)]
  0x000002ce0df5bab0 JavaThread "Service Thread"             daemon [_thread_blocked, id=26664, stack(0x000000e29d100000,0x000000e29d200000) (1024K)]
  0x000002ce0df5e510 JavaThread "Monitor Deflation Thread"   daemon [_thread_blocked, id=26736, stack(0x000000e29d200000,0x000000e29d300000) (1024K)]
=>0x000002ce0df62060 JavaThread "C2 CompilerThread0"         daemon [_thread_in_native, id=24008, stack(0x000000e29d300000,0x000000e29d400000) (1024K)]
  0x000002ce0df662d0 JavaThread "C1 CompilerThread0"         daemon [_thread_blocked, id=33068, stack(0x000000e29d400000,0x000000e29d500000) (1024K)]
  0x000002cdb4f8a620 JavaThread "Common-Cleaner"             daemon [_thread_blocked, id=29988, stack(0x000000e29d500000,0x000000e29d600000) (1024K)]
  0x000002ce0f6fe840 JavaThread "Notification Thread"        daemon [_thread_blocked, id=27008, stack(0x000000e29da00000,0x000000e29db00000) (1024K)]
  0x000002ce0fde9e80 JavaThread "Active Thread: Equinox Container: 069d60a2-ae4b-4e39-8a29-84644fac9677"        [_thread_blocked, id=19916, stack(0x000000e29e300000,0x000000e29e400000) (1024K)]
  0x000002ce0fe1b790 JavaThread "Refresh Thread: Equinox Container: 069d60a2-ae4b-4e39-8a29-84644fac9677" daemon [_thread_blocked, id=22772, stack(0x000000e29e500000,0x000000e29e600000) (1024K)]
  0x000002ce14105c70 JavaThread "Framework Event Dispatcher: Equinox Container: 069d60a2-ae4b-4e39-8a29-84644fac9677" daemon [_thread_blocked, id=25052, stack(0x000000e29e600000,0x000000e29e700000) (1024K)]
  0x000002ce0fdbc520 JavaThread "Start Level: Equinox Container: 069d60a2-ae4b-4e39-8a29-84644fac9677" daemon [_thread_blocked, id=27888, stack(0x000000e29e700000,0x000000e29e800000) (1024K)]
  0x000002ce14a09a30 JavaThread "Bundle File Closer"         daemon [_thread_blocked, id=33728, stack(0x000000e29eb00000,0x000000e29ec00000) (1024K)]
  0x000002ce14afd1c0 JavaThread "SCR Component Actor"        daemon [_thread_blocked, id=21564, stack(0x000000e29ec00000,0x000000e29ed00000) (1024K)]
  0x000002ce148be610 JavaThread "Worker-JM"                         [_thread_blocked, id=27312, stack(0x000000e29ef00000,0x000000e29f000000) (1024K)]
  0x000002ce148bcbd0 JavaThread "JNA Cleaner"                daemon [_thread_blocked, id=15440, stack(0x000000e29f100000,0x000000e29f200000) (1024K)]
  0x000002ce148beca0 JavaThread "Worker-0"                          [_thread_blocked, id=27040, stack(0x000000e29f200000,0x000000e29f300000) (1024K)]
  0x000002ce148bd260 JavaThread "Worker-1"                          [_thread_blocked, id=26220, stack(0x000000e29f300000,0x000000e29f400000) (1024K)]
  0x000002ce148bb820 JavaThread "Worker-2"                          [_thread_blocked, id=14828, stack(0x000000e29f400000,0x000000e29f500000) (1024K)]
  0x000002ce148bd8f0 JavaThread "Java indexing"              daemon [_thread_in_Java, id=32376, stack(0x000000e29e200000,0x000000e29e300000) (1024K)]
  0x000002ce148bdf80 JavaThread "Worker-3"                          [_thread_blocked, id=25068, stack(0x000000e29f500000,0x000000e29f600000) (1024K)]
  0x000002ce166f4c20 JavaThread "Worker-4: Java indexing... "        [_thread_blocked, id=24340, stack(0x000000e29f800000,0x000000e29f900000) (1024K)]
  0x000002ce166f52b0 JavaThread "Worker-5"                          [_thread_blocked, id=33044, stack(0x000000e29f900000,0x000000e29fa00000) (1024K)]
  0x000002ce166f3870 JavaThread "Thread-2"                   daemon [_thread_in_native, id=33296, stack(0x000000e29fa00000,0x000000e29fb00000) (1024K)]
  0x000002ce166f31e0 JavaThread "Thread-3"                   daemon [_thread_in_native, id=3756, stack(0x000000e29fb00000,0x000000e29fc00000) (1024K)]
  0x000002ce166f3f00 JavaThread "Thread-4"                   daemon [_thread_in_native, id=27980, stack(0x000000e29fc00000,0x000000e29fd00000) (1024K)]
  0x000002ce166f4590 JavaThread "Thread-5"                   daemon [_thread_in_native, id=30404, stack(0x000000e29fe00000,0x000000e29ff00000) (1024K)]
  0x000002ce166f5940 JavaThread "Thread-6"                   daemon [_thread_in_native, id=2568, stack(0x000000e29ff00000,0x000000e2a0000000) (1024K)]
  0x000002ce166f5fd0 JavaThread "Thread-7"                   daemon [_thread_in_native, id=25396, stack(0x000000e2a0000000,0x000000e2a0100000) (1024K)]
  0x000002ce166f2b50 JavaThread "Thread-8"                   daemon [_thread_in_native, id=34784, stack(0x000000e2a0100000,0x000000e2a0200000) (1024K)]
  0x000002ce166f9ae0 JavaThread "Thread-9"                   daemon [_thread_in_native, id=34792, stack(0x000000e2a0200000,0x000000e2a0300000) (1024K)]
  0x000002ce166f80a0 JavaThread "Thread-10"                  daemon [_thread_in_native, id=29700, stack(0x000000e2a0300000,0x000000e2a0400000) (1024K)]
  0x000002ce166f7380 JavaThread "Thread-11"                  daemon [_thread_in_native, id=32096, stack(0x000000e2a0400000,0x000000e2a0500000) (1024K)]
  0x000002ce166f7a10 JavaThread "Thread-12"                  daemon [_thread_in_native, id=23200, stack(0x000000e2a0500000,0x000000e2a0600000) (1024K)]
  0x000002ce166f6660 JavaThread "Thread-13"                  daemon [_thread_in_native, id=19236, stack(0x000000e2a0600000,0x000000e2a0700000) (1024K)]
  0x000002ce166f6cf0 JavaThread "Thread-14"                  daemon [_thread_in_native, id=25556, stack(0x000000e2a0700000,0x000000e2a0800000) (1024K)]
  0x000002ce166f8dc0 JavaThread "Thread-15"                  daemon [_thread_in_native, id=30068, stack(0x000000e2a0800000,0x000000e2a0900000) (1024K)]
  0x000002ce166f9450 JavaThread "Thread-16"                  daemon [_thread_in_native, id=26252, stack(0x000000e2a0900000,0x000000e2a0a00000) (1024K)]
  0x000002ce166f8730 JavaThread "Thread-17"                  daemon [_thread_in_native, id=31152, stack(0x000000e2a0a00000,0x000000e2a0b00000) (1024K)]
  0x000002ce166fa170 JavaThread "Thread-18"                  daemon [_thread_in_native, id=24756, stack(0x000000e2a0b00000,0x000000e2a0c00000) (1024K)]
  0x000002ce166ebfa0 JavaThread "pool-2-thread-1"                   [_thread_blocked, id=22104, stack(0x000000e2a0c00000,0x000000e2a0d00000) (1024K)]
  0x000002ce166eb910 JavaThread "WorkspaceEventsHandler"            [_thread_blocked, id=33852, stack(0x000000e2a0d00000,0x000000e2a0e00000) (1024K)]
  0x000002ce166e8b20 JavaThread "pool-1-thread-1"                   [_thread_blocked, id=30596, stack(0x000000e2a0e00000,0x000000e2a0f00000) (1024K)]
  0x000002ce166ec630 JavaThread "Worker-6"                          [_thread_blocked, id=22200, stack(0x000000e2a0f00000,0x000000e2a1000000) (1024K)]
  0x000002ce166e91b0 JavaThread "Worker-7"                          [_thread_blocked, id=10852, stack(0x000000e2a1000000,0x000000e2a1100000) (1024K)]
  0x000002ce166ea560 JavaThread "LocalFile Deleter"          daemon [_thread_blocked, id=14212, stack(0x000000e2a1100000,0x000000e2a1200000) (1024K)]
  0x000002ce166e9840 JavaThread "LocalFile Deleter"          daemon [_thread_blocked, id=30580, stack(0x000000e2a1200000,0x000000e2a1300000) (1024K)]
  0x000002ce166ed350 JavaThread "LocalFile Deleter"          daemon [_thread_blocked, id=7608, stack(0x000000e2a1300000,0x000000e2a1400000) (1024K)]
  0x000002ce166e9ed0 JavaThread "LocalFile Deleter"          daemon [_thread_blocked, id=26856, stack(0x000000e2a1400000,0x000000e2a1500000) (1024K)]
  0x000002ce166ed9e0 JavaThread "LocalFile Deleter"          daemon [_thread_blocked, id=31188, stack(0x000000e2a1500000,0x000000e2a1600000) (1024K)]
  0x000002ce166ee070 JavaThread "LocalFile Deleter"          daemon [_thread_blocked, id=28228, stack(0x000000e2a1600000,0x000000e2a1700000) (1024K)]
  0x000002ce166eabf0 JavaThread "LocalFile Deleter"          daemon [_thread_blocked, id=12396, stack(0x000000e2a1700000,0x000000e2a1800000) (1024K)]
  0x000002ce166ee700 JavaThread "LocalFile Deleter"          daemon [_thread_blocked, id=10932, stack(0x000000e2a1800000,0x000000e2a1900000) (1024K)]
  0x000002ce166eb280 JavaThread "LocalFile Deleter"          daemon [_thread_blocked, id=10336, stack(0x000000e2a1900000,0x000000e2a1a00000) (1024K)]
  0x000002ce166ef420 JavaThread "LocalFile Deleter"          daemon [_thread_blocked, id=27496, stack(0x000000e2a1a00000,0x000000e2a1b00000) (1024K)]
  0x000002ce166efab0 JavaThread "LocalFile Deleter"          daemon [_thread_blocked, id=35420, stack(0x000000e2a1b00000,0x000000e2a1c00000) (1024K)]
  0x000002ce166eed90 JavaThread "LocalFile Deleter"          daemon [_thread_blocked, id=15388, stack(0x000000e2a1c00000,0x000000e2a1d00000) (1024K)]
  0x000002ce166f0140 JavaThread "LocalFile Deleter"          daemon [_thread_blocked, id=22384, stack(0x000000e2a1d00000,0x000000e2a1e00000) (1024K)]
  0x000002ce164bacd0 JavaThread "LocalFile Deleter"          daemon [_thread_blocked, id=33192, stack(0x000000e2a1e00000,0x000000e2a1f00000) (1024K)]
  0x000002ce164b9fb0 JavaThread "Compiler Source File Reader" daemon [_thread_blocked, id=1560, stack(0x000000e2a1f00000,0x000000e2a2000000) (1024K)]
  0x000002ce164b8c00 JavaThread "Compiler Source File Reader" daemon [_thread_blocked, id=20524, stack(0x000000e2a2000000,0x000000e2a2100000) (1024K)]
  0x000002ce164bc710 JavaThread "Compiler Source File Reader" daemon [_thread_blocked, id=25976, stack(0x000000e2a2100000,0x000000e2a2200000) (1024K)]
  0x000002ce164bb360 JavaThread "Compiler Source File Reader" daemon [_thread_blocked, id=30748, stack(0x000000e2a2200000,0x000000e2a2300000) (1024K)]
  0x000002ce164bb9f0 JavaThread "Compiler Source File Reader" daemon [_thread_blocked, id=27252, stack(0x000000e2a2300000,0x000000e2a2400000) (1024K)]
  0x000002ce164bc080 JavaThread "Compiler Source File Reader" daemon [_thread_blocked, id=31064, stack(0x000000e2a2400000,0x000000e2a2500000) (1024K)]
  0x000002ce164ba640 JavaThread "Compiler Source File Reader" daemon [_thread_blocked, id=24144, stack(0x000000e2a2500000,0x000000e2a2600000) (1024K)]
  0x000002ce164b9920 JavaThread "Compiler Source File Reader" daemon [_thread_blocked, id=34448, stack(0x000000e2a2600000,0x000000e2a2700000) (1024K)]
  0x000002ce164b9290 JavaThread "Compiler Processing Task"   daemon [_thread_blocked, id=24328, stack(0x000000e29ed00000,0x000000e29ee00000) (1024K)]
  0x000002ce164bdac0 JavaThread "Compiler Class File Writer" daemon [_thread_blocked, id=32852, stack(0x000000e2a2700000,0x000000e2a2800000) (1024K)]
  0x000002ce164bd430 JavaThread "Compiler Class File Writer" daemon [_thread_blocked, id=10044, stack(0x000000e2a2800000,0x000000e2a2900000) (1024K)]
  0x000002ce164be7e0 JavaThread "Compiler Class File Writer" daemon [_thread_blocked, id=34700, stack(0x000000e2a2900000,0x000000e2a2a00000) (1024K)]
  0x000002ce164bee70 JavaThread "Compiler Class File Writer" daemon [_thread_blocked, id=25968, stack(0x000000e2a2a00000,0x000000e2a2b00000) (1024K)]
  0x000002ce164bfb90 JavaThread "Compiler Class File Writer" daemon [_thread_blocked, id=20240, stack(0x000000e2a2b00000,0x000000e2a2c00000) (1024K)]
  0x000002ce164bcda0 JavaThread "Compiler Class File Writer" daemon [_thread_blocked, id=25704, stack(0x000000e2a2c00000,0x000000e2a2d00000) (1024K)]
  0x000002ce164c0220 JavaThread "Compiler Class File Writer" daemon [_thread_blocked, id=14276, stack(0x000000e2a2d00000,0x000000e2a2e00000) (1024K)]
  0x000002ce164be150 JavaThread "Compiler Class File Writer" daemon [_thread_blocked, id=30864, stack(0x000000e2a2e00000,0x000000e2a2f00000) (1024K)]
  0x000002ce148bbeb0 JavaThread "Compiler Source File Reader" daemon [_thread_blocked, id=11120, stack(0x000000e2a2f00000,0x000000e2a3000000) (1024K)]
  0x000002ce1823d220 JavaThread "Compiler Class File Writer" daemon [_thread_blocked, id=22312, stack(0x000000e2a3000000,0x000000e2a3100000) (1024K)]
  0x000002ce1823cb90 JavaThread "ForkJoinPool.commonPool-worker-1" daemon [_thread_blocked, id=11076, stack(0x000000e2a3100000,0x000000e2a3200000) (1024K)]
  0x000002ce182406a0 JavaThread "ForkJoinPool.commonPool-worker-2" daemon [_thread_blocked, id=22836, stack(0x000000e2a3200000,0x000000e2a3300000) (1024K)]
  0x000002ce18240d30 JavaThread "ForkJoinPool.commonPool-worker-3" daemon [_thread_blocked, id=29232, stack(0x000000e2a3300000,0x000000e2a3400000) (1024K)]
  0x000002ce182413c0 JavaThread "ForkJoinPool.commonPool-worker-4" daemon [_thread_blocked, id=34720, stack(0x000000e2a3500000,0x000000e2a3600000) (1024K)]
  0x000002ce1823df40 JavaThread "ForkJoinPool.commonPool-worker-5" daemon [_thread_blocked, id=13364, stack(0x000000e2a3600000,0x000000e2a3700000) (1024K)]
  0x000002ce18242770 JavaThread "ForkJoinPool.commonPool-worker-6" daemon [_thread_blocked, id=8280, stack(0x000000e2a3700000,0x000000e2a3800000) (1024K)]
  0x000002ce1823f2f0 JavaThread "ForkJoinPool.commonPool-worker-7" daemon [_thread_blocked, id=31856, stack(0x000000e2a3800000,0x000000e2a3900000) (1024K)]
  0x000002ce18242e00 JavaThread "ForkJoinPool.commonPool-worker-8" daemon [_thread_blocked, id=15856, stack(0x000000e2a3900000,0x000000e2a3a00000) (1024K)]
  0x000002ce0df65c00 JavaThread "C2 CompilerThread1"         daemon [_thread_blocked, id=34704, stack(0x000000e29d700000,0x000000e29d800000) (1024K)]
  0x000002ce18243b20 JavaThread "ForkJoinPool.commonPool-worker-9" daemon [_thread_blocked, id=7676, stack(0x000000e29d800000,0x000000e29d900000) (1024K)]
  0x000002ce182441b0 JavaThread "ForkJoinPool.commonPool-worker-11" daemon [_thread_blocked, id=7460, stack(0x000000e29d900000,0x000000e29da00000) (1024K)]
  0x000002ce20194350 JavaThread "ForkJoinPool.commonPool-worker-10" daemon [_thread_blocked, id=8892, stack(0x000000e29db00000,0x000000e29dc00000) (1024K)]
  0x000002ce20193cc0 JavaThread "ForkJoinPool.commonPool-worker-12" daemon [_thread_blocked, id=20080, stack(0x000000e29fd00000,0x000000e29fe00000) (1024K)]
  0x000002ce20196ab0 JavaThread "ForkJoinPool.commonPool-worker-13" daemon [_thread_blocked, id=18000, stack(0x000000e2a3400000,0x000000e2a3500000) (1024K)]
  0x000002ce20193630 JavaThread "ForkJoinPool.commonPool-worker-14" daemon [_thread_blocked, id=21508, stack(0x000000e2a3a00000,0x000000e2a3b00000) (1024K)]
  0x000002ce201949e0 JavaThread "ForkJoinPool.commonPool-worker-15" daemon [_thread_blocked, id=20676, stack(0x000000e2a3b00000,0x000000e2a3c00000) (1024K)]
  0x000002ce0df65530 JavaThread "C2 CompilerThread2"         daemon [_thread_in_native, id=20936, stack(0x000000e29d600000,0x000000e29d700000) (1024K)]
  0x000002ce201977d0 JavaThread "Cleaner-0"                  daemon [_thread_blocked, id=23020, stack(0x000000e2a3d00000,0x000000e2a3e00000) (1024K)]
Total: 99

Other Threads:
  0x000002cdb4fdea30 VMThread "VM Thread"                           [id=20680, stack(0x000000e29cc00000,0x000000e29cd00000) (1024K)]
  0x000002cdb4daca00 WatcherThread "VM Periodic Task Thread"        [id=22472, stack(0x000000e29cb00000,0x000000e29cc00000) (1024K)]
  0x000002cdb4f3a1a0 WorkerThread "GC Thread#0"                     [id=20184, stack(0x000000e29ca00000,0x000000e29cb00000) (1024K)]
  0x000002ce0fd78680 WorkerThread "GC Thread#1"                     [id=27900, stack(0x000000e29dc00000,0x000000e29dd00000) (1024K)]
  0x000002ce1403c520 WorkerThread "GC Thread#2"                     [id=33644, stack(0x000000e29dd00000,0x000000e29de00000) (1024K)]
  0x000002ce1403c8c0 WorkerThread "GC Thread#3"                     [id=24212, stack(0x000000e29de00000,0x000000e29df00000) (1024K)]
  0x000002ce1403cc60 WorkerThread "GC Thread#4"                     [id=32932, stack(0x000000e29df00000,0x000000e29e000000) (1024K)]
  0x000002ce140ec450 WorkerThread "GC Thread#5"                     [id=35720, stack(0x000000e29e000000,0x000000e29e100000) (1024K)]
  0x000002ce140eaaf0 WorkerThread "GC Thread#6"                     [id=24000, stack(0x000000e29e100000,0x000000e29e200000) (1024K)]
  0x000002ce140eb970 WorkerThread "GC Thread#7"                     [id=23332, stack(0x000000e29e400000,0x000000e29e500000) (1024K)]
  0x000002ce140ec0b0 WorkerThread "GC Thread#8"                     [id=33632, stack(0x000000e29e800000,0x000000e29e900000) (1024K)]
  0x000002ce140eb230 WorkerThread "GC Thread#9"                     [id=9536, stack(0x000000e29e900000,0x000000e29ea00000) (1024K)]
  0x000002ce140eae90 WorkerThread "GC Thread#10"                    [id=18192, stack(0x000000e29ea00000,0x000000e29eb00000) (1024K)]
  0x000002ce140ebd10 WorkerThread "GC Thread#11"                    [id=20784, stack(0x000000e29ee00000,0x000000e29ef00000) (1024K)]
  0x000002ce14578980 WorkerThread "GC Thread#12"                    [id=33376, stack(0x000000e29f000000,0x000000e29f100000) (1024K)]
Total: 15

Threads with active compile tasks:
C2 CompilerThread0  30926 14053   !   4       org.eclipse.jdt.internal.core.search.indexing.BinaryIndexer::indexDocument (1168 bytes)
C2 CompilerThread2  30927 14067       4       org.eclipse.jdt.internal.core.search.JavaSearchParticipant::indexDocument (89 bytes)
Total: 2

VM state: not at safepoint (normal execution)

VM Mutex/Monitor currently owned by a thread: None

Heap address: 0x0000000080000000, size: 2048 MB, Compressed Oops mode: 32-bit

CDS archive(s) mapped at: [0x000002cdcc000000-0x000002cdccba0000-0x000002cdccba0000), size 12189696, SharedBaseAddress: 0x000002cdcc000000, ArchiveRelocationMode: 1.
Compressed class space mapped at: 0x000002cdcd000000-0x000002ce0d000000, reserved size: 1073741824
Narrow klass base: 0x000002cdcc000000, Narrow klass shift: 0, Narrow klass range: 0x100000000

GC Precious Log:
 CardTable entry size: 512
 CPUs: 16 total, 16 available
 Memory: 7549M
 Large Page Support: Disabled
 NUMA Support: Disabled
 Compressed Oops: Enabled (32-bit)
 Alignments: Space 512K, Generation 512K, Heap 2M
 Heap Min Capacity: 100M
 Heap Initial Capacity: 100M
 Heap Max Capacity: 2G
 Pre-touch: Disabled
 Parallel Workers: 13

Heap:
 PSYoungGen      total 5120K, used 3905K [0x00000000d5580000, 0x00000000d5c80000, 0x0000000100000000)
  eden space 4096K, 75% used [0x00000000d5580000,0x00000000d5884ab0,0x00000000d5980000)
  from space 1024K, 87% used [0x00000000d5980000,0x00000000d5a60000,0x00000000d5a80000)
  to   space 1024K, 0% used [0x00000000d5b80000,0x00000000d5b80000,0x00000000d5c80000)
 ParOldGen       total 686592K, used 686248K [0x0000000080000000, 0x00000000a9e80000, 0x00000000d5580000)
  object space 686592K, 99% used [0x0000000080000000,0x00000000a9e2a030,0x00000000a9e80000)
 Metaspace       used 68262K, committed 69824K, reserved 1114112K
  class space    used 7040K, committed 7744K, reserved 1048576K

Card table byte_map: [0x000002cdb48c0000,0x000002cdb4cd0000] _byte_map_base: 0x000002cdb44c0000

Marking Bits: (ParMarkBitMap*) 0x00007ffab09ea340
 Begin Bits: [0x000002cdc73c0000, 0x000002cdc93c0000)
 End Bits:   [0x000002cdc93c0000, 0x000002cdcb3c0000)

Polling page: 0x000002cdb2cc0000

Metaspace:

Usage:
  Non-class:     59.79 MB used.
      Class:      6.88 MB used.
       Both:     66.66 MB used.

Virtual space:
  Non-class space:       64.00 MB reserved,      60.62 MB ( 95%) committed,  1 nodes.
      Class space:        1.00 GB reserved,       7.56 MB ( <1%) committed,  1 nodes.
             Both:        1.06 GB reserved,      68.19 MB (  6%) committed. 

Chunk freelists:
   Non-Class:  3.42 MB
       Class:  8.41 MB
        Both:  11.83 MB

MaxMetaspaceSize: unlimited
CompressedClassSpaceSize: 1.00 GB
Initial GC threshold: 21.00 MB
Current GC threshold: 97.31 MB
CDS: on
 - commit_granule_bytes: 65536.
 - commit_granule_words: 8192.
 - virtual_space_node_default_size: 8388608.
 - enlarge_chunks_in_place: 1.
 - use_allocation_guard: 0.


Internal statistics:

num_allocs_failed_limit: 9.
num_arena_births: 1236.
num_arena_deaths: 22.
num_vsnodes_births: 2.
num_vsnodes_deaths: 0.
num_space_committed: 1091.
num_space_uncommitted: 0.
num_chunks_returned_to_freelist: 33.
num_chunks_taken_from_freelist: 4609.
num_chunk_merges: 15.
num_chunk_splits: 2757.
num_chunks_enlarged: 1434.
num_inconsistent_stats: 0.

CodeHeap 'non-profiled nmethods': size=119168Kb used=9770Kb max_used=9770Kb free=109397Kb
 bounds [0x000002cdbfcb0000, 0x000002cdc0640000, 0x000002cdc7110000]
CodeHeap 'profiled nmethods': size=119104Kb used=29802Kb max_used=29802Kb free=89301Kb
 bounds [0x000002cdb8110000, 0x000002cdb9e30000, 0x000002cdbf560000]
CodeHeap 'non-nmethods': size=7488Kb used=1460Kb max_used=3215Kb free=6027Kb
 bounds [0x000002cdbf560000, 0x000002cdbf8a0000, 0x000002cdbfcb0000]
CodeCache: size=245760Kb, used=41032Kb, max_used=42787Kb, free=204725Kb
 total_blobs=14008, nmethods=13226, adapters=687, full_count=0
Compilation: enabled, stopped_count=0, restarted_count=0

Compilation events (20 events):
Event: 29.569 Thread 0x000002ce0df65c00 nmethod 13797% 0x000002cdc0613910 code [0x000002cdc0614180, 0x000002cdc06215f8]
Event: 29.572 Thread 0x000002ce0df65530 nmethod 14056 0x000002cdc0628e10 code [0x000002cdc0629060, 0x000002cdc062a090]
Event: 29.597 Thread 0x000002ce0df65c00 14057       4       org.eclipse.jdt.core.Signature::encodeTypeSignature (908 bytes)
Event: 29.606 Thread 0x000002ce0df65530 14058       4       org.eclipse.jdt.internal.core.search.indexing.BinaryIndexer::removeFirstSyntheticParameter (73 bytes)
Event: 29.617 Thread 0x000002ce0df65530 nmethod 14058 0x000002cdc062a910 code [0x000002cdc062ab20, 0x000002cdc062b348]
Event: 29.640 Thread 0x000002ce0df65c00 nmethod 14057 0x000002cdc062b890 code [0x000002cdc062bbc0, 0x000002cdc062d398]
Event: 29.691 Thread 0x000002ce0df65c00 14059       4       org.eclipse.jdt.internal.compiler.classfmt.MethodInfo::decodeMethodAnnotations (177 bytes)
Event: 29.703 Thread 0x000002ce0df65c00 nmethod 14059 0x000002cdc062e490 code [0x000002cdc062e660, 0x000002cdc062edc8]
Event: 29.718 Thread 0x000002ce0df65530 14060 % !   4       java.nio.file.Files::walkFileTree @ 19 (297 bytes)
Event: 29.737 Thread 0x000002ce0df65c00 14061       4       org.eclipse.jdt.internal.core.search.matching.ConstructorPattern::createDeclarationIndexKey (583 bytes)
Event: 29.742 Thread 0x000002ce0df67070 14062       3       org.eclipse.jdt.internal.core.search.indexing.BinaryIndexer::indexPackageVisibilityDirective (115 bytes)
Event: 29.743 Thread 0x000002ce0df67070 nmethod 14062 0x000002cdb9e26510 code [0x000002cdb9e26740, 0x000002cdb9e27178]
Event: 29.746 Thread 0x000002ce0df65530 nmethod 14060% 0x000002cdc062f190 code [0x000002cdc062f500, 0x000002cdc0630878]
Event: 29.767 Thread 0x000002ce0df67070 14063       3       org.eclipse.jdt.internal.compiler.classfmt.RecordComponentInfo::createComponent (450 bytes)
Event: 29.767 Thread 0x000002ce0df662d0 14064       3       org.eclipse.jdt.internal.compiler.classfmt.RecordComponentInfo::<init> (19 bytes)
Event: 29.767 Thread 0x000002ce0df662d0 nmethod 14064 0x000002cdb9e27590 code [0x000002cdb9e27740, 0x000002cdb9e27940]
Event: 29.768 Thread 0x000002ce0df65530 14065       4       org.eclipse.jdt.internal.core.search.matching.SuperTypeReferencePattern::createIndexKey (619 bytes)
Event: 29.768 Thread 0x000002ce0df67070 nmethod 14063 0x000002cdb9e27a90 code [0x000002cdb9e27e60, 0x000002cdb9e29db8]
Event: 29.790 Thread 0x000002ce0df65c00 nmethod 14061 0x000002cdc0631890 code [0x000002cdc0631b80, 0x000002cdc0633c68]
Event: 29.861 Thread 0x000002ce0df65530 nmethod 14065 0x000002cdc0634f10 code [0x000002cdc0635240, 0x000002cdc0638150]

GC Heap History (20 events):
Event: 29.753 GC heap after
{Heap after GC invocations=1105 (full 3):
 PSYoungGen      total 4096K, used 736K [0x00000000d5580000, 0x00000000d5a80000, 0x0000000100000000)
  eden space 3072K, 0% used [0x00000000d5580000,0x00000000d5580000,0x00000000d5880000)
  from space 1024K, 71% used [0x00000000d5980000,0x00000000d5a38000,0x00000000d5a80000)
  to   space 1024K, 0% used [0x00000000d5880000,0x00000000d5880000,0x00000000d5980000)
 ParOldGen       total 678912K, used 678823K [0x0000000080000000, 0x00000000a9700000, 0x00000000d5580000)
  object space 678912K, 99% used [0x0000000080000000,0x00000000a96e9e18,0x00000000a9700000)
 Metaspace       used 68258K, committed 69824K, reserved 1114112K
  class space    used 7040K, committed 7744K, reserved 1048576K
}
Event: 29.761 GC heap before
{Heap before GC invocations=1106 (full 3):
 PSYoungGen      total 4096K, used 3808K [0x00000000d5580000, 0x00000000d5a80000, 0x0000000100000000)
  eden space 3072K, 100% used [0x00000000d5580000,0x00000000d5880000,0x00000000d5880000)
  from space 1024K, 71% used [0x00000000d5980000,0x00000000d5a38000,0x00000000d5a80000)
  to   space 1024K, 0% used [0x00000000d5880000,0x00000000d5880000,0x00000000d5980000)
 ParOldGen       total 678912K, used 678823K [0x0000000080000000, 0x00000000a9700000, 0x00000000d5580000)
  object space 678912K, 99% used [0x0000000080000000,0x00000000a96e9e18,0x00000000a9700000)
 Metaspace       used 68258K, committed 69824K, reserved 1114112K
  class space    used 7040K, committed 7744K, reserved 1048576K
}
Event: 29.763 GC heap after
{Heap after GC invocations=1106 (full 3):
 PSYoungGen      total 4096K, used 832K [0x00000000d5580000, 0x00000000d5a80000, 0x0000000100000000)
  eden space 3072K, 0% used [0x00000000d5580000,0x00000000d5580000,0x00000000d5880000)
  from space 1024K, 81% used [0x00000000d5880000,0x00000000d5950000,0x00000000d5980000)
  to   space 1024K, 0% used [0x00000000d5980000,0x00000000d5980000,0x00000000d5a80000)
 ParOldGen       total 679936K, used 679431K [0x0000000080000000, 0x00000000a9800000, 0x00000000d5580000)
  object space 679936K, 99% used [0x0000000080000000,0x00000000a9781e18,0x00000000a9800000)
 Metaspace       used 68258K, committed 69824K, reserved 1114112K
  class space    used 7040K, committed 7744K, reserved 1048576K
}
Event: 29.774 GC heap before
{Heap before GC invocations=1107 (full 3):
 PSYoungGen      total 4096K, used 3904K [0x00000000d5580000, 0x00000000d5a80000, 0x0000000100000000)
  eden space 3072K, 100% used [0x00000000d5580000,0x00000000d5880000,0x00000000d5880000)
  from space 1024K, 81% used [0x00000000d5880000,0x00000000d5950000,0x00000000d5980000)
  to   space 1024K, 0% used [0x00000000d5980000,0x00000000d5980000,0x00000000d5a80000)
 ParOldGen       total 679936K, used 679431K [0x0000000080000000, 0x00000000a9800000, 0x00000000d5580000)
  object space 679936K, 99% used [0x0000000080000000,0x00000000a9781e18,0x00000000a9800000)
 Metaspace       used 68262K, committed 69824K, reserved 1114112K
  class space    used 7040K, committed 7744K, reserved 1048576K
}
Event: 29.776 GC heap after
{Heap after GC invocations=1107 (full 3):
 PSYoungGen      total 4096K, used 876K [0x00000000d5580000, 0x00000000d5a80000, 0x0000000100000000)
  eden space 3072K, 0% used [0x00000000d5580000,0x00000000d5580000,0x00000000d5880000)
  from space 1024K, 85% used [0x00000000d5980000,0x00000000d5a5b010,0x00000000d5a80000)
  to   space 1024K, 0% used [0x00000000d5880000,0x00000000d5880000,0x00000000d5980000)
 ParOldGen       total 680448K, used 679999K [0x0000000080000000, 0x00000000a9880000, 0x00000000d5580000)
  object space 680448K, 99% used [0x0000000080000000,0x00000000a980fe18,0x00000000a9880000)
 Metaspace       used 68262K, committed 69824K, reserved 1114112K
  class space    used 7040K, committed 7744K, reserved 1048576K
}
Event: 29.785 GC heap before
{Heap before GC invocations=1108 (full 3):
 PSYoungGen      total 4096K, used 3948K [0x00000000d5580000, 0x00000000d5a80000, 0x0000000100000000)
  eden space 3072K, 100% used [0x00000000d5580000,0x00000000d5880000,0x00000000d5880000)
  from space 1024K, 85% used [0x00000000d5980000,0x00000000d5a5b010,0x00000000d5a80000)
  to   space 1024K, 0% used [0x00000000d5880000,0x00000000d5880000,0x00000000d5980000)
 ParOldGen       total 680448K, used 679999K [0x0000000080000000, 0x00000000a9880000, 0x00000000d5580000)
  object space 680448K, 99% used [0x0000000080000000,0x00000000a980fe18,0x00000000a9880000)
 Metaspace       used 68262K, committed 69824K, reserved 1114112K
  class space    used 7040K, committed 7744K, reserved 1048576K
}
Event: 29.787 GC heap after
{Heap after GC invocations=1108 (full 3):
 PSYoungGen      total 4096K, used 736K [0x00000000d5580000, 0x00000000d5a80000, 0x0000000100000000)
  eden space 3072K, 0% used [0x00000000d5580000,0x00000000d5580000,0x00000000d5880000)
  from space 1024K, 71% used [0x00000000d5880000,0x00000000d5938000,0x00000000d5980000)
  to   space 1024K, 0% used [0x00000000d5980000,0x00000000d5980000,0x00000000d5a80000)
 ParOldGen       total 680960K, used 680651K [0x0000000080000000, 0x00000000a9900000, 0x00000000d5580000)
  object space 680960K, 99% used [0x0000000080000000,0x00000000a98b2e28,0x00000000a9900000)
 Metaspace       used 68262K, committed 69824K, reserved 1114112K
  class space    used 7040K, committed 7744K, reserved 1048576K
}
Event: 29.797 GC heap before
{Heap before GC invocations=1109 (full 3):
 PSYoungGen      total 4096K, used 3808K [0x00000000d5580000, 0x00000000d5a80000, 0x0000000100000000)
  eden space 3072K, 100% used [0x00000000d5580000,0x00000000d5880000,0x00000000d5880000)
  from space 1024K, 71% used [0x00000000d5880000,0x00000000d5938000,0x00000000d5980000)
  to   space 1024K, 0% used [0x00000000d5980000,0x00000000d5980000,0x00000000d5a80000)
 ParOldGen       total 680960K, used 680651K [0x0000000080000000, 0x00000000a9900000, 0x00000000d5580000)
  object space 680960K, 99% used [0x0000000080000000,0x00000000a98b2e28,0x00000000a9900000)
 Metaspace       used 68262K, committed 69824K, reserved 1114112K
  class space    used 7040K, committed 7744K, reserved 1048576K
}
Event: 29.799 GC heap after
{Heap after GC invocations=1109 (full 3):
 PSYoungGen      total 4096K, used 768K [0x00000000d5580000, 0x00000000d5a80000, 0x0000000100000000)
  eden space 3072K, 0% used [0x00000000d5580000,0x00000000d5580000,0x00000000d5880000)
  from space 1024K, 75% used [0x00000000d5980000,0x00000000d5a40000,0x00000000d5a80000)
  to   space 1024K, 0% used [0x00000000d5880000,0x00000000d5880000,0x00000000d5980000)
 ParOldGen       total 681472K, used 681171K [0x0000000080000000, 0x00000000a9980000, 0x00000000d5580000)
  object space 681472K, 99% used [0x0000000080000000,0x00000000a9934e28,0x00000000a9980000)
 Metaspace       used 68262K, committed 69824K, reserved 1114112K
  class space    used 7040K, committed 7744K, reserved 1048576K
}
Event: 29.808 GC heap before
{Heap before GC invocations=1110 (full 3):
 PSYoungGen      total 4096K, used 3840K [0x00000000d5580000, 0x00000000d5a80000, 0x0000000100000000)
  eden space 3072K, 100% used [0x00000000d5580000,0x00000000d5880000,0x00000000d5880000)
  from space 1024K, 75% used [0x00000000d5980000,0x00000000d5a40000,0x00000000d5a80000)
  to   space 1024K, 0% used [0x00000000d5880000,0x00000000d5880000,0x00000000d5980000)
 ParOldGen       total 681472K, used 681171K [0x0000000080000000, 0x00000000a9980000, 0x00000000d5580000)
  object space 681472K, 99% used [0x0000000080000000,0x00000000a9934e28,0x00000000a9980000)
 Metaspace       used 68262K, committed 69824K, reserved 1114112K
  class space    used 7040K, committed 7744K, reserved 1048576K
}
Event: 29.810 GC heap after
{Heap after GC invocations=1110 (full 3):
 PSYoungGen      total 4096K, used 832K [0x00000000d5580000, 0x00000000d5a80000, 0x0000000100000000)
  eden space 3072K, 0% used [0x00000000d5580000,0x00000000d5580000,0x00000000d5880000)
  from space 1024K, 81% used [0x00000000d5880000,0x00000000d5950000,0x00000000d5980000)
  to   space 1024K, 0% used [0x00000000d5980000,0x00000000d5980000,0x00000000d5a80000)
 ParOldGen       total 681984K, used 681755K [0x0000000080000000, 0x00000000a9a00000, 0x00000000d5580000)
  object space 681984K, 99% used [0x0000000080000000,0x00000000a99c6e28,0x00000000a9a00000)
 Metaspace       used 68262K, committed 69824K, reserved 1114112K
  class space    used 7040K, committed 7744K, reserved 1048576K
}
Event: 29.821 GC heap before
{Heap before GC invocations=1111 (full 3):
 PSYoungGen      total 4096K, used 3904K [0x00000000d5580000, 0x00000000d5a80000, 0x0000000100000000)
  eden space 3072K, 100% used [0x00000000d5580000,0x00000000d5880000,0x00000000d5880000)
  from space 1024K, 81% used [0x00000000d5880000,0x00000000d5950000,0x00000000d5980000)
  to   space 1024K, 0% used [0x00000000d5980000,0x00000000d5980000,0x00000000d5a80000)
 ParOldGen       total 681984K, used 681755K [0x0000000080000000, 0x00000000a9a00000, 0x00000000d5580000)
  object space 681984K, 99% used [0x0000000080000000,0x00000000a99c6e28,0x00000000a9a00000)
 Metaspace       used 68262K, committed 69824K, reserved 1114112K
  class space    used 7040K, committed 7744K, reserved 1048576K
}
Event: 29.824 GC heap after
{Heap after GC invocations=1111 (full 3):
 PSYoungGen      total 4096K, used 800K [0x00000000d5580000, 0x00000000d5a80000, 0x0000000100000000)
  eden space 3072K, 0% used [0x00000000d5580000,0x00000000d5580000,0x00000000d5880000)
  from space 1024K, 78% used [0x00000000d5980000,0x00000000d5a48000,0x00000000d5a80000)
  to   space 1024K, 0% used [0x00000000d5880000,0x00000000d5880000,0x00000000d5980000)
 ParOldGen       total 682496K, used 682387K [0x0000000080000000, 0x00000000a9a80000, 0x00000000d5580000)
  object space 682496K, 99% used [0x0000000080000000,0x00000000a9a64e28,0x00000000a9a80000)
 Metaspace       used 68262K, committed 69824K, reserved 1114112K
  class space    used 7040K, committed 7744K, reserved 1048576K
}
Event: 29.836 GC heap before
{Heap before GC invocations=1112 (full 3):
 PSYoungGen      total 4096K, used 3872K [0x00000000d5580000, 0x00000000d5a80000, 0x0000000100000000)
  eden space 3072K, 100% used [0x00000000d5580000,0x00000000d5880000,0x00000000d5880000)
  from space 1024K, 78% used [0x00000000d5980000,0x00000000d5a48000,0x00000000d5a80000)
  to   space 1024K, 0% used [0x00000000d5880000,0x00000000d5880000,0x00000000d5980000)
 ParOldGen       total 682496K, used 682387K [0x0000000080000000, 0x00000000a9a80000, 0x00000000d5580000)
  object space 682496K, 99% used [0x0000000080000000,0x00000000a9a64e28,0x00000000a9a80000)
 Metaspace       used 68262K, committed 69824K, reserved 1114112K
  class space    used 7040K, committed 7744K, reserved 1048576K
}
Event: 29.838 GC heap after
{Heap after GC invocations=1112 (full 3):
 PSYoungGen      total 4096K, used 832K [0x00000000d5580000, 0x00000000d5a80000, 0x0000000100000000)
  eden space 3072K, 0% used [0x00000000d5580000,0x00000000d5580000,0x00000000d5880000)
  from space 1024K, 81% used [0x00000000d5880000,0x00000000d5950000,0x00000000d5980000)
  to   space 1024K, 0% used [0x00000000d5980000,0x00000000d5980000,0x00000000d5a80000)
 ParOldGen       total 683008K, used 682931K [0x0000000080000000, 0x00000000a9b00000, 0x00000000d5580000)
  object space 683008K, 99% used [0x0000000080000000,0x00000000a9aece28,0x00000000a9b00000)
 Metaspace       used 68262K, committed 69824K, reserved 1114112K
  class space    used 7040K, committed 7744K, reserved 1048576K
}
Event: 29.850 GC heap before
{Heap before GC invocations=1113 (full 3):
 PSYoungGen      total 4096K, used 3904K [0x00000000d5580000, 0x00000000d5a80000, 0x0000000100000000)
  eden space 3072K, 100% used [0x00000000d5580000,0x00000000d5880000,0x00000000d5880000)
  from space 1024K, 81% used [0x00000000d5880000,0x00000000d5950000,0x00000000d5980000)
  to   space 1024K, 0% used [0x00000000d5980000,0x00000000d5980000,0x00000000d5a80000)
 ParOldGen       total 683008K, used 682931K [0x0000000080000000, 0x00000000a9b00000, 0x00000000d5580000)
  object space 683008K, 99% used [0x0000000080000000,0x00000000a9aece28,0x00000000a9b00000)
 Metaspace       used 68262K, committed 69824K, reserved 1114112K
  class space    used 7040K, committed 7744K, reserved 1048576K
}
Event: 29.852 GC heap after
{Heap after GC invocations=1113 (full 3):
 PSYoungGen      total 4096K, used 672K [0x00000000d5580000, 0x00000000d5a80000, 0x0000000100000000)
  eden space 3072K, 0% used [0x00000000d5580000,0x00000000d5580000,0x00000000d5880000)
  from space 1024K, 65% used [0x00000000d5980000,0x00000000d5a28000,0x00000000d5a80000)
  to   space 1024K, 0% used [0x00000000d5880000,0x00000000d5880000,0x00000000d5980000)
 ParOldGen       total 683520K, used 683499K [0x0000000080000000, 0x00000000a9b80000, 0x00000000d5580000)
  object space 683520K, 99% used [0x0000000080000000,0x00000000a9b7ae28,0x00000000a9b80000)
 Metaspace       used 68262K, committed 69824K, reserved 1114112K
  class space    used 7040K, committed 7744K, reserved 1048576K
}
Event: 29.863 GC heap before
{Heap before GC invocations=1114 (full 3):
 PSYoungGen      total 4096K, used 3744K [0x00000000d5580000, 0x00000000d5a80000, 0x0000000100000000)
  eden space 3072K, 100% used [0x00000000d5580000,0x00000000d5880000,0x00000000d5880000)
  from space 1024K, 65% used [0x00000000d5980000,0x00000000d5a28000,0x00000000d5a80000)
  to   space 1024K, 0% used [0x00000000d5880000,0x00000000d5880000,0x00000000d5980000)
 ParOldGen       total 683520K, used 683499K [0x0000000080000000, 0x00000000a9b80000, 0x00000000d5580000)
  object space 683520K, 99% used [0x0000000080000000,0x00000000a9b7ae28,0x00000000a9b80000)
 Metaspace       used 68262K, committed 69824K, reserved 1114112K
  class space    used 7040K, committed 7744K, reserved 1048576K
}
Event: 29.866 GC heap after
{Heap after GC invocations=1114 (full 3):
 PSYoungGen      total 4096K, used 704K [0x00000000d5580000, 0x00000000d5a80000, 0x0000000100000000)
  eden space 3072K, 0% used [0x00000000d5580000,0x00000000d5580000,0x00000000d5880000)
  from space 1024K, 68% used [0x00000000d5880000,0x00000000d5930000,0x00000000d5980000)
  to   space 1024K, 0% used [0x00000000d5980000,0x00000000d5980000,0x00000000d5a80000)
 ParOldGen       total 684544K, used 684067K [0x0000000080000000, 0x00000000a9c80000, 0x00000000d5580000)
  object space 684544K, 99% used [0x0000000080000000,0x00000000a9c08e28,0x00000000a9c80000)
 Metaspace       used 68262K, committed 69824K, reserved 1114112K
  class space    used 7040K, committed 7744K, reserved 1048576K
}
Event: 29.875 GC heap before
{Heap before GC invocations=1115 (full 3):
 PSYoungGen      total 4096K, used 3776K [0x00000000d5580000, 0x00000000d5a80000, 0x0000000100000000)
  eden space 3072K, 100% used [0x00000000d5580000,0x00000000d5880000,0x00000000d5880000)
  from space 1024K, 68% used [0x00000000d5880000,0x00000000d5930000,0x00000000d5980000)
  to   space 1024K, 0% used [0x00000000d5980000,0x00000000d5980000,0x00000000d5a80000)
 ParOldGen       total 684544K, used 684067K [0x0000000080000000, 0x00000000a9c80000, 0x00000000d5580000)
  object space 684544K, 99% used [0x0000000080000000,0x00000000a9c08e28,0x00000000a9c80000)
 Metaspace       used 68262K, committed 69824K, reserved 1114112K
  class space    used 7040K, committed 7744K, reserved 1048576K
}

Dll operation events (10 events):
Event: 0.019 Loaded shared library c:\Users\samue\.vscode\extensions\redhat.java-1.44.0-win32-x64\jre\21.0.8-win32-x86_64\bin\java.dll
Event: 0.228 Loaded shared library c:\Users\samue\.vscode\extensions\redhat.java-1.44.0-win32-x64\jre\21.0.8-win32-x86_64\bin\zip.dll
Event: 0.273 Loaded shared library C:\Users\samue\.vscode\extensions\redhat.java-1.44.0-win32-x64\jre\21.0.8-win32-x86_64\bin\instrument.dll
Event: 0.289 Loaded shared library C:\Users\samue\.vscode\extensions\redhat.java-1.44.0-win32-x64\jre\21.0.8-win32-x86_64\bin\net.dll
Event: 0.296 Loaded shared library C:\Users\samue\.vscode\extensions\redhat.java-1.44.0-win32-x64\jre\21.0.8-win32-x86_64\bin\nio.dll
Event: 0.308 Loaded shared library C:\Users\samue\.vscode\extensions\redhat.java-1.44.0-win32-x64\jre\21.0.8-win32-x86_64\bin\zip.dll
Event: 0.368 Loaded shared library C:\Users\samue\.vscode\extensions\redhat.java-1.44.0-win32-x64\jre\21.0.8-win32-x86_64\bin\jimage.dll
Event: 0.552 Loaded shared library c:\Users\samue\.vscode\extensions\redhat.java-1.44.0-win32-x64\jre\21.0.8-win32-x86_64\bin\verify.dll
Event: 2.153 Loaded shared library C:\Users\samue\AppData\Roaming\Code\User\globalStorage\redhat.java\1.44.0\config_win\org.eclipse.equinox.launcher\org.eclipse.equinox.launcher.win32.win32.x86_64_1.2.1400.v20250730-1736\eclipse_11913.dll
Event: 4.037 Loaded shared library C:\Users\samue\AppData\Local\Temp\jna-109203119\jna17296652579804798316.dll

Deoptimization events (20 events):
Event: 28.990 Thread 0x000002ce18240d30 DEOPT PACKING pc=0x000002cdc038d518 sp=0x000000e2a33feec0
Event: 28.990 Thread 0x000002ce18240d30 DEOPT UNPACKING pc=0x000002cdbf5b3aa2 sp=0x000000e2a33fee38 mode 2
Event: 29.024 Thread 0x000002ce20196ab0 DEOPT PACKING pc=0x000002cdb98665b9 sp=0x000000e2a34fd900
Event: 29.024 Thread 0x000002ce20196ab0 DEOPT UNPACKING pc=0x000002cdbf5b4242 sp=0x000000e2a34fce00 mode 0
Event: 29.155 Thread 0x000002ce20196ab0 DEOPT PACKING pc=0x000002cdb98665b9 sp=0x000000e2a34fd580
Event: 29.155 Thread 0x000002ce20196ab0 DEOPT UNPACKING pc=0x000002cdbf5b4242 sp=0x000000e2a34fca80 mode 0
Event: 29.246 Thread 0x000002ce20196ab0 Uncommon trap: trap_request=0xffffff45 fr.pc=0x000002cdc029c268 relative=0x0000000000000ca8
Event: 29.246 Thread 0x000002ce20196ab0 Uncommon trap: reason=unstable_if action=reinterpret pc=0x000002cdc029c268 method=java.util.concurrent.ConcurrentHashMap.putVal(Ljava/lang/Object;Ljava/lang/Object;Z)Ljava/lang/Object; @ 245 c2
Event: 29.246 Thread 0x000002ce20196ab0 DEOPT PACKING pc=0x000002cdc029c268 sp=0x000000e2a34fe4e0
Event: 29.246 Thread 0x000002ce20196ab0 DEOPT UNPACKING pc=0x000002cdbf5b3aa2 sp=0x000000e2a34fe458 mode 2
Event: 29.256 Thread 0x000002ce148bd8f0 Uncommon trap: trap_request=0xffffff45 fr.pc=0x000002cdc04ba6a8 relative=0x000000000000a208
Event: 29.256 Thread 0x000002ce148bd8f0 Uncommon trap: reason=unstable_if action=reinterpret pc=0x000002cdc04ba6a8 method=org.eclipse.jdt.internal.core.search.indexing.AbstractIndexer.addClassDeclaration(I[C[C[[C[C[[C[[CZ)V @ 13 c2
Event: 29.256 Thread 0x000002ce148bd8f0 DEOPT PACKING pc=0x000002cdc04ba6a8 sp=0x000000e29e2fe880
Event: 29.256 Thread 0x000002ce148bd8f0 DEOPT UNPACKING pc=0x000002cdbf5b3aa2 sp=0x000000e29e2fe788 mode 2
Event: 29.276 Thread 0x000002ce148bd8f0 DEOPT PACKING pc=0x000002cdb8d9fbba sp=0x000000e29e2fe6b0
Event: 29.276 Thread 0x000002ce148bd8f0 DEOPT UNPACKING pc=0x000002cdbf5b4242 sp=0x000000e29e2fdb18 mode 0
Event: 29.311 Thread 0x000002ce148bd8f0 Uncommon trap: trap_request=0xffffff45 fr.pc=0x000002cdc0562f50 relative=0x0000000000000810
Event: 29.311 Thread 0x000002ce148bd8f0 Uncommon trap: reason=unstable_if action=reinterpret pc=0x000002cdc0562f50 method=org.eclipse.jdt.internal.compiler.classfmt.AnnotationInfo.scanAnnotation(IZZ)I @ 282 c2
Event: 29.311 Thread 0x000002ce148bd8f0 DEOPT PACKING pc=0x000002cdc0562f50 sp=0x000000e29e2fe440
Event: 29.311 Thread 0x000002ce148bd8f0 DEOPT UNPACKING pc=0x000002cdbf5b3aa2 sp=0x000000e29e2fe3f8 mode 2

Classes loaded (20 events):
Event: 16.625 Loading class java/util/concurrent/CompletableFuture$UniExceptionally
Event: 16.625 Loading class java/util/concurrent/CompletableFuture$UniExceptionally done
Event: 16.672 Loading class java/util/Hashtable$KeySet
Event: 16.673 Loading class java/util/Hashtable$KeySet done
Event: 16.930 Loading class java/lang/invoke/MethodHandleImpl$CountingWrapper$1
Event: 16.931 Loading class java/lang/invoke/MethodHandleImpl$CountingWrapper$1 done
Event: 17.059 Loading class java/lang/UnsupportedClassVersionError
Event: 17.059 Loading class java/lang/UnsupportedClassVersionError done
Event: 20.019 Loading class java/util/stream/ReduceOps$5
Event: 20.020 Loading class java/util/stream/ReduceOps$5 done
Event: 20.020 Loading class java/util/stream/ReduceOps$CountingSink$OfRef
Event: 20.020 Loading class java/util/stream/ReduceOps$CountingSink
Event: 20.021 Loading class java/util/stream/ReduceOps$CountingSink done
Event: 20.021 Loading class java/util/stream/ReduceOps$CountingSink$OfRef done
Event: 20.268 Loading class java/util/stream/ReduceOps$1
Event: 20.269 Loading class java/util/stream/ReduceOps$1 done
Event: 20.269 Loading class java/util/stream/ReduceOps$1ReducingSink
Event: 20.269 Loading class java/util/stream/ReduceOps$1ReducingSink done
Event: 28.756 Loading class jdk/internal/ref/CleanerImpl$InnocuousThreadFactory
Event: 28.756 Loading class jdk/internal/ref/CleanerImpl$InnocuousThreadFactory done

Classes unloaded (11 events):
Event: 4.616 Thread 0x000002cdb4fdea30 Unloading class 0x000002cdcd1a7000 'java/lang/invoke/LambdaForm$MH+0x000002cdcd1a7000'
Event: 4.616 Thread 0x000002cdb4fdea30 Unloading class 0x000002cdcd1a6c00 'java/lang/invoke/LambdaForm$MH+0x000002cdcd1a6c00'
Event: 4.616 Thread 0x000002cdb4fdea30 Unloading class 0x000002cdcd1a6800 'java/lang/invoke/LambdaForm$MH+0x000002cdcd1a6800'
Event: 4.616 Thread 0x000002cdb4fdea30 Unloading class 0x000002cdcd1a6400 'java/lang/invoke/LambdaForm$MH+0x000002cdcd1a6400'
Event: 4.616 Thread 0x000002cdb4fdea30 Unloading class 0x000002cdcd1a6000 'java/lang/invoke/LambdaForm$BMH+0x000002cdcd1a6000'
Event: 4.616 Thread 0x000002cdb4fdea30 Unloading class 0x000002cdcd1a5c00 'java/lang/invoke/LambdaForm$DMH+0x000002cdcd1a5c00'
Event: 4.616 Thread 0x000002cdb4fdea30 Unloading class 0x000002cdcd1a4800 'java/lang/invoke/LambdaForm$DMH+0x000002cdcd1a4800'
Event: 13.196 Thread 0x000002cdb4fdea30 Unloading class 0x000002cdcd685400 'java/lang/invoke/LambdaForm$DMH+0x000002cdcd685400'
Event: 13.196 Thread 0x000002cdb4fdea30 Unloading class 0x000002cdcd685000 'java/lang/invoke/LambdaForm$DMH+0x000002cdcd685000'
Event: 13.196 Thread 0x000002cdb4fdea30 Unloading class 0x000002cdcd684c00 'java/lang/invoke/LambdaForm$DMH+0x000002cdcd684c00'
Event: 13.196 Thread 0x000002cdb4fdea30 Unloading class 0x000002cdcd684800 'java/lang/invoke/LambdaForm$DMH+0x000002cdcd684800'

Classes redefined (0 events):
No events

Internal exceptions (20 events):
Event: 26.578 Thread 0x000002ce148bd8f0 Exception <a 'sun/nio/fs/WindowsException'{0x00000000d5611c38}> (0x00000000d5611c38) 
thrown [s\src\hotspot\share\prims\jni.cpp, line 520]
Event: 26.764 Thread 0x000002ce148bd8f0 Exception <a 'sun/nio/fs/WindowsException'{0x00000000d568b498}> (0x00000000d568b498) 
thrown [s\src\hotspot\share\prims\jni.cpp, line 520]
Event: 26.782 Thread 0x000002ce148bd8f0 Exception <a 'sun/nio/fs/WindowsException'{0x00000000d5755760}> (0x00000000d5755760) 
thrown [s\src\hotspot\share\prims\jni.cpp, line 520]
Event: 26.896 Thread 0x000002ce148bd8f0 Exception <a 'sun/nio/fs/WindowsException'{0x00000000d56fc708}> (0x00000000d56fc708) 
thrown [s\src\hotspot\share\prims\jni.cpp, line 520]
Event: 26.948 Thread 0x000002ce148bd8f0 Exception <a 'sun/nio/fs/WindowsException'{0x00000000d5970a10}> (0x00000000d5970a10) 
thrown [s\src\hotspot\share\prims\jni.cpp, line 520]
Event: 26.971 Thread 0x000002ce148bd8f0 Implicit null exception at 0x000002cdc0360786 to 0x000002cdc0362824
Event: 27.456 Thread 0x000002ce148bd8f0 Implicit null exception at 0x000002cdc0587463 to 0x000002cdc0587df8
Event: 27.489 Thread 0x000002ce148bd8f0 Exception <a 'sun/nio/fs/WindowsException'{0x00000000d58d23a8}> (0x00000000d58d23a8) 
thrown [s\src\hotspot\share\prims\jni.cpp, line 520]
Event: 28.658 Thread 0x000002ce166f52b0 Exception <a 'sun/nio/fs/WindowsException'{0x00000000d563c828}> (0x00000000d563c828) 
thrown [s\src\hotspot\share\prims\jni.cpp, line 520]
Event: 28.660 Thread 0x000002ce166f52b0 Exception <a 'sun/nio/fs/WindowsException'{0x00000000d5652218}> (0x00000000d5652218) 
thrown [s\src\hotspot\share\prims\jni.cpp, line 520]
Event: 28.670 Thread 0x000002ce20196ab0 Exception <a 'sun/nio/fs/WindowsException'{0x00000000d559e1f8}> (0x00000000d559e1f8) 
thrown [s\src\hotspot\share\prims\jni.cpp, line 520]
Event: 28.671 Thread 0x000002ce20196ab0 Exception <a 'sun/nio/fs/WindowsException'{0x00000000d559eaf8}> (0x00000000d559eaf8) 
thrown [s\src\hotspot\share\prims\jni.cpp, line 520]
Event: 28.672 Thread 0x000002ce20196ab0 Exception <a 'sun/nio/fs/WindowsException'{0x00000000d55bbe48}> (0x00000000d55bbe48) 
thrown [s\src\hotspot\share\prims\jni.cpp, line 520]
Event: 28.672 Thread 0x000002ce20196ab0 Exception <a 'sun/nio/fs/WindowsException'{0x00000000d55e0378}> (0x00000000d55e0378) 
thrown [s\src\hotspot\share\prims\jni.cpp, line 520]
Event: 28.673 Thread 0x000002ce20196ab0 Exception <a 'sun/nio/fs/WindowsException'{0x00000000d560f110}> (0x00000000d560f110) 
thrown [s\src\hotspot\share\prims\jni.cpp, line 520]
Event: 28.673 Thread 0x000002ce20196ab0 Exception <a 'sun/nio/fs/WindowsException'{0x00000000d560f9f0}> (0x00000000d560f9f0) 
thrown [s\src\hotspot\share\prims\jni.cpp, line 520]
Event: 28.682 Thread 0x000002ce20196ab0 Exception <a 'sun/nio/fs/WindowsException'{0x00000000d5675440}> (0x00000000d5675440) 
thrown [s\src\hotspot\share\prims\jni.cpp, line 520]
Event: 28.682 Thread 0x000002ce20196ab0 Exception <a 'sun/nio/fs/WindowsException'{0x00000000d5675cb8}> (0x00000000d5675cb8) 
thrown [s\src\hotspot\share\prims\jni.cpp, line 520]
Event: 28.917 Thread 0x000002ce18240d30 Exception <a 'java/lang/NoSuchMethodError'{0x00000000d5717ed8}: 'java.lang.Object java.lang.invoke.DirectMethodHandle$Holder.newInvokeSpecial(java.lang.Object, java.lang.Object, int, java.lang.Object, java.lang.Object, java.lang.Object, java.lang.Object)'> (0x00000000d5717ed8) 
thrown [s\src\hotspot\share\interpreter\linkResolver.cpp, line 773]
Event: 29.256 Thread 0x000002ce148bd8f0 Implicit null exception at 0x000002cdc04b35f4 to 0x000002cdc04ba658

ZGC Phase Switch (0 events):
No events

VM Operations (20 events):
Event: 29.753 Executing VM operation: ParallelGCFailedAllocation (Allocation Failure) done
Event: 29.761 Executing VM operation: ParallelGCFailedAllocation (Allocation Failure)
Event: 29.763 Executing VM operation: ParallelGCFailedAllocation (Allocation Failure) done
Event: 29.774 Executing VM operation: ParallelGCFailedAllocation (Allocation Failure)
Event: 29.776 Executing VM operation: ParallelGCFailedAllocation (Allocation Failure) done
Event: 29.785 Executing VM operation: ParallelGCFailedAllocation (Allocation Failure)
Event: 29.787 Executing VM operation: ParallelGCFailedAllocation (Allocation Failure) done
Event: 29.797 Executing VM operation: ParallelGCFailedAllocation (Allocation Failure)
Event: 29.799 Executing VM operation: ParallelGCFailedAllocation (Allocation Failure) done
Event: 29.808 Executing VM operation: ParallelGCFailedAllocation (Allocation Failure)
Event: 29.810 Executing VM operation: ParallelGCFailedAllocation (Allocation Failure) done
Event: 29.821 Executing VM operation: ParallelGCFailedAllocation (Allocation Failure)
Event: 29.824 Executing VM operation: ParallelGCFailedAllocation (Allocation Failure) done
Event: 29.836 Executing VM operation: ParallelGCFailedAllocation (Allocation Failure)
Event: 29.839 Executing VM operation: ParallelGCFailedAllocation (Allocation Failure) done
Event: 29.850 Executing VM operation: ParallelGCFailedAllocation (Allocation Failure)
Event: 29.852 Executing VM operation: ParallelGCFailedAllocation (Allocation Failure) done
Event: 29.863 Executing VM operation: ParallelGCFailedAllocation (Allocation Failure)
Event: 29.866 Executing VM operation: ParallelGCFailedAllocation (Allocation Failure) done
Event: 29.875 Executing VM operation: ParallelGCFailedAllocation (Allocation Failure)

Memory protections (0 events):
No events

Nmethod flushes (20 events):
Event: 13.234 Thread 0x000002cdb4fdea30 flushing  nmethod 0x000002cdb8aa5590
Event: 13.234 Thread 0x000002cdb4fdea30 flushing  nmethod 0x000002cdb8aa7390
Event: 13.234 Thread 0x000002cdb4fdea30 flushing  nmethod 0x000002cdb8ac5810
Event: 13.234 Thread 0x000002cdb4fdea30 flushing osr nmethod 0x000002cdb8acc290
Event: 13.234 Thread 0x000002cdb4fdea30 flushing osr nmethod 0x000002cdb8ace790
Event: 13.234 Thread 0x000002cdb4fdea30 flushing osr nmethod 0x000002cdb8aff990
Event: 13.234 Thread 0x000002cdb4fdea30 flushing  nmethod 0x000002cdb8b2fe90
Event: 13.234 Thread 0x000002cdb4fdea30 flushing  nmethod 0x000002cdb8b3a390
Event: 13.234 Thread 0x000002cdb4fdea30 flushing  nmethod 0x000002cdb8b41990
Event: 13.234 Thread 0x000002cdb4fdea30 flushing  nmethod 0x000002cdb8b4b890
Event: 13.234 Thread 0x000002cdb4fdea30 flushing  nmethod 0x000002cdb8b68410
Event: 13.234 Thread 0x000002cdb4fdea30 flushing osr nmethod 0x000002cdb8b6fb10
Event: 13.234 Thread 0x000002cdb4fdea30 flushing  nmethod 0x000002cdb8b79690
Event: 13.234 Thread 0x000002cdb4fdea30 flushing  nmethod 0x000002cdb8b79c90
Event: 13.234 Thread 0x000002cdb4fdea30 flushing  nmethod 0x000002cdb8b7ac10
Event: 13.234 Thread 0x000002cdb4fdea30 flushing  nmethod 0x000002cdb8b7b490
Event: 13.234 Thread 0x000002cdb4fdea30 flushing  nmethod 0x000002cdb8b99790
Event: 13.234 Thread 0x000002cdb4fdea30 flushing  nmethod 0x000002cdb8b9e310
Event: 13.234 Thread 0x000002cdb4fdea30 flushing  nmethod 0x000002cdb8bc7f90
Event: 13.234 Thread 0x000002cdb4fdea30 flushing  nmethod 0x000002cdb8be2c10

Events (20 events):
Event: 20.555 Thread 0x000002ce0df65c00 Thread exited: 0x000002ce0df65c00
Event: 20.976 Thread 0x000002ce0df67070 Thread exited: 0x000002ce0df67070
Event: 20.976 Thread 0x000002ce0df64e60 Thread exited: 0x000002ce0df64e60
Event: 20.976 Thread 0x000002ce0df65530 Thread exited: 0x000002ce0df65530
Event: 20.976 Thread 0x000002ce0df67e10 Thread exited: 0x000002ce0df67e10
Event: 21.418 Thread 0x000002ce0df684e0 Thread exited: 0x000002ce0df684e0
Event: 21.745 Thread 0x000002ce1823e5d0 Thread exited: 0x000002ce1823e5d0
Event: 26.983 Thread 0x000002ce0df662d0 Thread added: 0x000002ce0df65530
Event: 27.027 Thread 0x000002ce0df62060 Thread added: 0x000002ce0df65c00
Event: 27.499 Thread 0x000002ce18242e00 Thread added: 0x000002ce18243b20
Event: 27.499 Thread 0x000002ce166e8b20 Thread added: 0x000002ce182441b0
Event: 27.500 Thread 0x000002ce1823f2f0 Thread added: 0x000002ce20194350
Event: 27.500 Thread 0x000002ce182406a0 Thread added: 0x000002ce20193cc0
Event: 27.500 Thread 0x000002ce18243b20 Thread added: 0x000002ce20196ab0
Event: 27.501 Thread 0x000002ce20194350 Thread added: 0x000002ce20193630
Event: 27.501 Thread 0x000002ce20193cc0 Thread added: 0x000002ce201949e0
Event: 28.522 Thread 0x000002ce0df65530 Thread exited: 0x000002ce0df65530
Event: 28.526 Thread 0x000002ce0df662d0 Thread added: 0x000002ce0df65530
Event: 28.667 Thread 0x000002ce0df662d0 Thread added: 0x000002ce0df67070
Event: 28.757 Thread 0x000002ce18240d30 Thread added: 0x000002ce201977d0


Dynamic libraries:
0x00007ff611e90000 - 0x00007ff611e9e000 	c:\Users\samue\.vscode\extensions\redhat.java-1.44.0-win32-x64\jre\21.0.8-win32-x86_64\bin\java.exe
0x00007ffb9baa0000 - 0x00007ffb9bd07000 	C:\WINDOWS\SYSTEM32\ntdll.dll
0x00007ffb99b20000 - 0x00007ffb99be9000 	C:\WINDOWS\System32\KERNEL32.DLL
0x00007ffb993a0000 - 0x00007ffb99790000 	C:\WINDOWS\System32\KERNELBASE.dll
0x00007ffb991a0000 - 0x00007ffb992eb000 	C:\WINDOWS\System32\ucrtbase.dll
0x00007ffb6adf0000 - 0x00007ffb6ae0e000 	c:\Users\samue\.vscode\extensions\redhat.java-1.44.0-win32-x64\jre\21.0.8-win32-x86_64\bin\VCRUNTIME140.dll
0x00007ffb79de0000 - 0x00007ffb79df8000 	c:\Users\samue\.vscode\extensions\redhat.java-1.44.0-win32-x64\jre\21.0.8-win32-x86_64\bin\jli.dll
0x00007ffb87660000 - 0x00007ffb878fa000 	C:\WINDOWS\WinSxS\amd64_microsoft.windows.common-controls_6595b64144ccf1df_6.0.26100.4768_none_3e0c112ce331287c\COMCTL32.dll
0x00007ffb9a1e0000 - 0x00007ffb9a3a5000 	C:\WINDOWS\System32\USER32.dll
0x00007ffb9a3b0000 - 0x00007ffb9a459000 	C:\WINDOWS\System32\msvcrt.dll
0x00007ffb99170000 - 0x00007ffb99197000 	C:\WINDOWS\System32\win32u.dll
0x00007ffb9b5a0000 - 0x00007ffb9b5cb000 	C:\WINDOWS\System32\GDI32.dll
0x00007ffb98bd0000 - 0x00007ffb98d08000 	C:\WINDOWS\System32\gdi32full.dll
0x00007ffb992f0000 - 0x00007ffb99393000 	C:\WINDOWS\System32\msvcp_win.dll
0x00007ffb998a0000 - 0x00007ffb998cf000 	C:\WINDOWS\System32\IMM32.DLL
0x00007ffb81540000 - 0x00007ffb8154c000 	c:\Users\samue\.vscode\extensions\redhat.java-1.44.0-win32-x64\jre\21.0.8-win32-x86_64\bin\vcruntime140_1.dll
0x00007ffb376f0000 - 0x00007ffb3777d000 	c:\Users\samue\.vscode\extensions\redhat.java-1.44.0-win32-x64\jre\21.0.8-win32-x86_64\bin\msvcp140.dll
0x00007ffaafd30000 - 0x00007ffab0ac7000 	c:\Users\samue\.vscode\extensions\redhat.java-1.44.0-win32-x64\jre\21.0.8-win32-x86_64\bin\server\jvm.dll
0x00007ffb9b5d0000 - 0x00007ffb9b684000 	C:\WINDOWS\System32\ADVAPI32.dll
0x00007ffb9ad20000 - 0x00007ffb9adc6000 	C:\WINDOWS\System32\sechost.dll
0x00007ffb998e0000 - 0x00007ffb999f8000 	C:\WINDOWS\System32\RPCRT4.dll
0x00007ffb9b430000 - 0x00007ffb9b4a4000 	C:\WINDOWS\System32\WS2_32.dll
0x00007ffb98a30000 - 0x00007ffb98a8e000 	C:\WINDOWS\SYSTEM32\POWRPROF.dll
0x00007ffb926b0000 - 0x00007ffb926bb000 	C:\WINDOWS\SYSTEM32\VERSION.dll
0x00007ffb914e0000 - 0x00007ffb91515000 	C:\WINDOWS\SYSTEM32\WINMM.dll
0x00007ffb98a10000 - 0x00007ffb98a24000 	C:\WINDOWS\SYSTEM32\UMPDC.dll
0x00007ffb97950000 - 0x00007ffb9796b000 	C:\WINDOWS\SYSTEM32\kernel.appcore.dll
0x00007ffb81200000 - 0x00007ffb8120a000 	c:\Users\samue\.vscode\extensions\redhat.java-1.44.0-win32-x64\jre\21.0.8-win32-x86_64\bin\jimage.dll
0x00007ffb8cf60000 - 0x00007ffb8d1a1000 	C:\WINDOWS\SYSTEM32\DBGHELP.DLL
0x00007ffb99c70000 - 0x00007ffb99ff5000 	C:\WINDOWS\System32\combase.dll
0x00007ffb9b4b0000 - 0x00007ffb9b590000 	C:\WINDOWS\System32\OLEAUT32.dll
0x00007ffb66fa0000 - 0x00007ffb66fe3000 	C:\WINDOWS\SYSTEM32\dbgcore.DLL
0x00007ffb98f50000 - 0x00007ffb98fe9000 	C:\WINDOWS\System32\bcryptPrimitives.dll
0x00007ffb81510000 - 0x00007ffb8151f000 	c:\Users\samue\.vscode\extensions\redhat.java-1.44.0-win32-x64\jre\21.0.8-win32-x86_64\bin\instrument.dll
0x00007ffb5ca80000 - 0x00007ffb5ca9f000 	c:\Users\samue\.vscode\extensions\redhat.java-1.44.0-win32-x64\jre\21.0.8-win32-x86_64\bin\java.dll
0x00007ffb9a5d0000 - 0x00007ffb9ad1d000 	C:\WINDOWS\System32\SHELL32.dll
0x00007ffb98d10000 - 0x00007ffb98e83000 	C:\WINDOWS\System32\wintypes.dll
0x00007ffb967d0000 - 0x00007ffb97030000 	C:\WINDOWS\SYSTEM32\windows.storage.dll
0x00007ffb9b960000 - 0x00007ffb9ba55000 	C:\WINDOWS\System32\SHCORE.dll
0x00007ffb99830000 - 0x00007ffb9989a000 	C:\WINDOWS\System32\shlwapi.dll
0x00007ffb98af0000 - 0x00007ffb98b19000 	C:\WINDOWS\SYSTEM32\profapi.dll
0x00007ffb56240000 - 0x00007ffb56258000 	c:\Users\samue\.vscode\extensions\redhat.java-1.44.0-win32-x64\jre\21.0.8-win32-x86_64\bin\zip.dll
0x00007ffb812d0000 - 0x00007ffb812e0000 	C:\Users\samue\.vscode\extensions\redhat.java-1.44.0-win32-x64\jre\21.0.8-win32-x86_64\bin\net.dll
0x00007ffb91700000 - 0x00007ffb9181e000 	C:\WINDOWS\SYSTEM32\WINHTTP.dll
0x00007ffb97ee0000 - 0x00007ffb97f4b000 	C:\WINDOWS\system32\mswsock.dll
0x00007ffb812b0000 - 0x00007ffb812c6000 	C:\Users\samue\.vscode\extensions\redhat.java-1.44.0-win32-x64\jre\21.0.8-win32-x86_64\bin\nio.dll
0x00007ffb812a0000 - 0x00007ffb812b0000 	c:\Users\samue\.vscode\extensions\redhat.java-1.44.0-win32-x64\jre\21.0.8-win32-x86_64\bin\verify.dll
0x00007ffb714e0000 - 0x00007ffb71525000 	C:\Users\samue\AppData\Roaming\Code\User\globalStorage\redhat.java\1.44.0\config_win\org.eclipse.equinox.launcher\org.eclipse.equinox.launcher.win32.win32.x86_64_1.2.1400.v20250730-1736\eclipse_11913.dll
0x00007ffb9b270000 - 0x00007ffb9b410000 	C:\WINDOWS\System32\ole32.dll
0x00007ffb981b0000 - 0x00007ffb981cb000 	C:\WINDOWS\SYSTEM32\CRYPTSP.dll
0x00007ffb978b0000 - 0x00007ffb978eb000 	C:\WINDOWS\system32\rsaenh.dll
0x00007ffb97f80000 - 0x00007ffb97fab000 	C:\WINDOWS\SYSTEM32\USERENV.dll
0x00007ffb98ac0000 - 0x00007ffb98ae6000 	C:\WINDOWS\SYSTEM32\bcrypt.dll
0x00007ffb981a0000 - 0x00007ffb981ac000 	C:\WINDOWS\SYSTEM32\CRYPTBASE.dll
0x00007ffb97340000 - 0x00007ffb97373000 	C:\WINDOWS\SYSTEM32\IPHLPAPI.DLL
0x00007ffb9b930000 - 0x00007ffb9b93a000 	C:\WINDOWS\System32\NSI.dll
0x00007ffb66b00000 - 0x00007ffb66b49000 	C:\Users\samue\AppData\Local\Temp\jna-109203119\jna17296652579804798316.dll
0x00007ffb9b420000 - 0x00007ffb9b428000 	C:\WINDOWS\System32\PSAPI.DLL
0x00007ffb91a30000 - 0x00007ffb91a4f000 	C:\WINDOWS\SYSTEM32\dhcpcsvc6.DLL
0x00007ffb91a00000 - 0x00007ffb91a25000 	C:\WINDOWS\SYSTEM32\dhcpcsvc.DLL

JVMTI agents:
c:\Users\samue\.vscode\extensions\redhat.java-1.44.0-win32-x64\lombok\lombok-1.18.39-4050.jar path:c:\Users\samue\.vscode\extensions\redhat.java-1.44.0-win32-x64\jre\21.0.8-win32-x86_64\bin\instrument.dll, loaded, initialized, instrumentlib options:none

dbghelp: loaded successfully - version: 4.0.5 - missing functions: none
symbol engine: initialized successfully - sym options: 0x614 - pdb path: .;c:\Users\samue\.vscode\extensions\redhat.java-1.44.0-win32-x64\jre\21.0.8-win32-x86_64\bin;C:\WINDOWS\SYSTEM32;C:\WINDOWS\WinSxS\amd64_microsoft.windows.common-controls_6595b64144ccf1df_6.0.26100.4768_none_3e0c112ce331287c;c:\Users\samue\.vscode\extensions\redhat.java-1.44.0-win32-x64\jre\21.0.8-win32-x86_64\bin\server;C:\Users\samue\AppData\Roaming\Code\User\globalStorage\redhat.java\1.44.0\config_win\org.eclipse.equinox.launcher\org.eclipse.equinox.launcher.win32.win32.x86_64_1.2.1400.v20250730-1736;C:\Users\samue\AppData\Local\Temp\jna-109203119

VM Arguments:
jvm_args: --add-modules=ALL-SYSTEM --add-opens=java.base/java.util=ALL-UNNAMED --add-opens=java.base/java.lang=ALL-UNNAMED --add-opens=java.base/sun.nio.fs=ALL-UNNAMED -Declipse.application=org.eclipse.jdt.ls.core.id1 -Dosgi.bundles.defaultStartLevel=4 -Declipse.product=org.eclipse.jdt.ls.core.product -Djava.import.generatesMetadataFilesAtProjectRoot=false -DDetectVMInstallationsJob.disabled=true -Dfile.encoding=utf8 -XX:+UseParallelGC -XX:GCTimeRatio=4 -XX:AdaptiveSizePolicyWeight=90 -Dsun.zip.disableMemoryMapping=true -Xmx2G -Xms100m -Xlog:disable -javaagent:c:\Users\samue\.vscode\extensions\redhat.java-1.44.0-win32-x64\lombok\lombok-1.18.39-4050.jar -XX:+HeapDumpOnOutOfMemoryError -XX:HeapDumpPath=c:\Users\samue\AppData\Roaming\Code\User\workspaceStorage\cdf97f8f069daa303bb81283c0c28557\redhat.java -Daether.dependencyCollector.impl=bf 
java_command: c:\Users\samue\.vscode\extensions\redhat.java-1.44.0-win32-x64\server\plugins\org.eclipse.equinox.launcher_1.7.0.v20250519-0528.jar -configuration c:\Users\samue\AppData\Roaming\Code\User\globalStorage\redhat.java\1.44.0\config_win -data c:\Users\samue\AppData\Roaming\Code\User\workspaceStorage\cdf97f8f069daa303bb81283c0c28557\redhat.java\jdt_ws --pipe=\\.\pipe\lsp-9734d824b55ead46ae107f997d57c834-sock
java_class_path (initial): c:\Users\samue\.vscode\extensions\redhat.java-1.44.0-win32-x64\server\plugins\org.eclipse.equinox.launcher_1.7.0.v20250519-0528.jar
Launcher Type: SUN_STANDARD

[Global flags]
    uintx AdaptiveSizePolicyWeight                 = 90                                        {product} {command line}
     intx CICompilerCount                          = 12                                        {product} {ergonomic}
    uintx GCTimeRatio                              = 4                                         {product} {command line}
     bool HeapDumpOnOutOfMemoryError               = true                                   {manageable} {command line}
    ccstr HeapDumpPath                             = c:\Users\samue\AppData\Roaming\Code\User\workspaceStorage\cdf97f8f069daa303bb81283c0c28557\redhat.java         {manageable} {command line}
   size_t InitialHeapSize                          = 104857600                                 {product} {command line}
   size_t MaxHeapSize                              = 2147483648                                {product} {command line}
   size_t MaxNewSize                               = 715653120                                 {product} {ergonomic}
   size_t MinHeapDeltaBytes                        = 524288                                    {product} {ergonomic}
   size_t MinHeapSize                              = 104857600                                 {product} {command line}
   size_t NewSize                                  = 34603008                                  {product} {ergonomic}
    uintx NonNMethodCodeHeapSize                   = 7602480                                {pd product} {ergonomic}
    uintx NonProfiledCodeHeapSize                  = 122027880                              {pd product} {ergonomic}
   size_t OldSize                                  = 70254592                                  {product} {ergonomic}
    uintx ProfiledCodeHeapSize                     = 122027880                              {pd product} {ergonomic}
    uintx ReservedCodeCacheSize                    = 251658240                              {pd product} {ergonomic}
     bool SegmentedCodeCache                       = true                                      {product} {ergonomic}
   size_t SoftMaxHeapSize                          = 2147483648                             {manageable} {ergonomic}
     bool UseCompressedOops                        = true                           {product lp64_product} {ergonomic}
     bool UseLargePagesIndividualAllocation        = false                                  {pd product} {ergonomic}
     bool UseParallelGC                            = true                                      {product} {command line}

Logging:
Log output configuration:
 #0: stdout all=off uptime,level,tags foldmultilines=false
 #1: stderr all=off uptime,level,tags foldmultilines=false

Environment Variables:
JAVA_HOME=C:\Program Files\Java\jdk-24
PATH=C:\Program Files\Java\jdk-24\bin;C:\Program Files\Common Files\Oracle\Java\javapath;C:\Windows\system32;C:\Windows;C:\Windows\System32\Wbem;C:\Windows\System32\WindowsPowerShell\v1.0\;C:\Windows\System32\OpenSSH\;C:\Program Files\nodejs\;C:\Program Files\Git\cmd;C:\Program Files (x86)\Microsoft SQL Server\150\DTS\Binn\;C:\Program Files\Azure Data Studio\bin;C:\Program Files\Microsoft SQL Server\Client SDK\ODBC\170\Tools\Binn\;C:\Program Files (x86)\Microsoft SQL Server\150\Tools\Binn\;C:\Program Files\Microsoft SQL Server\150\Tools\Binn\;C:\Program Files\Microsoft SQL Server\150\DTS\Binn\;C:\php8.1.12;C:\WINDOWS\system32;C:\WINDOWS;C:\WINDOWS\System32\Wbem;C:\WINDOWS\System32\WindowsPowerShell\v1.0\;C:\WINDOWS\System32\OpenSSH\;C:\apache-maven-3.9.9\bin;;C:\Program Files\Docker\Docker\resources\bin;C:\Users\samue\AppData\Local\Microsoft\WindowsApps;C:\Users\samue\AppData\Local\Programs\Microsoft VS Code\bin;C:\Users\samue\AppData\Roaming\npm;C:\Users\samue\AppData\Local\GitHubDesktop\bin;C:\Program Files\Azure Data Studio\bin;C:\apache-maven-3.9.9\bin;
USERNAME=samue
OS=Windows_NT
PROCESSOR_IDENTIFIER=AMD64 Family 23 Model 96 Stepping 1, AuthenticAMD
TMP=C:\Users\samue\AppData\Local\Temp
TEMP=C:\Users\samue\AppData\Local\Temp




Periodic native trim disabled

---------------  S Y S T E M  ---------------

OS:
 Windows 11 , 64 bit Build 26100 (10.0.26100.4768)
OS uptime: 22 days 4:24 hours
Hyper-V role detected

CPU: total 16 (initial active 16) (16 cores per cpu, 2 threads per core) family 23 model 96 stepping 1 microcode 0x8600103, cx8, cmov, fxsr, ht, mmx, 3dnowpref, sse, sse2, sse3, ssse3, sse4a, sse4.1, sse4.2, popcnt, lzcnt, tsc, tscinvbit, avx, avx2, aes, clmul, bmi1, bmi2, adx, sha, fma, vzeroupper, clflush, clflushopt, hv, rdtscp, rdpid, f16c
Processor Information for the first 16 processors :
  Max Mhz: 2900, Current Mhz: 2900, Mhz Limit: 2900

Memory: 4k page, system-wide physical 7549M (526M free)
TotalPageFile size 31101M (AvailPageFile size 9M)
current process WorkingSet (physical memory assigned to process): 762M, peak: 821M
current process commit charge ("private bytes"): 1034M, peak: 1034M

vm_info: OpenJDK 64-Bit Server VM (21.0.8+9-LTS) for windows-amd64 JRE (21.0.8+9-LTS), built on 2025-07-15T00:00:00Z by "admin" with MS VC++ 17.7 (VS2022)

END.
