#
# There is insufficient memory for the Java Runtime Environment to continue.
# Native memory allocation (malloc) failed to allocate 1048576 bytes. Error detail: AllocateHeap
# Possible reasons:
#   The system is out of physical RAM or swap space
#   This process is running with CompressedOops enabled, and the Java Heap may be blocking the growth of the native heap
# Possible solutions:
#   Reduce memory load on the system
#   Increase physical memory or swap space
#   Check if swap backing store is full
#   Decrease Java heap size (-Xmx/-Xms)
#   Decrease number of Java threads
#   Decrease Java thread stack sizes (-Xss)
#   Set larger code cache with -XX:ReservedCodeCacheSize=
#   JVM is running with Unscaled Compressed Oops mode in which the Java heap is
#     placed in the first 4GB address space. The Java Heap base address is the
#     maximum limit for the native heap growth. Please use -XX:HeapBaseMinAddress
#     to set the Java Heap base and to place the Java Heap above 4GB virtual address.
# This output file may be truncated or incomplete.
#
#  Out of Memory Error (allocation.cpp:44), pid=24072, tid=19784
#
# JRE version: OpenJDK Runtime Environment Temurin-21.0.8+9 (21.0.8+9) (build 21.0.8+9-LTS)
# Java VM: OpenJDK 64-Bit Server VM Temurin-21.0.8+9 (21.0.8+9-LTS, mixed mode, sharing, tiered, compressed oops, compressed class ptrs, parallel gc, windows-amd64)
# No core dump will be written. Minidumps are not enabled by default on client versions of Windows
#

---------------  S U M M A R Y ------------

Command Line: --add-modules=ALL-SYSTEM --add-opens=java.base/java.util=ALL-UNNAMED --add-opens=java.base/java.lang=ALL-UNNAMED --add-opens=java.base/sun.nio.fs=ALL-UNNAMED -Declipse.application=org.eclipse.jdt.ls.core.id1 -Dosgi.bundles.defaultStartLevel=4 -Declipse.product=org.eclipse.jdt.ls.core.product -Djava.import.generatesMetadataFilesAtProjectRoot=false -DDetectVMInstallationsJob.disabled=true -Dfile.encoding=utf8 -XX:+UseParallelGC -XX:GCTimeRatio=4 -XX:AdaptiveSizePolicyWeight=90 -Dsun.zip.disableMemoryMapping=true -Xmx2G -Xms100m -Xlog:disable -javaagent:c:\Users\samue\.vscode\extensions\redhat.java-1.45.0-win32-x64\lombok\lombok-1.18.39-4050.jar -XX:+HeapDumpOnOutOfMemoryError -XX:HeapDumpPath=c:\Users\samue\AppData\Roaming\Code\User\workspaceStorage\cdf97f8f069daa303bb81283c0c28557\redhat.java -Daether.dependencyCollector.impl=bf c:\Users\samue\.vscode\extensions\redhat.java-1.45.0-win32-x64\server\plugins\org.eclipse.equinox.launcher_1.7.0.v20250519-0528.jar -configuration c:\Users\samue\AppData\Roaming\Code\User\globalStorage\redhat.java\1.45.0\config_win -data c:\Users\samue\AppData\Roaming\Code\User\workspaceStorage\cdf97f8f069daa303bb81283c0c28557\redhat.java\jdt_ws --pipe=\\.\pipe\lsp-6f9d7f08ea979ca81a09ead1c9a15f3f-sock

Host: AMD Ryzen 7 4800H with Radeon Graphics         , 16 cores, 7G,  Windows 11 , 64 bit Build 26100 (10.0.26100.5074)
Time: Wed Sep 17 22:34:37 2025 Hora oficial do Brasil elapsed time: 232.940676 seconds (0d 0h 3m 52s)

---------------  T H R E A D  ---------------

Current thread (0x0000025aad1a6190):  JavaThread "Attach Listener" daemon [_thread_in_vm, id=19784, stack(0x0000007065100000,0x0000007065200000) (1024K)]

Stack: [0x0000007065100000,0x0000007065200000]
Native frames: (J=compiled Java code, j=interpreted, Vv=VM code, C=native code)
V  [jvm.dll+0x6d2449]
V  [jvm.dll+0x8ae341]
V  [jvm.dll+0x8b08be]
V  [jvm.dll+0x8b0fa3]
V  [jvm.dll+0x280c96]
V  [jvm.dll+0xc0347]
V  [jvm.dll+0x6d2cf9]
V  [jvm.dll+0x131116]
V  [jvm.dll+0x3f2d16]
V  [jvm.dll+0x857e6b]
V  [jvm.dll+0x6d0b0d]
C  [ucrtbase.dll+0x37b0]
C  [KERNEL32.DLL+0x2e8d7]
C  [ntdll.dll+0x8d9c]


---------------  P R O C E S S  ---------------

Threads class SMR info:
_java_thread_list=0x0000025b07cff5a0, length=94, elements={
0x0000025aad0fbc40, 0x0000025aad1a3400, 0x0000025aad0ac9a0, 0x0000025aad1a52c0,
0x0000025aad1a6190, 0x0000025aad1a8340, 0x0000025aad1af2b0, 0x0000025b05e5d020,
0x0000025aad1be280, 0x0000025b05f58310, 0x0000025b077320a0, 0x0000025b07cad870,
0x0000025b0c2918a0, 0x0000025b05f18110, 0x0000025b06112180, 0x0000025b0c0991a0,
0x0000025b07ba0390, 0x0000025b07da83d0, 0x0000025b07da9780, 0x0000025b07da76b0,
0x0000025b07da8a60, 0x0000025b07daa4a0, 0x0000025b0e3451f0, 0x0000025b0e3437b0,
0x0000025b0e345880, 0x0000025b0e342a90, 0x0000025b0e342400, 0x0000025b0e343120,
0x0000025b0e346c30, 0x0000025b0e343e40, 0x0000025b0e345f10, 0x0000025b0e3472c0,
0x0000025b0e3465a0, 0x0000025b0e347950, 0x0000025b0e3444d0, 0x0000025b0e347fe0,
0x0000025b0e349390, 0x0000025b0e348670, 0x0000025b0e348d00, 0x0000025b0e349a20,
0x0000025b0edb3460, 0x0000025b0edb0670, 0x0000025b0edb0d00, 0x0000025b0edb4810,
0x0000025b0edb4ea0, 0x0000025b0edb1a20, 0x0000025b0edb5bc0, 0x0000025b0edb5530,
0x0000025b0edb6250, 0x0000025b0edb68e0, 0x0000025b0edb6f70, 0x0000025b0edb7c90,
0x0000025b0edb7600, 0x0000025b172e2c70, 0x0000025b172e1230, 0x0000025b172e18c0,
0x0000025b172e1f50, 0x0000025b172e3300, 0x0000025b172e0ba0, 0x0000025b172e53d0,
0x0000025b172e5a60, 0x0000025b172e3990, 0x0000025b172e4d40, 0x0000025b172e25e0,
0x0000025b172e60f0, 0x0000025b172e6780, 0x0000025b172e46b0, 0x0000025b172e6e10,
0x0000025b172e7b30, 0x0000025b172e81c0, 0x0000025b07da7020, 0x0000025b17276f80,
0x0000025b17278330, 0x0000025b17276260, 0x0000025b17275bd0, 0x0000025b17277ca0,
0x0000025b172789c0, 0x0000025b17275540, 0x0000025b17277610, 0x0000025b172768f0,
0x0000025b0f0f5700, 0x0000025b0f0f8b80, 0x0000025b0f0f7e60, 0x0000025b0f0f9f30,
0x0000025b0f0fac50, 0x0000025b0f0fb2e0, 0x0000025b0f0fc690, 0x0000025b0f0fb970,
0x0000025b0f0fcd20, 0x0000025b0edb1390, 0x0000025b17ac7b40, 0x0000025b17aca930,
0x0000025b17ac81d0, 0x0000025b17aca2a0
}

Java Threads: ( => current thread )
  0x0000025aad0fbc40 JavaThread "main"                              [_thread_blocked, id=18324, stack(0x0000007064a00000,0x0000007064b00000) (1024K)]
  0x0000025aad1a3400 JavaThread "Reference Handler"          daemon [_thread_blocked, id=31148, stack(0x0000007064e00000,0x0000007064f00000) (1024K)]
  0x0000025aad0ac9a0 JavaThread "Finalizer"                  daemon [_thread_blocked, id=4512, stack(0x0000007064f00000,0x0000007065000000) (1024K)]
  0x0000025aad1a52c0 JavaThread "Signal Dispatcher"          daemon [_thread_blocked, id=11796, stack(0x0000007065000000,0x0000007065100000) (1024K)]
=>0x0000025aad1a6190 JavaThread "Attach Listener"            daemon [_thread_in_vm, id=19784, stack(0x0000007065100000,0x0000007065200000) (1024K)]
  0x0000025aad1a8340 JavaThread "Service Thread"             daemon [_thread_blocked, id=1792, stack(0x0000007065200000,0x0000007065300000) (1024K)]
  0x0000025aad1af2b0 JavaThread "Monitor Deflation Thread"   daemon [_thread_blocked, id=11948, stack(0x0000007065300000,0x0000007065400000) (1024K)]
  0x0000025b05e5d020 JavaThread "C2 CompilerThread0"         daemon [_thread_blocked, id=6296, stack(0x0000007065400000,0x0000007065500000) (1024K)]
  0x0000025aad1be280 JavaThread "C1 CompilerThread0"         daemon [_thread_blocked, id=28756, stack(0x0000007065500000,0x0000007065600000) (1024K)]
  0x0000025b05f58310 JavaThread "Common-Cleaner"             daemon [_thread_blocked, id=1248, stack(0x0000007065600000,0x0000007065700000) (1024K)]
  0x0000025b077320a0 JavaThread "Notification Thread"        daemon [_thread_blocked, id=27528, stack(0x0000007065b00000,0x0000007065c00000) (1024K)]
  0x0000025b07cad870 JavaThread "Active Thread: Equinox Container: c7656ccf-45c8-4a99-8744-0e73cb4ac1b4"        [_thread_blocked, id=4756, stack(0x0000007066200000,0x0000007066300000) (1024K)]
  0x0000025b0c2918a0 JavaThread "Refresh Thread: Equinox Container: c7656ccf-45c8-4a99-8744-0e73cb4ac1b4" daemon [_thread_blocked, id=1124, stack(0x0000007065800000,0x0000007065900000) (1024K)]
  0x0000025b05f18110 JavaThread "Framework Event Dispatcher: Equinox Container: c7656ccf-45c8-4a99-8744-0e73cb4ac1b4" daemon [_thread_blocked, id=29832, stack(0x0000007065900000,0x0000007065a00000) (1024K)]
  0x0000025b06112180 JavaThread "Start Level: Equinox Container: c7656ccf-45c8-4a99-8744-0e73cb4ac1b4" daemon [_thread_blocked, id=27220, stack(0x0000007065700000,0x0000007065800000) (1024K)]
  0x0000025b0c0991a0 JavaThread "Bundle File Closer"         daemon [_thread_blocked, id=28040, stack(0x0000007066700000,0x0000007066800000) (1024K)]
  0x0000025b07ba0390 JavaThread "SCR Component Actor"        daemon [_thread_blocked, id=7688, stack(0x0000007066600000,0x0000007066700000) (1024K)]
  0x0000025b07da83d0 JavaThread "Worker-JM"                         [_thread_blocked, id=30696, stack(0x0000007066d00000,0x0000007066e00000) (1024K)]
  0x0000025b07da9780 JavaThread "JNA Cleaner"                daemon [_thread_blocked, id=9000, stack(0x0000007067000000,0x0000007067100000) (1024K)]
  0x0000025b07da76b0 JavaThread "Worker-0"                          [_thread_blocked, id=19436, stack(0x0000007067100000,0x0000007067200000) (1024K)]
  0x0000025b07da8a60 JavaThread "Worker-1"                          [_thread_blocked, id=14076, stack(0x0000007067200000,0x0000007067300000) (1024K)]
  0x0000025b07daa4a0 JavaThread "Java indexing"              daemon [_thread_blocked, id=9432, stack(0x0000007067400000,0x0000007067500000) (1024K)]
  0x0000025b0e3451f0 JavaThread "Thread-2"                   daemon [_thread_in_native, id=9076, stack(0x0000007067900000,0x0000007067a00000) (1024K)]
  0x0000025b0e3437b0 JavaThread "Thread-3"                   daemon [_thread_in_native, id=26524, stack(0x0000007067a00000,0x0000007067b00000) (1024K)]
  0x0000025b0e345880 JavaThread "Thread-4"                   daemon [_thread_in_native, id=24616, stack(0x0000007067b00000,0x0000007067c00000) (1024K)]
  0x0000025b0e342a90 JavaThread "Thread-5"                   daemon [_thread_in_native, id=30740, stack(0x0000007067c00000,0x0000007067d00000) (1024K)]
  0x0000025b0e342400 JavaThread "Thread-6"                   daemon [_thread_in_native, id=4980, stack(0x0000007067d00000,0x0000007067e00000) (1024K)]
  0x0000025b0e343120 JavaThread "Thread-7"                   daemon [_thread_in_native, id=2540, stack(0x0000007067e00000,0x0000007067f00000) (1024K)]
  0x0000025b0e346c30 JavaThread "Thread-8"                   daemon [_thread_in_native, id=28100, stack(0x0000007067f00000,0x0000007068000000) (1024K)]
  0x0000025b0e343e40 JavaThread "Thread-9"                   daemon [_thread_in_native, id=17996, stack(0x0000007068000000,0x0000007068100000) (1024K)]
  0x0000025b0e345f10 JavaThread "Thread-10"                  daemon [_thread_in_native, id=2768, stack(0x0000007068100000,0x0000007068200000) (1024K)]
  0x0000025b0e3472c0 JavaThread "Thread-11"                  daemon [_thread_in_native, id=28800, stack(0x0000007068200000,0x0000007068300000) (1024K)]
  0x0000025b0e3465a0 JavaThread "Thread-12"                  daemon [_thread_in_native, id=2652, stack(0x0000007068300000,0x0000007068400000) (1024K)]
  0x0000025b0e347950 JavaThread "Thread-13"                  daemon [_thread_in_native, id=1264, stack(0x0000007068400000,0x0000007068500000) (1024K)]
  0x0000025b0e3444d0 JavaThread "Thread-14"                  daemon [_thread_in_native, id=22668, stack(0x0000007068500000,0x0000007068600000) (1024K)]
  0x0000025b0e347fe0 JavaThread "Thread-15"                  daemon [_thread_in_native, id=5892, stack(0x0000007068600000,0x0000007068700000) (1024K)]
  0x0000025b0e349390 JavaThread "Thread-16"                  daemon [_thread_in_native, id=24768, stack(0x0000007068700000,0x0000007068800000) (1024K)]
  0x0000025b0e348670 JavaThread "Thread-17"                  daemon [_thread_in_native, id=7048, stack(0x0000007068800000,0x0000007068900000) (1024K)]
  0x0000025b0e348d00 JavaThread "Thread-18"                  daemon [_thread_in_native, id=27692, stack(0x0000007068900000,0x0000007068a00000) (1024K)]
  0x0000025b0e349a20 JavaThread "pool-2-thread-1"                   [_thread_blocked, id=17552, stack(0x0000007068a00000,0x0000007068b00000) (1024K)]
  0x0000025b0edb3460 JavaThread "WorkspaceEventsHandler"            [_thread_blocked, id=30712, stack(0x0000007068c00000,0x0000007068d00000) (1024K)]
  0x0000025b0edb0670 JavaThread "pool-1-thread-1"                   [_thread_blocked, id=11852, stack(0x0000007068d00000,0x0000007068e00000) (1024K)]
  0x0000025b0edb0d00 JavaThread "LocalFile Deleter"          daemon [_thread_blocked, id=29624, stack(0x0000007069400000,0x0000007069500000) (1024K)]
  0x0000025b0edb4810 JavaThread "LocalFile Deleter"          daemon [_thread_blocked, id=11860, stack(0x0000007069500000,0x0000007069600000) (1024K)]
  0x0000025b0edb4ea0 JavaThread "LocalFile Deleter"          daemon [_thread_blocked, id=9056, stack(0x0000007069600000,0x0000007069700000) (1024K)]
  0x0000025b0edb1a20 JavaThread "LocalFile Deleter"          daemon [_thread_blocked, id=5512, stack(0x0000007069700000,0x0000007069800000) (1024K)]
  0x0000025b0edb5bc0 JavaThread "LocalFile Deleter"          daemon [_thread_blocked, id=25676, stack(0x0000007069800000,0x0000007069900000) (1024K)]
  0x0000025b0edb5530 JavaThread "LocalFile Deleter"          daemon [_thread_blocked, id=15244, stack(0x0000007069900000,0x0000007069a00000) (1024K)]
  0x0000025b0edb6250 JavaThread "LocalFile Deleter"          daemon [_thread_blocked, id=28820, stack(0x0000007069a00000,0x0000007069b00000) (1024K)]
  0x0000025b0edb68e0 JavaThread "LocalFile Deleter"          daemon [_thread_blocked, id=27048, stack(0x0000007069b00000,0x0000007069c00000) (1024K)]
  0x0000025b0edb6f70 JavaThread "LocalFile Deleter"          daemon [_thread_blocked, id=4784, stack(0x0000007069c00000,0x0000007069d00000) (1024K)]
  0x0000025b0edb7c90 JavaThread "LocalFile Deleter"          daemon [_thread_blocked, id=28844, stack(0x0000007069d00000,0x0000007069e00000) (1024K)]
  0x0000025b0edb7600 JavaThread "LocalFile Deleter"          daemon [_thread_blocked, id=31196, stack(0x0000007069e00000,0x0000007069f00000) (1024K)]
  0x0000025b172e2c70 JavaThread "LocalFile Deleter"          daemon [_thread_blocked, id=4380, stack(0x0000007069f00000,0x000000706a000000) (1024K)]
  0x0000025b172e1230 JavaThread "Compiler Source File Reader" daemon [_thread_blocked, id=30212, stack(0x000000706a000000,0x000000706a100000) (1024K)]
  0x0000025b172e18c0 JavaThread "Compiler Source File Reader" daemon [_thread_blocked, id=25988, stack(0x000000706a100000,0x000000706a200000) (1024K)]
  0x0000025b172e1f50 JavaThread "Compiler Source File Reader" daemon [_thread_blocked, id=264, stack(0x000000706a200000,0x000000706a300000) (1024K)]
  0x0000025b172e3300 JavaThread "Compiler Source File Reader" daemon [_thread_blocked, id=15844, stack(0x000000706a300000,0x000000706a400000) (1024K)]
  0x0000025b172e0ba0 JavaThread "Compiler Source File Reader" daemon [_thread_blocked, id=26244, stack(0x000000706a400000,0x000000706a500000) (1024K)]
  0x0000025b172e53d0 JavaThread "Compiler Source File Reader" daemon [_thread_blocked, id=23484, stack(0x000000706a500000,0x000000706a600000) (1024K)]
  0x0000025b172e5a60 JavaThread "Compiler Source File Reader" daemon [_thread_blocked, id=3560, stack(0x000000706a600000,0x000000706a700000) (1024K)]
  0x0000025b172e3990 JavaThread "Compiler Source File Reader" daemon [_thread_blocked, id=30016, stack(0x000000706a700000,0x000000706a800000) (1024K)]
  0x0000025b172e4d40 JavaThread "Compiler Source File Reader" daemon [_thread_blocked, id=1660, stack(0x000000706a800000,0x000000706a900000) (1024K)]
  0x0000025b172e25e0 JavaThread "Compiler Source File Reader" daemon [_thread_blocked, id=27560, stack(0x000000706a900000,0x000000706aa00000) (1024K)]
  0x0000025b172e60f0 JavaThread "Compiler Source File Reader" daemon [_thread_blocked, id=23680, stack(0x000000706aa00000,0x000000706ab00000) (1024K)]
  0x0000025b172e6780 JavaThread "Compiler Source File Reader" daemon [_thread_blocked, id=30936, stack(0x000000706ab00000,0x000000706ac00000) (1024K)]
  0x0000025b172e46b0 JavaThread "Compiler Source File Reader" daemon [_thread_blocked, id=30764, stack(0x000000706ac00000,0x000000706ad00000) (1024K)]
  0x0000025b172e6e10 JavaThread "Compiler Source File Reader" daemon [_thread_blocked, id=27472, stack(0x000000706ad00000,0x000000706ae00000) (1024K)]
  0x0000025b172e7b30 JavaThread "Compiler Class File Writer" daemon [_thread_blocked, id=30540, stack(0x0000007066c00000,0x0000007066d00000) (1024K)]
  0x0000025b172e81c0 JavaThread "Compiler Class File Writer" daemon [_thread_blocked, id=3124, stack(0x000000706ae00000,0x000000706af00000) (1024K)]
  0x0000025b07da7020 JavaThread "Compiler Class File Writer" daemon [_thread_blocked, id=23124, stack(0x000000706af00000,0x000000706b000000) (1024K)]
  0x0000025b17276f80 JavaThread "Compiler Class File Writer" daemon [_thread_blocked, id=6200, stack(0x000000706b000000,0x000000706b100000) (1024K)]
  0x0000025b17278330 JavaThread "Compiler Class File Writer" daemon [_thread_blocked, id=2808, stack(0x000000706b100000,0x000000706b200000) (1024K)]
  0x0000025b17276260 JavaThread "Compiler Class File Writer" daemon [_thread_blocked, id=31420, stack(0x000000706b200000,0x000000706b300000) (1024K)]
  0x0000025b17275bd0 JavaThread "Compiler Class File Writer" daemon [_thread_blocked, id=30004, stack(0x000000706b300000,0x000000706b400000) (1024K)]
  0x0000025b17277ca0 JavaThread "Compiler Class File Writer" daemon [_thread_blocked, id=25408, stack(0x000000706b400000,0x000000706b500000) (1024K)]
  0x0000025b172789c0 JavaThread "Compiler Class File Writer" daemon [_thread_blocked, id=31432, stack(0x000000706b500000,0x000000706b600000) (1024K)]
  0x0000025b17275540 JavaThread "Compiler Class File Writer" daemon [_thread_blocked, id=24148, stack(0x000000706b600000,0x000000706b700000) (1024K)]
  0x0000025b17277610 JavaThread "Compiler Class File Writer" daemon [_thread_blocked, id=27128, stack(0x000000706b700000,0x000000706b800000) (1024K)]
  0x0000025b172768f0 JavaThread "Compiler Class File Writer" daemon [_thread_blocked, id=8788, stack(0x000000706b800000,0x000000706b900000) (1024K)]
  0x0000025b0f0f5700 JavaThread "Compiler Class File Writer" daemon [_thread_blocked, id=7780, stack(0x000000706b900000,0x000000706ba00000) (1024K)]
  0x0000025b0f0f8b80 JavaThread "Compiler Class File Writer" daemon [_thread_blocked, id=28868, stack(0x000000706ba00000,0x000000706bb00000) (1024K)]
  0x0000025b0f0f7e60 JavaThread "ForkJoinPool.commonPool-worker-2" daemon [_thread_blocked, id=15920, stack(0x000000706bc00000,0x000000706bd00000) (1024K)]
  0x0000025b0f0f9f30 JavaThread "ForkJoinPool.commonPool-worker-4" daemon [_thread_blocked, id=28708, stack(0x000000706bf00000,0x000000706c000000) (1024K)]
  0x0000025b0f0fac50 JavaThread "ForkJoinPool.commonPool-worker-5" daemon [_thread_blocked, id=30804, stack(0x000000706c000000,0x000000706c100000) (1024K)]
  0x0000025b0f0fb2e0 JavaThread "ForkJoinPool.commonPool-worker-6" daemon [_thread_blocked, id=440, stack(0x000000706c100000,0x000000706c200000) (1024K)]
  0x0000025b0f0fc690 JavaThread "ForkJoinPool.commonPool-worker-7" daemon [_thread_blocked, id=28344, stack(0x000000706c200000,0x000000706c300000) (1024K)]
  0x0000025b0f0fb970 JavaThread "ForkJoinPool.commonPool-worker-8" daemon [_thread_blocked, id=10420, stack(0x000000706c300000,0x000000706c400000) (1024K)]
  0x0000025b0f0fcd20 JavaThread "ForkJoinPool.commonPool-worker-10" daemon [_thread_blocked, id=27584, stack(0x000000706c400000,0x000000706c500000) (1024K)]
  0x0000025b0edb1390 JavaThread "ForkJoinPool.commonPool-worker-9" daemon [_thread_blocked, id=10288, stack(0x000000706c500000,0x000000706c600000) (1024K)]
  0x0000025b17ac7b40 JavaThread "ForkJoinPool.commonPool-worker-11" daemon [_thread_blocked, id=7708, stack(0x000000706c600000,0x000000706c700000) (1024K)]
  0x0000025b17aca930 JavaThread "ForkJoinPool.commonPool-worker-12" daemon [_thread_blocked, id=4420, stack(0x000000706c700000,0x000000706c800000) (1024K)]
  0x0000025b17ac81d0 JavaThread "ForkJoinPool.commonPool-worker-13" daemon [_thread_blocked, id=29148, stack(0x000000706c800000,0x000000706c900000) (1024K)]
  0x0000025b17aca2a0 JavaThread "ForkJoinPool.commonPool-worker-14" daemon [_thread_blocked, id=1084, stack(0x000000706c900000,0x000000706ca00000) (1024K)]
Total: 94

Other Threads:
  0x0000025aad19eb30 VMThread "VM Thread"                           [id=12636, stack(0x0000007064d00000,0x0000007064e00000) (1024K)]
  0x0000025aacf8ba00 WatcherThread "VM Periodic Task Thread"        [id=27440, stack(0x0000007064c00000,0x0000007064d00000) (1024K)]
  0x0000025aad11b250 WorkerThread "GC Thread#0"                     [id=1280, stack(0x0000007064b00000,0x0000007064c00000) (1024K)]
  0x0000025b07b28120 WorkerThread "GC Thread#1"                     [id=27516, stack(0x0000007065c00000,0x0000007065d00000) (1024K)]
  0x0000025b07c45d20 WorkerThread "GC Thread#2"                     [id=27328, stack(0x0000007065d00000,0x0000007065e00000) (1024K)]
  0x0000025b07cc7cb0 WorkerThread "GC Thread#3"                     [id=30268, stack(0x0000007065e00000,0x0000007065f00000) (1024K)]
  0x0000025b0c0fb810 WorkerThread "GC Thread#4"                     [id=25112, stack(0x0000007065f00000,0x0000007066000000) (1024K)]
  0x0000025b07a29470 WorkerThread "GC Thread#5"                     [id=19684, stack(0x0000007066000000,0x0000007066100000) (1024K)]
  0x0000025b07a2add0 WorkerThread "GC Thread#6"                     [id=29380, stack(0x0000007066100000,0x0000007066200000) (1024K)]
  0x0000025b07a29810 WorkerThread "GC Thread#7"                     [id=24040, stack(0x0000007066300000,0x0000007066400000) (1024K)]
  0x0000025b07a2a2f0 WorkerThread "GC Thread#8"                     [id=27284, stack(0x0000007065a00000,0x0000007065b00000) (1024K)]
  0x0000025b07a29f50 WorkerThread "GC Thread#9"                     [id=18736, stack(0x0000007066400000,0x0000007066500000) (1024K)]
  0x0000025b07a2a690 WorkerThread "GC Thread#10"                    [id=27820, stack(0x0000007066500000,0x0000007066600000) (1024K)]
  0x0000025b07bbac00 WorkerThread "GC Thread#11"                    [id=16604, stack(0x0000007066900000,0x0000007066a00000) (1024K)]
  0x0000025b07bba4c0 WorkerThread "GC Thread#12"                    [id=2924, stack(0x0000007066f00000,0x0000007067000000) (1024K)]
Total: 15

Threads with active compile tasks:
Total: 0

VM state: not at safepoint (normal execution)

VM Mutex/Monitor currently owned by a thread: None

Heap address: 0x0000000080000000, size: 2048 MB, Compressed Oops mode: 32-bit

CDS archive(s) mapped at: [0x0000025ac4000000-0x0000025ac4ba0000-0x0000025ac4ba0000), size 12189696, SharedBaseAddress: 0x0000025ac4000000, ArchiveRelocationMode: 1.
Compressed class space mapped at: 0x0000025ac5000000-0x0000025b05000000, reserved size: 1073741824
Narrow klass base: 0x0000025ac4000000, Narrow klass shift: 0, Narrow klass range: 0x100000000

GC Precious Log:
 CardTable entry size: 512
 CPUs: 16 total, 16 available
 Memory: 7549M
 Large Page Support: Disabled
 NUMA Support: Disabled
 Compressed Oops: Enabled (32-bit)
 Alignments: Space 512K, Generation 512K, Heap 2M
 Heap Min Capacity: 100M
 Heap Initial Capacity: 100M
 Heap Max Capacity: 2G
 Pre-touch: Disabled
 Parallel Workers: 13

Heap:
 PSYoungGen      total 19456K, used 6340K [0x00000000d5580000, 0x00000000d7300000, 0x0000000100000000)
  eden space 18432K, 31% used [0x00000000d5580000,0x00000000d5b21360,0x00000000d6780000)
  from space 1024K, 56% used [0x00000000d7200000,0x00000000d7290020,0x00000000d7300000)
  to   space 4096K, 0% used [0x00000000d6b00000,0x00000000d6b00000,0x00000000d6f00000)
 ParOldGen       total 82944K, used 82524K [0x0000000080000000, 0x0000000085100000, 0x00000000d5580000)
  object space 82944K, 99% used [0x0000000080000000,0x0000000085097120,0x0000000085100000)
 Metaspace       used 71124K, committed 72576K, reserved 1114112K
  class space    used 7410K, committed 8000K, reserved 1048576K

Card table byte_map: [0x0000025aacaa0000,0x0000025aaceb0000] _byte_map_base: 0x0000025aac6a0000

Marking Bits: (ParMarkBitMap*) 0x00007ffefca5a340
 Begin Bits: [0x0000025abf5a0000, 0x0000025ac15a0000)
 End Bits:   [0x0000025ac15a0000, 0x0000025ac35a0000)

Polling page: 0x0000025aaae70000

Metaspace:

Usage:
  Non-class:     62.22 MB used.
      Class:      7.24 MB used.
       Both:     69.46 MB used.

Virtual space:
  Non-class space:       64.00 MB reserved,      63.06 MB ( 99%) committed,  1 nodes.
      Class space:        1.00 GB reserved,       7.81 MB ( <1%) committed,  1 nodes.
             Both:        1.06 GB reserved,      70.88 MB (  7%) committed. 

Chunk freelists:
   Non-Class:  513.00 KB
       Class:  8.08 MB
        Both:  8.59 MB

MaxMetaspaceSize: unlimited
CompressedClassSpaceSize: 1.00 GB
Initial GC threshold: 21.00 MB
Current GC threshold: 97.31 MB
CDS: on
 - commit_granule_bytes: 65536.
 - commit_granule_words: 8192.
 - virtual_space_node_default_size: 8388608.
 - enlarge_chunks_in_place: 1.
 - use_allocation_guard: 0.


Internal statistics:

num_allocs_failed_limit: 11.
num_arena_births: 1252.
num_arena_deaths: 14.
num_vsnodes_births: 2.
num_vsnodes_deaths: 0.
num_space_committed: 1134.
num_space_uncommitted: 0.
num_chunks_returned_to_freelist: 25.
num_chunks_taken_from_freelist: 4569.
num_chunk_merges: 15.
num_chunk_splits: 2721.
num_chunks_enlarged: 1395.
num_inconsistent_stats: 0.

CodeHeap 'non-profiled nmethods': size=119168Kb used=7905Kb max_used=7905Kb free=111262Kb
 bounds [0x0000025ab7e90000, 0x0000025ab8650000, 0x0000025abf2f0000]
CodeHeap 'profiled nmethods': size=119104Kb used=31472Kb max_used=31472Kb free=87632Kb
 bounds [0x0000025ab02f0000, 0x0000025ab21b0000, 0x0000025ab7740000]
CodeHeap 'non-nmethods': size=7488Kb used=1473Kb max_used=3254Kb free=6014Kb
 bounds [0x0000025ab7740000, 0x0000025ab7a80000, 0x0000025ab7e90000]
CodeCache: size=245760Kb, used=40850Kb, max_used=42631Kb, free=204908Kb
 total_blobs=14477, nmethods=13692, adapters=690, full_count=0
Compilation: enabled, stopped_count=0, restarted_count=0

Compilation events (20 events):
Event: 63.547 Thread 0x0000025aad1be280 nmethod 14500 0x0000025ab21a6810 code [0x0000025ab21a6a20, 0x0000025ab21a6f40]
Event: 63.548 Thread 0x0000025aad1be280 14501       3       java.util.AbstractList$SubList::checkForComodification (23 bytes)
Event: 63.548 Thread 0x0000025b0dc14920 14488       4       java.util.Arrays$ArrayList::get (7 bytes)
Event: 63.548 Thread 0x0000025aad1be280 nmethod 14501 0x0000025ab21a7190 code [0x0000025ab21a7340, 0x0000025ab21a7568]
Event: 63.548 Thread 0x0000025aad1be280 14502       3       org.eclipse.core.internal.localstore.UnifiedTreeNode::getStore (26 bytes)
Event: 63.548 Thread 0x0000025aad1be280 nmethod 14502 0x0000025ab21a7690 code [0x0000025ab21a7860, 0x0000025ab21a7ce8]
Event: 63.548 Thread 0x0000025aad1be280 14503   !   3       org.eclipse.core.internal.localstore.UnifiedTree::getLocalList (115 bytes)
Event: 63.548 Thread 0x0000025b0dc14920 nmethod 14488 0x0000025ab863d290 code [0x0000025ab863d420, 0x0000025ab863d4f0]
Event: 63.548 Thread 0x0000025b0dc14920 14494       4       java.lang.Long::hashCode (8 bytes)
Event: 63.548 Thread 0x0000025b0dc14920 nmethod 14494 0x0000025ab863d590 code [0x0000025ab863d720, 0x0000025ab863d7b8]
Event: 63.548 Thread 0x0000025b0dc14920 14487       4       org.eclipse.jdt.internal.core.JavaModel::getWorkspaceTarget (38 bytes)
Event: 63.549 Thread 0x0000025aad1be280 nmethod 14503 0x0000025ab21a7e90 code [0x0000025ab21a8180, 0x0000025ab21a9270]
Event: 63.549 Thread 0x0000025aad1be280 14504       3       org.eclipse.core.internal.localstore.UnifiedTree::addChildrenFromFileSystem (98 bytes)
Event: 63.549 Thread 0x0000025aad1be280 nmethod 14504 0x0000025ab21a9b10 code [0x0000025ab21a9e00, 0x0000025ab21aafa8]
Event: 63.593 Thread 0x0000025b0dc14920 nmethod 14487 0x0000025ab863d890 code [0x0000025ab863dc80, 0x0000025ab863f640]
Event: 63.606 Thread 0x0000025b05e5d020 nmethod 14468 0x0000025ab8640810 code [0x0000025ab8640d60, 0x0000025ab86457d0]
Event: 93.444 Thread 0x0000025aad1be280 14505       3       java.util.concurrent.locks.AbstractQueuedSynchronizer$ConditionObject::canReacquire (38 bytes)
Event: 93.444 Thread 0x0000025aad1be280 nmethod 14505 0x0000025ab21ab610 code [0x0000025ab21ab7e0, 0x0000025ab21abb28]
Event: 223.564 Thread 0x0000025aad1be280 14506       3       java.util.concurrent.ThreadPoolExecutor$Worker::tryRelease (12 bytes)
Event: 223.566 Thread 0x0000025aad1be280 nmethod 14506 0x0000025ab21abc90 code [0x0000025ab21abe20, 0x0000025ab21abf88]

GC Heap History (20 events):
Event: 44.622 GC heap before
{Heap before GC invocations=58 (full 3):
 PSYoungGen      total 19456K, used 19104K [0x00000000d5580000, 0x00000000d6a00000, 0x0000000100000000)
  eden space 18432K, 100% used [0x00000000d5580000,0x00000000d6780000,0x00000000d6780000)
  from space 1024K, 65% used [0x00000000d6900000,0x00000000d69a8040,0x00000000d6a00000)
  to   space 1024K, 0% used [0x00000000d6800000,0x00000000d6800000,0x00000000d6900000)
 ParOldGen       total 70144K, used 70039K [0x0000000080000000, 0x0000000084480000, 0x00000000d5580000)
  object space 70144K, 99% used [0x0000000080000000,0x0000000084465f70,0x0000000084480000)
 Metaspace       used 68973K, committed 70464K, reserved 1114112K
  class space    used 7311K, committed 7872K, reserved 1048576K
}
Event: 44.624 GC heap after
{Heap after GC invocations=58 (full 3):
 PSYoungGen      total 19456K, used 576K [0x00000000d5580000, 0x00000000d6980000, 0x0000000100000000)
  eden space 18432K, 0% used [0x00000000d5580000,0x00000000d5580000,0x00000000d6780000)
  from space 1024K, 56% used [0x00000000d6800000,0x00000000d6890000,0x00000000d6900000)
  to   space 512K, 0% used [0x00000000d6900000,0x00000000d6900000,0x00000000d6980000)
 ParOldGen       total 70656K, used 70536K [0x0000000080000000, 0x0000000084500000, 0x00000000d5580000)
  object space 70656K, 99% used [0x0000000080000000,0x00000000844e2160,0x0000000084500000)
 Metaspace       used 68973K, committed 70464K, reserved 1114112K
  class space    used 7311K, committed 7872K, reserved 1048576K
}
Event: 44.870 GC heap before
{Heap before GC invocations=59 (full 3):
 PSYoungGen      total 19456K, used 19007K [0x00000000d5580000, 0x00000000d6980000, 0x0000000100000000)
  eden space 18432K, 99% used [0x00000000d5580000,0x00000000d677fff0,0x00000000d6780000)
  from space 1024K, 56% used [0x00000000d6800000,0x00000000d6890000,0x00000000d6900000)
  to   space 512K, 0% used [0x00000000d6900000,0x00000000d6900000,0x00000000d6980000)
 ParOldGen       total 70656K, used 70536K [0x0000000080000000, 0x0000000084500000, 0x00000000d5580000)
  object space 70656K, 99% used [0x0000000080000000,0x00000000844e2160,0x0000000084500000)
 Metaspace       used 69092K, committed 70592K, reserved 1114112K
  class space    used 7320K, committed 7936K, reserved 1048576K
}
Event: 44.872 GC heap after
{Heap after GC invocations=59 (full 3):
 PSYoungGen      total 18944K, used 499K [0x00000000d5580000, 0x00000000d6980000, 0x0000000100000000)
  eden space 18432K, 0% used [0x00000000d5580000,0x00000000d5580000,0x00000000d6780000)
  from space 512K, 97% used [0x00000000d6900000,0x00000000d697ccf0,0x00000000d6980000)
  to   space 1024K, 0% used [0x00000000d6780000,0x00000000d6780000,0x00000000d6880000)
 ParOldGen       total 71168K, used 70960K [0x0000000080000000, 0x0000000084580000, 0x00000000d5580000)
  object space 71168K, 99% used [0x0000000080000000,0x000000008454c1b0,0x0000000084580000)
 Metaspace       used 69092K, committed 70592K, reserved 1114112K
  class space    used 7320K, committed 7936K, reserved 1048576K
}
Event: 45.266 GC heap before
{Heap before GC invocations=60 (full 3):
 PSYoungGen      total 18944K, used 18931K [0x00000000d5580000, 0x00000000d6980000, 0x0000000100000000)
  eden space 18432K, 99% used [0x00000000d5580000,0x00000000d677fff0,0x00000000d6780000)
  from space 512K, 97% used [0x00000000d6900000,0x00000000d697ccf0,0x00000000d6980000)
  to   space 1024K, 0% used [0x00000000d6780000,0x00000000d6780000,0x00000000d6880000)
 ParOldGen       total 71168K, used 70960K [0x0000000080000000, 0x0000000084580000, 0x00000000d5580000)
  object space 71168K, 99% used [0x0000000080000000,0x000000008454c1b0,0x0000000084580000)
 Metaspace       used 69542K, committed 71040K, reserved 1114112K
  class space    used 7350K, committed 7936K, reserved 1048576K
}
Event: 45.269 GC heap after
{Heap after GC invocations=60 (full 3):
 PSYoungGen      total 19456K, used 1017K [0x00000000d5580000, 0x00000000d6a80000, 0x0000000100000000)
  eden space 18432K, 0% used [0x00000000d5580000,0x00000000d5580000,0x00000000d6780000)
  from space 1024K, 99% used [0x00000000d6780000,0x00000000d687e430,0x00000000d6880000)
  to   space 1536K, 0% used [0x00000000d6900000,0x00000000d6900000,0x00000000d6a80000)
 ParOldGen       total 71680K, used 71276K [0x0000000080000000, 0x0000000084600000, 0x00000000d5580000)
  object space 71680K, 99% used [0x0000000080000000,0x000000008459b3c0,0x0000000084600000)
 Metaspace       used 69542K, committed 71040K, reserved 1114112K
  class space    used 7350K, committed 7936K, reserved 1048576K
}
Event: 45.517 GC heap before
{Heap before GC invocations=61 (full 3):
 PSYoungGen      total 19456K, used 19396K [0x00000000d5580000, 0x00000000d6a80000, 0x0000000100000000)
  eden space 18432K, 99% used [0x00000000d5580000,0x00000000d6772cb0,0x00000000d6780000)
  from space 1024K, 99% used [0x00000000d6780000,0x00000000d687e430,0x00000000d6880000)
  to   space 1536K, 0% used [0x00000000d6900000,0x00000000d6900000,0x00000000d6a80000)
 ParOldGen       total 71680K, used 71276K [0x0000000080000000, 0x0000000084600000, 0x00000000d5580000)
  object space 71680K, 99% used [0x0000000080000000,0x000000008459b3c0,0x0000000084600000)
 Metaspace       used 69766K, committed 71232K, reserved 1114112K
  class space    used 7352K, committed 7936K, reserved 1048576K
}
Event: 45.520 GC heap after
{Heap after GC invocations=61 (full 3):
 PSYoungGen      total 19968K, used 1412K [0x00000000d5580000, 0x00000000d6a80000, 0x0000000100000000)
  eden space 18432K, 0% used [0x00000000d5580000,0x00000000d5580000,0x00000000d6780000)
  from space 1536K, 91% used [0x00000000d6900000,0x00000000d6a61210,0x00000000d6a80000)
  to   space 1536K, 0% used [0x00000000d6780000,0x00000000d6780000,0x00000000d6900000)
 ParOldGen       total 72192K, used 72160K [0x0000000080000000, 0x0000000084680000, 0x00000000d5580000)
  object space 72192K, 99% used [0x0000000080000000,0x0000000084678210,0x0000000084680000)
 Metaspace       used 69766K, committed 71232K, reserved 1114112K
  class space    used 7352K, committed 7936K, reserved 1048576K
}
Event: 45.753 GC heap before
{Heap before GC invocations=62 (full 3):
 PSYoungGen      total 19968K, used 19844K [0x00000000d5580000, 0x00000000d6a80000, 0x0000000100000000)
  eden space 18432K, 100% used [0x00000000d5580000,0x00000000d6780000,0x00000000d6780000)
  from space 1536K, 91% used [0x00000000d6900000,0x00000000d6a61210,0x00000000d6a80000)
  to   space 1536K, 0% used [0x00000000d6780000,0x00000000d6780000,0x00000000d6900000)
 ParOldGen       total 72192K, used 72160K [0x0000000080000000, 0x0000000084680000, 0x00000000d5580000)
  object space 72192K, 99% used [0x0000000080000000,0x0000000084678210,0x0000000084680000)
 Metaspace       used 69932K, committed 71424K, reserved 1114112K
  class space    used 7352K, committed 7936K, reserved 1048576K
}
Event: 45.755 GC heap after
{Heap after GC invocations=62 (full 3):
 PSYoungGen      total 18944K, used 500K [0x00000000d5580000, 0x00000000d6980000, 0x0000000100000000)
  eden space 18432K, 0% used [0x00000000d5580000,0x00000000d5580000,0x00000000d6780000)
  from space 512K, 97% used [0x00000000d6780000,0x00000000d67fd200,0x00000000d6800000)
  to   space 1024K, 0% used [0x00000000d6880000,0x00000000d6880000,0x00000000d6980000)
 ParOldGen       total 73216K, used 72870K [0x0000000080000000, 0x0000000084780000, 0x00000000d5580000)
  object space 73216K, 99% used [0x0000000080000000,0x0000000084729b50,0x0000000084780000)
 Metaspace       used 69932K, committed 71424K, reserved 1114112K
  class space    used 7352K, committed 7936K, reserved 1048576K
}
Event: 45.992 GC heap before
{Heap before GC invocations=63 (full 3):
 PSYoungGen      total 18944K, used 18932K [0x00000000d5580000, 0x00000000d6980000, 0x0000000100000000)
  eden space 18432K, 100% used [0x00000000d5580000,0x00000000d6780000,0x00000000d6780000)
  from space 512K, 97% used [0x00000000d6780000,0x00000000d67fd200,0x00000000d6800000)
  to   space 1024K, 0% used [0x00000000d6880000,0x00000000d6880000,0x00000000d6980000)
 ParOldGen       total 73216K, used 72870K [0x0000000080000000, 0x0000000084780000, 0x00000000d5580000)
  object space 73216K, 99% used [0x0000000080000000,0x0000000084729b50,0x0000000084780000)
 Metaspace       used 70035K, committed 71552K, reserved 1114112K
  class space    used 7353K, committed 7936K, reserved 1048576K
}
Event: 45.993 GC heap after
{Heap after GC invocations=63 (full 3):
 PSYoungGen      total 19456K, used 846K [0x00000000d5580000, 0x00000000d6980000, 0x0000000100000000)
  eden space 18432K, 0% used [0x00000000d5580000,0x00000000d5580000,0x00000000d6780000)
  from space 1024K, 82% used [0x00000000d6880000,0x00000000d6953b00,0x00000000d6980000)
  to   space 1024K, 0% used [0x00000000d6780000,0x00000000d6780000,0x00000000d6880000)
 ParOldGen       total 73216K, used 72958K [0x0000000080000000, 0x0000000084780000, 0x00000000d5580000)
  object space 73216K, 99% used [0x0000000080000000,0x000000008473fb50,0x0000000084780000)
 Metaspace       used 70035K, committed 71552K, reserved 1114112K
  class space    used 7353K, committed 7936K, reserved 1048576K
}
Event: 46.157 GC heap before
{Heap before GC invocations=64 (full 3):
 PSYoungGen      total 19456K, used 19278K [0x00000000d5580000, 0x00000000d6980000, 0x0000000100000000)
  eden space 18432K, 100% used [0x00000000d5580000,0x00000000d6780000,0x00000000d6780000)
  from space 1024K, 82% used [0x00000000d6880000,0x00000000d6953b00,0x00000000d6980000)
  to   space 1024K, 0% used [0x00000000d6780000,0x00000000d6780000,0x00000000d6880000)
 ParOldGen       total 73216K, used 72958K [0x0000000080000000, 0x0000000084780000, 0x00000000d5580000)
  object space 73216K, 99% used [0x0000000080000000,0x000000008473fb50,0x0000000084780000)
 Metaspace       used 70177K, committed 71680K, reserved 1114112K
  class space    used 7353K, committed 7936K, reserved 1048576K
}
Event: 46.158 GC heap after
{Heap after GC invocations=64 (full 3):
 PSYoungGen      total 19456K, used 778K [0x00000000d5580000, 0x00000000d6980000, 0x0000000100000000)
  eden space 18432K, 0% used [0x00000000d5580000,0x00000000d5580000,0x00000000d6780000)
  from space 1024K, 76% used [0x00000000d6780000,0x00000000d6842910,0x00000000d6880000)
  to   space 1024K, 0% used [0x00000000d6880000,0x00000000d6880000,0x00000000d6980000)
 ParOldGen       total 73216K, used 73150K [0x0000000080000000, 0x0000000084780000, 0x00000000d5580000)
  object space 73216K, 99% used [0x0000000080000000,0x000000008476fb50,0x0000000084780000)
 Metaspace       used 70177K, committed 71680K, reserved 1114112K
  class space    used 7353K, committed 7936K, reserved 1048576K
}
Event: 46.523 GC heap before
{Heap before GC invocations=65 (full 3):
 PSYoungGen      total 19456K, used 19210K [0x00000000d5580000, 0x00000000d6980000, 0x0000000100000000)
  eden space 18432K, 100% used [0x00000000d5580000,0x00000000d6780000,0x00000000d6780000)
  from space 1024K, 76% used [0x00000000d6780000,0x00000000d6842910,0x00000000d6880000)
  to   space 1024K, 0% used [0x00000000d6880000,0x00000000d6880000,0x00000000d6980000)
 ParOldGen       total 73216K, used 73150K [0x0000000080000000, 0x0000000084780000, 0x00000000d5580000)
  object space 73216K, 99% used [0x0000000080000000,0x000000008476fb50,0x0000000084780000)
 Metaspace       used 70437K, committed 71936K, reserved 1114112K
  class space    used 7353K, committed 7936K, reserved 1048576K
}
Event: 46.524 GC heap after
{Heap after GC invocations=65 (full 3):
 PSYoungGen      total 19456K, used 820K [0x00000000d5580000, 0x00000000d6980000, 0x0000000100000000)
  eden space 18432K, 0% used [0x00000000d5580000,0x00000000d5580000,0x00000000d6780000)
  from space 1024K, 80% used [0x00000000d6880000,0x00000000d694d200,0x00000000d6980000)
  to   space 1024K, 0% used [0x00000000d6780000,0x00000000d6780000,0x00000000d6880000)
 ParOldGen       total 73728K, used 73286K [0x0000000080000000, 0x0000000084800000, 0x00000000d5580000)
  object space 73728K, 99% used [0x0000000080000000,0x0000000084791b50,0x0000000084800000)
 Metaspace       used 70437K, committed 71936K, reserved 1114112K
  class space    used 7353K, committed 7936K, reserved 1048576K
}
Event: 46.692 GC heap before
{Heap before GC invocations=66 (full 3):
 PSYoungGen      total 19456K, used 19252K [0x00000000d5580000, 0x00000000d6980000, 0x0000000100000000)
  eden space 18432K, 100% used [0x00000000d5580000,0x00000000d6780000,0x00000000d6780000)
  from space 1024K, 80% used [0x00000000d6880000,0x00000000d694d200,0x00000000d6980000)
  to   space 1024K, 0% used [0x00000000d6780000,0x00000000d6780000,0x00000000d6880000)
 ParOldGen       total 73728K, used 73286K [0x0000000080000000, 0x0000000084800000, 0x00000000d5580000)
  object space 73728K, 99% used [0x0000000080000000,0x0000000084791b50,0x0000000084800000)
 Metaspace       used 70656K, committed 72128K, reserved 1114112K
  class space    used 7366K, committed 7936K, reserved 1048576K
}
Event: 46.700 GC heap after
{Heap after GC invocations=66 (full 3):
 PSYoungGen      total 19456K, used 998K [0x00000000d5580000, 0x00000000d7c80000, 0x0000000100000000)
  eden space 18432K, 0% used [0x00000000d5580000,0x00000000d5580000,0x00000000d6780000)
  from space 1024K, 97% used [0x00000000d6780000,0x00000000d6879910,0x00000000d6880000)
  to   space 10752K, 0% used [0x00000000d7200000,0x00000000d7200000,0x00000000d7c80000)
 ParOldGen       total 81920K, used 81544K [0x0000000080000000, 0x0000000085000000, 0x00000000d5580000)
  object space 81920K, 99% used [0x0000000080000000,0x0000000084fa2240,0x0000000085000000)
 Metaspace       used 70656K, committed 72128K, reserved 1114112K
  class space    used 7366K, committed 7936K, reserved 1048576K
}
Event: 61.573 GC heap before
{Heap before GC invocations=67 (full 3):
 PSYoungGen      total 19456K, used 19430K [0x00000000d5580000, 0x00000000d7c80000, 0x0000000100000000)
  eden space 18432K, 100% used [0x00000000d5580000,0x00000000d6780000,0x00000000d6780000)
  from space 1024K, 97% used [0x00000000d6780000,0x00000000d6879910,0x00000000d6880000)
  to   space 10752K, 0% used [0x00000000d7200000,0x00000000d7200000,0x00000000d7c80000)
 ParOldGen       total 81920K, used 81544K [0x0000000080000000, 0x0000000085000000, 0x00000000d5580000)
  object space 81920K, 99% used [0x0000000080000000,0x0000000084fa2240,0x0000000085000000)
 Metaspace       used 71093K, committed 72576K, reserved 1114112K
  class space    used 7410K, committed 8000K, reserved 1048576K
}
Event: 61.574 GC heap after
{Heap after GC invocations=67 (full 3):
 PSYoungGen      total 19456K, used 576K [0x00000000d5580000, 0x00000000d7300000, 0x0000000100000000)
  eden space 18432K, 0% used [0x00000000d5580000,0x00000000d5580000,0x00000000d6780000)
  from space 1024K, 56% used [0x00000000d7200000,0x00000000d7290020,0x00000000d7300000)
  to   space 4096K, 0% used [0x00000000d6b00000,0x00000000d6b00000,0x00000000d6f00000)
 ParOldGen       total 82944K, used 82524K [0x0000000080000000, 0x0000000085100000, 0x00000000d5580000)
  object space 82944K, 99% used [0x0000000080000000,0x0000000085097120,0x0000000085100000)
 Metaspace       used 71093K, committed 72576K, reserved 1114112K
  class space    used 7410K, committed 8000K, reserved 1048576K
}

Dll operation events (12 events):
Event: 0.068 Loaded shared library c:\Users\samue\.vscode\extensions\redhat.java-1.45.0-win32-x64\jre\21.0.8-win32-x86_64\bin\java.dll
Event: 0.181 Loaded shared library c:\Users\samue\.vscode\extensions\redhat.java-1.45.0-win32-x64\jre\21.0.8-win32-x86_64\bin\zip.dll
Event: 0.206 Loaded shared library C:\Users\samue\.vscode\extensions\redhat.java-1.45.0-win32-x64\jre\21.0.8-win32-x86_64\bin\instrument.dll
Event: 0.214 Loaded shared library C:\Users\samue\.vscode\extensions\redhat.java-1.45.0-win32-x64\jre\21.0.8-win32-x86_64\bin\net.dll
Event: 0.218 Loaded shared library C:\Users\samue\.vscode\extensions\redhat.java-1.45.0-win32-x64\jre\21.0.8-win32-x86_64\bin\nio.dll
Event: 0.222 Loaded shared library C:\Users\samue\.vscode\extensions\redhat.java-1.45.0-win32-x64\jre\21.0.8-win32-x86_64\bin\zip.dll
Event: 0.242 Loaded shared library C:\Users\samue\.vscode\extensions\redhat.java-1.45.0-win32-x64\jre\21.0.8-win32-x86_64\bin\jimage.dll
Event: 0.327 Loaded shared library c:\Users\samue\.vscode\extensions\redhat.java-1.45.0-win32-x64\jre\21.0.8-win32-x86_64\bin\verify.dll
Event: 11.253 Loaded shared library C:\Users\samue\AppData\Roaming\Code\User\globalStorage\redhat.java\1.45.0\config_win\org.eclipse.equinox.launcher\org.eclipse.equinox.launcher.win32.win32.x86_64_1.2.1400.v20250801-0854\eclipse_11916.dll
Event: 21.477 Loaded shared library C:\Users\samue\AppData\Local\Temp\jna-109203119\jna8391629649108850718.dll
Event: 23.962 Loaded shared library C:\Users\samue\.vscode\extensions\redhat.java-1.45.0-win32-x64\jre\21.0.8-win32-x86_64\bin\sunmscapi.dll
Event: 24.143 Loaded shared library C:\Users\samue\.vscode\extensions\redhat.java-1.45.0-win32-x64\jre\21.0.8-win32-x86_64\bin\extnet.dll

Deoptimization events (20 events):
Event: 53.194 Thread 0x0000025b07da7d40 Uncommon trap: trap_request=0xffffffc6 fr.pc=0x0000025ab839652c relative=0x000000000000008c
Event: 53.194 Thread 0x0000025b07da7d40 Uncommon trap: reason=bimorphic_or_optimized_type_check action=maybe_recompile pc=0x0000025ab839652c method=java.util.Collections$UnmodifiableMap$UnmodifiableEntrySet$1.hasNext()Z @ 4 c2
Event: 53.194 Thread 0x0000025b07da7d40 DEOPT PACKING pc=0x0000025ab839652c sp=0x00000070673febd0
Event: 53.194 Thread 0x0000025b07da7d40 DEOPT UNPACKING pc=0x0000025ab7793aa2 sp=0x00000070673feb58 mode 2
Event: 61.424 Thread 0x0000025b0edb3460 Uncommon trap: trap_request=0xffffffc6 fr.pc=0x0000025ab8017888 relative=0x00000000000001e8
Event: 61.424 Thread 0x0000025b0edb3460 Uncommon trap: reason=bimorphic_or_optimized_type_check action=maybe_recompile pc=0x0000025ab8017888 method=java.util.Collections.eq(Ljava/lang/Object;Ljava/lang/Object;)Z @ 18 c2
Event: 61.424 Thread 0x0000025b0edb3460 DEOPT PACKING pc=0x0000025ab8017888 sp=0x0000007068cfe100
Event: 61.424 Thread 0x0000025b0edb3460 DEOPT UNPACKING pc=0x0000025ab7793aa2 sp=0x0000007068cfe040 mode 2
Event: 61.424 Thread 0x0000025b0edb3460 Uncommon trap: trap_request=0xffffffc6 fr.pc=0x0000025ab8017888 relative=0x00000000000001e8
Event: 61.424 Thread 0x0000025b0edb3460 Uncommon trap: reason=bimorphic_or_optimized_type_check action=maybe_recompile pc=0x0000025ab8017888 method=java.util.Collections.eq(Ljava/lang/Object;Ljava/lang/Object;)Z @ 18 c2
Event: 61.424 Thread 0x0000025b0edb3460 DEOPT PACKING pc=0x0000025ab8017888 sp=0x0000007068cfe260
Event: 61.424 Thread 0x0000025b0edb3460 DEOPT UNPACKING pc=0x0000025ab7793aa2 sp=0x0000007068cfe1a0 mode 2
Event: 61.540 Thread 0x0000025b0edb2dd0 Uncommon trap: trap_request=0xffffffc6 fr.pc=0x0000025ab839652c relative=0x000000000000008c
Event: 61.540 Thread 0x0000025b0edb2dd0 Uncommon trap: reason=bimorphic_or_optimized_type_check action=maybe_recompile pc=0x0000025ab839652c method=java.util.Collections$UnmodifiableMap$UnmodifiableEntrySet$1.hasNext()Z @ 4 c2
Event: 61.540 Thread 0x0000025b0edb2dd0 DEOPT PACKING pc=0x0000025ab839652c sp=0x0000007068bfe640
Event: 61.540 Thread 0x0000025b0edb2dd0 DEOPT UNPACKING pc=0x0000025ab7793aa2 sp=0x0000007068bfe5c8 mode 2
Event: 63.493 Thread 0x0000025b07da8a60 Uncommon trap: trap_request=0xffffffc6 fr.pc=0x0000025ab839652c relative=0x000000000000008c
Event: 63.493 Thread 0x0000025b07da8a60 Uncommon trap: reason=bimorphic_or_optimized_type_check action=maybe_recompile pc=0x0000025ab839652c method=java.util.Collections$UnmodifiableMap$UnmodifiableEntrySet$1.hasNext()Z @ 4 c2
Event: 63.493 Thread 0x0000025b07da8a60 DEOPT PACKING pc=0x0000025ab839652c sp=0x00000070672feb70
Event: 63.493 Thread 0x0000025b07da8a60 DEOPT UNPACKING pc=0x0000025ab7793aa2 sp=0x00000070672feaf8 mode 2

Classes loaded (20 events):
Event: 46.565 Loading class java/util/stream/ReduceOps$5
Event: 46.565 Loading class java/util/stream/ReduceOps$5 done
Event: 46.565 Loading class java/util/stream/ReduceOps$CountingSink$OfRef
Event: 46.566 Loading class java/util/stream/ReduceOps$CountingSink
Event: 46.566 Loading class java/util/stream/ReduceOps$CountingSink done
Event: 46.566 Loading class java/util/stream/ReduceOps$CountingSink$OfRef done
Event: 46.751 Loading class java/util/stream/ReduceOps$1
Event: 46.752 Loading class java/util/stream/ReduceOps$1 done
Event: 46.753 Loading class java/util/stream/ReduceOps$1ReducingSink
Event: 46.753 Loading class java/util/stream/ReduceOps$1ReducingSink done
Event: 52.957 Loading class org/xml/sax/SAXNotRecognizedException
Event: 52.958 Loading class org/xml/sax/SAXNotRecognizedException done
Event: 52.958 Loading class org/xml/sax/SAXNotSupportedException
Event: 52.958 Loading class org/xml/sax/SAXNotSupportedException done
Event: 52.960 Loading class com/sun/org/apache/xerces/internal/util/URI
Event: 52.961 Loading class com/sun/org/apache/xerces/internal/util/URI done
Event: 52.963 Loading class com/sun/org/apache/xerces/internal/xni/XNIException
Event: 52.964 Loading class com/sun/org/apache/xerces/internal/xni/XNIException done
Event: 52.969 Loading class com/sun/org/apache/xerces/internal/xni/parser/XMLParseException
Event: 52.969 Loading class com/sun/org/apache/xerces/internal/xni/parser/XMLParseException done

Classes unloaded (7 events):
Event: 22.009 Thread 0x0000025aad19eb30 Unloading class 0x0000025ac51aa000 'java/lang/invoke/LambdaForm$MH+0x0000025ac51aa000'
Event: 22.009 Thread 0x0000025aad19eb30 Unloading class 0x0000025ac51a9c00 'java/lang/invoke/LambdaForm$MH+0x0000025ac51a9c00'
Event: 22.009 Thread 0x0000025aad19eb30 Unloading class 0x0000025ac51a9800 'java/lang/invoke/LambdaForm$MH+0x0000025ac51a9800'
Event: 22.009 Thread 0x0000025aad19eb30 Unloading class 0x0000025ac51a9400 'java/lang/invoke/LambdaForm$MH+0x0000025ac51a9400'
Event: 22.009 Thread 0x0000025aad19eb30 Unloading class 0x0000025ac51a9000 'java/lang/invoke/LambdaForm$BMH+0x0000025ac51a9000'
Event: 22.009 Thread 0x0000025aad19eb30 Unloading class 0x0000025ac51a8c00 'java/lang/invoke/LambdaForm$DMH+0x0000025ac51a8c00'
Event: 22.009 Thread 0x0000025aad19eb30 Unloading class 0x0000025ac51a3800 'java/lang/invoke/LambdaForm$DMH+0x0000025ac51a3800'

Classes redefined (0 events):
No events

Internal exceptions (20 events):
Event: 45.483 Thread 0x0000025b0e344b60 Exception <a 'sun/nio/fs/WindowsException'{0x00000000d62d8200}> (0x00000000d62d8200) 
thrown [s\src\hotspot\share\prims\jni.cpp, line 520]
Event: 45.483 Thread 0x0000025b0e344b60 Exception <a 'sun/nio/fs/WindowsException'{0x00000000d62d8830}> (0x00000000d62d8830) 
thrown [s\src\hotspot\share\prims\jni.cpp, line 520]
Event: 45.484 Thread 0x0000025b0e344b60 Exception <a 'sun/nio/fs/WindowsException'{0x00000000d62d92c8}> (0x00000000d62d92c8) 
thrown [s\src\hotspot\share\prims\jni.cpp, line 520]
Event: 45.485 Thread 0x0000025b0e344b60 Exception <a 'sun/nio/fs/WindowsException'{0x00000000d62d98f8}> (0x00000000d62d98f8) 
thrown [s\src\hotspot\share\prims\jni.cpp, line 520]
Event: 45.486 Thread 0x0000025b0e344b60 Exception <a 'sun/nio/fs/WindowsException'{0x00000000d62dae20}> (0x00000000d62dae20) 
thrown [s\src\hotspot\share\prims\jni.cpp, line 520]
Event: 45.487 Thread 0x0000025b0e344b60 Exception <a 'sun/nio/fs/WindowsException'{0x00000000d62db450}> (0x00000000d62db450) 
thrown [s\src\hotspot\share\prims\jni.cpp, line 520]
Event: 45.494 Thread 0x0000025b0e344b60 Exception <a 'sun/nio/fs/WindowsException'{0x00000000d62fa3b8}> (0x00000000d62fa3b8) 
thrown [s\src\hotspot\share\prims\jni.cpp, line 520]
Event: 45.494 Thread 0x0000025b0e344b60 Exception <a 'sun/nio/fs/WindowsException'{0x00000000d62fac98}> (0x00000000d62fac98) 
thrown [s\src\hotspot\share\prims\jni.cpp, line 520]
Event: 45.996 Thread 0x0000025b0e344b60 Exception <a 'sun/nio/fs/WindowsException'{0x00000000d55de7a8}> (0x00000000d55de7a8) 
thrown [s\src\hotspot\share\prims\jni.cpp, line 520]
Event: 45.996 Thread 0x0000025b0e344b60 Exception <a 'sun/nio/fs/WindowsException'{0x00000000d55dedd8}> (0x00000000d55dedd8) 
thrown [s\src\hotspot\share\prims\jni.cpp, line 520]
Event: 45.997 Thread 0x0000025b0e344b60 Exception <a 'sun/nio/fs/WindowsException'{0x00000000d55df870}> (0x00000000d55df870) 
thrown [s\src\hotspot\share\prims\jni.cpp, line 520]
Event: 45.997 Thread 0x0000025b0e344b60 Exception <a 'sun/nio/fs/WindowsException'{0x00000000d55dfea0}> (0x00000000d55dfea0) 
thrown [s\src\hotspot\share\prims\jni.cpp, line 520]
Event: 45.999 Thread 0x0000025b0e344b60 Exception <a 'sun/nio/fs/WindowsException'{0x00000000d55e13c8}> (0x00000000d55e13c8) 
thrown [s\src\hotspot\share\prims\jni.cpp, line 520]
Event: 46.000 Thread 0x0000025b0e344b60 Exception <a 'sun/nio/fs/WindowsException'{0x00000000d55e19f8}> (0x00000000d55e19f8) 
thrown [s\src\hotspot\share\prims\jni.cpp, line 520]
Event: 46.009 Thread 0x0000025b0e344b60 Exception <a 'sun/nio/fs/WindowsException'{0x00000000d56b1d28}> (0x00000000d56b1d28) 
thrown [s\src\hotspot\share\prims\jni.cpp, line 520]
Event: 46.009 Thread 0x0000025b0e344b60 Exception <a 'sun/nio/fs/WindowsException'{0x00000000d56b2608}> (0x00000000d56b2608) 
thrown [s\src\hotspot\share\prims\jni.cpp, line 520]
Event: 46.568 Thread 0x0000025b0e344b60 Exception <a 'sun/nio/fs/WindowsException'{0x00000000d5a2f380}> (0x00000000d5a2f380) 
thrown [s\src\hotspot\share\prims\jni.cpp, line 520]
Event: 46.568 Thread 0x0000025b0e344b60 Exception <a 'sun/nio/fs/WindowsException'{0x00000000d5a2f9b0}> (0x00000000d5a2f9b0) 
thrown [s\src\hotspot\share\prims\jni.cpp, line 520]
Event: 52.943 Thread 0x0000025b0edb3460 Exception <a 'java/lang/NoSuchMethodError'{0x00000000d5dbf210}: 'java.lang.Object java.lang.invoke.DirectMethodHandle$Holder.invokeStatic(java.lang.Object, java.lang.Object, int, java.lang.Object)'> (0x00000000d5dbf210) 
thrown [s\src\hotspot\share\interpreter\linkResolver.cpp, line 773]
Event: 53.210 Thread 0x0000025b07da7d40 Exception <a 'java/lang/NoSuchMethodError'{0x00000000d60c89f8}: 'int java.lang.invoke.DirectMethodHandle$Holder.invokeStatic(java.lang.Object, java.lang.Object, java.lang.Object, java.lang.Object, java.lang.Object, java.lang.Object)'> (0x00000000d60c89f8) 
thrown [s\src\hotspot\share\interpreter\linkResolver.cpp, line 773]

ZGC Phase Switch (0 events):
No events

VM Operations (20 events):
Event: 46.692 Executing VM operation: ParallelGCFailedAllocation (Allocation Failure)
Event: 46.700 Executing VM operation: ParallelGCFailedAllocation (Allocation Failure) done
Event: 47.701 Executing VM operation: Cleanup
Event: 47.701 Executing VM operation: Cleanup done
Event: 52.968 Executing VM operation: HandshakeAllThreads (Deoptimize)
Event: 52.968 Executing VM operation: HandshakeAllThreads (Deoptimize) done
Event: 52.968 Executing VM operation: Cleanup
Event: 52.968 Executing VM operation: Cleanup done
Event: 53.975 Executing VM operation: Cleanup
Event: 53.975 Executing VM operation: Cleanup done
Event: 60.074 Executing VM operation: HandshakeAllThreads (HandshakeForDeflation)
Event: 60.074 Executing VM operation: HandshakeAllThreads (HandshakeForDeflation) done
Event: 60.074 Executing VM operation: RendezvousGCThreads
Event: 60.074 Executing VM operation: RendezvousGCThreads done
Event: 61.573 Executing VM operation: ParallelGCFailedAllocation (Allocation Failure)
Event: 61.574 Executing VM operation: ParallelGCFailedAllocation (Allocation Failure) done
Event: 62.577 Executing VM operation: Cleanup
Event: 62.578 Executing VM operation: Cleanup done
Event: 63.589 Executing VM operation: Cleanup
Event: 63.589 Executing VM operation: Cleanup done

Memory protections (0 events):
No events

Nmethod flushes (20 events):
Event: 26.770 Thread 0x0000025aad19eb30 flushing  nmethod 0x0000025ab0c6be90
Event: 26.770 Thread 0x0000025aad19eb30 flushing  nmethod 0x0000025ab0c6c690
Event: 26.770 Thread 0x0000025aad19eb30 flushing  nmethod 0x0000025ab0c6d410
Event: 26.770 Thread 0x0000025aad19eb30 flushing  nmethod 0x0000025ab0c71f10
Event: 26.770 Thread 0x0000025aad19eb30 flushing  nmethod 0x0000025ab0c72b10
Event: 26.770 Thread 0x0000025aad19eb30 flushing  nmethod 0x0000025ab0c89790
Event: 26.770 Thread 0x0000025aad19eb30 flushing  nmethod 0x0000025ab0c9da90
Event: 26.770 Thread 0x0000025aad19eb30 flushing osr nmethod 0x0000025ab0ce4510
Event: 26.770 Thread 0x0000025aad19eb30 flushing osr nmethod 0x0000025ab0ced390
Event: 26.770 Thread 0x0000025aad19eb30 flushing  nmethod 0x0000025ab0cf4310
Event: 26.770 Thread 0x0000025aad19eb30 flushing  nmethod 0x0000025ab0d0a510
Event: 26.770 Thread 0x0000025aad19eb30 flushing  nmethod 0x0000025ab0d17990
Event: 26.770 Thread 0x0000025aad19eb30 flushing  nmethod 0x0000025ab0d18910
Event: 26.770 Thread 0x0000025aad19eb30 flushing  nmethod 0x0000025ab0d1b190
Event: 26.770 Thread 0x0000025aad19eb30 flushing  nmethod 0x0000025ab0d2e710
Event: 26.770 Thread 0x0000025aad19eb30 flushing  nmethod 0x0000025ab0d52010
Event: 26.770 Thread 0x0000025aad19eb30 flushing  nmethod 0x0000025ab0d59b90
Event: 26.770 Thread 0x0000025aad19eb30 flushing  nmethod 0x0000025ab0d5a190
Event: 26.770 Thread 0x0000025aad19eb30 flushing  nmethod 0x0000025ab0d5b010
Event: 26.770 Thread 0x0000025aad19eb30 flushing  nmethod 0x0000025ab0d64e90

Events (20 events):
Event: 52.950 Thread 0x0000025aad1be280 Thread added: 0x0000025b0dc16b30
Event: 53.172 Thread 0x0000025b0dc16b30 Thread exited: 0x0000025b0dc16b30
Event: 53.203 Thread 0x0000025aad1be280 Thread added: 0x0000025b0dc14250
Event: 53.418 Thread 0x0000025b0dc14250 Thread exited: 0x0000025b0dc14250
Event: 61.552 Thread 0x0000025aad1be280 Thread added: 0x0000025b0dc156c0
Event: 63.323 Thread 0x0000025b0dc156c0 Thread exited: 0x0000025b0dc156c0
Event: 63.507 Thread 0x0000025aad1be280 Thread added: 0x0000025b0dc14920
Event: 68.608 Thread 0x0000025b0dc14920 Thread exited: 0x0000025b0dc14920
Event: 93.313 Thread 0x0000025b0edb2740 Thread exited: 0x0000025b0edb2740
Event: 94.797 Thread 0x0000025b172e4020 Thread exited: 0x0000025b172e4020
Event: 106.725 Thread 0x0000025b0f0f84f0 Thread exited: 0x0000025b0f0f84f0
Event: 121.534 Thread 0x0000025b0e344b60 Thread exited: 0x0000025b0e344b60
Event: 121.611 Thread 0x0000025b0edb2dd0 Thread exited: 0x0000025b0edb2dd0
Event: 123.056 Thread 0x0000025b07da9e10 Thread exited: 0x0000025b07da9e10
Event: 123.494 Thread 0x0000025b07da7d40 Thread exited: 0x0000025b07da7d40
Event: 153.315 Thread 0x0000025b0edb20b0 Thread exited: 0x0000025b0edb20b0
Event: 153.315 Thread 0x0000025b0edb3af0 Thread exited: 0x0000025b0edb3af0
Event: 166.734 Thread 0x0000025b17acafc0 Thread exited: 0x0000025b17acafc0
Event: 213.317 Thread 0x0000025b0edb4180 Thread exited: 0x0000025b0edb4180
Event: 226.735 Thread 0x0000025b0f0fc000 Thread exited: 0x0000025b0f0fc000


Dynamic libraries:
0x00007ff7dcfb0000 - 0x00007ff7dcfbe000 	c:\Users\samue\.vscode\extensions\redhat.java-1.45.0-win32-x64\jre\21.0.8-win32-x86_64\bin\java.exe
0x00007fffadac0000 - 0x00007fffadd29000 	C:\WINDOWS\SYSTEM32\ntdll.dll
0x00007fffad750000 - 0x00007fffad819000 	C:\WINDOWS\System32\KERNEL32.DLL
0x00007fffab3d0000 - 0x00007fffab7c3000 	C:\WINDOWS\System32\KERNELBASE.dll
0x00007fffab1f0000 - 0x00007fffab33b000 	C:\WINDOWS\System32\ucrtbase.dll
0x00007fff266f0000 - 0x00007fff26708000 	c:\Users\samue\.vscode\extensions\redhat.java-1.45.0-win32-x64\jre\21.0.8-win32-x86_64\bin\jli.dll
0x00007ffefcbd0000 - 0x00007ffefcbee000 	c:\Users\samue\.vscode\extensions\redhat.java-1.45.0-win32-x64\jre\21.0.8-win32-x86_64\bin\VCRUNTIME140.dll
0x00007fffad8b0000 - 0x00007fffada74000 	C:\WINDOWS\System32\USER32.dll
0x00007fff968e0000 - 0x00007fff96b73000 	C:\WINDOWS\WinSxS\amd64_microsoft.windows.common-controls_6595b64144ccf1df_6.0.26100.5074_none_3e0d6f78e32fd63f\COMCTL32.dll
0x00007fffaad80000 - 0x00007fffaada7000 	C:\WINDOWS\System32\win32u.dll
0x00007fffac670000 - 0x00007fffac69b000 	C:\WINDOWS\System32\GDI32.dll
0x00007fffab9b0000 - 0x00007fffaba59000 	C:\WINDOWS\System32\msvcrt.dll
0x00007fffaac50000 - 0x00007fffaad7d000 	C:\WINDOWS\System32\gdi32full.dll
0x00007fffab0a0000 - 0x00007fffab143000 	C:\WINDOWS\System32\msvcp_win.dll
0x00007fffac2b0000 - 0x00007fffac2df000 	C:\WINDOWS\System32\IMM32.DLL
0x00007fff659a0000 - 0x00007fff659ac000 	c:\Users\samue\.vscode\extensions\redhat.java-1.45.0-win32-x64\jre\21.0.8-win32-x86_64\bin\vcruntime140_1.dll
0x00007ffefcb40000 - 0x00007ffefcbcd000 	c:\Users\samue\.vscode\extensions\redhat.java-1.45.0-win32-x64\jre\21.0.8-win32-x86_64\bin\msvcp140.dll
0x00007ffefbda0000 - 0x00007ffefcb37000 	c:\Users\samue\.vscode\extensions\redhat.java-1.45.0-win32-x64\jre\21.0.8-win32-x86_64\bin\server\jvm.dll
0x00007fffac9b0000 - 0x00007fffaca64000 	C:\WINDOWS\System32\ADVAPI32.dll
0x00007fffad6a0000 - 0x00007fffad746000 	C:\WINDOWS\System32\sechost.dll
0x00007fffad570000 - 0x00007fffad688000 	C:\WINDOWS\System32\RPCRT4.dll
0x00007fffac7f0000 - 0x00007fffac864000 	C:\WINDOWS\System32\WS2_32.dll
0x00007fffaaab0000 - 0x00007fffaab0e000 	C:\WINDOWS\SYSTEM32\POWRPROF.dll
0x00007fffa36d0000 - 0x00007fffa3705000 	C:\WINDOWS\SYSTEM32\WINMM.dll
0x00007fffa4060000 - 0x00007fffa406b000 	C:\WINDOWS\SYSTEM32\VERSION.dll
0x00007fffaaa90000 - 0x00007fffaaaa4000 	C:\WINDOWS\SYSTEM32\UMPDC.dll
0x00007fffa9990000 - 0x00007fffa99ab000 	C:\WINDOWS\SYSTEM32\kernel.appcore.dll
0x00007fff46c60000 - 0x00007fff46c6a000 	c:\Users\samue\.vscode\extensions\redhat.java-1.45.0-win32-x64\jre\21.0.8-win32-x86_64\bin\jimage.dll
0x00007fff9f510000 - 0x00007fff9f752000 	C:\WINDOWS\SYSTEM32\DBGHELP.DLL
0x00007fffac2f0000 - 0x00007fffac66b000 	C:\WINDOWS\System32\combase.dll
0x00007fffac8d0000 - 0x00007fffac9a7000 	C:\WINDOWS\System32\OLEAUT32.dll
0x00007fff71e30000 - 0x00007fff71e6d000 	C:\WINDOWS\SYSTEM32\dbgcore.DLL
0x00007fffab150000 - 0x00007fffab1e9000 	C:\WINDOWS\System32\bcryptPrimitives.dll
0x00007fffa5e90000 - 0x00007fffa5e9f000 	c:\Users\samue\.vscode\extensions\redhat.java-1.45.0-win32-x64\jre\21.0.8-win32-x86_64\bin\instrument.dll
0x00007ffefbb30000 - 0x00007ffefbb4f000 	c:\Users\samue\.vscode\extensions\redhat.java-1.45.0-win32-x64\jre\21.0.8-win32-x86_64\bin\java.dll
0x00007fffabb60000 - 0x00007fffac2ad000 	C:\WINDOWS\System32\SHELL32.dll
0x00007fffaadb0000 - 0x00007fffaaf1c000 	C:\WINDOWS\System32\wintypes.dll
0x00007fffa88a0000 - 0x00007fffa90f9000 	C:\WINDOWS\SYSTEM32\windows.storage.dll
0x00007fffaba60000 - 0x00007fffabb50000 	C:\WINDOWS\System32\SHCORE.dll
0x00007ffface90000 - 0x00007fffacef2000 	C:\WINDOWS\System32\shlwapi.dll
0x00007fffaab70000 - 0x00007fffaab99000 	C:\WINDOWS\SYSTEM32\profapi.dll
0x00007ffefbd80000 - 0x00007ffefbd98000 	c:\Users\samue\.vscode\extensions\redhat.java-1.45.0-win32-x64\jre\21.0.8-win32-x86_64\bin\zip.dll
0x00007fffa5e80000 - 0x00007fffa5e90000 	C:\Users\samue\.vscode\extensions\redhat.java-1.45.0-win32-x64\jre\21.0.8-win32-x86_64\bin\net.dll
0x00007fffa3c40000 - 0x00007fffa3d5f000 	C:\WINDOWS\SYSTEM32\WINHTTP.dll
0x00007fffa9fb0000 - 0x00007fffaa01b000 	C:\WINDOWS\system32\mswsock.dll
0x00007fff8ee10000 - 0x00007fff8ee26000 	C:\Users\samue\.vscode\extensions\redhat.java-1.45.0-win32-x64\jre\21.0.8-win32-x86_64\bin\nio.dll
0x00007fff991d0000 - 0x00007fff991e0000 	c:\Users\samue\.vscode\extensions\redhat.java-1.45.0-win32-x64\jre\21.0.8-win32-x86_64\bin\verify.dll
0x00007fff8a850000 - 0x00007fff8a894000 	C:\Users\samue\AppData\Roaming\Code\User\globalStorage\redhat.java\1.45.0\config_win\org.eclipse.equinox.launcher\org.eclipse.equinox.launcher.win32.win32.x86_64_1.2.1400.v20250801-0854\eclipse_11916.dll
0x00007fffaca70000 - 0x00007fffacc08000 	C:\WINDOWS\System32\ole32.dll
0x00007fffaa250000 - 0x00007fffaa26b000 	C:\WINDOWS\SYSTEM32\CRYPTSP.dll
0x00007fffa99b0000 - 0x00007fffa99eb000 	C:\WINDOWS\system32\rsaenh.dll
0x00007fffaa050000 - 0x00007fffaa07b000 	C:\WINDOWS\SYSTEM32\USERENV.dll
0x00007fffaab40000 - 0x00007fffaab66000 	C:\WINDOWS\SYSTEM32\bcrypt.dll
0x00007fffaa270000 - 0x00007fffaa27c000 	C:\WINDOWS\SYSTEM32\CRYPTBASE.dll
0x00007fffa9400000 - 0x00007fffa9434000 	C:\WINDOWS\SYSTEM32\IPHLPAPI.DLL
0x00007fffacdf0000 - 0x00007fffacdfa000 	C:\WINDOWS\System32\NSI.dll
0x00007fff8a800000 - 0x00007fff8a849000 	C:\Users\samue\AppData\Local\Temp\jna-109203119\jna8391629649108850718.dll
0x00007ffface00000 - 0x00007ffface08000 	C:\WINDOWS\System32\PSAPI.DLL
0x00007fffa40a0000 - 0x00007fffa40be000 	C:\WINDOWS\SYSTEM32\dhcpcsvc6.DLL
0x00007fffa4070000 - 0x00007fffa4093000 	C:\WINDOWS\SYSTEM32\dhcpcsvc.DLL
0x00007fff958b0000 - 0x00007fff958be000 	C:\Users\samue\.vscode\extensions\redhat.java-1.45.0-win32-x64\jre\21.0.8-win32-x86_64\bin\sunmscapi.dll
0x00007fffaaf20000 - 0x00007fffab097000 	C:\WINDOWS\System32\CRYPT32.dll
0x00007fffaa470000 - 0x00007fffaa4a0000 	C:\WINDOWS\SYSTEM32\ncrypt.dll
0x00007fffaa420000 - 0x00007fffaa45f000 	C:\WINDOWS\SYSTEM32\NTASN1.dll
0x00007fffa9490000 - 0x00007fffa95b6000 	C:\WINDOWS\SYSTEM32\DNSAPI.dll
0x00007fffa1140000 - 0x00007fffa114b000 	C:\Windows\System32\rasadhlp.dll
0x00007fffa1c50000 - 0x00007fffa1cd6000 	C:\WINDOWS\System32\fwpuclnt.dll
0x00007fff8f140000 - 0x00007fff8f149000 	C:\Users\samue\.vscode\extensions\redhat.java-1.45.0-win32-x64\jre\21.0.8-win32-x86_64\bin\extnet.dll

JVMTI agents:
c:\Users\samue\.vscode\extensions\redhat.java-1.45.0-win32-x64\lombok\lombok-1.18.39-4050.jar path:c:\Users\samue\.vscode\extensions\redhat.java-1.45.0-win32-x64\jre\21.0.8-win32-x86_64\bin\instrument.dll, loaded, initialized, instrumentlib options:none

dbghelp: loaded successfully - version: 4.0.5 - missing functions: none
symbol engine: initialized successfully - sym options: 0x614 - pdb path: .;c:\Users\samue\.vscode\extensions\redhat.java-1.45.0-win32-x64\jre\21.0.8-win32-x86_64\bin;C:\WINDOWS\SYSTEM32;C:\WINDOWS\WinSxS\amd64_microsoft.windows.common-controls_6595b64144ccf1df_6.0.26100.5074_none_3e0d6f78e32fd63f;c:\Users\samue\.vscode\extensions\redhat.java-1.45.0-win32-x64\jre\21.0.8-win32-x86_64\bin\server;C:\Users\samue\AppData\Roaming\Code\User\globalStorage\redhat.java\1.45.0\config_win\org.eclipse.equinox.launcher\org.eclipse.equinox.launcher.win32.win32.x86_64_1.2.1400.v20250801-0854;C:\Users\samue\AppData\Local\Temp\jna-109203119

VM Arguments:
jvm_args: --add-modules=ALL-SYSTEM --add-opens=java.base/java.util=ALL-UNNAMED --add-opens=java.base/java.lang=ALL-UNNAMED --add-opens=java.base/sun.nio.fs=ALL-UNNAMED -Declipse.application=org.eclipse.jdt.ls.core.id1 -Dosgi.bundles.defaultStartLevel=4 -Declipse.product=org.eclipse.jdt.ls.core.product -Djava.import.generatesMetadataFilesAtProjectRoot=false -DDetectVMInstallationsJob.disabled=true -Dfile.encoding=utf8 -XX:+UseParallelGC -XX:GCTimeRatio=4 -XX:AdaptiveSizePolicyWeight=90 -Dsun.zip.disableMemoryMapping=true -Xmx2G -Xms100m -Xlog:disable -javaagent:c:\Users\samue\.vscode\extensions\redhat.java-1.45.0-win32-x64\lombok\lombok-1.18.39-4050.jar -XX:+HeapDumpOnOutOfMemoryError -XX:HeapDumpPath=c:\Users\samue\AppData\Roaming\Code\User\workspaceStorage\cdf97f8f069daa303bb81283c0c28557\redhat.java -Daether.dependencyCollector.impl=bf 
java_command: c:\Users\samue\.vscode\extensions\redhat.java-1.45.0-win32-x64\server\plugins\org.eclipse.equinox.launcher_1.7.0.v20250519-0528.jar -configuration c:\Users\samue\AppData\Roaming\Code\User\globalStorage\redhat.java\1.45.0\config_win -data c:\Users\samue\AppData\Roaming\Code\User\workspaceStorage\cdf97f8f069daa303bb81283c0c28557\redhat.java\jdt_ws --pipe=\\.\pipe\lsp-6f9d7f08ea979ca81a09ead1c9a15f3f-sock
java_class_path (initial): c:\Users\samue\.vscode\extensions\redhat.java-1.45.0-win32-x64\server\plugins\org.eclipse.equinox.launcher_1.7.0.v20250519-0528.jar
Launcher Type: SUN_STANDARD

[Global flags]
    uintx AdaptiveSizePolicyWeight                 = 90                                        {product} {command line}
     intx CICompilerCount                          = 12                                        {product} {ergonomic}
    uintx GCTimeRatio                              = 4                                         {product} {command line}
     bool HeapDumpOnOutOfMemoryError               = true                                   {manageable} {command line}
    ccstr HeapDumpPath                             = c:\Users\samue\AppData\Roaming\Code\User\workspaceStorage\cdf97f8f069daa303bb81283c0c28557\redhat.java         {manageable} {command line}
   size_t InitialHeapSize                          = 104857600                                 {product} {command line}
   size_t MaxHeapSize                              = 2147483648                                {product} {command line}
   size_t MaxNewSize                               = 715653120                                 {product} {ergonomic}
   size_t MinHeapDeltaBytes                        = 524288                                    {product} {ergonomic}
   size_t MinHeapSize                              = 104857600                                 {product} {command line}
   size_t NewSize                                  = 34603008                                  {product} {ergonomic}
    uintx NonNMethodCodeHeapSize                   = 7602480                                {pd product} {ergonomic}
    uintx NonProfiledCodeHeapSize                  = 122027880                              {pd product} {ergonomic}
   size_t OldSize                                  = 70254592                                  {product} {ergonomic}
    uintx ProfiledCodeHeapSize                     = 122027880                              {pd product} {ergonomic}
    uintx ReservedCodeCacheSize                    = 251658240                              {pd product} {ergonomic}
     bool SegmentedCodeCache                       = true                                      {product} {ergonomic}
   size_t SoftMaxHeapSize                          = 2147483648                             {manageable} {ergonomic}
     bool UseCompressedOops                        = true                           {product lp64_product} {ergonomic}
     bool UseLargePagesIndividualAllocation        = false                                  {pd product} {ergonomic}
     bool UseParallelGC                            = true                                      {product} {command line}

Logging:
Log output configuration:
 #0: stdout all=off uptime,level,tags foldmultilines=false
 #1: stderr all=off uptime,level,tags foldmultilines=false

Environment Variables:
JAVA_HOME=C:\Program Files\Java\jdk-24
PATH=C:\Program Files\Java\jdk-24\bin;C:\Program Files\Common Files\Oracle\Java\javapath;C:\Windows\system32;C:\Windows;C:\Windows\System32\Wbem;C:\Windows\System32\WindowsPowerShell\v1.0\;C:\Windows\System32\OpenSSH\;C:\Program Files\nodejs\;C:\Program Files\Git\cmd;C:\Program Files (x86)\Microsoft SQL Server\150\DTS\Binn\;C:\Program Files\Azure Data Studio\bin;C:\Program Files\Microsoft SQL Server\Client SDK\ODBC\170\Tools\Binn\;C:\Program Files (x86)\Microsoft SQL Server\150\Tools\Binn\;C:\Program Files\Microsoft SQL Server\150\Tools\Binn\;C:\Program Files\Microsoft SQL Server\150\DTS\Binn\;C:\php8.1.12;C:\WINDOWS\system32;C:\WINDOWS;C:\WINDOWS\System32\Wbem;C:\WINDOWS\System32\WindowsPowerShell\v1.0\;C:\WINDOWS\System32\OpenSSH\;C:\apache-maven-3.9.9\bin;;C:\Program Files\Docker\Docker\resources\bin;C:\Program Files\NVIDIA Corporation\NVIDIA App\NvDLISR;C:\Program Files (x86)\NVIDIA Corporation\PhysX\Common;C:\Users\samue\AppData\Local\Microsoft\WindowsApps;C:\Users\samue\AppData\Local\Programs\Microsoft VS Code\bin;C:\Users\samue\AppData\Roaming\npm;C:\Users\samue\AppData\Local\GitHubDesktop\bin;C:\Program Files\Azure Data Studio\bin;C:\apache-maven-3.9.9\bin;
USERNAME=samue
OS=Windows_NT
PROCESSOR_IDENTIFIER=AMD64 Family 23 Model 96 Stepping 1, AuthenticAMD
TMP=C:\Users\samue\AppData\Local\Temp
TEMP=C:\Users\samue\AppData\Local\Temp




Periodic native trim disabled

---------------  S Y S T E M  ---------------

OS:
 Windows 11 , 64 bit Build 26100 (10.0.26100.5074)
OS uptime: 1 days 8:18 hours
Hyper-V role detected

CPU: total 16 (initial active 16) (16 cores per cpu, 2 threads per core) family 23 model 96 stepping 1 microcode 0x8600103, cx8, cmov, fxsr, ht, mmx, 3dnowpref, sse, sse2, sse3, ssse3, sse4a, sse4.1, sse4.2, popcnt, lzcnt, tsc, tscinvbit, avx, avx2, aes, clmul, bmi1, bmi2, adx, sha, fma, vzeroupper, clflush, clflushopt, hv, rdtscp, rdpid, f16c
Processor Information for the first 16 processors :
  Max Mhz: 2900, Current Mhz: 2900, Mhz Limit: 2900

Memory: 4k page, system-wide physical 7549M (705M free)
TotalPageFile size 31101M (AvailPageFile size 7M)
current process WorkingSet (physical memory assigned to process): 12M, peak: 304M
current process commit charge ("private bytes"): 407M, peak: 476M

vm_info: OpenJDK 64-Bit Server VM (21.0.8+9-LTS) for windows-amd64 JRE (21.0.8+9-LTS), built on 2025-07-15T00:00:00Z by "admin" with MS VC++ 17.7 (VS2022)

END.
