#
# There is insufficient memory for the Java Runtime Environment to continue.
# Native memory allocation (malloc) failed to allocate 1135376 bytes. Error detail: Chunk::new
# Possible reasons:
#   The system is out of physical RAM or swap space
#   This process is running with CompressedOops enabled, and the Java Heap may be blocking the growth of the native heap
# Possible solutions:
#   Reduce memory load on the system
#   Increase physical memory or swap space
#   Check if swap backing store is full
#   Decrease Java heap size (-Xmx/-Xms)
#   Decrease number of Java threads
#   Decrease Java thread stack sizes (-Xss)
#   Set larger code cache with -XX:ReservedCodeCacheSize=
#   JVM is running with Unscaled Compressed Oops mode in which the Java heap is
#     placed in the first 4GB address space. The Java Heap base address is the
#     maximum limit for the native heap growth. Please use -XX:HeapBaseMinAddress
#     to set the Java Heap base and to place the Java Heap above 4GB virtual address.
# This output file may be truncated or incomplete.
#
#  Out of Memory Error (arena.cpp:168), pid=30188, tid=6004
#
# JRE version: OpenJDK Runtime Environment Temurin-21.0.8+9 (21.0.8+9) (build 21.0.8+9-LTS)
# Java VM: OpenJDK 64-Bit Server VM Temurin-21.0.8+9 (21.0.8+9-LTS, mixed mode, sharing, tiered, compressed oops, compressed class ptrs, parallel gc, windows-amd64)
# No core dump will be written. Minidumps are not enabled by default on client versions of Windows
#

---------------  S U M M A R Y ------------

Command Line: --add-modules=ALL-SYSTEM --add-opens=java.base/java.util=ALL-UNNAMED --add-opens=java.base/java.lang=ALL-UNNAMED --add-opens=java.base/sun.nio.fs=ALL-UNNAMED -Declipse.application=org.eclipse.jdt.ls.core.id1 -Dosgi.bundles.defaultStartLevel=4 -Declipse.product=org.eclipse.jdt.ls.core.product -Djava.import.generatesMetadataFilesAtProjectRoot=false -DDetectVMInstallationsJob.disabled=true -Dfile.encoding=utf8 -XX:+UseParallelGC -XX:GCTimeRatio=4 -XX:AdaptiveSizePolicyWeight=90 -Dsun.zip.disableMemoryMapping=true -Xmx2G -Xms100m -Xlog:disable -javaagent:c:\Users\samue\.vscode\extensions\redhat.java-1.44.0-win32-x64\lombok\lombok-1.18.39-4050.jar -XX:+HeapDumpOnOutOfMemoryError -XX:HeapDumpPath=c:\Users\samue\AppData\Roaming\Code\User\workspaceStorage\cdf97f8f069daa303bb81283c0c28557\redhat.java -Daether.dependencyCollector.impl=bf c:\Users\samue\.vscode\extensions\redhat.java-1.44.0-win32-x64\server\plugins\org.eclipse.equinox.launcher_1.7.0.v20250519-0528.jar -configuration c:\Users\samue\AppData\Roaming\Code\User\globalStorage\redhat.java\1.44.0\config_win -data c:\Users\samue\AppData\Roaming\Code\User\workspaceStorage\cdf97f8f069daa303bb81283c0c28557\redhat.java\jdt_ws --pipe=\\.\pipe\lsp-859432f9d92ba402ad64cd117490c6b8-sock

Host: AMD Ryzen 7 4800H with Radeon Graphics         , 16 cores, 7G,  Windows 11 , 64 bit Build 26100 (10.0.26100.4768)
Time: Sat Sep  6 16:23:07 2025 Hora oficial do Brasil elapsed time: 55.799230 seconds (0d 0h 0m 55s)

---------------  T H R E A D  ---------------

Current thread (0x0000022a614b77f0):  JavaThread "C2 CompilerThread0" daemon [_thread_in_native, id=6004, stack(0x0000007e45e00000,0x0000007e45f00000) (1024K)]


Current CompileTask:
C2:55799 13415 % !   4       org.eclipse.jdt.internal.core.JarPackageFragmentRoot::computeChildren @ 246 (605 bytes)

Stack: [0x0000007e45e00000,0x0000007e45f00000]
Native frames: (J=compiled Java code, j=interpreted, Vv=VM code, C=native code)
V  [jvm.dll+0x6d2449]
V  [jvm.dll+0x8ae341]
V  [jvm.dll+0x8b08be]
V  [jvm.dll+0x8b0fa3]
V  [jvm.dll+0x280c96]
V  [jvm.dll+0xc581d]
V  [jvm.dll+0xc5d53]
V  [jvm.dll+0x2f539d]
V  [jvm.dll+0x5fa00a]
V  [jvm.dll+0x252092]
V  [jvm.dll+0x25244f]
V  [jvm.dll+0x24ad14]
V  [jvm.dll+0x2483a4]
V  [jvm.dll+0x1c89ee]
V  [jvm.dll+0x257d4d]
V  [jvm.dll+0x2562ea]
V  [jvm.dll+0x3f2d16]
V  [jvm.dll+0x857e6b]
V  [jvm.dll+0x6d0b0d]
C  [ucrtbase.dll+0x37b0]
C  [KERNEL32.DLL+0x2e8d7]
C  [ntdll.dll+0x3c34c]


---------------  P R O C E S S  ---------------

Threads class SMR info:
_java_thread_list=0x0000022a746ada20, length=91, elements={
0x0000022a49442e30, 0x0000022a5fede490, 0x0000022a61496900, 0x0000022a61498e40,
0x0000022a6149ac00, 0x0000022a6149c4e0, 0x0000022a614a6b70, 0x0000022a614b77f0,
0x0000022a614afb60, 0x0000022a494b0910, 0x0000022a6174b270, 0x0000022a67a2ba20,
0x0000022a61629bf0, 0x0000022a67195290, 0x0000022a678b0880, 0x0000022a678699d0,
0x0000022a67f773c0, 0x0000022a671452c0, 0x0000022a67ce77d0, 0x0000022a67ce84f0,
0x0000022a67ce5700, 0x0000022a67ce5070, 0x0000022a67ce5d90, 0x0000022a67ce6420,
0x0000022a67ce6ab0, 0x0000022a6954a970, 0x0000022a69548210, 0x0000022a69549c50,
0x0000022a6954a2e0, 0x0000022a6954b000, 0x0000022a69548f30, 0x0000022a695488a0,
0x0000022a695495c0, 0x0000022a69547b80, 0x0000022a6954bd20, 0x0000022a6954b690,
0x0000022a6954eb10, 0x0000022a6954f1a0, 0x0000022a6954ca40, 0x0000022a6954c3b0,
0x0000022a6954d0d0, 0x0000022a6954d760, 0x0000022a6954ddf0, 0x0000022a6954e480,
0x0000022a6a2658b0, 0x0000022a6a265220, 0x0000022a6a265f40, 0x0000022a6a263e70,
0x0000022a6a2665d0, 0x0000022a6a2672f0, 0x0000022a6a26b490, 0x0000022a6a26a0e0,
0x0000022a6a268010, 0x0000022a6a268d30, 0x0000022a6a26ae00, 0x0000022a6a2686a0,
0x0000022a6a26a770, 0x0000022a6a2693c0, 0x0000022a6a269a50, 0x0000022a697d1960,
0x0000022a697d1ff0, 0x0000022a697d2680, 0x0000022a697d2d10, 0x0000022a697d33a0,
0x0000022a697cff20, 0x0000022a697d3a30, 0x0000022a697d05b0, 0x0000022a697d40c0,
0x0000022a697d0c40, 0x0000022a697d4750, 0x0000022a697d12d0, 0x0000022a697d4de0,
0x0000022a697d5470, 0x0000022a697d6820, 0x0000022a697d6eb0, 0x0000022a697d7540,
0x0000022a67ce7e60, 0x0000022a6afa2ed0, 0x0000022a6afa3560, 0x0000022a6afa3bf0,
0x0000022a6afa1490, 0x0000022a6afa4910, 0x0000022a6afa4fa0, 0x0000022a6afa21b0,
0x0000022a742e9ad0, 0x0000022a6afa2840, 0x0000022a6afa69e0, 0x0000022a6afa7d90,
0x0000022a6afa8420, 0x0000022a74a85ee0, 0x0000022a6afa7070
}

Java Threads: ( => current thread )
  0x0000022a49442e30 JavaThread "main"                              [_thread_blocked, id=31292, stack(0x0000007e45400000,0x0000007e45500000) (1024K)]
  0x0000022a5fede490 JavaThread "Reference Handler"          daemon [_thread_blocked, id=2224, stack(0x0000007e45800000,0x0000007e45900000) (1024K)]
  0x0000022a61496900 JavaThread "Finalizer"                  daemon [_thread_blocked, id=25204, stack(0x0000007e45900000,0x0000007e45a00000) (1024K)]
  0x0000022a61498e40 JavaThread "Signal Dispatcher"          daemon [_thread_blocked, id=27096, stack(0x0000007e45a00000,0x0000007e45b00000) (1024K)]
  0x0000022a6149ac00 JavaThread "Attach Listener"            daemon [_thread_blocked, id=27368, stack(0x0000007e45b00000,0x0000007e45c00000) (1024K)]
  0x0000022a6149c4e0 JavaThread "Service Thread"             daemon [_thread_blocked, id=5124, stack(0x0000007e45c00000,0x0000007e45d00000) (1024K)]
  0x0000022a614a6b70 JavaThread "Monitor Deflation Thread"   daemon [_thread_blocked, id=31288, stack(0x0000007e45d00000,0x0000007e45e00000) (1024K)]
=>0x0000022a614b77f0 JavaThread "C2 CompilerThread0"         daemon [_thread_in_native, id=6004, stack(0x0000007e45e00000,0x0000007e45f00000) (1024K)]
  0x0000022a614afb60 JavaThread "C1 CompilerThread0"         daemon [_thread_blocked, id=20624, stack(0x0000007e45f00000,0x0000007e46000000) (1024K)]
  0x0000022a494b0910 JavaThread "Common-Cleaner"             daemon [_thread_blocked, id=32116, stack(0x0000007e46000000,0x0000007e46100000) (1024K)]
  0x0000022a6174b270 JavaThread "Notification Thread"        daemon [_thread_blocked, id=20876, stack(0x0000007e46500000,0x0000007e46600000) (1024K)]
  0x0000022a67a2ba20 JavaThread "Active Thread: Equinox Container: d2c42f92-59c6-414f-aafe-13824d48f444"        [_thread_blocked, id=28188, stack(0x0000007e46c00000,0x0000007e46d00000) (1024K)]
  0x0000022a61629bf0 JavaThread "Refresh Thread: Equinox Container: d2c42f92-59c6-414f-aafe-13824d48f444" daemon [_thread_blocked, id=24424, stack(0x0000007e46200000,0x0000007e46300000) (1024K)]
  0x0000022a67195290 JavaThread "Framework Event Dispatcher: Equinox Container: d2c42f92-59c6-414f-aafe-13824d48f444" daemon [_thread_blocked, id=29728, stack(0x0000007e46300000,0x0000007e46400000) (1024K)]
  0x0000022a678b0880 JavaThread "Start Level: Equinox Container: d2c42f92-59c6-414f-aafe-13824d48f444" daemon [_thread_blocked, id=33696, stack(0x0000007e46100000,0x0000007e46200000) (1024K)]
  0x0000022a678699d0 JavaThread "Bundle File Closer"         daemon [_thread_blocked, id=26788, stack(0x0000007e47100000,0x0000007e47200000) (1024K)]
  0x0000022a67f773c0 JavaThread "SCR Component Actor"        daemon [_thread_blocked, id=29220, stack(0x0000007e46400000,0x0000007e46500000) (1024K)]
  0x0000022a671452c0 JavaThread "C1 CompilerThread1"         daemon [_thread_blocked, id=16752, stack(0x0000007e47200000,0x0000007e47300000) (1024K)]
  0x0000022a67ce77d0 JavaThread "Worker-JM"                         [_thread_blocked, id=25636, stack(0x0000007e47800000,0x0000007e47900000) (1024K)]
  0x0000022a67ce84f0 JavaThread "JNA Cleaner"                daemon [_thread_blocked, id=13056, stack(0x0000007e47700000,0x0000007e47800000) (1024K)]
  0x0000022a67ce5700 JavaThread "Worker-0"                          [_thread_blocked, id=6280, stack(0x0000007e47b00000,0x0000007e47c00000) (1024K)]
  0x0000022a67ce5070 JavaThread "Worker-1"                          [_thread_blocked, id=26512, stack(0x0000007e47c00000,0x0000007e47d00000) (1024K)]
  0x0000022a67ce5d90 JavaThread "Worker-2"                          [_thread_blocked, id=30952, stack(0x0000007e47d00000,0x0000007e47e00000) (1024K)]
  0x0000022a67ce6420 JavaThread "Java indexing"              daemon [_thread_in_native, id=24032, stack(0x0000007e47f00000,0x0000007e48000000) (1024K)]
  0x0000022a67ce6ab0 JavaThread "Worker-3"                          [_thread_blocked, id=22212, stack(0x0000007e48000000,0x0000007e48100000) (1024K)]
  0x0000022a6954a970 JavaThread "Worker-4"                          [_thread_blocked, id=15332, stack(0x0000007e48100000,0x0000007e48200000) (1024K)]
  0x0000022a69548210 JavaThread "Worker-5: Java indexing... "        [_thread_blocked, id=17928, stack(0x0000007e48400000,0x0000007e48500000) (1024K)]
  0x0000022a69549c50 JavaThread "Worker-6"                          [_thread_blocked, id=17012, stack(0x0000007e48500000,0x0000007e48600000) (1024K)]
  0x0000022a6954a2e0 JavaThread "Thread-2"                   daemon [_thread_in_native, id=32496, stack(0x0000007e48600000,0x0000007e48700000) (1024K)]
  0x0000022a6954b000 JavaThread "Thread-3"                   daemon [_thread_in_native, id=24236, stack(0x0000007e48700000,0x0000007e48800000) (1024K)]
  0x0000022a69548f30 JavaThread "Thread-4"                   daemon [_thread_in_native, id=2088, stack(0x0000007e48800000,0x0000007e48900000) (1024K)]
  0x0000022a695488a0 JavaThread "Thread-5"                   daemon [_thread_in_native, id=14912, stack(0x0000007e48900000,0x0000007e48a00000) (1024K)]
  0x0000022a695495c0 JavaThread "Thread-6"                   daemon [_thread_in_native, id=9916, stack(0x0000007e48a00000,0x0000007e48b00000) (1024K)]
  0x0000022a69547b80 JavaThread "Thread-7"                   daemon [_thread_in_native, id=19816, stack(0x0000007e48b00000,0x0000007e48c00000) (1024K)]
  0x0000022a6954bd20 JavaThread "Thread-8"                   daemon [_thread_in_native, id=23604, stack(0x0000007e48c00000,0x0000007e48d00000) (1024K)]
  0x0000022a6954b690 JavaThread "Thread-9"                   daemon [_thread_in_native, id=21476, stack(0x0000007e48d00000,0x0000007e48e00000) (1024K)]
  0x0000022a6954eb10 JavaThread "Thread-10"                  daemon [_thread_in_native, id=26480, stack(0x0000007e48e00000,0x0000007e48f00000) (1024K)]
  0x0000022a6954f1a0 JavaThread "Thread-11"                  daemon [_thread_in_native, id=18928, stack(0x0000007e48f00000,0x0000007e49000000) (1024K)]
  0x0000022a6954ca40 JavaThread "Thread-12"                  daemon [_thread_in_native, id=6692, stack(0x0000007e49000000,0x0000007e49100000) (1024K)]
  0x0000022a6954c3b0 JavaThread "Thread-13"                  daemon [_thread_in_native, id=31344, stack(0x0000007e49100000,0x0000007e49200000) (1024K)]
  0x0000022a6954d0d0 JavaThread "Thread-14"                  daemon [_thread_in_native, id=22756, stack(0x0000007e49200000,0x0000007e49300000) (1024K)]
  0x0000022a6954d760 JavaThread "Thread-15"                  daemon [_thread_in_native, id=22220, stack(0x0000007e49300000,0x0000007e49400000) (1024K)]
  0x0000022a6954ddf0 JavaThread "Thread-16"                  daemon [_thread_in_native, id=27256, stack(0x0000007e49400000,0x0000007e49500000) (1024K)]
  0x0000022a6954e480 JavaThread "Thread-17"                  daemon [_thread_in_native, id=30444, stack(0x0000007e49500000,0x0000007e49600000) (1024K)]
  0x0000022a6a2658b0 JavaThread "Thread-18"                  daemon [_thread_in_native, id=32248, stack(0x0000007e49600000,0x0000007e49700000) (1024K)]
  0x0000022a6a265220 JavaThread "pool-2-thread-1"                   [_thread_blocked, id=33464, stack(0x0000007e49700000,0x0000007e49800000) (1024K)]
  0x0000022a6a265f40 JavaThread "Worker-7: Publish Diagnostics"        [_thread_in_vm, id=13824, stack(0x0000007e49800000,0x0000007e49900000) (1024K)]
  0x0000022a6a263e70 JavaThread "Worker-8: Initialize workspace"        [_thread_in_Java, id=24864, stack(0x0000007e49900000,0x0000007e49a00000) (1024K)]
  0x0000022a6a2665d0 JavaThread "WorkspaceEventsHandler"            [_thread_blocked, id=28476, stack(0x0000007e49b00000,0x0000007e49c00000) (1024K)]
  0x0000022a6a2672f0 JavaThread "pool-1-thread-1"                   [_thread_blocked, id=13612, stack(0x0000007e49c00000,0x0000007e49d00000) (1024K)]
  0x0000022a6a26b490 JavaThread "LocalFile Deleter"          daemon [_thread_blocked, id=22076, stack(0x0000007e49e00000,0x0000007e49f00000) (1024K)]
  0x0000022a6a26a0e0 JavaThread "LocalFile Deleter"          daemon [_thread_blocked, id=7560, stack(0x0000007e49f00000,0x0000007e4a000000) (1024K)]
  0x0000022a6a268010 JavaThread "LocalFile Deleter"          daemon [_thread_blocked, id=25312, stack(0x0000007e4a000000,0x0000007e4a100000) (1024K)]
  0x0000022a6a268d30 JavaThread "LocalFile Deleter"          daemon [_thread_blocked, id=3332, stack(0x0000007e4a100000,0x0000007e4a200000) (1024K)]
  0x0000022a6a26ae00 JavaThread "LocalFile Deleter"          daemon [_thread_blocked, id=6296, stack(0x0000007e4a200000,0x0000007e4a300000) (1024K)]
  0x0000022a6a2686a0 JavaThread "LocalFile Deleter"          daemon [_thread_blocked, id=3140, stack(0x0000007e4a300000,0x0000007e4a400000) (1024K)]
  0x0000022a6a26a770 JavaThread "LocalFile Deleter"          daemon [_thread_blocked, id=3796, stack(0x0000007e4a400000,0x0000007e4a500000) (1024K)]
  0x0000022a6a2693c0 JavaThread "LocalFile Deleter"          daemon [_thread_blocked, id=12784, stack(0x0000007e4a500000,0x0000007e4a600000) (1024K)]
  0x0000022a6a269a50 JavaThread "LocalFile Deleter"          daemon [_thread_blocked, id=30756, stack(0x0000007e4a600000,0x0000007e4a700000) (1024K)]
  0x0000022a697d1960 JavaThread "LocalFile Deleter"          daemon [_thread_blocked, id=3164, stack(0x0000007e4a700000,0x0000007e4a800000) (1024K)]
  0x0000022a697d1ff0 JavaThread "LocalFile Deleter"          daemon [_thread_blocked, id=14840, stack(0x0000007e4a800000,0x0000007e4a900000) (1024K)]
  0x0000022a697d2680 JavaThread "LocalFile Deleter"          daemon [_thread_blocked, id=6552, stack(0x0000007e4a900000,0x0000007e4aa00000) (1024K)]
  0x0000022a697d2d10 JavaThread "LocalFile Deleter"          daemon [_thread_blocked, id=32888, stack(0x0000007e4aa00000,0x0000007e4ab00000) (1024K)]
  0x0000022a697d33a0 JavaThread "LocalFile Deleter"          daemon [_thread_blocked, id=7712, stack(0x0000007e4ab00000,0x0000007e4ac00000) (1024K)]
  0x0000022a697cff20 JavaThread "LocalFile Deleter"          daemon [_thread_blocked, id=24740, stack(0x0000007e4ac00000,0x0000007e4ad00000) (1024K)]
  0x0000022a697d3a30 JavaThread "Compiler Source File Reader" daemon [_thread_blocked, id=26464, stack(0x0000007e4ad00000,0x0000007e4ae00000) (1024K)]
  0x0000022a697d05b0 JavaThread "Compiler Source File Reader" daemon [_thread_blocked, id=34524, stack(0x0000007e4ae00000,0x0000007e4af00000) (1024K)]
  0x0000022a697d40c0 JavaThread "Compiler Source File Reader" daemon [_thread_blocked, id=26084, stack(0x0000007e4af00000,0x0000007e4b000000) (1024K)]
  0x0000022a697d0c40 JavaThread "Compiler Source File Reader" daemon [_thread_blocked, id=9976, stack(0x0000007e4b000000,0x0000007e4b100000) (1024K)]
  0x0000022a697d4750 JavaThread "Compiler Source File Reader" daemon [_thread_blocked, id=17744, stack(0x0000007e4b100000,0x0000007e4b200000) (1024K)]
  0x0000022a697d12d0 JavaThread "Compiler Source File Reader" daemon [_thread_blocked, id=22376, stack(0x0000007e4b200000,0x0000007e4b300000) (1024K)]
  0x0000022a697d4de0 JavaThread "Compiler Source File Reader" daemon [_thread_blocked, id=33756, stack(0x0000007e4b300000,0x0000007e4b400000) (1024K)]
  0x0000022a697d5470 JavaThread "Compiler Source File Reader" daemon [_thread_blocked, id=26200, stack(0x0000007e4b400000,0x0000007e4b500000) (1024K)]
  0x0000022a697d6820 JavaThread "Compiler Processing Task"   daemon [_thread_blocked, id=32304, stack(0x0000007e47300000,0x0000007e47400000) (1024K)]
  0x0000022a697d6eb0 JavaThread "Compiler Class File Writer" daemon [_thread_blocked, id=2900, stack(0x0000007e4b500000,0x0000007e4b600000) (1024K)]
  0x0000022a697d7540 JavaThread "Compiler Class File Writer" daemon [_thread_blocked, id=30224, stack(0x0000007e4b600000,0x0000007e4b700000) (1024K)]
  0x0000022a67ce7e60 JavaThread "Compiler Class File Writer" daemon [_thread_blocked, id=24324, stack(0x0000007e4b700000,0x0000007e4b800000) (1024K)]
  0x0000022a6afa2ed0 JavaThread "Compiler Class File Writer" daemon [_thread_blocked, id=11796, stack(0x0000007e4b800000,0x0000007e4b900000) (1024K)]
  0x0000022a6afa3560 JavaThread "Compiler Class File Writer" daemon [_thread_blocked, id=9156, stack(0x0000007e4b900000,0x0000007e4ba00000) (1024K)]
  0x0000022a6afa3bf0 JavaThread "Compiler Class File Writer" daemon [_thread_blocked, id=29116, stack(0x0000007e4ba00000,0x0000007e4bb00000) (1024K)]
  0x0000022a6afa1490 JavaThread "Compiler Class File Writer" daemon [_thread_blocked, id=18380, stack(0x0000007e4bb00000,0x0000007e4bc00000) (1024K)]
  0x0000022a6afa4910 JavaThread "Compiler Class File Writer" daemon [_thread_blocked, id=29896, stack(0x0000007e4bc00000,0x0000007e4bd00000) (1024K)]
  0x0000022a6afa4fa0 JavaThread "Compiler Source File Reader" daemon [_thread_blocked, id=26236, stack(0x0000007e4bd00000,0x0000007e4be00000) (1024K)]
  0x0000022a6afa21b0 JavaThread "Compiler Class File Writer" daemon [_thread_blocked, id=25444, stack(0x0000007e4be00000,0x0000007e4bf00000) (1024K)]
  0x0000022a742e9ad0 JavaThread "C2 CompilerThread1"         daemon [_thread_in_native, id=32676, stack(0x0000007e47600000,0x0000007e47700000) (1024K)]
  0x0000022a6afa2840 JavaThread "ForkJoinPool.commonPool-worker-1" daemon [_thread_in_vm, id=18408, stack(0x0000007e47e00000,0x0000007e47f00000) (1024K)]
  0x0000022a6afa69e0 JavaThread "ForkJoinPool.commonPool-worker-2" daemon [_thread_blocked, id=33584, stack(0x0000007e49d00000,0x0000007e49e00000) (1024K)]
  0x0000022a6afa7d90 JavaThread "ForkJoinPool.commonPool-worker-3" daemon [_thread_blocked, id=34464, stack(0x0000007e4bf00000,0x0000007e4c000000) (1024K)]
  0x0000022a6afa8420 JavaThread "ForkJoinPool.commonPool-worker-4" daemon [_thread_blocked, id=2032, stack(0x0000007e4c000000,0x0000007e4c100000) (1024K)]
  0x0000022a74a85ee0 JavaThread "C2 CompilerThread2"         daemon [_thread_in_native, id=11204, stack(0x0000007e47900000,0x0000007e47a00000) (1024K)]
  0x0000022a6afa7070 JavaThread "ForkJoinPool.commonPool-worker-5" daemon [_thread_blocked, id=28772, stack(0x0000007e47500000,0x0000007e47600000) (1024K)]
Total: 91

Other Threads:
  0x0000022a494fe910 VMThread "VM Thread"                           [id=33184, stack(0x0000007e45700000,0x0000007e45800000) (1024K)]
  0x0000022a5fdbca00 WatcherThread "VM Periodic Task Thread"        [id=31416, stack(0x0000007e45600000,0x0000007e45700000) (1024K)]
  0x0000022a49461590 WorkerThread "GC Thread#0"                     [id=33120, stack(0x0000007e45500000,0x0000007e45600000) (1024K)]
  0x0000022a6799db40 WorkerThread "GC Thread#1"                     [id=21740, stack(0x0000007e46600000,0x0000007e46700000) (1024K)]
  0x0000022a674c3be0 WorkerThread "GC Thread#2"                     [id=6676, stack(0x0000007e46700000,0x0000007e46800000) (1024K)]
  0x0000022a674c3f80 WorkerThread "GC Thread#3"                     [id=35708, stack(0x0000007e46800000,0x0000007e46900000) (1024K)]
  0x0000022a674c4320 WorkerThread "GC Thread#4"                     [id=13348, stack(0x0000007e46900000,0x0000007e46a00000) (1024K)]
  0x0000022a6797a470 WorkerThread "GC Thread#5"                     [id=23420, stack(0x0000007e46a00000,0x0000007e46b00000) (1024K)]
  0x0000022a67490060 WorkerThread "GC Thread#6"                     [id=28236, stack(0x0000007e46b00000,0x0000007e46c00000) (1024K)]
  0x0000022a678bb250 WorkerThread "GC Thread#7"                     [id=13044, stack(0x0000007e46d00000,0x0000007e46e00000) (1024K)]
  0x0000022a68030480 WorkerThread "GC Thread#8"                     [id=25236, stack(0x0000007e46e00000,0x0000007e46f00000) (1024K)]
  0x0000022a677cdbb0 WorkerThread "GC Thread#9"                     [id=14364, stack(0x0000007e46f00000,0x0000007e47000000) (1024K)]
  0x0000022a677cd810 WorkerThread "GC Thread#10"                    [id=9108, stack(0x0000007e47000000,0x0000007e47100000) (1024K)]
  0x0000022a677cea30 WorkerThread "GC Thread#11"                    [id=19308, stack(0x0000007e47400000,0x0000007e47500000) (1024K)]
  0x0000022a677cd470 WorkerThread "GC Thread#12"                    [id=32188, stack(0x0000007e47a00000,0x0000007e47b00000) (1024K)]
Total: 15

Threads with active compile tasks:
C2 CompilerThread0  55837 13415 % !   4       org.eclipse.jdt.internal.core.JarPackageFragmentRoot::computeChildren @ 246 (605 bytes)
C2 CompilerThread1  55837 13433 % !   4       org.eclipse.jdt.internal.compiler.classfmt.ClassFileReader::<init> @ 81 (1968 bytes)
C2 CompilerThread2  55837 13487   !   4       org.eclipse.jdt.internal.core.util.DeduplicationUtil::intern (149 bytes)
Total: 3

VM state: not at safepoint (normal execution)

VM Mutex/Monitor currently owned by a thread: None

Heap address: 0x0000000080000000, size: 2048 MB, Compressed Oops mode: 32-bit

CDS archive(s) mapped at: [0x0000022a00000000-0x0000022a00ba0000-0x0000022a00ba0000), size 12189696, SharedBaseAddress: 0x0000022a00000000, ArchiveRelocationMode: 1.
Compressed class space mapped at: 0x0000022a01000000-0x0000022a41000000, reserved size: 1073741824
Narrow klass base: 0x0000022a00000000, Narrow klass shift: 0, Narrow klass range: 0x100000000

GC Precious Log:
 CardTable entry size: 512
 CPUs: 16 total, 16 available
 Memory: 7549M
 Large Page Support: Disabled
 NUMA Support: Disabled
 Compressed Oops: Enabled (32-bit)
 Alignments: Space 512K, Generation 512K, Heap 2M
 Heap Min Capacity: 100M
 Heap Initial Capacity: 100M
 Heap Max Capacity: 2G
 Pre-touch: Disabled
 Parallel Workers: 13

Heap:
 PSYoungGen      total 30208K, used 27477K [0x00000000d5580000, 0x00000000d7980000, 0x0000000100000000)
  eden space 28672K, 92% used [0x00000000d5580000,0x00000000d6f85440,0x00000000d7180000)
  from space 1536K, 54% used [0x00000000d7180000,0x00000000d7250000,0x00000000d7300000)
  to   space 1024K, 0% used [0x00000000d7880000,0x00000000d7880000,0x00000000d7980000)
 ParOldGen       total 651264K, used 650827K [0x0000000080000000, 0x00000000a7c00000, 0x00000000d5580000)
  object space 651264K, 99% used [0x0000000080000000,0x00000000a7b92f30,0x00000000a7c00000)
 Metaspace       used 69888K, committed 71424K, reserved 1114112K
  class space    used 7365K, committed 8000K, reserved 1048576K

Card table byte_map: [0x0000022a48de0000,0x0000022a491f0000] _byte_map_base: 0x0000022a489e0000

Marking Bits: (ParMarkBitMap*) 0x00007ffab09ea340
 Begin Bits: [0x0000022a5b8e0000, 0x0000022a5d8e0000)
 End Bits:   [0x0000022a5d8e0000, 0x0000022a5f8e0000)

Polling page: 0x0000022a472d0000

Metaspace:

Usage:
  Non-class:     61.06 MB used.
      Class:      7.19 MB used.
       Both:     68.25 MB used.

Virtual space:
  Non-class space:       64.00 MB reserved,      61.94 MB ( 97%) committed,  1 nodes.
      Class space:        1.00 GB reserved,       7.81 MB ( <1%) committed,  1 nodes.
             Both:        1.06 GB reserved,      69.75 MB (  6%) committed. 

Chunk freelists:
   Non-Class:  2.05 MB
       Class:  8.00 MB
        Both:  10.05 MB

MaxMetaspaceSize: unlimited
CompressedClassSpaceSize: 1.00 GB
Initial GC threshold: 21.00 MB
Current GC threshold: 97.31 MB
CDS: on
 - commit_granule_bytes: 65536.
 - commit_granule_words: 8192.
 - virtual_space_node_default_size: 8388608.
 - enlarge_chunks_in_place: 1.
 - use_allocation_guard: 0.


Internal statistics:

num_allocs_failed_limit: 17.
num_arena_births: 1222.
num_arena_deaths: 14.
num_vsnodes_births: 2.
num_vsnodes_deaths: 0.
num_space_committed: 1116.
num_space_uncommitted: 0.
num_chunks_returned_to_freelist: 31.
num_chunks_taken_from_freelist: 4492.
num_chunk_merges: 9.
num_chunk_splits: 2647.
num_chunks_enlarged: 1334.
num_inconsistent_stats: 0.

CodeHeap 'non-profiled nmethods': size=119168Kb used=8951Kb max_used=8951Kb free=110216Kb
 bounds [0x0000022a541d0000, 0x0000022a54a90000, 0x0000022a5b630000]
CodeHeap 'profiled nmethods': size=119104Kb used=28611Kb max_used=28611Kb free=90492Kb
 bounds [0x0000022a4c630000, 0x0000022a4e230000, 0x0000022a53a80000]
CodeHeap 'non-nmethods': size=7488Kb used=2047Kb max_used=3264Kb free=5440Kb
 bounds [0x0000022a53a80000, 0x0000022a53dc0000, 0x0000022a541d0000]
CodeCache: size=245760Kb, used=39609Kb, max_used=40826Kb, free=206148Kb
 total_blobs=13532, nmethods=12726, adapters=710, full_count=0
Compilation: enabled, stopped_count=0, restarted_count=0

Compilation events (20 events):
Event: 54.764 Thread 0x0000022a671452c0 13555       2       org.eclipse.jdt.internal.core.PackageFragmentRoot::buildStructure (21 bytes)
Event: 54.764 Thread 0x0000022a614afb60 13554       2       org.eclipse.jdt.internal.core.PackageFragmentRoot::validateExistence (33 bytes)
Event: 54.764 Thread 0x0000022a671452c0 nmethod 13555 0x0000022a4e20c010 code [0x0000022a4e20c1c0, 0x0000022a4e20c398]
Event: 54.764 Thread 0x0000022a614afb60 nmethod 13554 0x0000022a4e20c510 code [0x0000022a4e20c700, 0x0000022a4e20c9b0]
Event: 54.764 Thread 0x0000022a671452c0 13556   !   2       org.eclipse.jdt.internal.core.PackageFragmentRoot::validateOnClasspath (42 bytes)
Event: 54.765 Thread 0x0000022a671452c0 nmethod 13556 0x0000022a4e20cb10 code [0x0000022a4e20cd00, 0x0000022a4e20d128]
Event: 54.766 Thread 0x0000022a671452c0 13558       2       org.eclipse.jdt.internal.core.ElementCache::ensureSpaceLimit (51 bytes)
Event: 54.766 Thread 0x0000022a614afb60 13559       2       org.eclipse.jdt.internal.core.JarPackageFragmentRoot::createElementInfo (5 bytes)
Event: 54.766 Thread 0x0000022a671452c0 nmethod 13558 0x0000022a4e20d390 code [0x0000022a4e20d580, 0x0000022a4e20d7e0]
Event: 54.766 Thread 0x0000022a671452c0 13560       2       org.eclipse.jdt.internal.core.JarPackageFragmentRoot::createElementInfo (8 bytes)
Event: 54.767 Thread 0x0000022a614afb60 nmethod 13559 0x0000022a4e20d990 code [0x0000022a4e20db20, 0x0000022a4e20dcc8]
Event: 54.767 Thread 0x0000022a671452c0 nmethod 13560 0x0000022a4e20de10 code [0x0000022a4e20dfa0, 0x0000022a4e20e148]
Event: 54.768 Thread 0x0000022a614afb60 13561       2       org.eclipse.jdt.internal.core.JarPackageFragmentRoot::resourceExists (25 bytes)
Event: 54.768 Thread 0x0000022a614afb60 nmethod 13561 0x0000022a4e20e210 code [0x0000022a4e20e400, 0x0000022a4e20e6b8]
Event: 54.771 Thread 0x0000022a614afb60 13562       2       java.util.jar.JarFile::getVersionedEntry (133 bytes)
Event: 54.772 Thread 0x0000022a614afb60 nmethod 13562 0x0000022a4e20e890 code [0x0000022a4e20eae0, 0x0000022a4e20f118]
Event: 54.782 Thread 0x0000022a614afb60 13563       2       java.util.Collections$EmptyList::toArray (5 bytes)
Event: 54.782 Thread 0x0000022a614afb60 nmethod 13563 0x0000022a4e20f590 code [0x0000022a4e20f720, 0x0000022a4e20f8c0]
Event: 54.786 Thread 0x0000022a614afb60 13564       3       org.eclipse.jdt.internal.core.JavaElement::getAncestor (30 bytes)
Event: 55.794 Thread 0x0000022a614afb60 nmethod 13564 0x0000022a4e20f990 code [0x0000022a4e20fb60, 0x0000022a4e210010]

GC Heap History (20 events):
Event: 49.589 GC heap after
{Heap after GC invocations=1095 (full 3):
 PSYoungGen      total 17408K, used 352K [0x00000000d5580000, 0x00000000d6780000, 0x0000000100000000)
  eden space 16896K, 0% used [0x00000000d5580000,0x00000000d5580000,0x00000000d6600000)
  from space 512K, 68% used [0x00000000d6700000,0x00000000d6758000,0x00000000d6780000)
  to   space 512K, 0% used [0x00000000d6680000,0x00000000d6680000,0x00000000d6700000)
 ParOldGen       total 645120K, used 645084K [0x0000000080000000, 0x00000000a7600000, 0x00000000d5580000)
  object space 645120K, 99% used [0x0000000080000000,0x00000000a75f7018,0x00000000a7600000)
 Metaspace       used 69779K, committed 71296K, reserved 1114112K
  class space    used 7352K, committed 8000K, reserved 1048576K
}
Event: 49.604 GC heap before
{Heap before GC invocations=1096 (full 3):
 PSYoungGen      total 17408K, used 17248K [0x00000000d5580000, 0x00000000d6780000, 0x0000000100000000)
  eden space 16896K, 100% used [0x00000000d5580000,0x00000000d6600000,0x00000000d6600000)
  from space 512K, 68% used [0x00000000d6700000,0x00000000d6758000,0x00000000d6780000)
  to   space 512K, 0% used [0x00000000d6680000,0x00000000d6680000,0x00000000d6700000)
 ParOldGen       total 645120K, used 645084K [0x0000000080000000, 0x00000000a7600000, 0x00000000d5580000)
  object space 645120K, 99% used [0x0000000080000000,0x00000000a75f7018,0x00000000a7600000)
 Metaspace       used 69780K, committed 71296K, reserved 1114112K
  class space    used 7352K, committed 8000K, reserved 1048576K
}
Event: 49.606 GC heap after
{Heap after GC invocations=1096 (full 3):
 PSYoungGen      total 17408K, used 512K [0x00000000d5580000, 0x00000000d6800000, 0x0000000100000000)
  eden space 16896K, 0% used [0x00000000d5580000,0x00000000d5580000,0x00000000d6600000)
  from space 512K, 100% used [0x00000000d6680000,0x00000000d6700000,0x00000000d6700000)
  to   space 1024K, 0% used [0x00000000d6700000,0x00000000d6700000,0x00000000d6800000)
 ParOldGen       total 645632K, used 645417K [0x0000000080000000, 0x00000000a7680000, 0x00000000d5580000)
  object space 645632K, 99% used [0x0000000080000000,0x00000000a764a620,0x00000000a7680000)
 Metaspace       used 69780K, committed 71296K, reserved 1114112K
  class space    used 7352K, committed 8000K, reserved 1048576K
}
Event: 49.630 GC heap before
{Heap before GC invocations=1097 (full 3):
 PSYoungGen      total 17408K, used 17408K [0x00000000d5580000, 0x00000000d6800000, 0x0000000100000000)
  eden space 16896K, 100% used [0x00000000d5580000,0x00000000d6600000,0x00000000d6600000)
  from space 512K, 100% used [0x00000000d6680000,0x00000000d6700000,0x00000000d6700000)
  to   space 1024K, 0% used [0x00000000d6700000,0x00000000d6700000,0x00000000d6800000)
 ParOldGen       total 645632K, used 645417K [0x0000000080000000, 0x00000000a7680000, 0x00000000d5580000)
  object space 645632K, 99% used [0x0000000080000000,0x00000000a764a620,0x00000000a7680000)
 Metaspace       used 69780K, committed 71296K, reserved 1114112K
  class space    used 7352K, committed 8000K, reserved 1048576K
}
Event: 49.633 GC heap after
{Heap after GC invocations=1097 (full 3):
 PSYoungGen      total 17920K, used 544K [0x00000000d5580000, 0x00000000d6800000, 0x0000000100000000)
  eden space 16896K, 0% used [0x00000000d5580000,0x00000000d5580000,0x00000000d6600000)
  from space 1024K, 53% used [0x00000000d6700000,0x00000000d6788000,0x00000000d6800000)
  to   space 1024K, 0% used [0x00000000d6600000,0x00000000d6600000,0x00000000d6700000)
 ParOldGen       total 646144K, used 645801K [0x0000000080000000, 0x00000000a7700000, 0x00000000d5580000)
  object space 646144K, 99% used [0x0000000080000000,0x00000000a76aa620,0x00000000a7700000)
 Metaspace       used 69780K, committed 71296K, reserved 1114112K
  class space    used 7352K, committed 8000K, reserved 1048576K
}
Event: 49.648 GC heap before
{Heap before GC invocations=1098 (full 3):
 PSYoungGen      total 17920K, used 17440K [0x00000000d5580000, 0x00000000d6800000, 0x0000000100000000)
  eden space 16896K, 100% used [0x00000000d5580000,0x00000000d6600000,0x00000000d6600000)
  from space 1024K, 53% used [0x00000000d6700000,0x00000000d6788000,0x00000000d6800000)
  to   space 1024K, 0% used [0x00000000d6600000,0x00000000d6600000,0x00000000d6700000)
 ParOldGen       total 646144K, used 645801K [0x0000000080000000, 0x00000000a7700000, 0x00000000d5580000)
  object space 646144K, 99% used [0x0000000080000000,0x00000000a76aa620,0x00000000a7700000)
 Metaspace       used 69783K, committed 71296K, reserved 1114112K
  class space    used 7352K, committed 8000K, reserved 1048576K
}
Event: 49.650 GC heap after
{Heap after GC invocations=1098 (full 3):
 PSYoungGen      total 17920K, used 512K [0x00000000d5580000, 0x00000000d6800000, 0x0000000100000000)
  eden space 16896K, 0% used [0x00000000d5580000,0x00000000d5580000,0x00000000d6600000)
  from space 1024K, 50% used [0x00000000d6600000,0x00000000d6680000,0x00000000d6700000)
  to   space 1024K, 0% used [0x00000000d6700000,0x00000000d6700000,0x00000000d6800000)
 ParOldGen       total 646144K, used 646009K [0x0000000080000000, 0x00000000a7700000, 0x00000000d5580000)
  object space 646144K, 99% used [0x0000000080000000,0x00000000a76de620,0x00000000a7700000)
 Metaspace       used 69783K, committed 71296K, reserved 1114112K
  class space    used 7352K, committed 8000K, reserved 1048576K
}
Event: 49.657 GC heap before
{Heap before GC invocations=1099 (full 3):
 PSYoungGen      total 17920K, used 17408K [0x00000000d5580000, 0x00000000d6800000, 0x0000000100000000)
  eden space 16896K, 100% used [0x00000000d5580000,0x00000000d6600000,0x00000000d6600000)
  from space 1024K, 50% used [0x00000000d6600000,0x00000000d6680000,0x00000000d6700000)
  to   space 1024K, 0% used [0x00000000d6700000,0x00000000d6700000,0x00000000d6800000)
 ParOldGen       total 646144K, used 646009K [0x0000000080000000, 0x00000000a7700000, 0x00000000d5580000)
  object space 646144K, 99% used [0x0000000080000000,0x00000000a76de620,0x00000000a7700000)
 Metaspace       used 69783K, committed 71296K, reserved 1114112K
  class space    used 7352K, committed 8000K, reserved 1048576K
}
Event: 49.660 GC heap after
{Heap after GC invocations=1099 (full 3):
 PSYoungGen      total 17408K, used 480K [0x00000000d5580000, 0x00000000d6780000, 0x0000000100000000)
  eden space 16896K, 0% used [0x00000000d5580000,0x00000000d5580000,0x00000000d6600000)
  from space 512K, 93% used [0x00000000d6700000,0x00000000d6778000,0x00000000d6780000)
  to   space 512K, 0% used [0x00000000d6680000,0x00000000d6680000,0x00000000d6700000)
 ParOldGen       total 646656K, used 646401K [0x0000000080000000, 0x00000000a7780000, 0x00000000d5580000)
  object space 646656K, 99% used [0x0000000080000000,0x00000000a7740620,0x00000000a7780000)
 Metaspace       used 69783K, committed 71296K, reserved 1114112K
  class space    used 7352K, committed 8000K, reserved 1048576K
}
Event: 49.671 GC heap before
{Heap before GC invocations=1100 (full 3):
 PSYoungGen      total 17408K, used 17376K [0x00000000d5580000, 0x00000000d6780000, 0x0000000100000000)
  eden space 16896K, 100% used [0x00000000d5580000,0x00000000d6600000,0x00000000d6600000)
  from space 512K, 93% used [0x00000000d6700000,0x00000000d6778000,0x00000000d6780000)
  to   space 512K, 0% used [0x00000000d6680000,0x00000000d6680000,0x00000000d6700000)
 ParOldGen       total 646656K, used 646401K [0x0000000080000000, 0x00000000a7780000, 0x00000000d5580000)
  object space 646656K, 99% used [0x0000000080000000,0x00000000a7740620,0x00000000a7780000)
 Metaspace       used 69784K, committed 71296K, reserved 1114112K
  class space    used 7352K, committed 8000K, reserved 1048576K
}
Event: 50.673 GC heap after
{Heap after GC invocations=1100 (full 3):
 PSYoungGen      total 17920K, used 500K [0x00000000d5580000, 0x00000000d6b80000, 0x0000000100000000)
  eden space 17408K, 0% used [0x00000000d5580000,0x00000000d5580000,0x00000000d6680000)
  from space 512K, 97% used [0x00000000d6680000,0x00000000d66fd200,0x00000000d6700000)
  to   space 1024K, 0% used [0x00000000d6a80000,0x00000000d6a80000,0x00000000d6b80000)
 ParOldGen       total 647168K, used 646785K [0x0000000080000000, 0x00000000a7800000, 0x00000000d5580000)
  object space 647168K, 99% used [0x0000000080000000,0x00000000a77a0620,0x00000000a7800000)
 Metaspace       used 69784K, committed 71296K, reserved 1114112K
  class space    used 7352K, committed 8000K, reserved 1048576K
}
Event: 50.682 GC heap before
{Heap before GC invocations=1101 (full 3):
 PSYoungGen      total 17920K, used 17908K [0x00000000d5580000, 0x00000000d6b80000, 0x0000000100000000)
  eden space 17408K, 100% used [0x00000000d5580000,0x00000000d6680000,0x00000000d6680000)
  from space 512K, 97% used [0x00000000d6680000,0x00000000d66fd200,0x00000000d6700000)
  to   space 1024K, 0% used [0x00000000d6a80000,0x00000000d6a80000,0x00000000d6b80000)
 ParOldGen       total 647168K, used 646785K [0x0000000080000000, 0x00000000a7800000, 0x00000000d5580000)
  object space 647168K, 99% used [0x0000000080000000,0x00000000a77a0620,0x00000000a7800000)
 Metaspace       used 69810K, committed 71360K, reserved 1114112K
  class space    used 7352K, committed 8000K, reserved 1048576K
}
Event: 50.684 GC heap after
{Heap after GC invocations=1101 (full 3):
 PSYoungGen      total 21504K, used 672K [0x00000000d5580000, 0x00000000d6c00000, 0x0000000100000000)
  eden space 20480K, 0% used [0x00000000d5580000,0x00000000d5580000,0x00000000d6980000)
  from space 1024K, 65% used [0x00000000d6a80000,0x00000000d6b28000,0x00000000d6b80000)
  to   space 1024K, 0% used [0x00000000d6980000,0x00000000d6980000,0x00000000d6a80000)
 ParOldGen       total 647680K, used 647214K [0x0000000080000000, 0x00000000a7880000, 0x00000000d5580000)
  object space 647680K, 99% used [0x0000000080000000,0x00000000a780b820,0x00000000a7880000)
 Metaspace       used 69810K, committed 71360K, reserved 1114112K
  class space    used 7352K, committed 8000K, reserved 1048576K
}
Event: 50.695 GC heap before
{Heap before GC invocations=1102 (full 3):
 PSYoungGen      total 21504K, used 21152K [0x00000000d5580000, 0x00000000d6c00000, 0x0000000100000000)
  eden space 20480K, 100% used [0x00000000d5580000,0x00000000d6980000,0x00000000d6980000)
  from space 1024K, 65% used [0x00000000d6a80000,0x00000000d6b28000,0x00000000d6b80000)
  to   space 1024K, 0% used [0x00000000d6980000,0x00000000d6980000,0x00000000d6a80000)
 ParOldGen       total 647680K, used 647214K [0x0000000080000000, 0x00000000a7880000, 0x00000000d5580000)
  object space 647680K, 99% used [0x0000000080000000,0x00000000a780b820,0x00000000a7880000)
 Metaspace       used 69813K, committed 71360K, reserved 1114112K
  class space    used 7352K, committed 8000K, reserved 1048576K
}
Event: 50.697 GC heap after
{Heap after GC invocations=1102 (full 3):
 PSYoungGen      total 21504K, used 795K [0x00000000d5580000, 0x00000000d6f80000, 0x0000000100000000)
  eden space 20480K, 0% used [0x00000000d5580000,0x00000000d5580000,0x00000000d6980000)
  from space 1024K, 77% used [0x00000000d6980000,0x00000000d6a46c08,0x00000000d6a80000)
  to   space 1024K, 0% used [0x00000000d6e80000,0x00000000d6e80000,0x00000000d6f80000)
 ParOldGen       total 647680K, used 647446K [0x0000000080000000, 0x00000000a7880000, 0x00000000d5580000)
  object space 647680K, 99% used [0x0000000080000000,0x00000000a7845820,0x00000000a7880000)
 Metaspace       used 69813K, committed 71360K, reserved 1114112K
  class space    used 7352K, committed 8000K, reserved 1048576K
}
Event: 50.710 GC heap before
{Heap before GC invocations=1103 (full 3):
 PSYoungGen      total 21504K, used 21275K [0x00000000d5580000, 0x00000000d6f80000, 0x0000000100000000)
  eden space 20480K, 100% used [0x00000000d5580000,0x00000000d6980000,0x00000000d6980000)
  from space 1024K, 77% used [0x00000000d6980000,0x00000000d6a46c08,0x00000000d6a80000)
  to   space 1024K, 0% used [0x00000000d6e80000,0x00000000d6e80000,0x00000000d6f80000)
 ParOldGen       total 647680K, used 647446K [0x0000000080000000, 0x00000000a7880000, 0x00000000d5580000)
  object space 647680K, 99% used [0x0000000080000000,0x00000000a7845820,0x00000000a7880000)
 Metaspace       used 69814K, committed 71360K, reserved 1114112K
  class space    used 7352K, committed 8000K, reserved 1048576K
}
Event: 54.753 GC heap after
{Heap after GC invocations=1103 (full 3):
 PSYoungGen      total 24576K, used 1024K [0x00000000d5580000, 0x00000000d7180000, 0x0000000100000000)
  eden space 23552K, 0% used [0x00000000d5580000,0x00000000d5580000,0x00000000d6c80000)
  from space 1024K, 100% used [0x00000000d6e80000,0x00000000d6f80000,0x00000000d6f80000)
  to   space 2048K, 0% used [0x00000000d6c80000,0x00000000d6c80000,0x00000000d6e80000)
 ParOldGen       total 648192K, used 648068K [0x0000000080000000, 0x00000000a7900000, 0x00000000d5580000)
  object space 648192K, 99% used [0x0000000080000000,0x00000000a78e1028,0x00000000a7900000)
 Metaspace       used 69814K, committed 71360K, reserved 1114112K
  class space    used 7352K, committed 8000K, reserved 1048576K
}
Event: 54.772 GC heap before
{Heap before GC invocations=1104 (full 3):
 PSYoungGen      total 24576K, used 24576K [0x00000000d5580000, 0x00000000d7180000, 0x0000000100000000)
  eden space 23552K, 100% used [0x00000000d5580000,0x00000000d6c80000,0x00000000d6c80000)
  from space 1024K, 100% used [0x00000000d6e80000,0x00000000d6f80000,0x00000000d6f80000)
  to   space 2048K, 0% used [0x00000000d6c80000,0x00000000d6c80000,0x00000000d6e80000)
 ParOldGen       total 648192K, used 648068K [0x0000000080000000, 0x00000000a7900000, 0x00000000d5580000)
  object space 648192K, 99% used [0x0000000080000000,0x00000000a78e1028,0x00000000a7900000)
 Metaspace       used 69821K, committed 71360K, reserved 1114112K
  class space    used 7352K, committed 8000K, reserved 1048576K
}
Event: 54.774 GC heap after
{Heap after GC invocations=1104 (full 3):
 PSYoungGen      total 25600K, used 1324K [0x00000000d5580000, 0x00000000d7480000, 0x0000000100000000)
  eden space 23552K, 0% used [0x00000000d5580000,0x00000000d5580000,0x00000000d6c80000)
  from space 2048K, 64% used [0x00000000d6c80000,0x00000000d6dcb008,0x00000000d6e80000)
  to   space 1536K, 0% used [0x00000000d7300000,0x00000000d7300000,0x00000000d7480000)
 ParOldGen       total 649216K, used 648908K [0x0000000080000000, 0x00000000a7a00000, 0x00000000d5580000)
  object space 649216K, 99% used [0x0000000080000000,0x00000000a79b3028,0x00000000a7a00000)
 Metaspace       used 69821K, committed 71360K, reserved 1114112K
  class space    used 7352K, committed 8000K, reserved 1048576K
}
Event: 55.794 GC heap before
{Heap before GC invocations=1105 (full 3):
 PSYoungGen      total 25600K, used 24876K [0x00000000d5580000, 0x00000000d7480000, 0x0000000100000000)
  eden space 23552K, 100% used [0x00000000d5580000,0x00000000d6c80000,0x00000000d6c80000)
  from space 2048K, 64% used [0x00000000d6c80000,0x00000000d6dcb008,0x00000000d6e80000)
  to   space 1536K, 0% used [0x00000000d7300000,0x00000000d7300000,0x00000000d7480000)
 ParOldGen       total 649216K, used 648949K [0x0000000080000000, 0x00000000a7a00000, 0x00000000d5580000)
  object space 649216K, 99% used [0x0000000080000000,0x00000000a79bd6a8,0x00000000a7a00000)
 Metaspace       used 69821K, committed 71360K, reserved 1114112K
  class space    used 7352K, committed 8000K, reserved 1048576K
}

Dll operation events (12 events):
Event: 0.054 Loaded shared library c:\Users\samue\.vscode\extensions\redhat.java-1.44.0-win32-x64\jre\21.0.8-win32-x86_64\bin\java.dll
Event: 0.198 Loaded shared library c:\Users\samue\.vscode\extensions\redhat.java-1.44.0-win32-x64\jre\21.0.8-win32-x86_64\bin\zip.dll
Event: 0.230 Loaded shared library C:\Users\samue\.vscode\extensions\redhat.java-1.44.0-win32-x64\jre\21.0.8-win32-x86_64\bin\instrument.dll
Event: 0.238 Loaded shared library C:\Users\samue\.vscode\extensions\redhat.java-1.44.0-win32-x64\jre\21.0.8-win32-x86_64\bin\net.dll
Event: 0.241 Loaded shared library C:\Users\samue\.vscode\extensions\redhat.java-1.44.0-win32-x64\jre\21.0.8-win32-x86_64\bin\nio.dll
Event: 0.247 Loaded shared library C:\Users\samue\.vscode\extensions\redhat.java-1.44.0-win32-x64\jre\21.0.8-win32-x86_64\bin\zip.dll
Event: 0.270 Loaded shared library C:\Users\samue\.vscode\extensions\redhat.java-1.44.0-win32-x64\jre\21.0.8-win32-x86_64\bin\jimage.dll
Event: 0.374 Loaded shared library c:\Users\samue\.vscode\extensions\redhat.java-1.44.0-win32-x64\jre\21.0.8-win32-x86_64\bin\verify.dll
Event: 12.035 Loaded shared library C:\Users\samue\AppData\Roaming\Code\User\globalStorage\redhat.java\1.44.0\config_win\org.eclipse.equinox.launcher\org.eclipse.equinox.launcher.win32.win32.x86_64_1.2.1400.v20250730-1736\eclipse_11913.dll
Event: 23.062 Loaded shared library C:\Users\samue\AppData\Local\Temp\jna-109203119\jna1901391017909278189.dll
Event: 25.339 Loaded shared library C:\Users\samue\.vscode\extensions\redhat.java-1.44.0-win32-x64\jre\21.0.8-win32-x86_64\bin\sunmscapi.dll
Event: 25.539 Loaded shared library C:\Users\samue\.vscode\extensions\redhat.java-1.44.0-win32-x64\jre\21.0.8-win32-x86_64\bin\extnet.dll

Deoptimization events (20 events):
Event: 49.583 Thread 0x0000022a6a263e70 DEOPT PACKING pc=0x0000022a54348bbc sp=0x0000007e499fe710
Event: 49.583 Thread 0x0000022a6a263e70 DEOPT UNPACKING pc=0x0000022a53ad3aa2 sp=0x0000007e499fe700 mode 2
Event: 49.615 Thread 0x0000022a6a263e70 Uncommon trap: trap_request=0xffffffbe fr.pc=0x0000022a54a84740 relative=0x0000000000002d80
Event: 49.615 Thread 0x0000022a6a263e70 Uncommon trap: reason=profile_predicate action=maybe_recompile pc=0x0000022a54a84740 method=org.eclipse.jdt.internal.core.util.DeduplicationUtil.intern(Ljava/util/List;)Ljava/util/List; @ 127 c2
Event: 49.615 Thread 0x0000022a6a263e70 DEOPT PACKING pc=0x0000022a54a84740 sp=0x0000007e499fdcd0
Event: 49.615 Thread 0x0000022a6a263e70 DEOPT UNPACKING pc=0x0000022a53ad3aa2 sp=0x0000007e499fdc98 mode 2
Event: 49.615 Thread 0x0000022a6a263e70 Uncommon trap: trap_request=0xffffffbe fr.pc=0x0000022a54a84740 relative=0x0000000000002d80
Event: 49.615 Thread 0x0000022a6a263e70 Uncommon trap: reason=profile_predicate action=maybe_recompile pc=0x0000022a54a84740 method=org.eclipse.jdt.internal.core.util.DeduplicationUtil.intern(Ljava/util/List;)Ljava/util/List; @ 127 c2
Event: 49.615 Thread 0x0000022a6a263e70 DEOPT PACKING pc=0x0000022a54a84740 sp=0x0000007e499fdcd0
Event: 49.615 Thread 0x0000022a6a263e70 DEOPT UNPACKING pc=0x0000022a53ad3aa2 sp=0x0000007e499fdc98 mode 2
Event: 49.615 Thread 0x0000022a6a263e70 Uncommon trap: trap_request=0xffffffbe fr.pc=0x0000022a54a84740 relative=0x0000000000002d80
Event: 49.615 Thread 0x0000022a6a263e70 Uncommon trap: reason=profile_predicate action=maybe_recompile pc=0x0000022a54a84740 method=org.eclipse.jdt.internal.core.util.DeduplicationUtil.intern(Ljava/util/List;)Ljava/util/List; @ 127 c2
Event: 49.615 Thread 0x0000022a6a263e70 DEOPT PACKING pc=0x0000022a54a84740 sp=0x0000007e499fdcd0
Event: 49.616 Thread 0x0000022a6a263e70 DEOPT UNPACKING pc=0x0000022a53ad3aa2 sp=0x0000007e499fdc98 mode 2
Event: 49.616 Thread 0x0000022a6a263e70 Uncommon trap: trap_request=0xffffffbe fr.pc=0x0000022a54a84740 relative=0x0000000000002d80
Event: 49.616 Thread 0x0000022a6a263e70 Uncommon trap: reason=profile_predicate action=maybe_recompile pc=0x0000022a54a84740 method=org.eclipse.jdt.internal.core.util.DeduplicationUtil.intern(Ljava/util/List;)Ljava/util/List; @ 127 c2
Event: 49.616 Thread 0x0000022a6a263e70 DEOPT PACKING pc=0x0000022a54a84740 sp=0x0000007e499fdcd0
Event: 49.616 Thread 0x0000022a6a263e70 DEOPT UNPACKING pc=0x0000022a53ad3aa2 sp=0x0000007e499fdc98 mode 2
Event: 54.765 Thread 0x0000022a6a263e70 DEOPT PACKING pc=0x0000022a4d70b663 sp=0x0000007e499fdbf0
Event: 54.765 Thread 0x0000022a6a263e70 DEOPT UNPACKING pc=0x0000022a53ad4242 sp=0x0000007e499fd1b0 mode 0

Classes loaded (20 events):
Event: 43.465 Loading class java/util/concurrent/CompletableFuture$Signaller
Event: 43.466 Loading class java/util/concurrent/CompletableFuture$Signaller done
Event: 43.690 Loading class java/nio/charset/CharacterCodingException
Event: 43.690 Loading class java/nio/charset/CharacterCodingException done
Event: 43.690 Loading class java/io/SequenceInputStream
Event: 43.691 Loading class java/io/SequenceInputStream done
Event: 43.830 Loading class java/util/concurrent/CompletableFuture$UniApply
Event: 43.830 Loading class java/util/concurrent/CompletableFuture$UniCompletion
Event: 43.830 Loading class java/util/concurrent/CompletableFuture$UniCompletion done
Event: 43.830 Loading class java/util/concurrent/CompletableFuture$UniApply done
Event: 43.831 Loading class java/util/concurrent/CompletableFuture$UniAccept
Event: 43.831 Loading class java/util/concurrent/CompletableFuture$UniAccept done
Event: 43.831 Loading class java/util/concurrent/CompletableFuture$UniExceptionally
Event: 43.831 Loading class java/util/concurrent/CompletableFuture$UniExceptionally done
Event: 43.960 Loading class java/util/Hashtable$KeySet
Event: 43.961 Loading class java/util/Hashtable$KeySet done
Event: 46.198 Loading class java/lang/UnsupportedClassVersionError
Event: 46.199 Loading class java/lang/UnsupportedClassVersionError done
Event: 46.299 Loading class java/lang/invoke/MethodHandleImpl$CountingWrapper$1
Event: 46.300 Loading class java/lang/invoke/MethodHandleImpl$CountingWrapper$1 done

Classes unloaded (7 events):
Event: 23.639 Thread 0x0000022a494fe910 Unloading class 0x0000022a011ab800 'java/lang/invoke/LambdaForm$MH+0x0000022a011ab800'
Event: 23.639 Thread 0x0000022a494fe910 Unloading class 0x0000022a011ab400 'java/lang/invoke/LambdaForm$MH+0x0000022a011ab400'
Event: 23.639 Thread 0x0000022a494fe910 Unloading class 0x0000022a011ab000 'java/lang/invoke/LambdaForm$MH+0x0000022a011ab000'
Event: 23.639 Thread 0x0000022a494fe910 Unloading class 0x0000022a011aac00 'java/lang/invoke/LambdaForm$MH+0x0000022a011aac00'
Event: 23.639 Thread 0x0000022a494fe910 Unloading class 0x0000022a011aa800 'java/lang/invoke/LambdaForm$BMH+0x0000022a011aa800'
Event: 23.639 Thread 0x0000022a494fe910 Unloading class 0x0000022a011aa400 'java/lang/invoke/LambdaForm$DMH+0x0000022a011aa400'
Event: 23.639 Thread 0x0000022a494fe910 Unloading class 0x0000022a011a9000 'java/lang/invoke/LambdaForm$DMH+0x0000022a011a9000'

Classes redefined (0 events):
No events

Internal exceptions (20 events):
Event: 46.316 Thread 0x0000022a67ce6420 Exception <a 'sun/nio/fs/WindowsException'{0x00000000d5590838}> (0x00000000d5590838) 
thrown [s\src\hotspot\share\prims\jni.cpp, line 520]
Event: 48.676 Thread 0x0000022a6afa69e0 Implicit null exception at 0x0000022a54436ca1 to 0x0000022a54436fb4
Event: 48.694 Thread 0x0000022a67ce6420 Exception <a 'sun/nio/fs/WindowsException'{0x00000000d5580570}> (0x00000000d5580570) 
thrown [s\src\hotspot\share\prims\jni.cpp, line 520]
Event: 48.788 Thread 0x0000022a67ce6420 Exception <a 'sun/nio/fs/WindowsException'{0x00000000d5581420}> (0x00000000d5581420) 
thrown [s\src\hotspot\share\prims\jni.cpp, line 520]
Event: 49.154 Thread 0x0000022a67ce6420 Exception <a 'sun/nio/fs/WindowsException'{0x00000000d5ae13c0}> (0x00000000d5ae13c0) 
thrown [s\src\hotspot\share\prims\jni.cpp, line 520]
Event: 49.270 Thread 0x0000022a67ce6420 Exception <a 'sun/nio/fs/WindowsException'{0x00000000d5f1a6b0}> (0x00000000d5f1a6b0) 
thrown [s\src\hotspot\share\prims\jni.cpp, line 520]
Event: 49.352 Thread 0x0000022a6afa2840 Exception <a 'java/lang/IncompatibleClassChangeError'{0x00000000d5dafa08}: Found class java.lang.Object, but interface was expected> (0x00000000d5dafa08) 
thrown [s\src\hotspot\share\interpreter\linkResolver.cpp, line 840]
Event: 49.352 Thread 0x0000022a6afa69e0 Exception <a 'java/lang/IncompatibleClassChangeError'{0x00000000d617e498}: Found class java.lang.Object, but interface was expected> (0x00000000d617e498) 
thrown [s\src\hotspot\share\interpreter\linkResolver.cpp, line 840]
Event: 49.359 Thread 0x0000022a67ce6420 Exception <a 'sun/nio/fs/WindowsException'{0x00000000d55b4318}> (0x00000000d55b4318) 
thrown [s\src\hotspot\share\prims\jni.cpp, line 520]
Event: 49.581 Thread 0x0000022a67ce6420 Exception <a 'sun/nio/fs/WindowsException'{0x00000000d603e510}> (0x00000000d603e510) 
thrown [s\src\hotspot\share\prims\jni.cpp, line 520]
Event: 49.627 Thread 0x0000022a67ce6420 Exception <a 'sun/nio/fs/WindowsException'{0x00000000d55b26b8}> (0x00000000d55b26b8) 
thrown [s\src\hotspot\share\prims\jni.cpp, line 520]
Event: 49.670 Thread 0x0000022a67ce6420 Exception <a 'sun/nio/fs/WindowsException'{0x00000000d62e8df8}> (0x00000000d62e8df8) 
thrown [s\src\hotspot\share\prims\jni.cpp, line 520]
Event: 50.693 Thread 0x0000022a6a263e70 Exception <a 'sun/nio/fs/WindowsException'{0x00000000d6251bd8}> (0x00000000d6251bd8) 
thrown [s\src\hotspot\share\prims\jni.cpp, line 520]
Event: 50.694 Thread 0x0000022a6a263e70 Exception <a 'sun/nio/fs/WindowsException'{0x00000000d6252208}> (0x00000000d6252208) 
thrown [s\src\hotspot\share\prims\jni.cpp, line 520]
Event: 50.695 Thread 0x0000022a6a263e70 Exception <a 'sun/nio/fs/WindowsException'{0x00000000d6252ca0}> (0x00000000d6252ca0) 
thrown [s\src\hotspot\share\prims\jni.cpp, line 520]
Event: 50.695 Thread 0x0000022a6a263e70 Exception <a 'sun/nio/fs/WindowsException'{0x00000000d62532d0}> (0x00000000d62532d0) 
thrown [s\src\hotspot\share\prims\jni.cpp, line 520]
Event: 50.698 Thread 0x0000022a6a263e70 Exception <a 'sun/nio/fs/WindowsException'{0x00000000d559d810}> (0x00000000d559d810) 
thrown [s\src\hotspot\share\prims\jni.cpp, line 520]
Event: 50.698 Thread 0x0000022a6a263e70 Exception <a 'sun/nio/fs/WindowsException'{0x00000000d559de40}> (0x00000000d559de40) 
thrown [s\src\hotspot\share\prims\jni.cpp, line 520]
Event: 50.706 Thread 0x0000022a6a263e70 Exception <a 'sun/nio/fs/WindowsException'{0x00000000d60b7568}> (0x00000000d60b7568) 
thrown [s\src\hotspot\share\prims\jni.cpp, line 520]
Event: 50.706 Thread 0x0000022a6a263e70 Exception <a 'sun/nio/fs/WindowsException'{0x00000000d60b7e48}> (0x00000000d60b7e48) 
thrown [s\src\hotspot\share\prims\jni.cpp, line 520]

ZGC Phase Switch (0 events):
No events

VM Operations (20 events):
Event: 49.633 Executing VM operation: ParallelGCFailedAllocation (Allocation Failure) done
Event: 49.648 Executing VM operation: ParallelGCFailedAllocation (Allocation Failure)
Event: 49.650 Executing VM operation: ParallelGCFailedAllocation (Allocation Failure) done
Event: 49.657 Executing VM operation: ParallelGCFailedAllocation (Allocation Failure)
Event: 49.660 Executing VM operation: ParallelGCFailedAllocation (Allocation Failure) done
Event: 49.671 Executing VM operation: ParallelGCFailedAllocation (Allocation Failure)
Event: 50.673 Executing VM operation: ParallelGCFailedAllocation (Allocation Failure) done
Event: 50.682 Executing VM operation: ParallelGCFailedAllocation (Allocation Failure)
Event: 50.684 Executing VM operation: ParallelGCFailedAllocation (Allocation Failure) done
Event: 50.695 Executing VM operation: ParallelGCFailedAllocation (Allocation Failure)
Event: 50.697 Executing VM operation: ParallelGCFailedAllocation (Allocation Failure) done
Event: 50.710 Executing VM operation: ParallelGCFailedAllocation (Allocation Failure)
Event: 54.753 Executing VM operation: ParallelGCFailedAllocation (Allocation Failure) done
Event: 54.772 Executing VM operation: ParallelGCFailedAllocation (Allocation Failure)
Event: 54.774 Executing VM operation: ParallelGCFailedAllocation (Allocation Failure) done
Event: 54.786 Executing VM operation: ParallelGCFailedAllocation (Allocation Failure)
Event: 54.787 Executing VM operation: ParallelGCFailedAllocation (Allocation Failure) done
Event: 55.794 Executing VM operation: Cleanup
Event: 55.794 Executing VM operation: Cleanup done
Event: 55.794 Executing VM operation: ParallelGCSystemGC (GCLocker Initiated GC)

Memory protections (0 events):
No events

Nmethod flushes (20 events):
Event: 28.493 Thread 0x0000022a494fe910 flushing  nmethod 0x0000022a4cfb5810
Event: 28.493 Thread 0x0000022a494fe910 flushing  nmethod 0x0000022a4cfddb10
Event: 28.493 Thread 0x0000022a494fe910 flushing osr nmethod 0x0000022a4d024b90
Event: 28.493 Thread 0x0000022a494fe910 flushing osr nmethod 0x0000022a4d030110
Event: 28.493 Thread 0x0000022a494fe910 flushing  nmethod 0x0000022a4d045c90
Event: 28.493 Thread 0x0000022a494fe910 flushing  nmethod 0x0000022a4d04fd90
Event: 28.493 Thread 0x0000022a494fe910 flushing  nmethod 0x0000022a4d050b90
Event: 28.493 Thread 0x0000022a494fe910 flushing  nmethod 0x0000022a4d054190
Event: 28.493 Thread 0x0000022a494fe910 flushing  nmethod 0x0000022a4d058590
Event: 28.493 Thread 0x0000022a494fe910 flushing  nmethod 0x0000022a4d059890
Event: 28.493 Thread 0x0000022a494fe910 flushing  nmethod 0x0000022a4d065910
Event: 28.493 Thread 0x0000022a494fe910 flushing  nmethod 0x0000022a4d06fd90
Event: 28.493 Thread 0x0000022a494fe910 flushing  nmethod 0x0000022a4d079490
Event: 28.493 Thread 0x0000022a494fe910 flushing  nmethod 0x0000022a4d088e90
Event: 28.493 Thread 0x0000022a494fe910 flushing  nmethod 0x0000022a4d089e10
Event: 28.493 Thread 0x0000022a494fe910 flushing  nmethod 0x0000022a4d08ad90
Event: 28.493 Thread 0x0000022a494fe910 flushing  nmethod 0x0000022a4d08bc10
Event: 28.493 Thread 0x0000022a494fe910 flushing  nmethod 0x0000022a4d08ee10
Event: 28.493 Thread 0x0000022a494fe910 flushing  nmethod 0x0000022a4d10a010
Event: 28.493 Thread 0x0000022a494fe910 flushing  nmethod 0x0000022a4d117410

Events (20 events):
Event: 41.740 Thread 0x0000022a67ce5700 Thread added: 0x0000022a6afa7d90
Event: 41.740 Thread 0x0000022a67ce5700 Thread added: 0x0000022a6afa69e0
Event: 41.740 Thread 0x0000022a67ce5700 Thread added: 0x0000022a6afa8ab0
Event: 42.001 Thread 0x0000022a6afa8420 Thread exited: 0x0000022a6afa8420
Event: 42.001 Thread 0x0000022a6afa7d90 Thread exited: 0x0000022a6afa7d90
Event: 42.001 Thread 0x0000022a6afa2840 Thread exited: 0x0000022a6afa2840
Event: 42.001 Thread 0x0000022a6afa69e0 Thread exited: 0x0000022a6afa69e0
Event: 42.001 Thread 0x0000022a6afa8ab0 Thread exited: 0x0000022a6afa8ab0
Event: 42.935 Thread 0x0000022a69cb2410 Thread exited: 0x0000022a69cb2410
Event: 43.114 Thread 0x0000022a672dd480 Thread added: 0x0000022a742e9ad0
Event: 43.831 Thread 0x0000022a6a2672f0 Thread added: 0x0000022a6afa2840
Event: 43.839 Thread 0x0000022a6a2672f0 Thread added: 0x0000022a6afa69e0
Event: 43.916 Thread 0x0000022a6a2672f0 Thread added: 0x0000022a6afa7d90
Event: 43.919 Thread 0x0000022a6a2672f0 Thread added: 0x0000022a6afa8420
Event: 44.049 Thread 0x0000022a6a263e70 Thread added: 0x0000022a6afa8ab0
Event: 45.139 Thread 0x0000022a67ea9980 Thread exited: 0x0000022a67ea9980
Event: 46.150 Thread 0x0000022a614b77f0 Thread added: 0x0000022a74a85ee0
Event: 46.152 Thread 0x0000022a672dd480 Thread exited: 0x0000022a672dd480
Event: 46.161 Thread 0x0000022a6afa7d90 Thread added: 0x0000022a6afa7070
Event: 49.055 Thread 0x0000022a6afa8ab0 Thread exited: 0x0000022a6afa8ab0


Dynamic libraries:
0x00007ff611e90000 - 0x00007ff611e9e000 	c:\Users\samue\.vscode\extensions\redhat.java-1.44.0-win32-x64\jre\21.0.8-win32-x86_64\bin\java.exe
0x00007ffb9baa0000 - 0x00007ffb9bd07000 	C:\WINDOWS\SYSTEM32\ntdll.dll
0x00007ffb99b20000 - 0x00007ffb99be9000 	C:\WINDOWS\System32\KERNEL32.DLL
0x00007ffb993a0000 - 0x00007ffb99790000 	C:\WINDOWS\System32\KERNELBASE.dll
0x00007ffb991a0000 - 0x00007ffb992eb000 	C:\WINDOWS\System32\ucrtbase.dll
0x00007ffb6adf0000 - 0x00007ffb6ae0e000 	c:\Users\samue\.vscode\extensions\redhat.java-1.44.0-win32-x64\jre\21.0.8-win32-x86_64\bin\VCRUNTIME140.dll
0x00007ffb79de0000 - 0x00007ffb79df8000 	c:\Users\samue\.vscode\extensions\redhat.java-1.44.0-win32-x64\jre\21.0.8-win32-x86_64\bin\jli.dll
0x00007ffb9a1e0000 - 0x00007ffb9a3a5000 	C:\WINDOWS\System32\USER32.dll
0x00007ffb87660000 - 0x00007ffb878fa000 	C:\WINDOWS\WinSxS\amd64_microsoft.windows.common-controls_6595b64144ccf1df_6.0.26100.4768_none_3e0c112ce331287c\COMCTL32.dll
0x00007ffb99170000 - 0x00007ffb99197000 	C:\WINDOWS\System32\win32u.dll
0x00007ffb9a3b0000 - 0x00007ffb9a459000 	C:\WINDOWS\System32\msvcrt.dll
0x00007ffb9b5a0000 - 0x00007ffb9b5cb000 	C:\WINDOWS\System32\GDI32.dll
0x00007ffb98bd0000 - 0x00007ffb98d08000 	C:\WINDOWS\System32\gdi32full.dll
0x00007ffb992f0000 - 0x00007ffb99393000 	C:\WINDOWS\System32\msvcp_win.dll
0x00007ffb998a0000 - 0x00007ffb998cf000 	C:\WINDOWS\System32\IMM32.DLL
0x00007ffb81540000 - 0x00007ffb8154c000 	c:\Users\samue\.vscode\extensions\redhat.java-1.44.0-win32-x64\jre\21.0.8-win32-x86_64\bin\vcruntime140_1.dll
0x00007ffb376f0000 - 0x00007ffb3777d000 	c:\Users\samue\.vscode\extensions\redhat.java-1.44.0-win32-x64\jre\21.0.8-win32-x86_64\bin\msvcp140.dll
0x00007ffaafd30000 - 0x00007ffab0ac7000 	c:\Users\samue\.vscode\extensions\redhat.java-1.44.0-win32-x64\jre\21.0.8-win32-x86_64\bin\server\jvm.dll
0x00007ffb9b5d0000 - 0x00007ffb9b684000 	C:\WINDOWS\System32\ADVAPI32.dll
0x00007ffb9ad20000 - 0x00007ffb9adc6000 	C:\WINDOWS\System32\sechost.dll
0x00007ffb998e0000 - 0x00007ffb999f8000 	C:\WINDOWS\System32\RPCRT4.dll
0x00007ffb9b430000 - 0x00007ffb9b4a4000 	C:\WINDOWS\System32\WS2_32.dll
0x00007ffb98a30000 - 0x00007ffb98a8e000 	C:\WINDOWS\SYSTEM32\POWRPROF.dll
0x00007ffb914e0000 - 0x00007ffb91515000 	C:\WINDOWS\SYSTEM32\WINMM.dll
0x00007ffb926b0000 - 0x00007ffb926bb000 	C:\WINDOWS\SYSTEM32\VERSION.dll
0x00007ffb98a10000 - 0x00007ffb98a24000 	C:\WINDOWS\SYSTEM32\UMPDC.dll
0x00007ffb97950000 - 0x00007ffb9796b000 	C:\WINDOWS\SYSTEM32\kernel.appcore.dll
0x00007ffb81200000 - 0x00007ffb8120a000 	c:\Users\samue\.vscode\extensions\redhat.java-1.44.0-win32-x64\jre\21.0.8-win32-x86_64\bin\jimage.dll
0x00007ffb8cf60000 - 0x00007ffb8d1a1000 	C:\WINDOWS\SYSTEM32\DBGHELP.DLL
0x00007ffb99c70000 - 0x00007ffb99ff5000 	C:\WINDOWS\System32\combase.dll
0x00007ffb9b4b0000 - 0x00007ffb9b590000 	C:\WINDOWS\System32\OLEAUT32.dll
0x00007ffb66fa0000 - 0x00007ffb66fe3000 	C:\WINDOWS\SYSTEM32\dbgcore.DLL
0x00007ffb98f50000 - 0x00007ffb98fe9000 	C:\WINDOWS\System32\bcryptPrimitives.dll
0x00007ffb81510000 - 0x00007ffb8151f000 	c:\Users\samue\.vscode\extensions\redhat.java-1.44.0-win32-x64\jre\21.0.8-win32-x86_64\bin\instrument.dll
0x00007ffb5ca80000 - 0x00007ffb5ca9f000 	c:\Users\samue\.vscode\extensions\redhat.java-1.44.0-win32-x64\jre\21.0.8-win32-x86_64\bin\java.dll
0x00007ffb9a5d0000 - 0x00007ffb9ad1d000 	C:\WINDOWS\System32\SHELL32.dll
0x00007ffb98d10000 - 0x00007ffb98e83000 	C:\WINDOWS\System32\wintypes.dll
0x00007ffb967d0000 - 0x00007ffb97030000 	C:\WINDOWS\SYSTEM32\windows.storage.dll
0x00007ffb9b960000 - 0x00007ffb9ba55000 	C:\WINDOWS\System32\SHCORE.dll
0x00007ffb99830000 - 0x00007ffb9989a000 	C:\WINDOWS\System32\shlwapi.dll
0x00007ffb98af0000 - 0x00007ffb98b19000 	C:\WINDOWS\SYSTEM32\profapi.dll
0x00007ffb56240000 - 0x00007ffb56258000 	c:\Users\samue\.vscode\extensions\redhat.java-1.44.0-win32-x64\jre\21.0.8-win32-x86_64\bin\zip.dll
0x00007ffb812d0000 - 0x00007ffb812e0000 	C:\Users\samue\.vscode\extensions\redhat.java-1.44.0-win32-x64\jre\21.0.8-win32-x86_64\bin\net.dll
0x00007ffb91700000 - 0x00007ffb9181e000 	C:\WINDOWS\SYSTEM32\WINHTTP.dll
0x00007ffb97ee0000 - 0x00007ffb97f4b000 	C:\WINDOWS\system32\mswsock.dll
0x00007ffb812b0000 - 0x00007ffb812c6000 	C:\Users\samue\.vscode\extensions\redhat.java-1.44.0-win32-x64\jre\21.0.8-win32-x86_64\bin\nio.dll
0x00007ffb812a0000 - 0x00007ffb812b0000 	c:\Users\samue\.vscode\extensions\redhat.java-1.44.0-win32-x64\jre\21.0.8-win32-x86_64\bin\verify.dll
0x00007ffb714e0000 - 0x00007ffb71525000 	C:\Users\samue\AppData\Roaming\Code\User\globalStorage\redhat.java\1.44.0\config_win\org.eclipse.equinox.launcher\org.eclipse.equinox.launcher.win32.win32.x86_64_1.2.1400.v20250730-1736\eclipse_11913.dll
0x00007ffb9b270000 - 0x00007ffb9b410000 	C:\WINDOWS\System32\ole32.dll
0x00007ffb981b0000 - 0x00007ffb981cb000 	C:\WINDOWS\SYSTEM32\CRYPTSP.dll
0x00007ffb978b0000 - 0x00007ffb978eb000 	C:\WINDOWS\system32\rsaenh.dll
0x00007ffb97f80000 - 0x00007ffb97fab000 	C:\WINDOWS\SYSTEM32\USERENV.dll
0x00007ffb98ac0000 - 0x00007ffb98ae6000 	C:\WINDOWS\SYSTEM32\bcrypt.dll
0x00007ffb981a0000 - 0x00007ffb981ac000 	C:\WINDOWS\SYSTEM32\CRYPTBASE.dll
0x00007ffb97340000 - 0x00007ffb97373000 	C:\WINDOWS\SYSTEM32\IPHLPAPI.DLL
0x00007ffb9b930000 - 0x00007ffb9b93a000 	C:\WINDOWS\System32\NSI.dll
0x00007ffb66b00000 - 0x00007ffb66b49000 	C:\Users\samue\AppData\Local\Temp\jna-109203119\jna1901391017909278189.dll
0x00007ffb9b420000 - 0x00007ffb9b428000 	C:\WINDOWS\System32\PSAPI.DLL
0x00007ffb91a30000 - 0x00007ffb91a4f000 	C:\WINDOWS\SYSTEM32\dhcpcsvc6.DLL
0x00007ffb91a00000 - 0x00007ffb91a25000 	C:\WINDOWS\SYSTEM32\dhcpcsvc.DLL
0x00007ffb81290000 - 0x00007ffb8129e000 	C:\Users\samue\.vscode\extensions\redhat.java-1.44.0-win32-x64\jre\21.0.8-win32-x86_64\bin\sunmscapi.dll
0x00007ffb98ff0000 - 0x00007ffb99167000 	C:\WINDOWS\System32\CRYPT32.dll
0x00007ffb983c0000 - 0x00007ffb983f0000 	C:\WINDOWS\SYSTEM32\ncrypt.dll
0x00007ffb98370000 - 0x00007ffb983af000 	C:\WINDOWS\SYSTEM32\NTASN1.dll
0x00007ffb97380000 - 0x00007ffb974a6000 	C:\WINDOWS\SYSTEM32\DNSAPI.dll
0x00007ffb919f0000 - 0x00007ffb919fb000 	C:\Windows\System32\rasadhlp.dll
0x00007ffb8f930000 - 0x00007ffb8f9b6000 	C:\WINDOWS\System32\fwpuclnt.dll
0x00007ffb81280000 - 0x00007ffb81289000 	C:\Users\samue\.vscode\extensions\redhat.java-1.44.0-win32-x64\jre\21.0.8-win32-x86_64\bin\extnet.dll

JVMTI agents:
c:\Users\samue\.vscode\extensions\redhat.java-1.44.0-win32-x64\lombok\lombok-1.18.39-4050.jar path:c:\Users\samue\.vscode\extensions\redhat.java-1.44.0-win32-x64\jre\21.0.8-win32-x86_64\bin\instrument.dll, loaded, initialized, instrumentlib options:none

dbghelp: loaded successfully - version: 4.0.5 - missing functions: none
symbol engine: initialized successfully - sym options: 0x614 - pdb path: .;c:\Users\samue\.vscode\extensions\redhat.java-1.44.0-win32-x64\jre\21.0.8-win32-x86_64\bin;C:\WINDOWS\SYSTEM32;C:\WINDOWS\WinSxS\amd64_microsoft.windows.common-controls_6595b64144ccf1df_6.0.26100.4768_none_3e0c112ce331287c;c:\Users\samue\.vscode\extensions\redhat.java-1.44.0-win32-x64\jre\21.0.8-win32-x86_64\bin\server;C:\Users\samue\AppData\Roaming\Code\User\globalStorage\redhat.java\1.44.0\config_win\org.eclipse.equinox.launcher\org.eclipse.equinox.launcher.win32.win32.x86_64_1.2.1400.v20250730-1736;C:\Users\samue\AppData\Local\Temp\jna-109203119

VM Arguments:
jvm_args: --add-modules=ALL-SYSTEM --add-opens=java.base/java.util=ALL-UNNAMED --add-opens=java.base/java.lang=ALL-UNNAMED --add-opens=java.base/sun.nio.fs=ALL-UNNAMED -Declipse.application=org.eclipse.jdt.ls.core.id1 -Dosgi.bundles.defaultStartLevel=4 -Declipse.product=org.eclipse.jdt.ls.core.product -Djava.import.generatesMetadataFilesAtProjectRoot=false -DDetectVMInstallationsJob.disabled=true -Dfile.encoding=utf8 -XX:+UseParallelGC -XX:GCTimeRatio=4 -XX:AdaptiveSizePolicyWeight=90 -Dsun.zip.disableMemoryMapping=true -Xmx2G -Xms100m -Xlog:disable -javaagent:c:\Users\samue\.vscode\extensions\redhat.java-1.44.0-win32-x64\lombok\lombok-1.18.39-4050.jar -XX:+HeapDumpOnOutOfMemoryError -XX:HeapDumpPath=c:\Users\samue\AppData\Roaming\Code\User\workspaceStorage\cdf97f8f069daa303bb81283c0c28557\redhat.java -Daether.dependencyCollector.impl=bf 
java_command: c:\Users\samue\.vscode\extensions\redhat.java-1.44.0-win32-x64\server\plugins\org.eclipse.equinox.launcher_1.7.0.v20250519-0528.jar -configuration c:\Users\samue\AppData\Roaming\Code\User\globalStorage\redhat.java\1.44.0\config_win -data c:\Users\samue\AppData\Roaming\Code\User\workspaceStorage\cdf97f8f069daa303bb81283c0c28557\redhat.java\jdt_ws --pipe=\\.\pipe\lsp-859432f9d92ba402ad64cd117490c6b8-sock
java_class_path (initial): c:\Users\samue\.vscode\extensions\redhat.java-1.44.0-win32-x64\server\plugins\org.eclipse.equinox.launcher_1.7.0.v20250519-0528.jar
Launcher Type: SUN_STANDARD

[Global flags]
    uintx AdaptiveSizePolicyWeight                 = 90                                        {product} {command line}
     intx CICompilerCount                          = 12                                        {product} {ergonomic}
    uintx GCTimeRatio                              = 4                                         {product} {command line}
     bool HeapDumpOnOutOfMemoryError               = true                                   {manageable} {command line}
    ccstr HeapDumpPath                             = c:\Users\samue\AppData\Roaming\Code\User\workspaceStorage\cdf97f8f069daa303bb81283c0c28557\redhat.java         {manageable} {command line}
   size_t InitialHeapSize                          = 104857600                                 {product} {command line}
   size_t MaxHeapSize                              = 2147483648                                {product} {command line}
   size_t MaxNewSize                               = 715653120                                 {product} {ergonomic}
   size_t MinHeapDeltaBytes                        = 524288                                    {product} {ergonomic}
   size_t MinHeapSize                              = 104857600                                 {product} {command line}
   size_t NewSize                                  = 34603008                                  {product} {ergonomic}
    uintx NonNMethodCodeHeapSize                   = 7602480                                {pd product} {ergonomic}
    uintx NonProfiledCodeHeapSize                  = 122027880                              {pd product} {ergonomic}
   size_t OldSize                                  = 70254592                                  {product} {ergonomic}
    uintx ProfiledCodeHeapSize                     = 122027880                              {pd product} {ergonomic}
    uintx ReservedCodeCacheSize                    = 251658240                              {pd product} {ergonomic}
     bool SegmentedCodeCache                       = true                                      {product} {ergonomic}
   size_t SoftMaxHeapSize                          = 2147483648                             {manageable} {ergonomic}
     bool UseCompressedOops                        = true                           {product lp64_product} {ergonomic}
     bool UseLargePagesIndividualAllocation        = false                                  {pd product} {ergonomic}
     bool UseParallelGC                            = true                                      {product} {command line}

Logging:
Log output configuration:
 #0: stdout all=off uptime,level,tags foldmultilines=false
 #1: stderr all=off uptime,level,tags foldmultilines=false

Environment Variables:
JAVA_HOME=C:\Program Files\Java\jdk-24
PATH=C:\Program Files\Java\jdk-24\bin;C:\Program Files\Common Files\Oracle\Java\javapath;C:\Windows\system32;C:\Windows;C:\Windows\System32\Wbem;C:\Windows\System32\WindowsPowerShell\v1.0\;C:\Windows\System32\OpenSSH\;C:\Program Files\nodejs\;C:\Program Files\Git\cmd;C:\Program Files (x86)\Microsoft SQL Server\150\DTS\Binn\;C:\Program Files\Azure Data Studio\bin;C:\Program Files\Microsoft SQL Server\Client SDK\ODBC\170\Tools\Binn\;C:\Program Files (x86)\Microsoft SQL Server\150\Tools\Binn\;C:\Program Files\Microsoft SQL Server\150\Tools\Binn\;C:\Program Files\Microsoft SQL Server\150\DTS\Binn\;C:\php8.1.12;C:\WINDOWS\system32;C:\WINDOWS;C:\WINDOWS\System32\Wbem;C:\WINDOWS\System32\WindowsPowerShell\v1.0\;C:\WINDOWS\System32\OpenSSH\;C:\apache-maven-3.9.9\bin;;C:\Program Files\Docker\Docker\resources\bin;C:\Users\samue\AppData\Local\Microsoft\WindowsApps;C:\Users\samue\AppData\Local\Programs\Microsoft VS Code\bin;C:\Users\samue\AppData\Roaming\npm;C:\Users\samue\AppData\Local\GitHubDesktop\bin;C:\Program Files\Azure Data Studio\bin;C:\apache-maven-3.9.9\bin;
USERNAME=samue
OS=Windows_NT
PROCESSOR_IDENTIFIER=AMD64 Family 23 Model 96 Stepping 1, AuthenticAMD
TMP=C:\Users\samue\AppData\Local\Temp
TEMP=C:\Users\samue\AppData\Local\Temp




Periodic native trim disabled

---------------  S Y S T E M  ---------------

OS:
 Windows 11 , 64 bit Build 26100 (10.0.26100.4768)
OS uptime: 22 days 4:24 hours
Hyper-V role detected

CPU: total 16 (initial active 16) (16 cores per cpu, 2 threads per core) family 23 model 96 stepping 1 microcode 0x8600103, cx8, cmov, fxsr, ht, mmx, 3dnowpref, sse, sse2, sse3, ssse3, sse4a, sse4.1, sse4.2, popcnt, lzcnt, tsc, tscinvbit, avx, avx2, aes, clmul, bmi1, bmi2, adx, sha, fma, vzeroupper, clflush, clflushopt, hv, rdtscp, rdpid, f16c
Processor Information for the first 16 processors :
  Max Mhz: 2900, Current Mhz: 2900, Mhz Limit: 2900

Memory: 4k page, system-wide physical 7549M (589M free)
TotalPageFile size 31101M (AvailPageFile size 96M)
current process WorkingSet (physical memory assigned to process): 777M, peak: 787M
current process commit charge ("private bytes"): 1021M, peak: 1021M

vm_info: OpenJDK 64-Bit Server VM (21.0.8+9-LTS) for windows-amd64 JRE (21.0.8+9-LTS), built on 2025-07-15T00:00:00Z by "admin" with MS VC++ 17.7 (VS2022)

END.
