#
# There is insufficient memory for the Java Runtime Environment to continue.
# Native memory allocation (malloc) failed to allocate 1048576 bytes. Error detail: AllocateHeap
# Possible reasons:
#   The system is out of physical RAM or swap space
#   This process is running with CompressedOops enabled, and the Java Heap may be blocking the growth of the native heap
# Possible solutions:
#   Reduce memory load on the system
#   Increase physical memory or swap space
#   Check if swap backing store is full
#   Decrease Java heap size (-Xmx/-Xms)
#   Decrease number of Java threads
#   Decrease Java thread stack sizes (-Xss)
#   Set larger code cache with -XX:ReservedCodeCacheSize=
#   JVM is running with Unscaled Compressed Oops mode in which the Java heap is
#     placed in the first 4GB address space. The Java Heap base address is the
#     maximum limit for the native heap growth. Please use -XX:HeapBaseMinAddress
#     to set the Java Heap base and to place the Java Heap above 4GB virtual address.
# This output file may be truncated or incomplete.
#
#  Out of Memory Error (allocation.cpp:44), pid=4760, tid=11424
#
# JRE version: OpenJDK Runtime Environment Temurin-21.0.8+9 (21.0.8+9) (build 21.0.8+9-LTS)
# Java VM: OpenJDK 64-Bit Server VM Temurin-21.0.8+9 (21.0.8+9-LTS, mixed mode, sharing, tiered, compressed oops, compressed class ptrs, parallel gc, windows-amd64)
# No core dump will be written. Minidumps are not enabled by default on client versions of Windows
#

---------------  S U M M A R Y ------------

Command Line: --add-modules=ALL-SYSTEM --add-opens=java.base/java.util=ALL-UNNAMED --add-opens=java.base/java.lang=ALL-UNNAMED --add-opens=java.base/sun.nio.fs=ALL-UNNAMED -Declipse.application=org.eclipse.jdt.ls.core.id1 -Dosgi.bundles.defaultStartLevel=4 -Declipse.product=org.eclipse.jdt.ls.core.product -Djava.import.generatesMetadataFilesAtProjectRoot=false -DDetectVMInstallationsJob.disabled=true -Dfile.encoding=utf8 -XX:+UseParallelGC -XX:GCTimeRatio=4 -XX:AdaptiveSizePolicyWeight=90 -Dsun.zip.disableMemoryMapping=true -Xmx2G -Xms100m -Xlog:disable -javaagent:c:\Users\samue\.vscode\extensions\redhat.java-1.45.0-win32-x64\lombok\lombok-1.18.39-4050.jar -XX:+HeapDumpOnOutOfMemoryError -XX:HeapDumpPath=c:\Users\samue\AppData\Roaming\Code\User\workspaceStorage\cdf97f8f069daa303bb81283c0c28557\redhat.java -Daether.dependencyCollector.impl=bf c:\Users\samue\.vscode\extensions\redhat.java-1.45.0-win32-x64\server\plugins\org.eclipse.equinox.launcher_1.7.0.v20250519-0528.jar -configuration c:\Users\samue\AppData\Roaming\Code\User\globalStorage\redhat.java\1.45.0\config_win -data c:\Users\samue\AppData\Roaming\Code\User\workspaceStorage\cdf97f8f069daa303bb81283c0c28557\redhat.java\jdt_ws --pipe=\\.\pipe\lsp-a5d130ee3fd1843ebc764caeff74df40-sock

Host: AMD Ryzen 7 4800H with Radeon Graphics         , 16 cores, 7G,  Windows 11 , 64 bit Build 26100 (10.0.26100.5074)
Time: Wed Sep 17 22:30:44 2025 Hora oficial do Brasil elapsed time: 115950.272986 seconds (1d 8h 12m 30s)

---------------  T H R E A D  ---------------

Current thread (0x00000244c4796070):  JavaThread "Attach Listener" daemon [_thread_in_vm, id=11424, stack(0x00000092a1d00000,0x00000092a1e00000) (1024K)]

Stack: [0x00000092a1d00000,0x00000092a1e00000]
Native frames: (J=compiled Java code, j=interpreted, Vv=VM code, C=native code)
V  [jvm.dll+0x6d2449]
V  [jvm.dll+0x8ae341]
V  [jvm.dll+0x8b08be]
V  [jvm.dll+0x8b0fa3]
V  [jvm.dll+0x280c96]
V  [jvm.dll+0xc0347]
V  [jvm.dll+0x6d2cf9]
V  [jvm.dll+0x131116]
V  [jvm.dll+0x3f2d16]
V  [jvm.dll+0x857e6b]
V  [jvm.dll+0x6d0b0d]
C  [ucrtbase.dll+0x37b0]
C  [KERNEL32.DLL+0x2e8d7]
C  [ntdll.dll+0x8d9c]


---------------  P R O C E S S  ---------------

Threads class SMR info:
_java_thread_list=0x00000244e24a3500, length=43, elements={
0x00000244c221bd00, 0x00000244c478ff50, 0x00000244c4792260, 0x00000244c4794110,
0x00000244c4796070, 0x00000244c4798220, 0x00000244c479cb80, 0x00000244c47a5670,
0x00000244c47aac30, 0x00000244dc5009a0, 0x00000244e2018b90, 0x00000244e2425fe0,
0x00000244e295a880, 0x00000244e27affe0, 0x00000244e2794740, 0x00000244e2a5a890,
0x00000244e27ab060, 0x00000244e22faa10, 0x00000244e22fd170, 0x00000244e22fbdc0,
0x00000244e3ed8990, 0x00000244e3ed68c0, 0x00000244e3ed9020, 0x00000244e3ed6230,
0x00000244e3ed6f50, 0x00000244e3ed75e0, 0x00000244e3ed8300, 0x00000244e3ed5ba0,
0x00000244e3edb780, 0x00000244e3eda3d0, 0x00000244e3edbe10, 0x00000244e3edaa60,
0x00000244e3edb0f0, 0x00000244e3edc4a0, 0x00000244e3edcb30, 0x00000244e3ed9d40,
0x00000244e3ed96b0, 0x00000244e53b2c00, 0x00000244e53b3fb0, 0x00000244e53b4640,
0x00000244e586a2b0, 0x00000244e586fe90, 0x00000244ee1884a0
}

Java Threads: ( => current thread )
  0x00000244c221bd00 JavaThread "main"                              [_thread_blocked, id=22200, stack(0x00000092a1600000,0x00000092a1700000) (1024K)]
  0x00000244c478ff50 JavaThread "Reference Handler"          daemon [_thread_blocked, id=13032, stack(0x00000092a1a00000,0x00000092a1b00000) (1024K)]
  0x00000244c4792260 JavaThread "Finalizer"                  daemon [_thread_blocked, id=4628, stack(0x00000092a1b00000,0x00000092a1c00000) (1024K)]
  0x00000244c4794110 JavaThread "Signal Dispatcher"          daemon [_thread_blocked, id=6108, stack(0x00000092a1c00000,0x00000092a1d00000) (1024K)]
=>0x00000244c4796070 JavaThread "Attach Listener"            daemon [_thread_in_vm, id=11424, stack(0x00000092a1d00000,0x00000092a1e00000) (1024K)]
  0x00000244c4798220 JavaThread "Service Thread"             daemon [_thread_blocked, id=6328, stack(0x00000092a1e00000,0x00000092a1f00000) (1024K)]
  0x00000244c479cb80 JavaThread "Monitor Deflation Thread"   daemon [_thread_blocked, id=10520, stack(0x00000092a1f00000,0x00000092a2000000) (1024K)]
  0x00000244c47a5670 JavaThread "C2 CompilerThread0"         daemon [_thread_blocked, id=4584, stack(0x00000092a2000000,0x00000092a2100000) (1024K)]
  0x00000244c47aac30 JavaThread "C1 CompilerThread0"         daemon [_thread_blocked, id=4000, stack(0x00000092a2100000,0x00000092a2200000) (1024K)]
  0x00000244dc5009a0 JavaThread "Common-Cleaner"             daemon [_thread_blocked, id=20700, stack(0x00000092a2200000,0x00000092a2300000) (1024K)]
  0x00000244e2018b90 JavaThread "Notification Thread"        daemon [_thread_blocked, id=14872, stack(0x00000092a2600000,0x00000092a2700000) (1024K)]
  0x00000244e2425fe0 JavaThread "Active Thread: Equinox Container: 55a4a0f4-7014-4de2-b545-20021461e87f"        [_thread_blocked, id=20644, stack(0x00000092a2d00000,0x00000092a2e00000) (1024K)]
  0x00000244e295a880 JavaThread "Refresh Thread: Equinox Container: 55a4a0f4-7014-4de2-b545-20021461e87f" daemon [_thread_blocked, id=18364, stack(0x00000092a2400000,0x00000092a2500000) (1024K)]
  0x00000244e27affe0 JavaThread "Framework Event Dispatcher: Equinox Container: 55a4a0f4-7014-4de2-b545-20021461e87f" daemon [_thread_blocked, id=18356, stack(0x00000092a2500000,0x00000092a2600000) (1024K)]
  0x00000244e2794740 JavaThread "Start Level: Equinox Container: 55a4a0f4-7014-4de2-b545-20021461e87f" daemon [_thread_blocked, id=18412, stack(0x00000092a2300000,0x00000092a2400000) (1024K)]
  0x00000244e2a5a890 JavaThread "Bundle File Closer"         daemon [_thread_blocked, id=5812, stack(0x00000092a3300000,0x00000092a3400000) (1024K)]
  0x00000244e27ab060 JavaThread "SCR Component Actor"        daemon [_thread_blocked, id=7920, stack(0x00000092a3400000,0x00000092a3500000) (1024K)]
  0x00000244e22faa10 JavaThread "Worker-JM"                         [_thread_blocked, id=22900, stack(0x00000092a3900000,0x00000092a3a00000) (1024K)]
  0x00000244e22fd170 JavaThread "JNA Cleaner"                daemon [_thread_blocked, id=20656, stack(0x00000092a3700000,0x00000092a3800000) (1024K)]
  0x00000244e22fbdc0 JavaThread "Java indexing"              daemon [_thread_blocked, id=3100, stack(0x00000092a4100000,0x00000092a4200000) (1024K)]
  0x00000244e3ed8990 JavaThread "Thread-3"                   daemon [_thread_in_native, id=23244, stack(0x00000092a4600000,0x00000092a4700000) (1024K)]
  0x00000244e3ed68c0 JavaThread "Thread-4"                   daemon [_thread_in_native, id=7984, stack(0x00000092a4700000,0x00000092a4800000) (1024K)]
  0x00000244e3ed9020 JavaThread "Thread-5"                   daemon [_thread_in_native, id=22844, stack(0x00000092a4800000,0x00000092a4900000) (1024K)]
  0x00000244e3ed6230 JavaThread "Thread-6"                   daemon [_thread_in_native, id=23108, stack(0x00000092a4900000,0x00000092a4a00000) (1024K)]
  0x00000244e3ed6f50 JavaThread "Thread-7"                   daemon [_thread_in_native, id=22364, stack(0x00000092a4a00000,0x00000092a4b00000) (1024K)]
  0x00000244e3ed75e0 JavaThread "Thread-8"                   daemon [_thread_in_native, id=22868, stack(0x00000092a4b00000,0x00000092a4c00000) (1024K)]
  0x00000244e3ed8300 JavaThread "Thread-9"                   daemon [_thread_in_native, id=22640, stack(0x00000092a4c00000,0x00000092a4d00000) (1024K)]
  0x00000244e3ed5ba0 JavaThread "Thread-10"                  daemon [_thread_in_native, id=23288, stack(0x00000092a4d00000,0x00000092a4e00000) (1024K)]
  0x00000244e3edb780 JavaThread "Thread-11"                  daemon [_thread_in_native, id=12136, stack(0x00000092a4e00000,0x00000092a4f00000) (1024K)]
  0x00000244e3eda3d0 JavaThread "Thread-12"                  daemon [_thread_in_native, id=23240, stack(0x00000092a4f00000,0x00000092a5000000) (1024K)]
  0x00000244e3edbe10 JavaThread "Thread-13"                  daemon [_thread_in_native, id=16680, stack(0x00000092a5000000,0x00000092a5100000) (1024K)]
  0x00000244e3edaa60 JavaThread "Thread-14"                  daemon [_thread_in_native, id=18084, stack(0x00000092a5100000,0x00000092a5200000) (1024K)]
  0x00000244e3edb0f0 JavaThread "Thread-15"                  daemon [_thread_in_native, id=18216, stack(0x00000092a5200000,0x00000092a5300000) (1024K)]
  0x00000244e3edc4a0 JavaThread "Thread-16"                  daemon [_thread_in_native, id=18240, stack(0x00000092a5300000,0x00000092a5400000) (1024K)]
  0x00000244e3edcb30 JavaThread "Thread-17"                  daemon [_thread_in_native, id=15996, stack(0x00000092a5400000,0x00000092a5500000) (1024K)]
  0x00000244e3ed9d40 JavaThread "Thread-18"                  daemon [_thread_in_native, id=9428, stack(0x00000092a5500000,0x00000092a5600000) (1024K)]
  0x00000244e3ed96b0 JavaThread "Thread-19"                  daemon [_thread_in_native, id=21948, stack(0x00000092a5600000,0x00000092a5700000) (1024K)]
  0x00000244e53b2c00 JavaThread "pool-2-thread-1"                   [_thread_blocked, id=19788, stack(0x00000092a5700000,0x00000092a5800000) (1024K)]
  0x00000244e53b3fb0 JavaThread "WorkspaceEventsHandler"            [_thread_blocked, id=23164, stack(0x00000092a5800000,0x00000092a5900000) (1024K)]
  0x00000244e53b4640 JavaThread "pool-1-thread-1"                   [_thread_blocked, id=16476, stack(0x00000092a5900000,0x00000092a5a00000) (1024K)]
  0x00000244e586a2b0 JavaThread "Cleaner-0"                  daemon [_thread_blocked, id=8984, stack(0x00000092a4500000,0x00000092a4600000) (1024K)]
  0x00000244e586fe90 JavaThread "Worker-26"                         [_thread_blocked, id=30752, stack(0x00000092a3d00000,0x00000092a3e00000) (1024K)]
  0x00000244ee1884a0 JavaThread "Worker-31"                         [_thread_blocked, id=27204, stack(0x00000092a1400000,0x00000092a1500000) (1024K)]
Total: 43

Other Threads:
  0x00000244c22de9b0 VMThread "VM Thread"                           [id=2144, stack(0x00000092a1900000,0x00000092a1a00000) (1024K)]
  0x00000244c457ca00 WatcherThread "VM Periodic Task Thread"        [id=2284, stack(0x00000092a1800000,0x00000092a1900000) (1024K)]
  0x00000244c47107c0 WorkerThread "GC Thread#0"                     [id=12104, stack(0x00000092a1700000,0x00000092a1800000) (1024K)]
  0x00000244e250c210 WorkerThread "GC Thread#1"                     [id=1732, stack(0x00000092a2700000,0x00000092a2800000) (1024K)]
  0x00000244e250c9b0 WorkerThread "GC Thread#2"                     [id=21052, stack(0x00000092a2800000,0x00000092a2900000) (1024K)]
  0x00000244e25eebb0 WorkerThread "GC Thread#3"                     [id=11336, stack(0x00000092a2900000,0x00000092a2a00000) (1024K)]
  0x00000244e2711fa0 WorkerThread "GC Thread#4"                     [id=23316, stack(0x00000092a2a00000,0x00000092a2b00000) (1024K)]
  0x00000244e2712340 WorkerThread "GC Thread#5"                     [id=22808, stack(0x00000092a2b00000,0x00000092a2c00000) (1024K)]
  0x00000244e27126e0 WorkerThread "GC Thread#6"                     [id=7356, stack(0x00000092a2c00000,0x00000092a2d00000) (1024K)]
  0x00000244e263a7c0 WorkerThread "GC Thread#7"                     [id=8164, stack(0x00000092a2e00000,0x00000092a2f00000) (1024K)]
  0x00000244e27ace30 WorkerThread "GC Thread#8"                     [id=15980, stack(0x00000092a2f00000,0x00000092a3000000) (1024K)]
  0x00000244e27ac6f0 WorkerThread "GC Thread#9"                     [id=18080, stack(0x00000092a3000000,0x00000092a3100000) (1024K)]
  0x00000244e27ac350 WorkerThread "GC Thread#10"                    [id=12164, stack(0x00000092a3100000,0x00000092a3200000) (1024K)]
  0x00000244e27abfb0 WorkerThread "GC Thread#11"                    [id=6312, stack(0x00000092a3600000,0x00000092a3700000) (1024K)]
  0x00000244e2a26150 WorkerThread "GC Thread#12"                    [id=1892, stack(0x00000092a3b00000,0x00000092a3c00000) (1024K)]
Total: 15

Threads with active compile tasks:
Total: 0

VM state: not at safepoint (normal execution)

VM Mutex/Monitor currently owned by a thread: None

Heap address: 0x0000000080000000, size: 2048 MB, Compressed Oops mode: 32-bit

CDS archive(s) mapped at: [0x0000024480000000-0x0000024480ba0000-0x0000024480ba0000), size 12189696, SharedBaseAddress: 0x0000024480000000, ArchiveRelocationMode: 1.
Compressed class space mapped at: 0x0000024481000000-0x00000244c1000000, reserved size: 1073741824
Narrow klass base: 0x0000024480000000, Narrow klass shift: 0, Narrow klass range: 0x100000000

GC Precious Log:
 CardTable entry size: 512
 CPUs: 16 total, 16 available
 Memory: 7549M
 Large Page Support: Disabled
 NUMA Support: Disabled
 Compressed Oops: Enabled (32-bit)
 Alignments: Space 512K, Generation 512K, Heap 2M
 Heap Min Capacity: 100M
 Heap Initial Capacity: 100M
 Heap Max Capacity: 2G
 Pre-touch: Disabled
 Parallel Workers: 13

Heap:
 PSYoungGen      total 4096K, used 2350K [0x00000000d5580000, 0x00000000d5c80000, 0x0000000100000000)
  eden space 3584K, 53% used [0x00000000d5580000,0x00000000d575b8a0,0x00000000d5900000)
  from space 512K, 87% used [0x00000000d5b80000,0x00000000d5bf0000,0x00000000d5c00000)
  to   space 512K, 0% used [0x00000000d5c00000,0x00000000d5c00000,0x00000000d5c80000)
 ParOldGen       total 876544K, used 876249K [0x0000000080000000, 0x00000000b5800000, 0x00000000d5580000)
  object space 876544K, 99% used [0x0000000080000000,0x00000000b57b6668,0x00000000b5800000)
 Metaspace       used 95989K, committed 97536K, reserved 1179648K
  class space    used 9410K, committed 10176K, reserved 1048576K

Card table byte_map: [0x00000244c4090000,0x00000244c44a0000] _byte_map_base: 0x00000244c3c90000

Marking Bits: (ParMarkBitMap*) 0x00007ffefca5a340
 Begin Bits: [0x00000244d6b90000, 0x00000244d8b90000)
 End Bits:   [0x00000244d8b90000, 0x00000244dab90000)

Polling page: 0x00000244c21d0000

Metaspace:

Usage:
  Non-class:     84.55 MB used.
      Class:      9.19 MB used.
       Both:     93.74 MB used.

Virtual space:
  Non-class space:      128.00 MB reserved,      85.31 MB ( 67%) committed,  2 nodes.
      Class space:        1.00 GB reserved,       9.94 MB ( <1%) committed,  1 nodes.
             Both:        1.12 GB reserved,      95.25 MB (  8%) committed. 

Chunk freelists:
   Non-Class:  10.39 MB
       Class:  6.04 MB
        Both:  16.43 MB

MaxMetaspaceSize: unlimited
CompressedClassSpaceSize: 1.00 GB
Initial GC threshold: 21.00 MB
Current GC threshold: 158.44 MB
CDS: on
 - commit_granule_bytes: 65536.
 - commit_granule_words: 8192.
 - virtual_space_node_default_size: 8388608.
 - enlarge_chunks_in_place: 1.
 - use_allocation_guard: 0.


Internal statistics:

num_allocs_failed_limit: 9.
num_arena_births: 2130.
num_arena_deaths: 576.
num_vsnodes_births: 3.
num_vsnodes_deaths: 0.
num_space_committed: 1524.
num_space_uncommitted: 0.
num_chunks_returned_to_freelist: 725.
num_chunks_taken_from_freelist: 7492.
num_chunk_merges: 205.
num_chunk_splits: 4027.
num_chunks_enlarged: 1931.
num_inconsistent_stats: 0.

CodeHeap 'non-profiled nmethods': size=119168Kb used=20018Kb max_used=22554Kb free=99149Kb
 bounds [0x00000244cf480000, 0x00000244d0a90000, 0x00000244d68e0000]
CodeHeap 'profiled nmethods': size=119104Kb used=28464Kb max_used=55015Kb free=90639Kb
 bounds [0x00000244c78e0000, 0x00000244caea0000, 0x00000244ced30000]
CodeHeap 'non-nmethods': size=7488Kb used=1532Kb max_used=3278Kb free=5955Kb
 bounds [0x00000244ced30000, 0x00000244cf080000, 0x00000244cf480000]
CodeCache: size=245760Kb, used=50014Kb, max_used=80847Kb, free=195743Kb
 total_blobs=13205, nmethods=12354, adapters=754, full_count=0
Compilation: enabled, stopped_count=0, restarted_count=0

Compilation events (20 events):
Event: 115609.946 Thread 0x00000244c47aac30 32376       3       java.lang.ProcessHandleImpl::get (51 bytes)
Event: 115609.972 Thread 0x00000244c47aac30 nmethod 32376 0x00000244c97bfe90 code [0x00000244c97c00a0, 0x00000244c97c06a8]
Event: 115652.367 Thread 0x00000244c47aac30 32377   !   3       java.util.Collections$SynchronizedMap::size (24 bytes)
Event: 115652.370 Thread 0x00000244c47aac30 nmethod 32377 0x00000244c86f3310 code [0x00000244c86f34c0, 0x00000244c86f3788]
Event: 115792.311 Thread 0x00000244c47a5670 32378       4       java.lang.ref.ReferenceQueue::signal (10 bytes)
Event: 115792.329 Thread 0x00000244c47a5670 nmethod 32378 0x00000244cf603010 code [0x00000244cf6031c0, 0x00000244cf603330]
Event: 115792.329 Thread 0x00000244c47a5670 32379   !   4       java.lang.ref.ReferenceQueue::enqueue (32 bytes)
Event: 115792.383 Thread 0x00000244c47a5670 nmethod 32379 0x00000244cf50ef10 code [0x00000244cf50f160, 0x00000244cf50f720]
Event: 115804.759 Thread 0x00000244c47a5670 32380       4       org.eclipse.core.internal.registry.ReferenceMap$SoftRef::getValue (5 bytes)
Event: 115804.764 Thread 0x00000244c47a5670 nmethod 32380 0x00000244cf675590 code [0x00000244cf675720, 0x00000244cf6757d0]
Event: 115884.176 Thread 0x00000244c47a5670 32381       4       com.google.common.collect.AbstractMapBasedMultimap$WrappedList::get (15 bytes)
Event: 115884.303 Thread 0x00000244c47a5670 nmethod 32381 0x00000244d0700310 code [0x00000244d0700540, 0x00000244d0700ee8]
Event: 115890.767 Thread 0x00000244c47aac30 32382       3       org.eclipse.core.internal.registry.RegistryObjectManager::getHandle (72 bytes)
Event: 115890.789 Thread 0x00000244c47aac30 nmethod 32382 0x00000244c87b1590 code [0x00000244c87b17c0, 0x00000244c87b2040]
Event: 115942.743 Thread 0x00000244c47a5670 32383       4       org.eclipse.core.internal.registry.ReferenceMap::indexFor (55 bytes)
Event: 115942.751 Thread 0x00000244c47a5670 nmethod 32383 0x00000244cf687210 code [0x00000244cf6873a0, 0x00000244cf687480]
Event: 115942.754 Thread 0x00000244c47aac30 32384       3       java.lang.Integer::valueOf (10 bytes)
Event: 115942.772 Thread 0x00000244c47aac30 nmethod 32384 0x00000244c880d590 code [0x00000244c880d760, 0x00000244c880daf0]
Event: 115943.072 Thread 0x00000244c47aac30 32385       3       org.eclipse.m2e.core.internal.builder.plexusbuildapi.EclipseIncrementalBuildContext$1::isSelected (9 bytes)
Event: 115943.176 Thread 0x00000244c47aac30 nmethod 32385 0x00000244c805af90 code [0x00000244c805b140, 0x00000244c805b388]

GC Heap History (20 events):
Event: 114726.965 GC heap before
{Heap before GC invocations=6983 (full 17):
 PSYoungGen      total 5120K, used 4863K [0x00000000d5580000, 0x00000000d5e80000, 0x0000000100000000)
  eden space 3584K, 99% used [0x00000000d5580000,0x00000000d58fffe0,0x00000000d5900000)
  from space 1536K, 83% used [0x00000000d5a00000,0x00000000d5b40000,0x00000000d5b80000)
  to   space 2048K, 0% used [0x00000000d5c80000,0x00000000d5c80000,0x00000000d5e80000)
 ParOldGen       total 873984K, used 873833K [0x0000000080000000, 0x00000000b5580000, 0x00000000d5580000)
  object space 873984K, 99% used [0x0000000080000000,0x00000000b555a658,0x00000000b5580000)
 Metaspace       used 95982K, committed 97536K, reserved 1179648K
  class space    used 9410K, committed 10176K, reserved 1048576K
}
Event: 114726.969 GC heap after
{Heap after GC invocations=6983 (full 17):
 PSYoungGen      total 5120K, used 1316K [0x00000000d5580000, 0x00000000d5e00000, 0x0000000100000000)
  eden space 3584K, 0% used [0x00000000d5580000,0x00000000d5580000,0x00000000d5900000)
  from space 1536K, 85% used [0x00000000d5c80000,0x00000000d5dc9210,0x00000000d5e00000)
  to   space 1536K, 0% used [0x00000000d5a00000,0x00000000d5a00000,0x00000000d5b80000)
 ParOldGen       total 875008K, used 874985K [0x0000000080000000, 0x00000000b5680000, 0x00000000d5580000)
  object space 875008K, 99% used [0x0000000080000000,0x00000000b567a668,0x00000000b5680000)
 Metaspace       used 95982K, committed 97536K, reserved 1179648K
  class space    used 9410K, committed 10176K, reserved 1048576K
}
Event: 114726.993 GC heap before
{Heap before GC invocations=6984 (full 17):
 PSYoungGen      total 5120K, used 4900K [0x00000000d5580000, 0x00000000d5e00000, 0x0000000100000000)
  eden space 3584K, 100% used [0x00000000d5580000,0x00000000d5900000,0x00000000d5900000)
  from space 1536K, 85% used [0x00000000d5c80000,0x00000000d5dc9210,0x00000000d5e00000)
  to   space 1536K, 0% used [0x00000000d5a00000,0x00000000d5a00000,0x00000000d5b80000)
 ParOldGen       total 875008K, used 874985K [0x0000000080000000, 0x00000000b5680000, 0x00000000d5580000)
  object space 875008K, 99% used [0x0000000080000000,0x00000000b567a668,0x00000000b5680000)
 Metaspace       used 95982K, committed 97536K, reserved 1179648K
  class space    used 9410K, committed 10176K, reserved 1048576K
}
Event: 114726.996 GC heap after
{Heap after GC invocations=6984 (full 17):
 PSYoungGen      total 5120K, used 740K [0x00000000d5580000, 0x00000000d5d00000, 0x0000000100000000)
  eden space 3584K, 0% used [0x00000000d5580000,0x00000000d5580000,0x00000000d5900000)
  from space 1536K, 48% used [0x00000000d5a00000,0x00000000d5ab9210,0x00000000d5b80000)
  to   space 1024K, 0% used [0x00000000d5c00000,0x00000000d5c00000,0x00000000d5d00000)
 ParOldGen       total 876032K, used 875777K [0x0000000080000000, 0x00000000b5780000, 0x00000000d5580000)
  object space 876032K, 99% used [0x0000000080000000,0x00000000b5740668,0x00000000b5780000)
 Metaspace       used 95982K, committed 97536K, reserved 1179648K
  class space    used 9410K, committed 10176K, reserved 1048576K
}
Event: 115792.096 GC heap before
{Heap before GC invocations=6985 (full 17):
 PSYoungGen      total 5120K, used 4324K [0x00000000d5580000, 0x00000000d5d00000, 0x0000000100000000)
  eden space 3584K, 100% used [0x00000000d5580000,0x00000000d5900000,0x00000000d5900000)
  from space 1536K, 48% used [0x00000000d5a00000,0x00000000d5ab9210,0x00000000d5b80000)
  to   space 1024K, 0% used [0x00000000d5c00000,0x00000000d5c00000,0x00000000d5d00000)
 ParOldGen       total 876032K, used 875777K [0x0000000080000000, 0x00000000b5780000, 0x00000000d5580000)
  object space 876032K, 99% used [0x0000000080000000,0x00000000b5740668,0x00000000b5780000)
 Metaspace       used 95989K, committed 97536K, reserved 1179648K
  class space    used 9410K, committed 10176K, reserved 1048576K
}
Event: 115792.308 GC heap after
{Heap after GC invocations=6985 (full 17):
 PSYoungGen      total 4096K, used 320K [0x00000000d5580000, 0x00000000d5c80000, 0x0000000100000000)
  eden space 3584K, 0% used [0x00000000d5580000,0x00000000d5580000,0x00000000d5900000)
  from space 512K, 62% used [0x00000000d5c00000,0x00000000d5c50000,0x00000000d5c80000)
  to   space 1024K, 0% used [0x00000000d5a80000,0x00000000d5a80000,0x00000000d5b80000)
 ParOldGen       total 876032K, used 875825K [0x0000000080000000, 0x00000000b5780000, 0x00000000d5580000)
  object space 876032K, 99% used [0x0000000080000000,0x00000000b574c668,0x00000000b5780000)
 Metaspace       used 95989K, committed 97536K, reserved 1179648K
  class space    used 9410K, committed 10176K, reserved 1048576K
}
Event: 115805.654 GC heap before
{Heap before GC invocations=6986 (full 17):
 PSYoungGen      total 4096K, used 3904K [0x00000000d5580000, 0x00000000d5c80000, 0x0000000100000000)
  eden space 3584K, 100% used [0x00000000d5580000,0x00000000d5900000,0x00000000d5900000)
  from space 512K, 62% used [0x00000000d5c00000,0x00000000d5c50000,0x00000000d5c80000)
  to   space 1024K, 0% used [0x00000000d5a80000,0x00000000d5a80000,0x00000000d5b80000)
 ParOldGen       total 876032K, used 875825K [0x0000000080000000, 0x00000000b5780000, 0x00000000d5580000)
  object space 876032K, 99% used [0x0000000080000000,0x00000000b574c668,0x00000000b5780000)
 Metaspace       used 95989K, committed 97536K, reserved 1179648K
  class space    used 9410K, committed 10176K, reserved 1048576K
}
Event: 115805.662 GC heap after
{Heap after GC invocations=6986 (full 17):
 PSYoungGen      total 4608K, used 416K [0x00000000d5580000, 0x00000000d5c80000, 0x0000000100000000)
  eden space 3584K, 0% used [0x00000000d5580000,0x00000000d5580000,0x00000000d5900000)
  from space 1024K, 40% used [0x00000000d5a80000,0x00000000d5ae8000,0x00000000d5b80000)
  to   space 512K, 0% used [0x00000000d5c00000,0x00000000d5c00000,0x00000000d5c80000)
 ParOldGen       total 876032K, used 875905K [0x0000000080000000, 0x00000000b5780000, 0x00000000d5580000)
  object space 876032K, 99% used [0x0000000080000000,0x00000000b5760668,0x00000000b5780000)
 Metaspace       used 95989K, committed 97536K, reserved 1179648K
  class space    used 9410K, committed 10176K, reserved 1048576K
}
Event: 115884.305 GC heap before
{Heap before GC invocations=6987 (full 17):
 PSYoungGen      total 4608K, used 4000K [0x00000000d5580000, 0x00000000d5c80000, 0x0000000100000000)
  eden space 3584K, 100% used [0x00000000d5580000,0x00000000d5900000,0x00000000d5900000)
  from space 1024K, 40% used [0x00000000d5a80000,0x00000000d5ae8000,0x00000000d5b80000)
  to   space 512K, 0% used [0x00000000d5c00000,0x00000000d5c00000,0x00000000d5c80000)
 ParOldGen       total 876032K, used 875905K [0x0000000080000000, 0x00000000b5780000, 0x00000000d5580000)
  object space 876032K, 99% used [0x0000000080000000,0x00000000b5760668,0x00000000b5780000)
 Metaspace       used 95989K, committed 97536K, reserved 1179648K
  class space    used 9410K, committed 10176K, reserved 1048576K
}
Event: 115884.409 GC heap after
{Heap after GC invocations=6987 (full 17):
 PSYoungGen      total 4096K, used 416K [0x00000000d5580000, 0x00000000d5c80000, 0x0000000100000000)
  eden space 3584K, 0% used [0x00000000d5580000,0x00000000d5580000,0x00000000d5900000)
  from space 512K, 81% used [0x00000000d5c00000,0x00000000d5c68000,0x00000000d5c80000)
  to   space 512K, 0% used [0x00000000d5b80000,0x00000000d5b80000,0x00000000d5c00000)
 ParOldGen       total 876032K, used 875969K [0x0000000080000000, 0x00000000b5780000, 0x00000000d5580000)
  object space 876032K, 99% used [0x0000000080000000,0x00000000b5770668,0x00000000b5780000)
 Metaspace       used 95989K, committed 97536K, reserved 1179648K
  class space    used 9410K, committed 10176K, reserved 1048576K
}
Event: 115885.545 GC heap before
{Heap before GC invocations=6988 (full 17):
 PSYoungGen      total 4096K, used 3999K [0x00000000d5580000, 0x00000000d5c80000, 0x0000000100000000)
  eden space 3584K, 99% used [0x00000000d5580000,0x00000000d58ffff0,0x00000000d5900000)
  from space 512K, 81% used [0x00000000d5c00000,0x00000000d5c68000,0x00000000d5c80000)
  to   space 512K, 0% used [0x00000000d5b80000,0x00000000d5b80000,0x00000000d5c00000)
 ParOldGen       total 876032K, used 875969K [0x0000000080000000, 0x00000000b5780000, 0x00000000d5580000)
  object space 876032K, 99% used [0x0000000080000000,0x00000000b5770668,0x00000000b5780000)
 Metaspace       used 95989K, committed 97536K, reserved 1179648K
  class space    used 9410K, committed 10176K, reserved 1048576K
}
Event: 115885.552 GC heap after
{Heap after GC invocations=6988 (full 17):
 PSYoungGen      total 4096K, used 480K [0x00000000d5580000, 0x00000000d5c80000, 0x0000000100000000)
  eden space 3584K, 0% used [0x00000000d5580000,0x00000000d5580000,0x00000000d5900000)
  from space 512K, 93% used [0x00000000d5b80000,0x00000000d5bf8000,0x00000000d5c00000)
  to   space 512K, 0% used [0x00000000d5c00000,0x00000000d5c00000,0x00000000d5c80000)
 ParOldGen       total 876544K, used 876033K [0x0000000080000000, 0x00000000b5800000, 0x00000000d5580000)
  object space 876544K, 99% used [0x0000000080000000,0x00000000b5780668,0x00000000b5800000)
 Metaspace       used 95989K, committed 97536K, reserved 1179648K
  class space    used 9410K, committed 10176K, reserved 1048576K
}
Event: 115890.918 GC heap before
{Heap before GC invocations=6989 (full 17):
 PSYoungGen      total 4096K, used 4064K [0x00000000d5580000, 0x00000000d5c80000, 0x0000000100000000)
  eden space 3584K, 100% used [0x00000000d5580000,0x00000000d5900000,0x00000000d5900000)
  from space 512K, 93% used [0x00000000d5b80000,0x00000000d5bf8000,0x00000000d5c00000)
  to   space 512K, 0% used [0x00000000d5c00000,0x00000000d5c00000,0x00000000d5c80000)
 ParOldGen       total 876544K, used 876033K [0x0000000080000000, 0x00000000b5800000, 0x00000000d5580000)
  object space 876544K, 99% used [0x0000000080000000,0x00000000b5780668,0x00000000b5800000)
 Metaspace       used 95989K, committed 97536K, reserved 1179648K
  class space    used 9410K, committed 10176K, reserved 1048576K
}
Event: 115890.922 GC heap after
{Heap after GC invocations=6989 (full 17):
 PSYoungGen      total 4096K, used 416K [0x00000000d5580000, 0x00000000d5c80000, 0x0000000100000000)
  eden space 3584K, 0% used [0x00000000d5580000,0x00000000d5580000,0x00000000d5900000)
  from space 512K, 81% used [0x00000000d5c00000,0x00000000d5c68000,0x00000000d5c80000)
  to   space 512K, 0% used [0x00000000d5b80000,0x00000000d5b80000,0x00000000d5c00000)
 ParOldGen       total 876544K, used 876081K [0x0000000080000000, 0x00000000b5800000, 0x00000000d5580000)
  object space 876544K, 99% used [0x0000000080000000,0x00000000b578c668,0x00000000b5800000)
 Metaspace       used 95989K, committed 97536K, reserved 1179648K
  class space    used 9410K, committed 10176K, reserved 1048576K
}
Event: 115943.091 GC heap before
{Heap before GC invocations=6990 (full 17):
 PSYoungGen      total 4096K, used 4000K [0x00000000d5580000, 0x00000000d5c80000, 0x0000000100000000)
  eden space 3584K, 100% used [0x00000000d5580000,0x00000000d5900000,0x00000000d5900000)
  from space 512K, 81% used [0x00000000d5c00000,0x00000000d5c68000,0x00000000d5c80000)
  to   space 512K, 0% used [0x00000000d5b80000,0x00000000d5b80000,0x00000000d5c00000)
 ParOldGen       total 876544K, used 876081K [0x0000000080000000, 0x00000000b5800000, 0x00000000d5580000)
  object space 876544K, 99% used [0x0000000080000000,0x00000000b578c668,0x00000000b5800000)
 Metaspace       used 95989K, committed 97536K, reserved 1179648K
  class space    used 9410K, committed 10176K, reserved 1048576K
}
Event: 115943.172 GC heap after
{Heap after GC invocations=6990 (full 17):
 PSYoungGen      total 4096K, used 416K [0x00000000d5580000, 0x00000000d5c80000, 0x0000000100000000)
  eden space 3584K, 0% used [0x00000000d5580000,0x00000000d5580000,0x00000000d5900000)
  from space 512K, 81% used [0x00000000d5b80000,0x00000000d5be8000,0x00000000d5c00000)
  to   space 512K, 0% used [0x00000000d5c00000,0x00000000d5c00000,0x00000000d5c80000)
 ParOldGen       total 876544K, used 876129K [0x0000000080000000, 0x00000000b5800000, 0x00000000d5580000)
  object space 876544K, 99% used [0x0000000080000000,0x00000000b5798668,0x00000000b5800000)
 Metaspace       used 95989K, committed 97536K, reserved 1179648K
  class space    used 9410K, committed 10176K, reserved 1048576K
}
Event: 115945.875 GC heap before
{Heap before GC invocations=6991 (full 17):
 PSYoungGen      total 4096K, used 4000K [0x00000000d5580000, 0x00000000d5c80000, 0x0000000100000000)
  eden space 3584K, 100% used [0x00000000d5580000,0x00000000d5900000,0x00000000d5900000)
  from space 512K, 81% used [0x00000000d5b80000,0x00000000d5be8000,0x00000000d5c00000)
  to   space 512K, 0% used [0x00000000d5c00000,0x00000000d5c00000,0x00000000d5c80000)
 ParOldGen       total 876544K, used 876129K [0x0000000080000000, 0x00000000b5800000, 0x00000000d5580000)
  object space 876544K, 99% used [0x0000000080000000,0x00000000b5798668,0x00000000b5800000)
 Metaspace       used 95989K, committed 97536K, reserved 1179648K
  class space    used 9410K, committed 10176K, reserved 1048576K
}
Event: 115945.880 GC heap after
{Heap after GC invocations=6991 (full 17):
 PSYoungGen      total 4096K, used 448K [0x00000000d5580000, 0x00000000d5c80000, 0x0000000100000000)
  eden space 3584K, 0% used [0x00000000d5580000,0x00000000d5580000,0x00000000d5900000)
  from space 512K, 87% used [0x00000000d5c00000,0x00000000d5c70000,0x00000000d5c80000)
  to   space 512K, 0% used [0x00000000d5b80000,0x00000000d5b80000,0x00000000d5c00000)
 ParOldGen       total 876544K, used 876193K [0x0000000080000000, 0x00000000b5800000, 0x00000000d5580000)
  object space 876544K, 99% used [0x0000000080000000,0x00000000b57a8668,0x00000000b5800000)
 Metaspace       used 95989K, committed 97536K, reserved 1179648K
  class space    used 9410K, committed 10176K, reserved 1048576K
}
Event: 115948.987 GC heap before
{Heap before GC invocations=6992 (full 17):
 PSYoungGen      total 4096K, used 4032K [0x00000000d5580000, 0x00000000d5c80000, 0x0000000100000000)
  eden space 3584K, 100% used [0x00000000d5580000,0x00000000d5900000,0x00000000d5900000)
  from space 512K, 87% used [0x00000000d5c00000,0x00000000d5c70000,0x00000000d5c80000)
  to   space 512K, 0% used [0x00000000d5b80000,0x00000000d5b80000,0x00000000d5c00000)
 ParOldGen       total 876544K, used 876193K [0x0000000080000000, 0x00000000b5800000, 0x00000000d5580000)
  object space 876544K, 99% used [0x0000000080000000,0x00000000b57a8668,0x00000000b5800000)
 Metaspace       used 95989K, committed 97536K, reserved 1179648K
  class space    used 9410K, committed 10176K, reserved 1048576K
}
Event: 115948.989 GC heap after
{Heap after GC invocations=6992 (full 17):
 PSYoungGen      total 4096K, used 448K [0x00000000d5580000, 0x00000000d5c80000, 0x0000000100000000)
  eden space 3584K, 0% used [0x00000000d5580000,0x00000000d5580000,0x00000000d5900000)
  from space 512K, 87% used [0x00000000d5b80000,0x00000000d5bf0000,0x00000000d5c00000)
  to   space 512K, 0% used [0x00000000d5c00000,0x00000000d5c00000,0x00000000d5c80000)
 ParOldGen       total 876544K, used 876249K [0x0000000080000000, 0x00000000b5800000, 0x00000000d5580000)
  object space 876544K, 99% used [0x0000000080000000,0x00000000b57b6668,0x00000000b5800000)
 Metaspace       used 95989K, committed 97536K, reserved 1179648K
  class space    used 9410K, committed 10176K, reserved 1048576K
}

Dll operation events (12 events):
Event: 0.112 Loaded shared library c:\Users\samue\.vscode\extensions\redhat.java-1.45.0-win32-x64\jre\21.0.8-win32-x86_64\bin\java.dll
Event: 0.336 Loaded shared library c:\Users\samue\.vscode\extensions\redhat.java-1.45.0-win32-x64\jre\21.0.8-win32-x86_64\bin\zip.dll
Event: 0.406 Loaded shared library C:\Users\samue\.vscode\extensions\redhat.java-1.45.0-win32-x64\jre\21.0.8-win32-x86_64\bin\instrument.dll
Event: 0.426 Loaded shared library C:\Users\samue\.vscode\extensions\redhat.java-1.45.0-win32-x64\jre\21.0.8-win32-x86_64\bin\net.dll
Event: 0.438 Loaded shared library C:\Users\samue\.vscode\extensions\redhat.java-1.45.0-win32-x64\jre\21.0.8-win32-x86_64\bin\nio.dll
Event: 0.453 Loaded shared library C:\Users\samue\.vscode\extensions\redhat.java-1.45.0-win32-x64\jre\21.0.8-win32-x86_64\bin\zip.dll
Event: 0.508 Loaded shared library C:\Users\samue\.vscode\extensions\redhat.java-1.45.0-win32-x64\jre\21.0.8-win32-x86_64\bin\jimage.dll
Event: 0.720 Loaded shared library c:\Users\samue\.vscode\extensions\redhat.java-1.45.0-win32-x64\jre\21.0.8-win32-x86_64\bin\verify.dll
Event: 11.071 Loaded shared library C:\Users\samue\AppData\Roaming\Code\User\globalStorage\redhat.java\1.45.0\config_win\org.eclipse.equinox.launcher\org.eclipse.equinox.launcher.win32.win32.x86_64_1.2.1400.v20250801-0854\eclipse_11916.dll
Event: 43.663 Loaded shared library C:\Users\samue\AppData\Local\Temp\jna-109203119\jna7760526748195240685.dll
Event: 47.106 Loaded shared library C:\Users\samue\.vscode\extensions\redhat.java-1.45.0-win32-x64\jre\21.0.8-win32-x86_64\bin\sunmscapi.dll
Event: 48.060 Loaded shared library C:\Users\samue\.vscode\extensions\redhat.java-1.45.0-win32-x64\jre\21.0.8-win32-x86_64\bin\extnet.dll

Deoptimization events (20 events):
Event: 114697.097 Thread 0x00000244e22fbdc0 DEOPT PACKING pc=0x00000244cf4dc040 sp=0x00000092a41feaf0
Event: 114697.098 Thread 0x00000244e22fbdc0 DEOPT UNPACKING pc=0x00000244ced83aa2 sp=0x00000092a41fea70 mode 2
Event: 114697.152 Thread 0x00000244e22fbdc0 Uncommon trap: trap_request=0xffffff45 fr.pc=0x00000244cf603b18 relative=0x00000000000002b8
Event: 114697.152 Thread 0x00000244e22fbdc0 Uncommon trap: reason=unstable_if action=reinterpret pc=0x00000244cf603b18 method=org.eclipse.jdt.internal.core.builder.ClasspathJar.lambda$0(Ljava/lang/String;Lorg/eclipse/jdt/internal/core/builder/ClasspathJar$PackageCacheEntry;)Lorg/eclipse/jdt/interna
Event: 114697.152 Thread 0x00000244e22fbdc0 DEOPT PACKING pc=0x00000244cf603b18 sp=0x00000092a41febe0
Event: 114697.153 Thread 0x00000244e22fbdc0 DEOPT UNPACKING pc=0x00000244ced83aa2 sp=0x00000092a41feaf0 mode 2
Event: 114718.555 Thread 0x00000244ee187e10 Uncommon trap: trap_request=0xffffff45 fr.pc=0x00000244d06f38e0 relative=0x0000000000001500
Event: 114718.555 Thread 0x00000244ee187e10 Uncommon trap: reason=unstable_if action=reinterpret pc=0x00000244d06f38e0 method=org.eclipse.jdt.internal.core.dom.rewrite.RewriteEventStore.getTrackedNodeData(Lorg/eclipse/jdt/core/dom/ASTNode;)Lorg/eclipse/text/edits/TextEditGroup; @ 4 c2
Event: 114718.555 Thread 0x00000244ee187e10 DEOPT PACKING pc=0x00000244d06f38e0 sp=0x00000092a5efe990
Event: 114718.555 Thread 0x00000244ee187e10 DEOPT UNPACKING pc=0x00000244ced83aa2 sp=0x00000092a5efe738 mode 2
Event: 114718.809 Thread 0x00000244eecdf110 Uncommon trap: trap_request=0xffffff45 fr.pc=0x00000244d0524f5c relative=0x000000000000065c
Event: 114718.810 Thread 0x00000244eecdf110 Uncommon trap: reason=unstable_if action=reinterpret pc=0x00000244d0524f5c method=org.eclipse.jdt.internal.compiler.codegen.CodeStream.recordPositionsFrom(IIZ)V @ 45 c2
Event: 114718.810 Thread 0x00000244eecdf110 DEOPT PACKING pc=0x00000244d0524f5c sp=0x00000092a3afe240
Event: 114718.811 Thread 0x00000244eecdf110 DEOPT UNPACKING pc=0x00000244ced83aa2 sp=0x00000092a3afe1d8 mode 2
Event: 114723.521 Thread 0x00000244eecdc9b0 Uncommon trap: trap_request=0xffffff45 fr.pc=0x00000244cfa7f550 relative=0x0000000000001130
Event: 114723.521 Thread 0x00000244eecdc9b0 Uncommon trap: reason=unstable_if action=reinterpret pc=0x00000244cfa7f550 method=org.eclipse.jdt.internal.compiler.ast.ReturnStatement.resolve(Lorg/eclipse/jdt/internal/compiler/lookup/BlockScope;)V @ 65 c2
Event: 114723.521 Thread 0x00000244eecdc9b0 DEOPT PACKING pc=0x00000244cfa7f550 sp=0x00000092a35fddb0
Event: 114723.522 Thread 0x00000244eecdc9b0 DEOPT UNPACKING pc=0x00000244ced83aa2 sp=0x00000092a35fdd68 mode 2
Event: 114723.847 Thread 0x00000244eecdc9b0 DEOPT PACKING pc=0x00000244c91ab221 sp=0x00000092a35fe4c0
Event: 114723.847 Thread 0x00000244eecdc9b0 DEOPT UNPACKING pc=0x00000244ced84242 sp=0x00000092a35fd928 mode 0

Classes loaded (20 events):
Event: 114409.757 Loading class java/util/stream/ReferencePipeline$5
Event: 114409.757 Loading class java/util/stream/LongPipeline$StatelessOp
Event: 114409.758 Loading class java/util/stream/LongPipeline
Event: 114409.760 Loading class java/util/stream/LongStream
Event: 114409.761 Loading class java/util/stream/LongStream done
Event: 114409.761 Loading class java/util/stream/LongPipeline done
Event: 114409.761 Loading class java/util/stream/LongPipeline$StatelessOp done
Event: 114409.761 Loading class java/util/stream/ReferencePipeline$5 done
Event: 114409.761 Loading class java/util/stream/FindOps$FindSink$OfLong
Event: 114409.762 Loading class java/util/stream/Sink$OfLong
Event: 114409.762 Loading class java/util/stream/Sink$OfLong done
Event: 114409.762 Loading class java/util/stream/FindOps$FindSink$OfLong done
Event: 114409.765 Loading class java/util/OptionalLong
Event: 114409.766 Loading class java/util/OptionalLong done
Event: 114409.767 Loading class java/util/stream/ReferencePipeline$5$1
Event: 114409.768 Loading class java/util/stream/ReferencePipeline$5$1 done
Event: 114409.779 Loading class java/nio/HeapByteBufferR
Event: 114409.780 Loading class java/nio/HeapByteBufferR done
Event: 114430.718 Loading class java/util/LinkedList$LLSpliterator
Event: 114430.721 Loading class java/util/LinkedList$LLSpliterator done

Classes unloaded (20 events):
Event: 113254.968 Thread 0x00000244c22de9b0 Unloading class 0x00000244811ac800 'java/lang/invoke/LambdaForm$MH+0x00000244811ac800'
Event: 113254.968 Thread 0x00000244c22de9b0 Unloading class 0x0000024481270800 'java/lang/invoke/LambdaForm$MH+0x0000024481270800'
Event: 113254.968 Thread 0x00000244c22de9b0 Unloading class 0x0000024481272000 'java/lang/invoke/LambdaForm$MH+0x0000024481272000'
Event: 113254.968 Thread 0x00000244c22de9b0 Unloading class 0x0000024481272c00 'java/lang/invoke/LambdaForm$MH+0x0000024481272c00'
Event: 113254.968 Thread 0x00000244c22de9b0 Unloading class 0x0000024481274400 'java/lang/invoke/LambdaForm$MH+0x0000024481274400'
Event: 113254.968 Thread 0x00000244c22de9b0 Unloading class 0x0000024481275000 'java/lang/invoke/LambdaForm$MH+0x0000024481275000'
Event: 113254.968 Thread 0x00000244c22de9b0 Unloading class 0x0000024481278000 'java/lang/invoke/LambdaForm$MH+0x0000024481278000'
Event: 113254.968 Thread 0x00000244c22de9b0 Unloading class 0x000002448127a400 'java/lang/invoke/LambdaForm$MH+0x000002448127a400'
Event: 113254.968 Thread 0x00000244c22de9b0 Unloading class 0x000002448127a800 'java/lang/invoke/LambdaForm$MH+0x000002448127a800'
Event: 113254.968 Thread 0x00000244c22de9b0 Unloading class 0x000002448127b400 'java/lang/invoke/LambdaForm$MH+0x000002448127b400'
Event: 113254.968 Thread 0x00000244c22de9b0 Unloading class 0x0000024481280000 'java/lang/invoke/LambdaForm$MH+0x0000024481280000'
Event: 113254.968 Thread 0x00000244c22de9b0 Unloading class 0x0000024481282000 'java/lang/invoke/LambdaForm$MH+0x0000024481282000'
Event: 113254.968 Thread 0x00000244c22de9b0 Unloading class 0x0000024481283c00 'java/lang/invoke/LambdaForm$MH+0x0000024481283c00'
Event: 113254.968 Thread 0x00000244c22de9b0 Unloading class 0x0000024481285000 'java/lang/invoke/LambdaForm$MH+0x0000024481285000'
Event: 113254.968 Thread 0x00000244c22de9b0 Unloading class 0x0000024481019400 'java/lang/invoke/LambdaForm$MH+0x0000024481019400'
Event: 113254.968 Thread 0x00000244c22de9b0 Unloading class 0x0000024481018400 'java/lang/invoke/LambdaForm$MH+0x0000024481018400'
Event: 113254.968 Thread 0x00000244c22de9b0 Unloading class 0x0000024481018000 'java/lang/invoke/LambdaForm$MH+0x0000024481018000'
Event: 113254.968 Thread 0x00000244c22de9b0 Unloading class 0x0000024481017400 'java/lang/invoke/LambdaForm$MH+0x0000024481017400'
Event: 113254.968 Thread 0x00000244c22de9b0 Unloading class 0x0000024481016400 'java/lang/invoke/LambdaForm$MH+0x0000024481016400'
Event: 113254.968 Thread 0x00000244c22de9b0 Unloading class 0x0000024481000400 'java/lang/invoke/LambdaForm$MH+0x0000024481000400'

Classes redefined (0 events):
No events

Internal exceptions (20 events):
Event: 114696.819 Thread 0x00000244e22fbdc0 Exception <a 'sun/nio/fs/WindowsException'{0x00000000d568e9f8}> (0x00000000d568e9f8) 
thrown [s\src\hotspot\share\prims\jni.cpp, line 520]
Event: 114697.095 Thread 0x00000244e22fbdc0 Exception <a 'sun/nio/fs/WindowsException'{0x00000000d57021c0}> (0x00000000d57021c0) 
thrown [s\src\hotspot\share\prims\jni.cpp, line 520]
Event: 114707.790 Thread 0x00000244e22fbdc0 Exception <a 'sun/nio/fs/WindowsException'{0x00000000d55a9ba0}> (0x00000000d55a9ba0) 
thrown [s\src\hotspot\share\prims\jni.cpp, line 520]
Event: 114708.049 Thread 0x00000244e22fbdc0 Exception <a 'sun/nio/fs/WindowsException'{0x00000000d5628370}> (0x00000000d5628370) 
thrown [s\src\hotspot\share\prims\jni.cpp, line 520]
Event: 114719.765 Thread 0x00000244e22fbdc0 Exception <a 'sun/nio/fs/WindowsException'{0x00000000d5c86f98}> (0x00000000d5c86f98) 
thrown [s\src\hotspot\share\prims\jni.cpp, line 520]
Event: 114720.337 Thread 0x00000244e22fbdc0 Exception <a 'sun/nio/fs/WindowsException'{0x00000000d585e940}> (0x00000000d585e940) 
thrown [s\src\hotspot\share\prims\jni.cpp, line 520]
Event: 114720.925 Thread 0x00000244eecdf110 Exception <a 'java/lang/ClassNotFoundException'{0x00000000d5be3aa0}: sun/net/www/protocol/jdt/Handler> (0x00000000d5be3aa0) 
thrown [s\src\hotspot\share\classfile\systemDictionary.cpp, line 312]
Event: 114720.926 Thread 0x00000244eecdf110 Exception <a 'java/lang/ClassNotFoundException'{0x00000000d5be60d8}: sun/net/www/protocol/jdt/Handler> (0x00000000d5be60d8) 
thrown [s\src\hotspot\share\classfile\systemDictionary.cpp, line 312]
Event: 114720.926 Thread 0x00000244eecdf110 Exception <a 'java/lang/ClassNotFoundException'{0x00000000d5be8500}: sun/net/www/protocol/jdt/Handler> (0x00000000d5be8500) 
thrown [s\src\hotspot\share\classfile\systemDictionary.cpp, line 312]
Event: 114721.545 Thread 0x00000244e586d0a0 Exception <a 'java/lang/ClassNotFoundException'{0x00000000d593acc8}: sun/net/www/protocol/jdt/Handler> (0x00000000d593acc8) 
thrown [s\src\hotspot\share\classfile\systemDictionary.cpp, line 312]
Event: 114721.545 Thread 0x00000244e586d0a0 Exception <a 'java/lang/ClassNotFoundException'{0x00000000d593cb90}: sun/net/www/protocol/jdt/Handler> (0x00000000d593cb90) 
thrown [s\src\hotspot\share\classfile\systemDictionary.cpp, line 312]
Event: 114722.962 Thread 0x00000244e22fbdc0 Exception <a 'sun/nio/fs/WindowsException'{0x00000000d55e6658}> (0x00000000d55e6658) 
thrown [s\src\hotspot\share\prims\jni.cpp, line 520]
Event: 114723.358 Thread 0x00000244e22fbdc0 Exception <a 'sun/nio/fs/WindowsException'{0x00000000d558f010}> (0x00000000d558f010) 
thrown [s\src\hotspot\share\prims\jni.cpp, line 520]
Event: 114723.521 Thread 0x00000244eecdc9b0 Implicit null exception at 0x00000244cfa7ec23 to 0x00000244cfa7f534
Event: 114724.541 Thread 0x00000244e22fbdc0 Exception <a 'sun/nio/fs/WindowsException'{0x00000000d58df500}> (0x00000000d58df500) 
thrown [s\src\hotspot\share\prims\jni.cpp, line 520]
Event: 114724.920 Thread 0x00000244e22fbdc0 Exception <a 'sun/nio/fs/WindowsException'{0x00000000d55adc20}> (0x00000000d55adc20) 
thrown [s\src\hotspot\share\prims\jni.cpp, line 520]
Event: 114726.099 Thread 0x00000244e22fbdc0 Exception <a 'sun/nio/fs/WindowsException'{0x00000000d5682d58}> (0x00000000d5682d58) 
thrown [s\src\hotspot\share\prims\jni.cpp, line 520]
Event: 114726.549 Thread 0x00000244e22fbdc0 Exception <a 'sun/nio/fs/WindowsException'{0x00000000d5611250}> (0x00000000d5611250) 
thrown [s\src\hotspot\share\prims\jni.cpp, line 520]
Event: 114986.907 Thread 0x00000244e586fe90 Exception <a 'sun/nio/fs/WindowsException'{0x00000000d5756d30}> (0x00000000d5756d30) 
thrown [s\src\hotspot\share\prims\jni.cpp, line 520]
Event: 114986.912 Thread 0x00000244e586fe90 Exception <a 'sun/nio/fs/WindowsException'{0x00000000d5757848}> (0x00000000d5757848) 
thrown [s\src\hotspot\share\prims\jni.cpp, line 520]

ZGC Phase Switch (0 events):
No events

VM Operations (20 events):
Event: 115792.095 Executing VM operation: ParallelGCFailedAllocation (Allocation Failure)
Event: 115792.308 Executing VM operation: ParallelGCFailedAllocation (Allocation Failure) done
Event: 115805.427 Executing VM operation: Cleanup
Event: 115805.444 Executing VM operation: Cleanup done
Event: 115805.654 Executing VM operation: ParallelGCFailedAllocation (Allocation Failure)
Event: 115805.662 Executing VM operation: ParallelGCFailedAllocation (Allocation Failure) done
Event: 115806.669 Executing VM operation: Cleanup
Event: 115806.669 Executing VM operation: Cleanup done
Event: 115884.294 Executing VM operation: ParallelGCFailedAllocation (Allocation Failure)
Event: 115884.410 Executing VM operation: ParallelGCFailedAllocation (Allocation Failure) done
Event: 115885.545 Executing VM operation: ParallelGCFailedAllocation (Allocation Failure)
Event: 115885.552 Executing VM operation: ParallelGCFailedAllocation (Allocation Failure) done
Event: 115890.918 Executing VM operation: ParallelGCFailedAllocation (Allocation Failure)
Event: 115890.922 Executing VM operation: ParallelGCFailedAllocation (Allocation Failure) done
Event: 115943.076 Executing VM operation: ParallelGCFailedAllocation (Allocation Failure)
Event: 115943.172 Executing VM operation: ParallelGCFailedAllocation (Allocation Failure) done
Event: 115945.875 Executing VM operation: ParallelGCFailedAllocation (Allocation Failure)
Event: 115945.880 Executing VM operation: ParallelGCFailedAllocation (Allocation Failure) done
Event: 115948.986 Executing VM operation: ParallelGCFailedAllocation (Allocation Failure)
Event: 115948.989 Executing VM operation: ParallelGCFailedAllocation (Allocation Failure) done

Memory protections (0 events):
No events

Nmethod flushes (20 events):
Event: 114687.991 Thread 0x00000244c22de9b0 flushing  nmethod 0x00000244cac61a10
Event: 114687.991 Thread 0x00000244c22de9b0 flushing  nmethod 0x00000244cac7c390
Event: 114687.991 Thread 0x00000244c22de9b0 flushing  nmethod 0x00000244cac89b10
Event: 114687.991 Thread 0x00000244c22de9b0 flushing  nmethod 0x00000244cac8a490
Event: 114687.991 Thread 0x00000244c22de9b0 flushing  nmethod 0x00000244cac8ad10
Event: 114687.991 Thread 0x00000244c22de9b0 flushing  nmethod 0x00000244cac99110
Event: 114687.992 Thread 0x00000244c22de9b0 flushing  nmethod 0x00000244cacdf610
Event: 114687.992 Thread 0x00000244c22de9b0 flushing  nmethod 0x00000244cad01e90
Event: 114687.992 Thread 0x00000244c22de9b0 flushing  nmethod 0x00000244cad0b610
Event: 114687.992 Thread 0x00000244c22de9b0 flushing  nmethod 0x00000244cad0bf10
Event: 114687.993 Thread 0x00000244c22de9b0 flushing  nmethod 0x00000244cad0ce90
Event: 114687.993 Thread 0x00000244c22de9b0 flushing  nmethod 0x00000244cad10590
Event: 114687.993 Thread 0x00000244c22de9b0 flushing  nmethod 0x00000244cad2f090
Event: 114687.993 Thread 0x00000244c22de9b0 flushing  nmethod 0x00000244cad80110
Event: 114687.993 Thread 0x00000244c22de9b0 flushing  nmethod 0x00000244cadbf990
Event: 114687.993 Thread 0x00000244c22de9b0 flushing  nmethod 0x00000244cade3110
Event: 114687.993 Thread 0x00000244c22de9b0 flushing  nmethod 0x00000244cae05690
Event: 114687.993 Thread 0x00000244c22de9b0 flushing  nmethod 0x00000244cae30110
Event: 114687.993 Thread 0x00000244c22de9b0 flushing  nmethod 0x00000244cae63090
Event: 114687.993 Thread 0x00000244c22de9b0 flushing  nmethod 0x00000244cae87d10

Events (20 events):
Event: 115023.050 Thread 0x00000244ee18ccd0 Thread exited: 0x00000244ee18ccd0
Event: 115023.114 Thread 0x00000244ee18d360 Thread exited: 0x00000244ee18d360
Event: 115024.652 Thread 0x00000244ee18d9f0 Thread exited: 0x00000244ee18d9f0
Event: 115024.714 Thread 0x00000244e5869c20 Thread exited: 0x00000244e5869c20
Event: 115026.194 Thread 0x00000244e586a940 Thread exited: 0x00000244e586a940
Event: 115026.268 Thread 0x00000244e586f170 Thread exited: 0x00000244e586f170
Event: 115047.184 Thread 0x00000244eecdc9b0 Thread exited: 0x00000244eecdc9b0
Event: 115049.423 Thread 0x00000244eecdd040 Thread exited: 0x00000244eecdd040
Event: 115109.431 Thread 0x00000244eecd8810 Thread exited: 0x00000244eecd8810
Event: 115169.450 Thread 0x00000244ee18ac00 Thread exited: 0x00000244ee18ac00
Event: 115229.459 Thread 0x00000244ee18a570 Thread exited: 0x00000244ee18a570
Event: 115289.475 Thread 0x00000244eecdf110 Thread exited: 0x00000244eecdf110
Event: 115349.484 Thread 0x00000244e586bcf0 Thread exited: 0x00000244e586bcf0
Event: 115409.490 Thread 0x00000244ee188b30 Thread exited: 0x00000244ee188b30
Event: 115469.501 Thread 0x00000244ee18b920 Thread exited: 0x00000244ee18b920
Event: 115529.503 Thread 0x00000244eecd9530 Thread exited: 0x00000244eecd9530
Event: 115589.506 Thread 0x00000244eecddd60 Thread exited: 0x00000244eecddd60
Event: 115649.520 Thread 0x00000244e586c380 Thread exited: 0x00000244e586c380
Event: 115792.041 Thread 0x00000244e53b4640 Thread added: 0x00000244eecd9bc0
Event: 115852.320 Thread 0x00000244eecd9bc0 Thread exited: 0x00000244eecd9bc0


Dynamic libraries:
0x00007ff7dcfb0000 - 0x00007ff7dcfbe000 	c:\Users\samue\.vscode\extensions\redhat.java-1.45.0-win32-x64\jre\21.0.8-win32-x86_64\bin\java.exe
0x00007fffadac0000 - 0x00007fffadd29000 	C:\WINDOWS\SYSTEM32\ntdll.dll
0x00007fffad750000 - 0x00007fffad819000 	C:\WINDOWS\System32\KERNEL32.DLL
0x00007fffab3d0000 - 0x00007fffab7c3000 	C:\WINDOWS\System32\KERNELBASE.dll
0x00007fffab1f0000 - 0x00007fffab33b000 	C:\WINDOWS\System32\ucrtbase.dll
0x00007ffefcbd0000 - 0x00007ffefcbee000 	c:\Users\samue\.vscode\extensions\redhat.java-1.45.0-win32-x64\jre\21.0.8-win32-x86_64\bin\VCRUNTIME140.dll
0x00007fff266f0000 - 0x00007fff26708000 	c:\Users\samue\.vscode\extensions\redhat.java-1.45.0-win32-x64\jre\21.0.8-win32-x86_64\bin\jli.dll
0x00007fffad8b0000 - 0x00007fffada74000 	C:\WINDOWS\System32\USER32.dll
0x00007fffaad80000 - 0x00007fffaada7000 	C:\WINDOWS\System32\win32u.dll
0x00007fffac670000 - 0x00007fffac69b000 	C:\WINDOWS\System32\GDI32.dll
0x00007fffaac50000 - 0x00007fffaad7d000 	C:\WINDOWS\System32\gdi32full.dll
0x00007fff968e0000 - 0x00007fff96b73000 	C:\WINDOWS\WinSxS\amd64_microsoft.windows.common-controls_6595b64144ccf1df_6.0.26100.5074_none_3e0d6f78e32fd63f\COMCTL32.dll
0x00007fffab0a0000 - 0x00007fffab143000 	C:\WINDOWS\System32\msvcp_win.dll
0x00007fffab9b0000 - 0x00007fffaba59000 	C:\WINDOWS\System32\msvcrt.dll
0x00007fffac2b0000 - 0x00007fffac2df000 	C:\WINDOWS\System32\IMM32.DLL
0x00007fff659a0000 - 0x00007fff659ac000 	c:\Users\samue\.vscode\extensions\redhat.java-1.45.0-win32-x64\jre\21.0.8-win32-x86_64\bin\vcruntime140_1.dll
0x00007ffefcb40000 - 0x00007ffefcbcd000 	c:\Users\samue\.vscode\extensions\redhat.java-1.45.0-win32-x64\jre\21.0.8-win32-x86_64\bin\msvcp140.dll
0x00007ffefbda0000 - 0x00007ffefcb37000 	c:\Users\samue\.vscode\extensions\redhat.java-1.45.0-win32-x64\jre\21.0.8-win32-x86_64\bin\server\jvm.dll
0x00007fffac9b0000 - 0x00007fffaca64000 	C:\WINDOWS\System32\ADVAPI32.dll
0x00007fffad6a0000 - 0x00007fffad746000 	C:\WINDOWS\System32\sechost.dll
0x00007fffad570000 - 0x00007fffad688000 	C:\WINDOWS\System32\RPCRT4.dll
0x00007fffac7f0000 - 0x00007fffac864000 	C:\WINDOWS\System32\WS2_32.dll
0x00007fffa36d0000 - 0x00007fffa3705000 	C:\WINDOWS\SYSTEM32\WINMM.dll
0x00007fffa4060000 - 0x00007fffa406b000 	C:\WINDOWS\SYSTEM32\VERSION.dll
0x00007fffaaab0000 - 0x00007fffaab0e000 	C:\WINDOWS\SYSTEM32\POWRPROF.dll
0x00007fffaaa90000 - 0x00007fffaaaa4000 	C:\WINDOWS\SYSTEM32\UMPDC.dll
0x00007fffa9990000 - 0x00007fffa99ab000 	C:\WINDOWS\SYSTEM32\kernel.appcore.dll
0x00007fff46c60000 - 0x00007fff46c6a000 	c:\Users\samue\.vscode\extensions\redhat.java-1.45.0-win32-x64\jre\21.0.8-win32-x86_64\bin\jimage.dll
0x00007fff9f510000 - 0x00007fff9f752000 	C:\WINDOWS\SYSTEM32\DBGHELP.DLL
0x00007fffac2f0000 - 0x00007fffac66b000 	C:\WINDOWS\System32\combase.dll
0x00007fffac8d0000 - 0x00007fffac9a7000 	C:\WINDOWS\System32\OLEAUT32.dll
0x00007fff71e30000 - 0x00007fff71e6d000 	C:\WINDOWS\SYSTEM32\dbgcore.DLL
0x00007fffab150000 - 0x00007fffab1e9000 	C:\WINDOWS\System32\bcryptPrimitives.dll
0x00007fff278e0000 - 0x00007fff278ef000 	c:\Users\samue\.vscode\extensions\redhat.java-1.45.0-win32-x64\jre\21.0.8-win32-x86_64\bin\instrument.dll
0x00007ffefbb30000 - 0x00007ffefbb4f000 	c:\Users\samue\.vscode\extensions\redhat.java-1.45.0-win32-x64\jre\21.0.8-win32-x86_64\bin\java.dll
0x00007fffabb60000 - 0x00007fffac2ad000 	C:\WINDOWS\System32\SHELL32.dll
0x00007fffaadb0000 - 0x00007fffaaf1c000 	C:\WINDOWS\System32\wintypes.dll
0x00007fffa88a0000 - 0x00007fffa90f9000 	C:\WINDOWS\SYSTEM32\windows.storage.dll
0x00007fffaba60000 - 0x00007fffabb50000 	C:\WINDOWS\System32\SHCORE.dll
0x00007ffface90000 - 0x00007fffacef2000 	C:\WINDOWS\System32\shlwapi.dll
0x00007fffaab70000 - 0x00007fffaab99000 	C:\WINDOWS\SYSTEM32\profapi.dll
0x00007ffefbd80000 - 0x00007ffefbd98000 	c:\Users\samue\.vscode\extensions\redhat.java-1.45.0-win32-x64\jre\21.0.8-win32-x86_64\bin\zip.dll
0x00007fff263d0000 - 0x00007fff263e0000 	C:\Users\samue\.vscode\extensions\redhat.java-1.45.0-win32-x64\jre\21.0.8-win32-x86_64\bin\net.dll
0x00007fffa3c40000 - 0x00007fffa3d5f000 	C:\WINDOWS\SYSTEM32\WINHTTP.dll
0x00007fffa9fb0000 - 0x00007fffaa01b000 	C:\WINDOWS\system32\mswsock.dll
0x00007ffefbd60000 - 0x00007ffefbd76000 	C:\Users\samue\.vscode\extensions\redhat.java-1.45.0-win32-x64\jre\21.0.8-win32-x86_64\bin\nio.dll
0x00007fff24b30000 - 0x00007fff24b40000 	c:\Users\samue\.vscode\extensions\redhat.java-1.45.0-win32-x64\jre\21.0.8-win32-x86_64\bin\verify.dll
0x00007fff46b00000 - 0x00007fff46b44000 	C:\Users\samue\AppData\Roaming\Code\User\globalStorage\redhat.java\1.45.0\config_win\org.eclipse.equinox.launcher\org.eclipse.equinox.launcher.win32.win32.x86_64_1.2.1400.v20250801-0854\eclipse_11916.dll
0x00007fffaca70000 - 0x00007fffacc08000 	C:\WINDOWS\System32\ole32.dll
0x00007fffaa250000 - 0x00007fffaa26b000 	C:\WINDOWS\SYSTEM32\CRYPTSP.dll
0x00007fffa99b0000 - 0x00007fffa99eb000 	C:\WINDOWS\system32\rsaenh.dll
0x00007fffaa050000 - 0x00007fffaa07b000 	C:\WINDOWS\SYSTEM32\USERENV.dll
0x00007fffaab40000 - 0x00007fffaab66000 	C:\WINDOWS\SYSTEM32\bcrypt.dll
0x00007fffaa270000 - 0x00007fffaa27c000 	C:\WINDOWS\SYSTEM32\CRYPTBASE.dll
0x00007fffa9400000 - 0x00007fffa9434000 	C:\WINDOWS\SYSTEM32\IPHLPAPI.DLL
0x00007fffacdf0000 - 0x00007fffacdfa000 	C:\WINDOWS\System32\NSI.dll
0x00007fff3ad60000 - 0x00007fff3ada9000 	C:\Users\samue\AppData\Local\Temp\jna-109203119\jna7760526748195240685.dll
0x00007ffface00000 - 0x00007ffface08000 	C:\WINDOWS\System32\PSAPI.DLL
0x00007fffa40a0000 - 0x00007fffa40be000 	C:\WINDOWS\SYSTEM32\dhcpcsvc6.DLL
0x00007fffa4070000 - 0x00007fffa4093000 	C:\WINDOWS\SYSTEM32\dhcpcsvc.DLL
0x00007fffa5e90000 - 0x00007fffa5e9e000 	C:\Users\samue\.vscode\extensions\redhat.java-1.45.0-win32-x64\jre\21.0.8-win32-x86_64\bin\sunmscapi.dll
0x00007fffaaf20000 - 0x00007fffab097000 	C:\WINDOWS\System32\CRYPT32.dll
0x00007fffaa470000 - 0x00007fffaa4a0000 	C:\WINDOWS\SYSTEM32\ncrypt.dll
0x00007fffaa420000 - 0x00007fffaa45f000 	C:\WINDOWS\SYSTEM32\NTASN1.dll
0x00007fffa9490000 - 0x00007fffa95b6000 	C:\WINDOWS\SYSTEM32\DNSAPI.dll
0x00007fffa1140000 - 0x00007fffa114b000 	C:\Windows\System32\rasadhlp.dll
0x00007fffa1c50000 - 0x00007fffa1cd6000 	C:\WINDOWS\System32\fwpuclnt.dll
0x00007fffa5e80000 - 0x00007fffa5e89000 	C:\Users\samue\.vscode\extensions\redhat.java-1.45.0-win32-x64\jre\21.0.8-win32-x86_64\bin\extnet.dll
0x00007ffee98f0000 - 0x00007ffee98f8000 	C:\WINDOWS\system32\wshunix.dll

JVMTI agents:
c:\Users\samue\.vscode\extensions\redhat.java-1.45.0-win32-x64\lombok\lombok-1.18.39-4050.jar path:c:\Users\samue\.vscode\extensions\redhat.java-1.45.0-win32-x64\jre\21.0.8-win32-x86_64\bin\instrument.dll, loaded, initialized, instrumentlib options:none

dbghelp: loaded successfully - version: 4.0.5 - missing functions: none
symbol engine: initialized successfully - sym options: 0x614 - pdb path: .;c:\Users\samue\.vscode\extensions\redhat.java-1.45.0-win32-x64\jre\21.0.8-win32-x86_64\bin;C:\WINDOWS\SYSTEM32;C:\WINDOWS\WinSxS\amd64_microsoft.windows.common-controls_6595b64144ccf1df_6.0.26100.5074_none_3e0d6f78e32fd63f;c:\Users\samue\.vscode\extensions\redhat.java-1.45.0-win32-x64\jre\21.0.8-win32-x86_64\bin\server;C:\Users\samue\AppData\Roaming\Code\User\globalStorage\redhat.java\1.45.0\config_win\org.eclipse.equinox.launcher\org.eclipse.equinox.launcher.win32.win32.x86_64_1.2.1400.v20250801-0854;C:\Users\samue\AppData\Local\Temp\jna-109203119

VM Arguments:
jvm_args: --add-modules=ALL-SYSTEM --add-opens=java.base/java.util=ALL-UNNAMED --add-opens=java.base/java.lang=ALL-UNNAMED --add-opens=java.base/sun.nio.fs=ALL-UNNAMED -Declipse.application=org.eclipse.jdt.ls.core.id1 -Dosgi.bundles.defaultStartLevel=4 -Declipse.product=org.eclipse.jdt.ls.core.product -Djava.import.generatesMetadataFilesAtProjectRoot=false -DDetectVMInstallationsJob.disabled=true -Dfile.encoding=utf8 -XX:+UseParallelGC -XX:GCTimeRatio=4 -XX:AdaptiveSizePolicyWeight=90 -Dsun.zip.disableMemoryMapping=true -Xmx2G -Xms100m -Xlog:disable -javaagent:c:\Users\samue\.vscode\extensions\redhat.java-1.45.0-win32-x64\lombok\lombok-1.18.39-4050.jar -XX:+HeapDumpOnOutOfMemoryError -XX:HeapDumpPath=c:\Users\samue\AppData\Roaming\Code\User\workspaceStorage\cdf97f8f069daa303bb81283c0c28557\redhat.java -Daether.dependencyCollector.impl=bf 
java_command: c:\Users\samue\.vscode\extensions\redhat.java-1.45.0-win32-x64\server\plugins\org.eclipse.equinox.launcher_1.7.0.v20250519-0528.jar -configuration c:\Users\samue\AppData\Roaming\Code\User\globalStorage\redhat.java\1.45.0\config_win -data c:\Users\samue\AppData\Roaming\Code\User\workspaceStorage\cdf97f8f069daa303bb81283c0c28557\redhat.java\jdt_ws --pipe=\\.\pipe\lsp-a5d130ee3fd1843ebc764caeff74df40-sock
java_class_path (initial): c:\Users\samue\.vscode\extensions\redhat.java-1.45.0-win32-x64\server\plugins\org.eclipse.equinox.launcher_1.7.0.v20250519-0528.jar
Launcher Type: SUN_STANDARD

[Global flags]
    uintx AdaptiveSizePolicyWeight                 = 90                                        {product} {command line}
     intx CICompilerCount                          = 12                                        {product} {ergonomic}
    uintx GCTimeRatio                              = 4                                         {product} {command line}
     bool HeapDumpOnOutOfMemoryError               = true                                   {manageable} {command line}
    ccstr HeapDumpPath                             = c:\Users\samue\AppData\Roaming\Code\User\workspaceStorage\cdf97f8f069daa303bb81283c0c28557\redhat.java         {manageable} {command line}
   size_t InitialHeapSize                          = 104857600                                 {product} {command line}
   size_t MaxHeapSize                              = 2147483648                                {product} {command line}
   size_t MaxNewSize                               = 715653120                                 {product} {ergonomic}
   size_t MinHeapDeltaBytes                        = 524288                                    {product} {ergonomic}
   size_t MinHeapSize                              = 104857600                                 {product} {command line}
   size_t NewSize                                  = 34603008                                  {product} {ergonomic}
    uintx NonNMethodCodeHeapSize                   = 7602480                                {pd product} {ergonomic}
    uintx NonProfiledCodeHeapSize                  = 122027880                              {pd product} {ergonomic}
   size_t OldSize                                  = 70254592                                  {product} {ergonomic}
    uintx ProfiledCodeHeapSize                     = 122027880                              {pd product} {ergonomic}
    uintx ReservedCodeCacheSize                    = 251658240                              {pd product} {ergonomic}
     bool SegmentedCodeCache                       = true                                      {product} {ergonomic}
   size_t SoftMaxHeapSize                          = 2147483648                             {manageable} {ergonomic}
     bool UseCompressedOops                        = true                           {product lp64_product} {ergonomic}
     bool UseLargePagesIndividualAllocation        = false                                  {pd product} {ergonomic}
     bool UseParallelGC                            = true                                      {product} {command line}

Logging:
Log output configuration:
 #0: stdout all=off uptime,level,tags foldmultilines=false
 #1: stderr all=off uptime,level,tags foldmultilines=false

Environment Variables:
JAVA_HOME=C:\Program Files\Java\jdk-24
PATH=C:\Program Files\Java\jdk-24\bin;C:\Program Files\Common Files\Oracle\Java\javapath;C:\Windows\system32;C:\Windows;C:\Windows\System32\Wbem;C:\Windows\System32\WindowsPowerShell\v1.0\;C:\Windows\System32\OpenSSH\;C:\Program Files\nodejs\;C:\Program Files\Git\cmd;C:\Program Files (x86)\Microsoft SQL Server\150\DTS\Binn\;C:\Program Files\Azure Data Studio\bin;C:\Program Files\Microsoft SQL Server\Client SDK\ODBC\170\Tools\Binn\;C:\Program Files (x86)\Microsoft SQL Server\150\Tools\Binn\;C:\Program Files\Microsoft SQL Server\150\Tools\Binn\;C:\Program Files\Microsoft SQL Server\150\DTS\Binn\;C:\php8.1.12;C:\WINDOWS\system32;C:\WINDOWS;C:\WINDOWS\System32\Wbem;C:\WINDOWS\System32\WindowsPowerShell\v1.0\;C:\WINDOWS\System32\OpenSSH\;C:\apache-maven-3.9.9\bin;;C:\Program Files\Docker\Docker\resources\bin;C:\Program Files\NVIDIA Corporation\NVIDIA App\NvDLISR;C:\Program Files (x86)\NVIDIA Corporation\PhysX\Common;C:\Users\samue\AppData\Local\Microsoft\WindowsApps;C:\Users\samue\AppData\Local\Programs\Microsoft VS Code\bin;C:\Users\samue\AppData\Roaming\npm;C:\Users\samue\AppData\Local\GitHubDesktop\bin;C:\Program Files\Azure Data Studio\bin;C:\apache-maven-3.9.9\bin;
USERNAME=samue
OS=Windows_NT
PROCESSOR_IDENTIFIER=AMD64 Family 23 Model 96 Stepping 1, AuthenticAMD
TMP=C:\Users\samue\AppData\Local\Temp
TEMP=C:\Users\samue\AppData\Local\Temp




Periodic native trim disabled

---------------  S Y S T E M  ---------------

OS:
 Windows 11 , 64 bit Build 26100 (10.0.26100.5074)
OS uptime: 1 days 8:14 hours
Hyper-V role detected

CPU: total 16 (initial active 16) (16 cores per cpu, 2 threads per core) family 23 model 96 stepping 1 microcode 0x8600103, cx8, cmov, fxsr, ht, mmx, 3dnowpref, sse, sse2, sse3, ssse3, sse4a, sse4.1, sse4.2, popcnt, lzcnt, tsc, tscinvbit, avx, avx2, aes, clmul, bmi1, bmi2, adx, sha, fma, vzeroupper, clflush, clflushopt, hv, rdtscp, rdpid, f16c
Processor Information for the first 16 processors :
  Max Mhz: 2900, Current Mhz: 2900, Mhz Limit: 2900

Memory: 4k page, system-wide physical 7549M (500M free)
TotalPageFile size 31101M (AvailPageFile size 40M)
current process WorkingSet (physical memory assigned to process): 89M, peak: 1189M
current process commit charge ("private bytes"): 1271M, peak: 1809M

vm_info: OpenJDK 64-Bit Server VM (21.0.8+9-LTS) for windows-amd64 JRE (21.0.8+9-LTS), built on 2025-07-15T00:00:00Z by "admin" with MS VC++ 17.7 (VS2022)

END.
