#
# There is insufficient memory for the Java Runtime Environment to continue.
# Native memory allocation (malloc) failed to allocate 1104176 bytes. Error detail: Chunk::new
# Possible reasons:
#   The system is out of physical RAM or swap space
#   This process is running with CompressedOops enabled, and the Java Heap may be blocking the growth of the native heap
# Possible solutions:
#   Reduce memory load on the system
#   Increase physical memory or swap space
#   Check if swap backing store is full
#   Decrease Java heap size (-Xmx/-Xms)
#   Decrease number of Java threads
#   Decrease Java thread stack sizes (-Xss)
#   Set larger code cache with -XX:ReservedCodeCacheSize=
#   JVM is running with Unscaled Compressed Oops mode in which the Java heap is
#     placed in the first 4GB address space. The Java Heap base address is the
#     maximum limit for the native heap growth. Please use -XX:HeapBaseMinAddress
#     to set the Java Heap base and to place the Java Heap above 4GB virtual address.
# This output file may be truncated or incomplete.
#
#  Out of Memory Error (arena.cpp:168), pid=31024, tid=19148
#
# JRE version: OpenJDK Runtime Environment Temurin-21.0.8+9 (21.0.8+9) (build 21.0.8+9-LTS)
# Java VM: OpenJDK 64-Bit Server VM Temurin-21.0.8+9 (21.0.8+9-LTS, mixed mode, sharing, tiered, compressed oops, compressed class ptrs, parallel gc, windows-amd64)
# No core dump will be written. Minidumps are not enabled by default on client versions of Windows
#

---------------  S U M M A R Y ------------

Command Line: --add-modules=ALL-SYSTEM --add-opens=java.base/java.util=ALL-UNNAMED --add-opens=java.base/java.lang=ALL-UNNAMED --add-opens=java.base/sun.nio.fs=ALL-UNNAMED -Declipse.application=org.eclipse.jdt.ls.core.id1 -Dosgi.bundles.defaultStartLevel=4 -Declipse.product=org.eclipse.jdt.ls.core.product -Djava.import.generatesMetadataFilesAtProjectRoot=false -DDetectVMInstallationsJob.disabled=true -Dfile.encoding=utf8 -XX:+UseParallelGC -XX:GCTimeRatio=4 -XX:AdaptiveSizePolicyWeight=90 -Dsun.zip.disableMemoryMapping=true -Xmx2G -Xms100m -Xlog:disable -javaagent:c:\Users\samue\.vscode\extensions\redhat.java-1.45.0-win32-x64\lombok\lombok-1.18.39-4050.jar -XX:+HeapDumpOnOutOfMemoryError -XX:HeapDumpPath=c:\Users\samue\AppData\Roaming\Code\User\workspaceStorage\cdf97f8f069daa303bb81283c0c28557\redhat.java -Daether.dependencyCollector.impl=bf c:\Users\samue\.vscode\extensions\redhat.java-1.45.0-win32-x64\server\plugins\org.eclipse.equinox.launcher_1.7.0.v20250519-0528.jar -configuration c:\Users\samue\AppData\Roaming\Code\User\globalStorage\redhat.java\1.45.0\config_win -data c:\Users\samue\AppData\Roaming\Code\User\workspaceStorage\cdf97f8f069daa303bb81283c0c28557\redhat.java\jdt_ws --pipe=\\.\pipe\lsp-3772dbde28cbce380bb64d30a42ad8bc-sock

Host: AMD Ryzen 7 4800H with Radeon Graphics         , 16 cores, 7G,  Windows 11 , 64 bit Build 26100 (10.0.26100.5074)
Time: Wed Sep 17 22:34:53 2025 Hora oficial do Brasil elapsed time: 14.888077 seconds (0d 0h 0m 14s)

---------------  T H R E A D  ---------------

Current thread (0x000001bc614b7fd0):  JavaThread "C2 CompilerThread0" daemon [_thread_in_native, id=19148, stack(0x0000002c38b00000,0x0000002c38c00000) (1024K)]


Current CompileTask:
C2:14888 10553       4       java.lang.invoke.MethodType::methodType (69 bytes)

Stack: [0x0000002c38b00000,0x0000002c38c00000]
Native frames: (J=compiled Java code, j=interpreted, Vv=VM code, C=native code)
V  [jvm.dll+0x6d2449]
V  [jvm.dll+0x8ae341]
V  [jvm.dll+0x8b08be]
V  [jvm.dll+0x8b0fa3]
V  [jvm.dll+0x280c96]
V  [jvm.dll+0xc581d]
V  [jvm.dll+0xc5d53]
V  [jvm.dll+0x2f539d]
V  [jvm.dll+0x5fa00a]
V  [jvm.dll+0x252092]
V  [jvm.dll+0x25244f]
V  [jvm.dll+0x24ad14]
V  [jvm.dll+0x2483a4]
V  [jvm.dll+0x1c89ee]
V  [jvm.dll+0x257d4d]
V  [jvm.dll+0x2562ea]
V  [jvm.dll+0x3f2d16]
V  [jvm.dll+0x857e6b]
V  [jvm.dll+0x6d0b0d]
C  [ucrtbase.dll+0x37b0]
C  [KERNEL32.DLL+0x2e8d7]
C  [ntdll.dll+0x8d9c]


---------------  P R O C E S S  ---------------

Threads class SMR info:
_java_thread_list=0x000001bc42d7e430, length=100, elements={
0x000001bc613fe880, 0x000001bc614a4fa0, 0x000001bc614a6780, 0x000001bc614a9b40,
0x000001bc614ab550, 0x000001bc614ad090, 0x000001bc614afaf0, 0x000001bc614b7fd0,
0x000001bc7915cf60, 0x000001bc7924e030, 0x000001bc7f01b490, 0x000001bc7f766580,
0x000001bc4114d3a0, 0x000001bc7f79d000, 0x000001bc41282c00, 0x000001bc4158b290,
0x000001bc41866d10, 0x000001bc4175f9f0, 0x000001bc4179a410, 0x000001bc4179be50,
0x000001bc41799060, 0x000001bc4179aaa0, 0x000001bc41799d80, 0x000001bc4179b7c0,
0x000001bc4179b130, 0x000001bc432fee70, 0x000001bc432fc710, 0x000001bc432fe150,
0x000001bc432fcda0, 0x000001bc432fc080, 0x000001bc432fe7e0, 0x000001bc432ff500,
0x000001bc432ffb90, 0x000001bc432fdac0, 0x000001bc43300220, 0x000001bc433008b0,
0x000001bc432fd430, 0x000001bc43300f40, 0x000001bc43302980, 0x000001bc433015d0,
0x000001bc433022f0, 0x000001bc43301c60, 0x000001bc43303010, 0x000001bc433036a0,
0x000001bc42d97dc0, 0x000001bc42d99170, 0x000001bc42d96a10, 0x000001bc42d98ae0,
0x000001bc42d98450, 0x000001bc42d95cf0, 0x000001bc42d99800, 0x000001bc42d970a0,
0x000001bc42d96380, 0x000001bc42d99e90, 0x000001bc42d9a520, 0x000001bc42d9abb0,
0x000001bc42d97730, 0x000001bc42d9bf60, 0x000001bc42d9b240, 0x000001bc42d9b8d0,
0x000001bc42d9c5f0, 0x000001bc42d9cc80, 0x000001bc42d9d310, 0x000001bc41fe3790,
0x000001bc41fe1d50, 0x000001bc41fe23e0, 0x000001bc41fe3100, 0x000001bc41fe1030,
0x000001bc41fe44b0, 0x000001bc41fe4b40, 0x000001bc41fe16c0, 0x000001bc41fe3e20,
0x000001bc41fe51d0, 0x000001bc41fe5860, 0x000001bc41fe5ef0, 0x000001bc41fe2a70,
0x000001bc41fe72a0, 0x000001bc41fe7fc0, 0x000001bc41fe8650, 0x000001bc4c197a20,
0x000001bc4c197390, 0x000001bc4c198dd0, 0x000001bc4c19aea0, 0x000001bc4c19a810,
0x000001bc4c19b530, 0x000001bc4c198740, 0x000001bc4c199af0, 0x000001bc4c19bbc0,
0x000001bc4c19c250, 0x000001bc4c199460, 0x000001bc4c19dc90, 0x000001bc4bc27b20,
0x000001bc4bc29d30, 0x000001bc4c19e320, 0x000001bc4bc26d80, 0x000001bc4c19cf70,
0x000001bc4c19d600, 0x000001bc417996f0, 0x000001bc4bc575f0, 0x000001bc4bc55520
}

Java Threads: ( => current thread )
  0x000001bc613fe880 JavaThread "main"                              [_thread_blocked, id=27968, stack(0x0000002c38100000,0x0000002c38200000) (1024K)]
  0x000001bc614a4fa0 JavaThread "Reference Handler"          daemon [_thread_blocked, id=25300, stack(0x0000002c38500000,0x0000002c38600000) (1024K)]
  0x000001bc614a6780 JavaThread "Finalizer"                  daemon [_thread_blocked, id=27108, stack(0x0000002c38600000,0x0000002c38700000) (1024K)]
  0x000001bc614a9b40 JavaThread "Signal Dispatcher"          daemon [_thread_blocked, id=30556, stack(0x0000002c38700000,0x0000002c38800000) (1024K)]
  0x000001bc614ab550 JavaThread "Attach Listener"            daemon [_thread_blocked, id=23908, stack(0x0000002c38800000,0x0000002c38900000) (1024K)]
  0x000001bc614ad090 JavaThread "Service Thread"             daemon [_thread_blocked, id=29720, stack(0x0000002c38900000,0x0000002c38a00000) (1024K)]
  0x000001bc614afaf0 JavaThread "Monitor Deflation Thread"   daemon [_thread_blocked, id=7668, stack(0x0000002c38a00000,0x0000002c38b00000) (1024K)]
=>0x000001bc614b7fd0 JavaThread "C2 CompilerThread0"         daemon [_thread_in_native, id=19148, stack(0x0000002c38b00000,0x0000002c38c00000) (1024K)]
  0x000001bc7915cf60 JavaThread "C1 CompilerThread0"         daemon [_thread_in_native, id=4692, stack(0x0000002c38c00000,0x0000002c38d00000) (1024K)]
  0x000001bc7924e030 JavaThread "Common-Cleaner"             daemon [_thread_blocked, id=26160, stack(0x0000002c38d00000,0x0000002c38e00000) (1024K)]
  0x000001bc7f01b490 JavaThread "Notification Thread"        daemon [_thread_blocked, id=25704, stack(0x0000002c39100000,0x0000002c39200000) (1024K)]
  0x000001bc7f766580 JavaThread "Active Thread: Equinox Container: 3e1c7d60-9f64-4941-9329-a5196efacfd8"        [_thread_blocked, id=4284, stack(0x0000002c39000000,0x0000002c39100000) (1024K)]
  0x000001bc4114d3a0 JavaThread "Refresh Thread: Equinox Container: 3e1c7d60-9f64-4941-9329-a5196efacfd8" daemon [_thread_blocked, id=7608, stack(0x0000002c39900000,0x0000002c39a00000) (1024K)]
  0x000001bc7f79d000 JavaThread "Framework Event Dispatcher: Equinox Container: 3e1c7d60-9f64-4941-9329-a5196efacfd8" daemon [_thread_blocked, id=6912, stack(0x0000002c39a00000,0x0000002c39b00000) (1024K)]
  0x000001bc41282c00 JavaThread "Start Level: Equinox Container: 3e1c7d60-9f64-4941-9329-a5196efacfd8" daemon [_thread_blocked, id=25616, stack(0x0000002c39b00000,0x0000002c39c00000) (1024K)]
  0x000001bc4158b290 JavaThread "Bundle File Closer"         daemon [_thread_blocked, id=30088, stack(0x0000002c39f00000,0x0000002c3a000000) (1024K)]
  0x000001bc41866d10 JavaThread "C2 CompilerThread1"         daemon [_thread_in_native, id=9140, stack(0x0000002c3a000000,0x0000002c3a100000) (1024K)]
  0x000001bc4175f9f0 JavaThread "SCR Component Actor"        daemon [_thread_blocked, id=31192, stack(0x0000002c3a100000,0x0000002c3a200000) (1024K)]
  0x000001bc4179a410 JavaThread "Worker-JM"                         [_thread_blocked, id=11884, stack(0x0000002c3a400000,0x0000002c3a500000) (1024K)]
  0x000001bc4179be50 JavaThread "JNA Cleaner"                daemon [_thread_blocked, id=5964, stack(0x0000002c3a700000,0x0000002c3a800000) (1024K)]
  0x000001bc41799060 JavaThread "Worker-0"                          [_thread_blocked, id=29232, stack(0x0000002c3a800000,0x0000002c3a900000) (1024K)]
  0x000001bc4179aaa0 JavaThread "Worker-1"                          [_thread_blocked, id=25912, stack(0x0000002c3a900000,0x0000002c3aa00000) (1024K)]
  0x000001bc41799d80 JavaThread "Worker-2"                          [_thread_blocked, id=29080, stack(0x0000002c3aa00000,0x0000002c3ab00000) (1024K)]
  0x000001bc4179b7c0 JavaThread "Java indexing"              daemon [_thread_blocked, id=1816, stack(0x0000002c3ab00000,0x0000002c3ac00000) (1024K)]
  0x000001bc4179b130 JavaThread "Worker-3: Building"                [_thread_blocked, id=31220, stack(0x0000002c3ac00000,0x0000002c3ad00000) (1024K)]
  0x000001bc432fee70 JavaThread "Thread-2"                   daemon [_thread_in_native, id=30648, stack(0x0000002c3af00000,0x0000002c3b000000) (1024K)]
  0x000001bc432fc710 JavaThread "Thread-3"                   daemon [_thread_in_native, id=30872, stack(0x0000002c3b000000,0x0000002c3b100000) (1024K)]
  0x000001bc432fe150 JavaThread "Thread-4"                   daemon [_thread_in_native, id=2024, stack(0x0000002c3b100000,0x0000002c3b200000) (1024K)]
  0x000001bc432fcda0 JavaThread "Thread-5"                   daemon [_thread_in_native, id=18632, stack(0x0000002c3b200000,0x0000002c3b300000) (1024K)]
  0x000001bc432fc080 JavaThread "Thread-6"                   daemon [_thread_in_native, id=25788, stack(0x0000002c3b300000,0x0000002c3b400000) (1024K)]
  0x000001bc432fe7e0 JavaThread "Thread-7"                   daemon [_thread_in_native, id=17768, stack(0x0000002c3b400000,0x0000002c3b500000) (1024K)]
  0x000001bc432ff500 JavaThread "Thread-8"                   daemon [_thread_in_native, id=24660, stack(0x0000002c3b500000,0x0000002c3b600000) (1024K)]
  0x000001bc432ffb90 JavaThread "Thread-9"                   daemon [_thread_in_native, id=28240, stack(0x0000002c3b600000,0x0000002c3b700000) (1024K)]
  0x000001bc432fdac0 JavaThread "Thread-10"                  daemon [_thread_in_native, id=1768, stack(0x0000002c3b700000,0x0000002c3b800000) (1024K)]
  0x000001bc43300220 JavaThread "Thread-11"                  daemon [_thread_in_native, id=31612, stack(0x0000002c3b800000,0x0000002c3b900000) (1024K)]
  0x000001bc433008b0 JavaThread "Thread-12"                  daemon [_thread_in_native, id=28048, stack(0x0000002c3b900000,0x0000002c3ba00000) (1024K)]
  0x000001bc432fd430 JavaThread "Thread-13"                  daemon [_thread_in_native, id=11800, stack(0x0000002c3ba00000,0x0000002c3bb00000) (1024K)]
  0x000001bc43300f40 JavaThread "Thread-14"                  daemon [_thread_in_native, id=7980, stack(0x0000002c3bb00000,0x0000002c3bc00000) (1024K)]
  0x000001bc43302980 JavaThread "Thread-15"                  daemon [_thread_in_native, id=31508, stack(0x0000002c3bc00000,0x0000002c3bd00000) (1024K)]
  0x000001bc433015d0 JavaThread "Thread-16"                  daemon [_thread_in_native, id=6860, stack(0x0000002c3bd00000,0x0000002c3be00000) (1024K)]
  0x000001bc433022f0 JavaThread "Thread-17"                  daemon [_thread_in_native, id=25176, stack(0x0000002c3be00000,0x0000002c3bf00000) (1024K)]
  0x000001bc43301c60 JavaThread "Thread-18"                  daemon [_thread_in_native, id=28096, stack(0x0000002c3bf00000,0x0000002c3c000000) (1024K)]
  0x000001bc43303010 JavaThread "pool-2-thread-1"                   [_thread_blocked, id=6076, stack(0x0000002c3c000000,0x0000002c3c100000) (1024K)]
  0x000001bc433036a0 JavaThread "Worker-4"                          [_thread_blocked, id=13348, stack(0x0000002c3c100000,0x0000002c3c200000) (1024K)]
  0x000001bc42d97dc0 JavaThread "WorkspaceEventsHandler"            [_thread_blocked, id=27344, stack(0x0000002c3c200000,0x0000002c3c300000) (1024K)]
  0x000001bc42d99170 JavaThread "pool-1-thread-1"                   [_thread_blocked, id=23180, stack(0x0000002c3c300000,0x0000002c3c400000) (1024K)]
  0x000001bc42d96a10 JavaThread "LocalFile Deleter"          daemon [_thread_blocked, id=30412, stack(0x0000002c3c400000,0x0000002c3c500000) (1024K)]
  0x000001bc42d98ae0 JavaThread "LocalFile Deleter"          daemon [_thread_blocked, id=10884, stack(0x0000002c3c500000,0x0000002c3c600000) (1024K)]
  0x000001bc42d98450 JavaThread "LocalFile Deleter"          daemon [_thread_blocked, id=7472, stack(0x0000002c3c600000,0x0000002c3c700000) (1024K)]
  0x000001bc42d95cf0 JavaThread "LocalFile Deleter"          daemon [_thread_blocked, id=27436, stack(0x0000002c3c700000,0x0000002c3c800000) (1024K)]
  0x000001bc42d99800 JavaThread "LocalFile Deleter"          daemon [_thread_blocked, id=23648, stack(0x0000002c3c800000,0x0000002c3c900000) (1024K)]
  0x000001bc42d970a0 JavaThread "LocalFile Deleter"          daemon [_thread_blocked, id=3184, stack(0x0000002c3c900000,0x0000002c3ca00000) (1024K)]
  0x000001bc42d96380 JavaThread "LocalFile Deleter"          daemon [_thread_blocked, id=28208, stack(0x0000002c3ca00000,0x0000002c3cb00000) (1024K)]
  0x000001bc42d99e90 JavaThread "LocalFile Deleter"          daemon [_thread_blocked, id=9796, stack(0x0000002c3cb00000,0x0000002c3cc00000) (1024K)]
  0x000001bc42d9a520 JavaThread "LocalFile Deleter"          daemon [_thread_blocked, id=27832, stack(0x0000002c3cc00000,0x0000002c3cd00000) (1024K)]
  0x000001bc42d9abb0 JavaThread "LocalFile Deleter"          daemon [_thread_blocked, id=4976, stack(0x0000002c3cd00000,0x0000002c3ce00000) (1024K)]
  0x000001bc42d97730 JavaThread "LocalFile Deleter"          daemon [_thread_blocked, id=30896, stack(0x0000002c3ce00000,0x0000002c3cf00000) (1024K)]
  0x000001bc42d9bf60 JavaThread "LocalFile Deleter"          daemon [_thread_blocked, id=17196, stack(0x0000002c3cf00000,0x0000002c3d000000) (1024K)]
  0x000001bc42d9b240 JavaThread "LocalFile Deleter"          daemon [_thread_blocked, id=10564, stack(0x0000002c3d000000,0x0000002c3d100000) (1024K)]
  0x000001bc42d9b8d0 JavaThread "LocalFile Deleter"          daemon [_thread_blocked, id=14568, stack(0x0000002c3d100000,0x0000002c3d200000) (1024K)]
  0x000001bc42d9c5f0 JavaThread "LocalFile Deleter"          daemon [_thread_blocked, id=1132, stack(0x0000002c3d200000,0x0000002c3d300000) (1024K)]
  0x000001bc42d9cc80 JavaThread "LocalFile Deleter"          daemon [_thread_blocked, id=26724, stack(0x0000002c3d300000,0x0000002c3d400000) (1024K)]
  0x000001bc42d9d310 JavaThread "Compiler Source File Reader" daemon [_thread_blocked, id=31056, stack(0x0000002c3d400000,0x0000002c3d500000) (1024K)]
  0x000001bc41fe3790 JavaThread "Compiler Source File Reader" daemon [_thread_blocked, id=15624, stack(0x0000002c3d500000,0x0000002c3d600000) (1024K)]
  0x000001bc41fe1d50 JavaThread "Compiler Source File Reader" daemon [_thread_blocked, id=8644, stack(0x0000002c3d600000,0x0000002c3d700000) (1024K)]
  0x000001bc41fe23e0 JavaThread "Compiler Source File Reader" daemon [_thread_blocked, id=4036, stack(0x0000002c3d700000,0x0000002c3d800000) (1024K)]
  0x000001bc41fe3100 JavaThread "Compiler Source File Reader" daemon [_thread_blocked, id=28400, stack(0x0000002c3d800000,0x0000002c3d900000) (1024K)]
  0x000001bc41fe1030 JavaThread "Compiler Source File Reader" daemon [_thread_blocked, id=9456, stack(0x0000002c3d900000,0x0000002c3da00000) (1024K)]
  0x000001bc41fe44b0 JavaThread "Compiler Source File Reader" daemon [_thread_blocked, id=6468, stack(0x0000002c3da00000,0x0000002c3db00000) (1024K)]
  0x000001bc41fe4b40 JavaThread "Compiler Source File Reader" daemon [_thread_blocked, id=24128, stack(0x0000002c3db00000,0x0000002c3dc00000) (1024K)]
  0x000001bc41fe16c0 JavaThread "Compiler Source File Reader" daemon [_thread_blocked, id=13908, stack(0x0000002c3dc00000,0x0000002c3dd00000) (1024K)]
  0x000001bc41fe3e20 JavaThread "Compiler Source File Reader" daemon [_thread_blocked, id=25916, stack(0x0000002c3dd00000,0x0000002c3de00000) (1024K)]
  0x000001bc41fe51d0 JavaThread "Compiler Source File Reader" daemon [_thread_blocked, id=26248, stack(0x0000002c3de00000,0x0000002c3df00000) (1024K)]
  0x000001bc41fe5860 JavaThread "Compiler Source File Reader" daemon [_thread_blocked, id=31496, stack(0x0000002c3df00000,0x0000002c3e000000) (1024K)]
  0x000001bc41fe5ef0 JavaThread "Compiler Source File Reader" daemon [_thread_blocked, id=23608, stack(0x0000002c3e000000,0x0000002c3e100000) (1024K)]
  0x000001bc41fe2a70 JavaThread "Compiler Source File Reader" daemon [_thread_blocked, id=14848, stack(0x0000002c3e100000,0x0000002c3e200000) (1024K)]
  0x000001bc41fe72a0 JavaThread "Compiler Processing Task"   daemon [_thread_blocked, id=13268, stack(0x0000002c3e200000,0x0000002c3e300000) (1024K)]
  0x000001bc41fe7fc0 JavaThread "Compiler Class File Writer" daemon [_thread_blocked, id=6928, stack(0x0000002c3e300000,0x0000002c3e400000) (1024K)]
  0x000001bc41fe8650 JavaThread "Compiler Class File Writer" daemon [_thread_blocked, id=26480, stack(0x0000002c3e400000,0x0000002c3e500000) (1024K)]
  0x000001bc4c197a20 JavaThread "Compiler Class File Writer" daemon [_thread_blocked, id=1276, stack(0x0000002c3e500000,0x0000002c3e600000) (1024K)]
  0x000001bc4c197390 JavaThread "Compiler Class File Writer" daemon [_thread_blocked, id=28016, stack(0x0000002c3e600000,0x0000002c3e700000) (1024K)]
  0x000001bc4c198dd0 JavaThread "Compiler Class File Writer" daemon [_thread_blocked, id=24872, stack(0x0000002c3e700000,0x0000002c3e800000) (1024K)]
  0x000001bc4c19aea0 JavaThread "Compiler Class File Writer" daemon [_thread_blocked, id=14772, stack(0x0000002c3e800000,0x0000002c3e900000) (1024K)]
  0x000001bc4c19a810 JavaThread "Compiler Class File Writer" daemon [_thread_blocked, id=29032, stack(0x0000002c3e900000,0x0000002c3ea00000) (1024K)]
  0x000001bc4c19b530 JavaThread "Compiler Class File Writer" daemon [_thread_blocked, id=29660, stack(0x0000002c3ea00000,0x0000002c3eb00000) (1024K)]
  0x000001bc4c198740 JavaThread "Compiler Class File Writer" daemon [_thread_blocked, id=7208, stack(0x0000002c3a200000,0x0000002c3a300000) (1024K)]
  0x000001bc4c199af0 JavaThread "Compiler Class File Writer" daemon [_thread_blocked, id=13216, stack(0x0000002c3a500000,0x0000002c3a600000) (1024K)]
  0x000001bc4c19bbc0 JavaThread "Compiler Class File Writer" daemon [_thread_blocked, id=27896, stack(0x0000002c3eb00000,0x0000002c3ec00000) (1024K)]
  0x000001bc4c19c250 JavaThread "Compiler Class File Writer" daemon [_thread_blocked, id=9032, stack(0x0000002c3ec00000,0x0000002c3ed00000) (1024K)]
  0x000001bc4c199460 JavaThread "Compiler Class File Writer" daemon [_thread_blocked, id=12100, stack(0x0000002c3ed00000,0x0000002c3ee00000) (1024K)]
  0x000001bc4c19dc90 JavaThread "Compiler Class File Writer" daemon [_thread_blocked, id=28704, stack(0x0000002c3ee00000,0x0000002c3ef00000) (1024K)]
  0x000001bc4bc27b20 JavaThread "C2 CompilerThread2"         daemon [_thread_in_native, id=27752, stack(0x0000002c38e00000,0x0000002c38f00000) (1024K)]
  0x000001bc4bc29d30 JavaThread "C1 CompilerThread1"         daemon [_thread_blocked, id=15036, stack(0x0000002c38f00000,0x0000002c39000000) (1024K)]
  0x000001bc4c19e320 JavaThread "ForkJoinPool.commonPool-worker-1" daemon [_thread_blocked, id=6320, stack(0x0000002c3ef00000,0x0000002c3f000000) (1024K)]
  0x000001bc4bc26d80 JavaThread "C1 CompilerThread2"         daemon [_thread_blocked, id=24436, stack(0x0000002c3f000000,0x0000002c3f100000) (1024K)]
  0x000001bc4c19cf70 JavaThread "ParallelDescriptorResolver-0-0" daemon [_thread_in_native, id=30504, stack(0x0000002c3f200000,0x0000002c3f300000) (1024K)]
  0x000001bc4c19d600 JavaThread "ParallelDescriptorResolver-0-1" daemon [_thread_blocked, id=6096, stack(0x0000002c3f300000,0x0000002c3f400000) (1024K)]
  0x000001bc417996f0 JavaThread "ParallelDescriptorResolver-0-2" daemon [_thread_blocked, id=16692, stack(0x0000002c3f400000,0x0000002c3f500000) (1024K)]
  0x000001bc4bc575f0 JavaThread "ParallelDescriptorResolver-0-3" daemon [_thread_blocked, id=19652, stack(0x0000002c3f500000,0x0000002c3f600000) (1024K)]
  0x000001bc4bc55520 JavaThread "ParallelDescriptorResolver-0-4" daemon [_thread_blocked, id=30512, stack(0x0000002c3f600000,0x0000002c3f700000) (1024K)]
Total: 100

Other Threads:
  0x000001bc5f001370 VMThread "VM Thread"                           [id=14972, stack(0x0000002c38400000,0x0000002c38500000) (1024K)]
  0x000001bc6128ba00 WatcherThread "VM Periodic Task Thread"        [id=4816, stack(0x0000002c38300000,0x0000002c38400000) (1024K)]
  0x000001bc5f000c30 WorkerThread "GC Thread#0"                     [id=25804, stack(0x0000002c38200000,0x0000002c38300000) (1024K)]
  0x000001bc5f000890 WorkerThread "GC Thread#1"                     [id=31400, stack(0x0000002c39200000,0x0000002c39300000) (1024K)]
  0x000001bc5f000fd0 WorkerThread "GC Thread#2"                     [id=27144, stack(0x0000002c39300000,0x0000002c39400000) (1024K)]
  0x000001bc41161790 WorkerThread "GC Thread#3"                     [id=27168, stack(0x0000002c39400000,0x0000002c39500000) (1024K)]
  0x000001bc41161b30 WorkerThread "GC Thread#4"                     [id=14476, stack(0x0000002c39500000,0x0000002c39600000) (1024K)]
  0x000001bc41160910 WorkerThread "GC Thread#5"                     [id=2592, stack(0x0000002c39600000,0x0000002c39700000) (1024K)]
  0x000001bc411601d0 WorkerThread "GC Thread#6"                     [id=17848, stack(0x0000002c39700000,0x0000002c39800000) (1024K)]
  0x000001bc4115f6f0 WorkerThread "GC Thread#7"                     [id=31252, stack(0x0000002c39800000,0x0000002c39900000) (1024K)]
  0x000001bc41162270 WorkerThread "GC Thread#8"                     [id=22372, stack(0x0000002c39c00000,0x0000002c39d00000) (1024K)]
  0x000001bc4115fe30 WorkerThread "GC Thread#9"                     [id=5428, stack(0x0000002c39d00000,0x0000002c39e00000) (1024K)]
  0x000001bc411613f0 WorkerThread "GC Thread#10"                    [id=21416, stack(0x0000002c39e00000,0x0000002c39f00000) (1024K)]
  0x000001bc4115f350 WorkerThread "GC Thread#11"                    [id=22476, stack(0x0000002c3a300000,0x0000002c3a400000) (1024K)]
  0x000001bc4115fa90 WorkerThread "GC Thread#12"                    [id=20972, stack(0x0000002c3a600000,0x0000002c3a700000) (1024K)]
Total: 15

Threads with active compile tasks:
C2 CompilerThread0  18950 10553       4       java.lang.invoke.MethodType::methodType (69 bytes)
C2 CompilerThread1  18950 10563   !   4       org.eclipse.osgi.internal.loader.classpath.ClasspathManager::defineClass (636 bytes)
C2 CompilerThread2  18950 10678       4       java.io.WinNTFileSystem::normalize (224 bytes)
Total: 3

VM state: not at safepoint (normal execution)

VM Mutex/Monitor currently owned by a thread: None

Heap address: 0x0000000080000000, size: 2048 MB, Compressed Oops mode: 32-bit

CDS archive(s) mapped at: [0x000001bc00000000-0x000001bc00ba0000-0x000001bc00ba0000), size 12189696, SharedBaseAddress: 0x000001bc00000000, ArchiveRelocationMode: 1.
Compressed class space mapped at: 0x000001bc01000000-0x000001bc41000000, reserved size: 1073741824
Narrow klass base: 0x000001bc00000000, Narrow klass shift: 0, Narrow klass range: 0x100000000

GC Precious Log:
 CardTable entry size: 512
 CPUs: 16 total, 16 available
 Memory: 7549M
 Large Page Support: Disabled
 NUMA Support: Disabled
 Compressed Oops: Enabled (32-bit)
 Alignments: Space 512K, Generation 512K, Heap 2M
 Heap Min Capacity: 100M
 Heap Initial Capacity: 100M
 Heap Max Capacity: 2G
 Pre-touch: Disabled
 Parallel Workers: 13

Heap:
 PSYoungGen      total 15872K, used 12394K [0x00000000d5580000, 0x00000000d6780000, 0x0000000100000000)
  eden space 14848K, 83% used [0x00000000d5580000,0x00000000d619aa50,0x00000000d6400000)
  from space 1024K, 0% used [0x00000000d6400000,0x00000000d6400000,0x00000000d6500000)
  to   space 1536K, 0% used [0x00000000d6600000,0x00000000d6600000,0x00000000d6780000)
 ParOldGen       total 69632K, used 50800K [0x0000000080000000, 0x0000000084400000, 0x00000000d5580000)
  object space 69632K, 72% used [0x0000000080000000,0x000000008319c068,0x0000000084400000)
 Metaspace       used 59175K, committed 60480K, reserved 1114112K
  class space    used 6235K, committed 6784K, reserved 1048576K

Card table byte_map: [0x000001bc60da0000,0x000001bc611b0000] _byte_map_base: 0x000001bc609a0000

Marking Bits: (ParMarkBitMap*) 0x00007ffefca5a340
 Begin Bits: [0x000001bc738a0000, 0x000001bc758a0000)
 End Bits:   [0x000001bc758a0000, 0x000001bc778a0000)

Polling page: 0x000001bc5efe0000

Metaspace:

Usage:
  Non-class:     51.70 MB used.
      Class:      6.09 MB used.
       Both:     57.79 MB used.

Virtual space:
  Non-class space:       64.00 MB reserved,      52.44 MB ( 82%) committed,  1 nodes.
      Class space:        1.00 GB reserved,       6.62 MB ( <1%) committed,  1 nodes.
             Both:        1.06 GB reserved,      59.06 MB (  5%) committed. 

Chunk freelists:
   Non-Class:  11.33 MB
       Class:  9.27 MB
        Both:  20.59 MB

MaxMetaspaceSize: unlimited
CompressedClassSpaceSize: 1.00 GB
Initial GC threshold: 21.00 MB
Current GC threshold: 98.12 MB
CDS: on
 - commit_granule_bytes: 65536.
 - commit_granule_words: 8192.
 - virtual_space_node_default_size: 8388608.
 - enlarge_chunks_in_place: 1.
 - use_allocation_guard: 0.


Internal statistics:

num_allocs_failed_limit: 13.
num_arena_births: 1094.
num_arena_deaths: 22.
num_vsnodes_births: 2.
num_vsnodes_deaths: 0.
num_space_committed: 945.
num_space_uncommitted: 0.
num_chunks_returned_to_freelist: 39.
num_chunks_taken_from_freelist: 3947.
num_chunk_merges: 21.
num_chunk_splits: 2348.
num_chunks_enlarged: 1209.
num_inconsistent_stats: 0.

CodeHeap 'non-profiled nmethods': size=119168Kb used=4380Kb max_used=4429Kb free=114787Kb
 bounds [0x000001bc6c190000, 0x000001bc6c600000, 0x000001bc735f0000]
CodeHeap 'profiled nmethods': size=119104Kb used=20928Kb max_used=21194Kb free=98175Kb
 bounds [0x000001bc645f0000, 0x000001bc65ab0000, 0x000001bc6ba40000]
CodeHeap 'non-nmethods': size=7488Kb used=2538Kb max_used=3166Kb free=4949Kb
 bounds [0x000001bc6ba40000, 0x000001bc6bd60000, 0x000001bc6c190000]
CodeCache: size=245760Kb, used=27846Kb, max_used=28789Kb, free=217911Kb
 total_blobs=10624, nmethods=9903, adapters=624, full_count=0
Compilation: enabled, stopped_count=0, restarted_count=0

Compilation events (20 events):
Event: 13.856 Thread 0x000001bc4bc27b20 nmethod 10661 0x000001bc6c2df410 code [0x000001bc6c2df5c0, 0x000001bc6c2dfa90]
Event: 13.856 Thread 0x000001bc4bc2a400 nmethod 10662 0x000001bc6c2df110 code [0x000001bc6c2df2a0, 0x000001bc6c2df380]
Event: 13.860 Thread 0x000001bc4bc26d80 10663   !   3       org.apache.maven.model.Scm::clone (73 bytes)
Event: 13.861 Thread 0x000001bc4bc27b20 10664       4       org.eclipse.sisu.inject.LocatedBeans$Itr::hasNext (169 bytes)
Event: 13.861 Thread 0x000001bc4bc26d80 nmethod 10663 0x000001bc64ccad10 code [0x000001bc64ccafc0, 0x000001bc64ccbc80]
Event: 13.864 Thread 0x000001bc4bc26d80 10665       3       org.apache.maven.model.io.xpp3.MavenXpp3Reader::parsePlugin (519 bytes)
Event: 13.866 Thread 0x000001bc4bc29d30 10667       1       org.apache.maven.model.Parent::getRelativePath (5 bytes)
Event: 13.866 Thread 0x000001bc4bc29d30 nmethod 10667 0x000001bc6c2dee10 code [0x000001bc6c2defa0, 0x000001bc6c2df068]
Event: 13.867 Thread 0x000001bc4bc26d80 nmethod 10665 0x000001bc64be8490 code [0x000001bc64be8b40, 0x000001bc64bebcb0]
Event: 13.870 Thread 0x000001bc4bc26d80 10668       1       org.apache.maven.model.ModelBase::setDependencyManagement (6 bytes)
Event: 13.870 Thread 0x000001bc4bc26d80 nmethod 10668 0x000001bc6c2deb10 code [0x000001bc6c2deca0, 0x000001bc6c2ded80]
Event: 13.871 Thread 0x000001bc4bc26d80 10669       3       org.eclipse.aether.DefaultRepositoryCache::get (11 bytes)
Event: 13.871 Thread 0x000001bc4bc26d80 nmethod 10669 0x000001bc64f56b10 code [0x000001bc64f56cc0, 0x000001bc64f56ea0]
Event: 13.874 Thread 0x000001bc7915cf60 10670       3       java.io.BufferedReader::<init> (9 bytes)
Event: 13.874 Thread 0x000001bc4bc26d80 10671       3       java.io.BufferedReader::<init> (62 bytes)
Event: 13.874 Thread 0x000001bc7915cf60 nmethod 10670 0x000001bc64e78d90 code [0x000001bc64e78f40, 0x000001bc64e79080]
Event: 13.874 Thread 0x000001bc4bc26d80 nmethod 10671 0x000001bc64992b90 code [0x000001bc64992d60, 0x000001bc649930b8]
Event: 13.881 Thread 0x000001bc7915cf60 10673       3       sun.nio.cs.StreamDecoder::implClose (27 bytes)
Event: 13.881 Thread 0x000001bc4bc26d80 10672   !   3       sun.nio.cs.StreamDecoder::lockedClose (29 bytes)
Event: 13.882 Thread 0x000001bc7915cf60 nmethod 10673 0x000001bc64f4f510 code [0x000001bc64f4f6e0, 0x000001bc64f4f9e8]

GC Heap History (20 events):
Event: 11.044 GC heap before
{Heap before GC invocations=45 (full 2):
 PSYoungGen      total 18944K, used 18351K [0x00000000d5580000, 0x00000000d6a00000, 0x0000000100000000)
  eden space 16896K, 100% used [0x00000000d5580000,0x00000000d6600000,0x00000000d6600000)
  from space 2048K, 71% used [0x00000000d6800000,0x00000000d696bc80,0x00000000d6a00000)
  to   space 2048K, 0% used [0x00000000d6600000,0x00000000d6600000,0x00000000d6800000)
 ParOldGen       total 68608K, used 58470K [0x0000000080000000, 0x0000000084300000, 0x00000000d5580000)
  object space 68608K, 85% used [0x0000000080000000,0x0000000083919898,0x0000000084300000)
 Metaspace       used 57027K, committed 58304K, reserved 1114112K
  class space    used 6059K, committed 6592K, reserved 1048576K
}
Event: 11.047 GC heap after
{Heap after GC invocations=45 (full 2):
 PSYoungGen      total 17920K, used 813K [0x00000000d5580000, 0x00000000d6900000, 0x0000000100000000)
  eden space 16896K, 0% used [0x00000000d5580000,0x00000000d5580000,0x00000000d6600000)
  from space 1024K, 79% used [0x00000000d6600000,0x00000000d66cb778,0x00000000d6700000)
  to   space 1536K, 0% used [0x00000000d6780000,0x00000000d6780000,0x00000000d6900000)
 ParOldGen       total 68608K, used 59254K [0x0000000080000000, 0x0000000084300000, 0x00000000d5580000)
  object space 68608K, 86% used [0x0000000080000000,0x00000000839dd898,0x0000000084300000)
 Metaspace       used 57027K, committed 58304K, reserved 1114112K
  class space    used 6059K, committed 6592K, reserved 1048576K
}
Event: 12.122 GC heap before
{Heap before GC invocations=46 (full 2):
 PSYoungGen      total 17920K, used 17709K [0x00000000d5580000, 0x00000000d6900000, 0x0000000100000000)
  eden space 16896K, 100% used [0x00000000d5580000,0x00000000d6600000,0x00000000d6600000)
  from space 1024K, 79% used [0x00000000d6600000,0x00000000d66cb778,0x00000000d6700000)
  to   space 1536K, 0% used [0x00000000d6780000,0x00000000d6780000,0x00000000d6900000)
 ParOldGen       total 68608K, used 59254K [0x0000000080000000, 0x0000000084300000, 0x00000000d5580000)
  object space 68608K, 86% used [0x0000000080000000,0x00000000839dd898,0x0000000084300000)
 Metaspace       used 57046K, committed 58304K, reserved 1114112K
  class space    used 6059K, committed 6592K, reserved 1048576K
}
Event: 12.124 GC heap after
{Heap after GC invocations=46 (full 2):
 PSYoungGen      total 17920K, used 849K [0x00000000d5580000, 0x00000000d6880000, 0x0000000100000000)
  eden space 16896K, 0% used [0x00000000d5580000,0x00000000d5580000,0x00000000d6600000)
  from space 1024K, 82% used [0x00000000d6780000,0x00000000d6854770,0x00000000d6880000)
  to   space 1024K, 0% used [0x00000000d6600000,0x00000000d6600000,0x00000000d6700000)
 ParOldGen       total 68608K, used 59989K [0x0000000080000000, 0x0000000084300000, 0x00000000d5580000)
  object space 68608K, 87% used [0x0000000080000000,0x0000000083a95408,0x0000000084300000)
 Metaspace       used 57046K, committed 58304K, reserved 1114112K
  class space    used 6059K, committed 6592K, reserved 1048576K
}
Event: 12.220 GC heap before
{Heap before GC invocations=47 (full 2):
 PSYoungGen      total 17920K, used 17745K [0x00000000d5580000, 0x00000000d6880000, 0x0000000100000000)
  eden space 16896K, 100% used [0x00000000d5580000,0x00000000d6600000,0x00000000d6600000)
  from space 1024K, 82% used [0x00000000d6780000,0x00000000d6854770,0x00000000d6880000)
  to   space 1024K, 0% used [0x00000000d6600000,0x00000000d6600000,0x00000000d6700000)
 ParOldGen       total 68608K, used 59989K [0x0000000080000000, 0x0000000084300000, 0x00000000d5580000)
  object space 68608K, 87% used [0x0000000080000000,0x0000000083a95408,0x0000000084300000)
 Metaspace       used 57078K, committed 58304K, reserved 1114112K
  class space    used 6064K, committed 6592K, reserved 1048576K
}
Event: 12.221 GC heap after
{Heap after GC invocations=47 (full 2):
 PSYoungGen      total 17920K, used 1011K [0x00000000d5580000, 0x00000000d6a00000, 0x0000000100000000)
  eden space 16896K, 0% used [0x00000000d5580000,0x00000000d5580000,0x00000000d6600000)
  from space 1024K, 98% used [0x00000000d6600000,0x00000000d66fcc80,0x00000000d6700000)
  to   space 2048K, 0% used [0x00000000d6800000,0x00000000d6800000,0x00000000d6a00000)
 ParOldGen       total 68608K, used 60584K [0x0000000080000000, 0x0000000084300000, 0x00000000d5580000)
  object space 68608K, 88% used [0x0000000080000000,0x0000000083b2a1c0,0x0000000084300000)
 Metaspace       used 57078K, committed 58304K, reserved 1114112K
  class space    used 6064K, committed 6592K, reserved 1048576K
}
Event: 12.338 GC heap before
{Heap before GC invocations=48 (full 2):
 PSYoungGen      total 17920K, used 17907K [0x00000000d5580000, 0x00000000d6a00000, 0x0000000100000000)
  eden space 16896K, 100% used [0x00000000d5580000,0x00000000d6600000,0x00000000d6600000)
  from space 1024K, 98% used [0x00000000d6600000,0x00000000d66fcc80,0x00000000d6700000)
  to   space 2048K, 0% used [0x00000000d6800000,0x00000000d6800000,0x00000000d6a00000)
 ParOldGen       total 68608K, used 60584K [0x0000000080000000, 0x0000000084300000, 0x00000000d5580000)
  object space 68608K, 88% used [0x0000000080000000,0x0000000083b2a1c0,0x0000000084300000)
 Metaspace       used 57364K, committed 58624K, reserved 1114112K
  class space    used 6093K, committed 6656K, reserved 1048576K
}
Event: 12.342 GC heap after
{Heap after GC invocations=48 (full 2):
 PSYoungGen      total 17408K, used 2043K [0x00000000d5580000, 0x00000000d6d00000, 0x0000000100000000)
  eden space 15360K, 0% used [0x00000000d5580000,0x00000000d5580000,0x00000000d6480000)
  from space 2048K, 99% used [0x00000000d6800000,0x00000000d69fefb0,0x00000000d6a00000)
  to   space 3584K, 0% used [0x00000000d6480000,0x00000000d6480000,0x00000000d6800000)
 ParOldGen       total 68608K, used 61728K [0x0000000080000000, 0x0000000084300000, 0x00000000d5580000)
  object space 68608K, 89% used [0x0000000080000000,0x0000000083c482a0,0x0000000084300000)
 Metaspace       used 57364K, committed 58624K, reserved 1114112K
  class space    used 6093K, committed 6656K, reserved 1048576K
}
Event: 12.764 GC heap before
{Heap before GC invocations=49 (full 2):
 PSYoungGen      total 17408K, used 17403K [0x00000000d5580000, 0x00000000d6d00000, 0x0000000100000000)
  eden space 15360K, 100% used [0x00000000d5580000,0x00000000d6480000,0x00000000d6480000)
  from space 2048K, 99% used [0x00000000d6800000,0x00000000d69fefb0,0x00000000d6a00000)
  to   space 3584K, 0% used [0x00000000d6480000,0x00000000d6480000,0x00000000d6800000)
 ParOldGen       total 68608K, used 61728K [0x0000000080000000, 0x0000000084300000, 0x00000000d5580000)
  object space 68608K, 89% used [0x0000000080000000,0x0000000083c482a0,0x0000000084300000)
 Metaspace       used 58396K, committed 59648K, reserved 1114112K
  class space    used 6188K, committed 6720K, reserved 1048576K
}
Event: 12.767 GC heap after
{Heap after GC invocations=49 (full 2):
 PSYoungGen      total 17920K, used 2176K [0x00000000d5580000, 0x00000000d6980000, 0x0000000100000000)
  eden space 15360K, 0% used [0x00000000d5580000,0x00000000d5580000,0x00000000d6480000)
  from space 2560K, 85% used [0x00000000d6480000,0x00000000d66a0000,0x00000000d6700000)
  to   space 2560K, 0% used [0x00000000d6700000,0x00000000d6700000,0x00000000d6980000)
 ParOldGen       total 68608K, used 63696K [0x0000000080000000, 0x0000000084300000, 0x00000000d5580000)
  object space 68608K, 92% used [0x0000000080000000,0x0000000083e342a0,0x0000000084300000)
 Metaspace       used 58396K, committed 59648K, reserved 1114112K
  class space    used 6188K, committed 6720K, reserved 1048576K
}
Event: 13.108 GC heap before
{Heap before GC invocations=50 (full 2):
 PSYoungGen      total 17920K, used 17536K [0x00000000d5580000, 0x00000000d6980000, 0x0000000100000000)
  eden space 15360K, 100% used [0x00000000d5580000,0x00000000d6480000,0x00000000d6480000)
  from space 2560K, 85% used [0x00000000d6480000,0x00000000d66a0000,0x00000000d6700000)
  to   space 2560K, 0% used [0x00000000d6700000,0x00000000d6700000,0x00000000d6980000)
 ParOldGen       total 68608K, used 63696K [0x0000000080000000, 0x0000000084300000, 0x00000000d5580000)
  object space 68608K, 92% used [0x0000000080000000,0x0000000083e342a0,0x0000000084300000)
 Metaspace       used 58515K, committed 59776K, reserved 1114112K
  class space    used 6190K, committed 6720K, reserved 1048576K
}
Event: 13.110 GC heap after
{Heap after GC invocations=50 (full 2):
 PSYoungGen      total 17408K, used 1696K [0x00000000d5580000, 0x00000000d6900000, 0x0000000100000000)
  eden space 15360K, 0% used [0x00000000d5580000,0x00000000d5580000,0x00000000d6480000)
  from space 2048K, 82% used [0x00000000d6700000,0x00000000d68a8000,0x00000000d6900000)
  to   space 2048K, 0% used [0x00000000d6500000,0x00000000d6500000,0x00000000d6700000)
 ParOldGen       total 68608K, used 65612K [0x0000000080000000, 0x0000000084300000, 0x00000000d5580000)
  object space 68608K, 95% used [0x0000000080000000,0x0000000084013300,0x0000000084300000)
 Metaspace       used 58515K, committed 59776K, reserved 1114112K
  class space    used 6190K, committed 6720K, reserved 1048576K
}
Event: 13.356 GC heap before
{Heap before GC invocations=51 (full 2):
 PSYoungGen      total 17408K, used 17056K [0x00000000d5580000, 0x00000000d6900000, 0x0000000100000000)
  eden space 15360K, 100% used [0x00000000d5580000,0x00000000d6480000,0x00000000d6480000)
  from space 2048K, 82% used [0x00000000d6700000,0x00000000d68a8000,0x00000000d6900000)
  to   space 2048K, 0% used [0x00000000d6500000,0x00000000d6500000,0x00000000d6700000)
 ParOldGen       total 68608K, used 65612K [0x0000000080000000, 0x0000000084300000, 0x00000000d5580000)
  object space 68608K, 95% used [0x0000000080000000,0x0000000084013300,0x0000000084300000)
 Metaspace       used 58681K, committed 59904K, reserved 1114112K
  class space    used 6190K, committed 6720K, reserved 1048576K
}
Event: 13.360 GC heap after
{Heap after GC invocations=51 (full 2):
 PSYoungGen      total 16896K, used 1280K [0x00000000d5580000, 0x00000000d6780000, 0x0000000100000000)
  eden space 15360K, 0% used [0x00000000d5580000,0x00000000d5580000,0x00000000d6480000)
  from space 1536K, 83% used [0x00000000d6500000,0x00000000d6640000,0x00000000d6680000)
  to   space 1024K, 0% used [0x00000000d6680000,0x00000000d6680000,0x00000000d6780000)
 ParOldGen       total 68608K, used 67017K [0x0000000080000000, 0x0000000084300000, 0x00000000d5580000)
  object space 68608K, 97% used [0x0000000080000000,0x0000000084172540,0x0000000084300000)
 Metaspace       used 58681K, committed 59904K, reserved 1114112K
  class space    used 6190K, committed 6720K, reserved 1048576K
}
Event: 13.577 GC heap before
{Heap before GC invocations=52 (full 2):
 PSYoungGen      total 16896K, used 16640K [0x00000000d5580000, 0x00000000d6780000, 0x0000000100000000)
  eden space 15360K, 100% used [0x00000000d5580000,0x00000000d6480000,0x00000000d6480000)
  from space 1536K, 83% used [0x00000000d6500000,0x00000000d6640000,0x00000000d6680000)
  to   space 1024K, 0% used [0x00000000d6680000,0x00000000d6680000,0x00000000d6780000)
 ParOldGen       total 68608K, used 67017K [0x0000000080000000, 0x0000000084300000, 0x00000000d5580000)
  object space 68608K, 97% used [0x0000000080000000,0x0000000084172540,0x0000000084300000)
 Metaspace       used 58983K, committed 60288K, reserved 1114112K
  class space    used 6222K, committed 6784K, reserved 1048576K
}
Event: 13.579 GC heap after
{Heap after GC invocations=52 (full 2):
 PSYoungGen      total 15872K, used 1024K [0x00000000d5580000, 0x00000000d6980000, 0x0000000100000000)
  eden space 14848K, 0% used [0x00000000d5580000,0x00000000d5580000,0x00000000d6400000)
  from space 1024K, 100% used [0x00000000d6680000,0x00000000d6780000,0x00000000d6780000)
  to   space 2560K, 0% used [0x00000000d6400000,0x00000000d6400000,0x00000000d6680000)
 ParOldGen       total 68608K, used 68115K [0x0000000080000000, 0x0000000084300000, 0x00000000d5580000)
  object space 68608K, 99% used [0x0000000080000000,0x0000000084284ce8,0x0000000084300000)
 Metaspace       used 58983K, committed 60288K, reserved 1114112K
  class space    used 6222K, committed 6784K, reserved 1048576K
}
Event: 13.587 GC heap before
{Heap before GC invocations=53 (full 2):
 PSYoungGen      total 15872K, used 2699K [0x00000000d5580000, 0x00000000d6980000, 0x0000000100000000)
  eden space 14848K, 11% used [0x00000000d5580000,0x00000000d5722c20,0x00000000d6400000)
  from space 1024K, 100% used [0x00000000d6680000,0x00000000d6780000,0x00000000d6780000)
  to   space 2560K, 0% used [0x00000000d6400000,0x00000000d6400000,0x00000000d6680000)
 ParOldGen       total 68608K, used 68115K [0x0000000080000000, 0x0000000084300000, 0x00000000d5580000)
  object space 68608K, 99% used [0x0000000080000000,0x0000000084284ce8,0x0000000084300000)
 Metaspace       used 59049K, committed 60288K, reserved 1114112K
  class space    used 6223K, committed 6784K, reserved 1048576K
}
Event: 13.588 GC heap after
{Heap after GC invocations=53 (full 2):
 PSYoungGen      total 15872K, used 998K [0x00000000d5580000, 0x00000000d6780000, 0x0000000100000000)
  eden space 14848K, 0% used [0x00000000d5580000,0x00000000d5580000,0x00000000d6400000)
  from space 1024K, 97% used [0x00000000d6400000,0x00000000d64f9a50,0x00000000d6500000)
  to   space 1536K, 0% used [0x00000000d6600000,0x00000000d6600000,0x00000000d6780000)
 ParOldGen       total 69632K, used 69200K [0x0000000080000000, 0x0000000084400000, 0x00000000d5580000)
  object space 69632K, 99% used [0x0000000080000000,0x0000000084394190,0x0000000084400000)
 Metaspace       used 59049K, committed 60288K, reserved 1114112K
  class space    used 6223K, committed 6784K, reserved 1048576K
}
Event: 13.589 GC heap before
{Heap before GC invocations=54 (full 3):
 PSYoungGen      total 15872K, used 998K [0x00000000d5580000, 0x00000000d6780000, 0x0000000100000000)
  eden space 14848K, 0% used [0x00000000d5580000,0x00000000d5580000,0x00000000d6400000)
  from space 1024K, 97% used [0x00000000d6400000,0x00000000d64f9a50,0x00000000d6500000)
  to   space 1536K, 0% used [0x00000000d6600000,0x00000000d6600000,0x00000000d6780000)
 ParOldGen       total 69632K, used 69200K [0x0000000080000000, 0x0000000084400000, 0x00000000d5580000)
  object space 69632K, 99% used [0x0000000080000000,0x0000000084394190,0x0000000084400000)
 Metaspace       used 59049K, committed 60288K, reserved 1114112K
  class space    used 6223K, committed 6784K, reserved 1048576K
}
Event: 13.684 GC heap after
{Heap after GC invocations=54 (full 3):
 PSYoungGen      total 15872K, used 0K [0x00000000d5580000, 0x00000000d6780000, 0x0000000100000000)
  eden space 14848K, 0% used [0x00000000d5580000,0x00000000d5580000,0x00000000d6400000)
  from space 1024K, 0% used [0x00000000d6400000,0x00000000d6400000,0x00000000d6500000)
  to   space 1536K, 0% used [0x00000000d6600000,0x00000000d6600000,0x00000000d6780000)
 ParOldGen       total 69632K, used 50800K [0x0000000080000000, 0x0000000084400000, 0x00000000d5580000)
  object space 69632K, 72% used [0x0000000080000000,0x000000008319c068,0x0000000084400000)
 Metaspace       used 59042K, committed 60288K, reserved 1114112K
  class space    used 6221K, committed 6784K, reserved 1048576K
}

Dll operation events (10 events):
Event: 0.022 Loaded shared library c:\Users\samue\.vscode\extensions\redhat.java-1.45.0-win32-x64\jre\21.0.8-win32-x86_64\bin\java.dll
Event: 0.153 Loaded shared library c:\Users\samue\.vscode\extensions\redhat.java-1.45.0-win32-x64\jre\21.0.8-win32-x86_64\bin\zip.dll
Event: 0.194 Loaded shared library C:\Users\samue\.vscode\extensions\redhat.java-1.45.0-win32-x64\jre\21.0.8-win32-x86_64\bin\instrument.dll
Event: 0.208 Loaded shared library C:\Users\samue\.vscode\extensions\redhat.java-1.45.0-win32-x64\jre\21.0.8-win32-x86_64\bin\net.dll
Event: 0.215 Loaded shared library C:\Users\samue\.vscode\extensions\redhat.java-1.45.0-win32-x64\jre\21.0.8-win32-x86_64\bin\nio.dll
Event: 0.225 Loaded shared library C:\Users\samue\.vscode\extensions\redhat.java-1.45.0-win32-x64\jre\21.0.8-win32-x86_64\bin\zip.dll
Event: 0.270 Loaded shared library C:\Users\samue\.vscode\extensions\redhat.java-1.45.0-win32-x64\jre\21.0.8-win32-x86_64\bin\jimage.dll
Event: 0.435 Loaded shared library c:\Users\samue\.vscode\extensions\redhat.java-1.45.0-win32-x64\jre\21.0.8-win32-x86_64\bin\verify.dll
Event: 2.084 Loaded shared library C:\Users\samue\AppData\Roaming\Code\User\globalStorage\redhat.java\1.45.0\config_win\org.eclipse.equinox.launcher\org.eclipse.equinox.launcher.win32.win32.x86_64_1.2.1400.v20250801-0854\eclipse_11916.dll
Event: 3.954 Loaded shared library C:\Users\samue\AppData\Local\Temp\jna-109203119\jna6634649340477709027.dll

Deoptimization events (20 events):
Event: 13.691 Thread 0x000001bc4c19cf70 Uncommon trap: trap_request=0xffffff45 fr.pc=0x000001bc6c5ce7d8 relative=0x0000000000000358
Event: 13.691 Thread 0x000001bc4c19cf70 Uncommon trap: reason=unstable_if action=reinterpret pc=0x000001bc6c5ce7d8 method=org.apache.maven.model.ConfigurationContainer.clone()Lorg/apache/maven/model/ConfigurationContainer; @ 37 c2
Event: 13.691 Thread 0x000001bc4c19cf70 DEOPT PACKING pc=0x000001bc6c5ce7d8 sp=0x0000002c3f2fe1b0
Event: 13.691 Thread 0x000001bc4c19cf70 DEOPT UNPACKING pc=0x000001bc6ba93aa2 sp=0x0000002c3f2fe180 mode 2
Event: 13.699 Thread 0x000001bc4bc575f0 Uncommon trap: trap_request=0xffffffde fr.pc=0x000001bc6c3639cc relative=0x00000000000000ac
Event: 13.699 Thread 0x000001bc4bc575f0 Uncommon trap: reason=class_check action=maybe_recompile pc=0x000001bc6c3639cc method=jdk.internal.util.StrongReferenceKey.equals(Ljava/lang/Object;)Z @ 1 c2
Event: 13.699 Thread 0x000001bc4bc575f0 DEOPT PACKING pc=0x000001bc6c3639cc sp=0x0000002c3f5fdcb0
Event: 13.699 Thread 0x000001bc4bc575f0 DEOPT UNPACKING pc=0x000001bc6ba93aa2 sp=0x0000002c3f5fdc38 mode 2
Event: 13.703 Thread 0x000001bc4c19d600 Uncommon trap: trap_request=0xffffff45 fr.pc=0x000001bc6c5e0fa0 relative=0x0000000000000100
Event: 13.703 Thread 0x000001bc4c19d600 Uncommon trap: reason=unstable_if action=reinterpret pc=0x000001bc6c5e0fa0 method=java.lang.ThreadLocal$ThreadLocalMap.getEntryAfterMiss(Ljava/lang/ThreadLocal;ILjava/lang/ThreadLocal$ThreadLocalMap$Entry;)Ljava/lang/ThreadLocal$ThreadLocalMap$Entry; @ 30
Event: 13.704 Thread 0x000001bc4c19d600 DEOPT PACKING pc=0x000001bc6c5e0fa0 sp=0x0000002c3f3fe760
Event: 13.704 Thread 0x000001bc4c19d600 DEOPT UNPACKING pc=0x000001bc6ba93aa2 sp=0x0000002c3f3fe6e0 mode 2
Event: 13.729 Thread 0x000001bc4c19cf70 Uncommon trap: trap_request=0xffffff45 fr.pc=0x000001bc6c5b50dc relative=0x00000000000004bc
Event: 13.729 Thread 0x000001bc4c19cf70 Uncommon trap: reason=unstable_if action=reinterpret pc=0x000001bc6c5b50dc method=org.apache.maven.model.ConfigurationContainer.getOtherLocation(Ljava/lang/Object;)Lorg/apache/maven/model/InputLocation; @ 4 c2
Event: 13.729 Thread 0x000001bc4c19cf70 DEOPT PACKING pc=0x000001bc6c5b50dc sp=0x0000002c3f2fde00
Event: 13.729 Thread 0x000001bc4c19cf70 DEOPT UNPACKING pc=0x000001bc6ba93aa2 sp=0x0000002c3f2fdd28 mode 2
Event: 13.770 Thread 0x000001bc4c19cf70 Uncommon trap: trap_request=0xffffff45 fr.pc=0x000001bc6c5b2978 relative=0x0000000000000398
Event: 13.770 Thread 0x000001bc4c19cf70 Uncommon trap: reason=unstable_if action=reinterpret pc=0x000001bc6c5b2978 method=java.util.regex.Pattern$Start.match(Ljava/util/regex/Matcher;ILjava/lang/CharSequence;)Z @ 10 c2
Event: 13.770 Thread 0x000001bc4c19cf70 DEOPT PACKING pc=0x000001bc6c5b2978 sp=0x0000002c3f2fddf0
Event: 13.770 Thread 0x000001bc4c19cf70 DEOPT UNPACKING pc=0x000001bc6ba93aa2 sp=0x0000002c3f2fdca0 mode 2

Classes loaded (20 events):
Event: 7.838 Loading class sun/security/provider/MD5
Event: 7.839 Loading class sun/security/provider/MD5 done
Event: 7.839 Loading class sun/security/provider/ByteArrayAccess$LE
Event: 7.839 Loading class sun/security/provider/ByteArrayAccess$LE done
Event: 7.979 Loading class java/util/stream/ReduceOps$4
Event: 7.979 Loading class java/util/stream/ReduceOps$4 done
Event: 7.979 Loading class java/util/stream/ReduceOps$4ReducingSink
Event: 7.979 Loading class java/util/stream/ReduceOps$4ReducingSink done
Event: 7.982 Loading class java/nio/file/Files$2
Event: 7.982 Loading class java/nio/file/Files$2 done
Event: 8.052 Loading class java/util/WeakHashMap$KeyIterator
Event: 8.053 Loading class java/util/WeakHashMap$KeyIterator done
Event: 8.166 Loading class java/util/concurrent/ArrayBlockingQueue
Event: 8.167 Loading class java/util/concurrent/ArrayBlockingQueue done
Event: 8.349 Loading class java/util/Hashtable$ValueCollection
Event: 8.350 Loading class java/util/Hashtable$ValueCollection done
Event: 8.353 Loading class java/util/concurrent/ConcurrentHashMap$KeySpliterator
Event: 8.354 Loading class java/util/concurrent/ConcurrentHashMap$KeySpliterator done
Event: 8.363 Loading class sun/nio/ch/ChannelOutputStream
Event: 8.364 Loading class sun/nio/ch/ChannelOutputStream done

Classes unloaded (11 events):
Event: 4.494 Thread 0x000001bc5f001370 Unloading class 0x000001bc011a6800 'java/lang/invoke/LambdaForm$MH+0x000001bc011a6800'
Event: 4.494 Thread 0x000001bc5f001370 Unloading class 0x000001bc011a6400 'java/lang/invoke/LambdaForm$MH+0x000001bc011a6400'
Event: 4.494 Thread 0x000001bc5f001370 Unloading class 0x000001bc011a6000 'java/lang/invoke/LambdaForm$MH+0x000001bc011a6000'
Event: 4.494 Thread 0x000001bc5f001370 Unloading class 0x000001bc011a5c00 'java/lang/invoke/LambdaForm$MH+0x000001bc011a5c00'
Event: 4.494 Thread 0x000001bc5f001370 Unloading class 0x000001bc011a5800 'java/lang/invoke/LambdaForm$BMH+0x000001bc011a5800'
Event: 4.494 Thread 0x000001bc5f001370 Unloading class 0x000001bc011a5400 'java/lang/invoke/LambdaForm$DMH+0x000001bc011a5400'
Event: 4.494 Thread 0x000001bc5f001370 Unloading class 0x000001bc011a4000 'java/lang/invoke/LambdaForm$DMH+0x000001bc011a4000'
Event: 13.602 Thread 0x000001bc5f001370 Unloading class 0x000001bc016b5400 'java/lang/invoke/LambdaForm$DMH+0x000001bc016b5400'
Event: 13.602 Thread 0x000001bc5f001370 Unloading class 0x000001bc016b4800 'java/lang/invoke/LambdaForm$DMH+0x000001bc016b4800'
Event: 13.602 Thread 0x000001bc5f001370 Unloading class 0x000001bc016b4400 'java/lang/invoke/LambdaForm$DMH+0x000001bc016b4400'
Event: 13.602 Thread 0x000001bc5f001370 Unloading class 0x000001bc016b5000 'java/lang/invoke/LambdaForm$DMH+0x000001bc016b5000'

Classes redefined (0 events):
No events

Internal exceptions (20 events):
Event: 8.039 Thread 0x000001bc433036a0 Exception <a 'sun/nio/fs/WindowsException'{0x00000000d66c8a60}> (0x00000000d66c8a60) 
thrown [s\src\hotspot\share\prims\jni.cpp, line 520]
Event: 8.058 Thread 0x000001bc433036a0 Exception <a 'java/io/FileNotFoundException'{0x00000000d56059b8}> (0x00000000d56059b8) 
thrown [s\src\hotspot\share\prims\jni.cpp, line 520]
Event: 8.058 Thread 0x000001bc433036a0 Exception <a 'java/io/FileNotFoundException'{0x00000000d5606d08}> (0x00000000d5606d08) 
thrown [s\src\hotspot\share\prims\jni.cpp, line 520]
Event: 8.058 Thread 0x000001bc433036a0 Exception <a 'java/io/FileNotFoundException'{0x00000000d561adc8}> (0x00000000d561adc8) 
thrown [s\src\hotspot\share\prims\jni.cpp, line 520]
Event: 8.308 Thread 0x000001bc41fe72a0 Exception <a 'java/lang/NoSuchMethodError'{0x00000000d59d6898}: 'void java.lang.invoke.DirectMethodHandle$Holder.invokeStatic(java.lang.Object, int, java.lang.Object)'> (0x00000000d59d6898) 
thrown [s\src\hotspot\share\interpreter\linkResolver.cpp, line 773]
Event: 8.357 Thread 0x000001bc4179b130 Exception <a 'java/lang/NoSuchMethodError'{0x00000000d6059e98}: 'java.lang.Object java.lang.invoke.DirectMethodHandle$Holder.newInvokeSpecial(java.lang.Object, java.lang.Object, int, int, java.lang.Object)'> (0x00000000d6059e98) 
thrown [s\src\hotspot\share\interpreter\linkResolver.cpp, line 773]
Event: 8.453 Thread 0x000001bc41fe72a0 Exception <a 'java/lang/NoSuchMethodError'{0x00000000d6367670}: 'java.lang.Object java.lang.invoke.DirectMethodHandle$Holder.invokeStatic(java.lang.Object, java.lang.Object, int, java.lang.Object, java.lang.Object)'> (0x00000000d6367670) 
thrown [s\src\hotspot\share\interpreter\linkResolver.cpp, line 773]
Event: 8.485 Thread 0x000001bc41fe72a0 Exception <a 'java/lang/NoSuchMethodError'{0x00000000d61327c0}: 'java.lang.Object java.lang.invoke.DirectMethodHandle$Holder.newInvokeSpecial(java.lang.Object, java.lang.Object, java.lang.Object, java.lang.Object, int)'> (0x00000000d61327c0) 
thrown [s\src\hotspot\share\interpreter\linkResolver.cpp, line 773]
Event: 8.486 Thread 0x000001bc41fe72a0 Exception <a 'java/lang/NoSuchMethodError'{0x00000000d6136c08}: 'java.lang.Object java.lang.invoke.DirectMethodHandle$Holder.invokeSpecial(java.lang.Object, java.lang.Object, java.lang.Object, java.lang.Object, java.lang.Object, int)'> (0x00000000d6136c08) 
thrown [s\src\hotspot\share\interpreter\linkResolver.cpp, line 773]
Event: 8.486 Thread 0x000001bc41fe72a0 Exception <a 'java/lang/NoSuchMethodError'{0x00000000d613a948}: 'java.lang.Object java.lang.invoke.Invokers$Holder.linkToTargetMethod(java.lang.Object, java.lang.Object, java.lang.Object, int, java.lang.Object)'> (0x00000000d613a948) 
thrown [s\src\hotspot\share\interpreter\linkResolver.cpp, line 773]
Event: 9.805 Thread 0x000001bc4179b130 Exception <a 'sun/nio/fs/WindowsException'{0x00000000d6193200}> (0x00000000d6193200) 
thrown [s\src\hotspot\share\prims\jni.cpp, line 520]
Event: 9.806 Thread 0x000001bc42d96a10 Exception <a 'sun/nio/fs/WindowsException'{0x00000000d62381a0}> (0x00000000d62381a0) 
thrown [s\src\hotspot\share\prims\jni.cpp, line 520]
Event: 9.807 Thread 0x000001bc42d98ae0 Exception <a 'sun/nio/fs/WindowsException'{0x00000000d62dad80}> (0x00000000d62dad80) 
thrown [s\src\hotspot\share\prims\jni.cpp, line 520]
Event: 9.808 Thread 0x000001bc42d98ae0 Exception <a 'sun/nio/fs/WindowsException'{0x00000000d62dc170}> (0x00000000d62dc170) 
thrown [s\src\hotspot\share\prims\jni.cpp, line 520]
Event: 11.001 Thread 0x000001bc4179b130 Exception <a 'sun/nio/fs/WindowsException'{0x00000000d5a36f68}> (0x00000000d5a36f68) 
thrown [s\src\hotspot\share\prims\jni.cpp, line 520]
Event: 11.001 Thread 0x000001bc4179b130 Exception <a 'sun/nio/fs/WindowsException'{0x00000000d5a37598}> (0x00000000d5a37598) 
thrown [s\src\hotspot\share\prims\jni.cpp, line 520]
Event: 12.529 Thread 0x000001bc4179b130 Exception <a 'java/lang/NoSuchMethodError'{0x00000000d5c91bc0}: 'void java.lang.invoke.DirectMethodHandle$Holder.invokeStatic(java.lang.Object, java.lang.Object, java.lang.Object, int)'> (0x00000000d5c91bc0) 
thrown [s\src\hotspot\share\interpreter\linkResolver.cpp, line 773]
Event: 12.544 Thread 0x000001bc4179b130 Exception <a 'java/lang/NoSuchMethodError'{0x00000000d5cdf570}: 'void java.lang.invoke.DirectMethodHandle$Holder.invokeVirtual(java.lang.Object, java.lang.Object, int)'> (0x00000000d5cdf570) 
thrown [s\src\hotspot\share\interpreter\linkResolver.cpp, line 773]
Event: 13.554 Thread 0x000001bc4179b130 Exception <a 'java/lang/NoSuchMethodError'{0x00000000d632afa8}: 'void java.lang.invoke.DirectMethodHandle$Holder.invokeInterface(java.lang.Object, java.lang.Object)'> (0x00000000d632afa8) 
thrown [s\src\hotspot\share\interpreter\linkResolver.cpp, line 773]
Event: 13.729 Thread 0x000001bc4c19cf70 Implicit null exception at 0x000001bc6c5b4cf3 to 0x000001bc6c5b50cc

ZGC Phase Switch (0 events):
No events

VM Operations (20 events):
Event: 12.221 Executing VM operation: ParallelGCFailedAllocation (Allocation Failure) done
Event: 12.293 Executing VM operation: HandshakeAllThreads (Deoptimize)
Event: 12.293 Executing VM operation: HandshakeAllThreads (Deoptimize) done
Event: 12.329 Executing VM operation: ICBufferFull
Event: 12.329 Executing VM operation: ICBufferFull done
Event: 12.338 Executing VM operation: ParallelGCFailedAllocation (Allocation Failure)
Event: 12.342 Executing VM operation: ParallelGCFailedAllocation (Allocation Failure) done
Event: 12.763 Executing VM operation: ParallelGCFailedAllocation (Allocation Failure)
Event: 12.767 Executing VM operation: ParallelGCFailedAllocation (Allocation Failure) done
Event: 13.108 Executing VM operation: ParallelGCFailedAllocation (Allocation Failure)
Event: 13.110 Executing VM operation: ParallelGCFailedAllocation (Allocation Failure) done
Event: 13.356 Executing VM operation: ParallelGCFailedAllocation (Allocation Failure)
Event: 13.360 Executing VM operation: ParallelGCFailedAllocation (Allocation Failure) done
Event: 13.576 Executing VM operation: ParallelGCFailedAllocation (Allocation Failure)
Event: 13.579 Executing VM operation: ParallelGCFailedAllocation (Allocation Failure) done
Event: 13.583 Executing VM operation: HandshakeAllThreads (Deoptimize)
Event: 13.583 Executing VM operation: HandshakeAllThreads (Deoptimize) done
Event: 13.587 Executing VM operation: CollectForMetadataAllocation (Metadata GC Threshold)
Event: 13.684 Executing VM operation: CollectForMetadataAllocation (Metadata GC Threshold) done
Event: 14.685 Executing VM operation: Cleanup

Memory protections (0 events):
No events

Nmethod flushes (20 events):
Event: 13.623 Thread 0x000001bc5f001370 flushing  nmethod 0x000001bc64f74590
Event: 13.623 Thread 0x000001bc5f001370 flushing  nmethod 0x000001bc64f8e890
Event: 13.623 Thread 0x000001bc5f001370 flushing  nmethod 0x000001bc64f8f090
Event: 13.623 Thread 0x000001bc5f001370 flushing  nmethod 0x000001bc64f90710
Event: 13.623 Thread 0x000001bc5f001370 flushing  nmethod 0x000001bc64f95a10
Event: 13.623 Thread 0x000001bc5f001370 flushing  nmethod 0x000001bc64fb3310
Event: 13.623 Thread 0x000001bc5f001370 flushing osr nmethod 0x000001bc65002210
Event: 13.623 Thread 0x000001bc5f001370 flushing osr nmethod 0x000001bc6500b090
Event: 13.623 Thread 0x000001bc5f001370 flushing  nmethod 0x000001bc65012590
Event: 13.623 Thread 0x000001bc5f001370 flushing  nmethod 0x000001bc65024e90
Event: 13.623 Thread 0x000001bc5f001370 flushing  nmethod 0x000001bc65033490
Event: 13.623 Thread 0x000001bc5f001370 flushing  nmethod 0x000001bc65036190
Event: 13.623 Thread 0x000001bc5f001370 flushing  nmethod 0x000001bc65044690
Event: 13.623 Thread 0x000001bc5f001370 flushing  nmethod 0x000001bc65053190
Event: 13.623 Thread 0x000001bc5f001370 flushing  nmethod 0x000001bc65069210
Event: 13.623 Thread 0x000001bc5f001370 flushing  nmethod 0x000001bc65079010
Event: 13.623 Thread 0x000001bc5f001370 flushing  nmethod 0x000001bc65079610
Event: 13.623 Thread 0x000001bc5f001370 flushing  nmethod 0x000001bc65079e90
Event: 13.623 Thread 0x000001bc5f001370 flushing  nmethod 0x000001bc6507a490
Event: 13.623 Thread 0x000001bc5f001370 flushing  nmethod 0x000001bc6507d390

Events (20 events):
Event: 9.636 Thread 0x000001bc41478db0 Thread exited: 0x000001bc41478db0
Event: 9.637 Thread 0x000001bc417996f0 Thread exited: 0x000001bc417996f0
Event: 9.656 Thread 0x000001bc4179b130 Thread added: 0x000001bc4c198740
Event: 9.665 Thread 0x000001bc4179b130 Thread added: 0x000001bc4c199af0
Event: 9.689 Thread 0x000001bc4179b130 Thread added: 0x000001bc4c19bbc0
Event: 9.726 Thread 0x000001bc4179b130 Thread added: 0x000001bc4c19c250
Event: 9.746 Thread 0x000001bc4179b130 Thread added: 0x000001bc4c199460
Event: 9.763 Thread 0x000001bc4179b130 Thread added: 0x000001bc4c19dc90
Event: 10.865 Thread 0x000001bc79254390 Thread exited: 0x000001bc79254390
Event: 12.013 Thread 0x000001bc79252170 Thread exited: 0x000001bc79252170
Event: 12.093 Thread 0x000001bc7915cf60 Thread added: 0x000001bc4bc27b20
Event: 12.248 Thread 0x000001bc7915cf60 Thread added: 0x000001bc4bc29d30
Event: 12.275 Thread 0x000001bc4179b7c0 Thread added: 0x000001bc4c19e320
Event: 12.278 Thread 0x000001bc7915cf60 Thread added: 0x000001bc4bc26d80
Event: 12.283 Thread 0x000001bc7915cf60 Thread added: 0x000001bc4bc2a400
Event: 13.567 Thread 0x000001bc4179b130 Thread added: 0x000001bc4c19cf70
Event: 13.568 Thread 0x000001bc4179b130 Thread added: 0x000001bc4c19d600
Event: 13.568 Thread 0x000001bc4179b130 Thread added: 0x000001bc417996f0
Event: 13.569 Thread 0x000001bc4179b130 Thread added: 0x000001bc4bc575f0
Event: 13.569 Thread 0x000001bc4179b130 Thread added: 0x000001bc4bc55520


Dynamic libraries:
0x00007ff7dcfb0000 - 0x00007ff7dcfbe000 	c:\Users\samue\.vscode\extensions\redhat.java-1.45.0-win32-x64\jre\21.0.8-win32-x86_64\bin\java.exe
0x00007fffadac0000 - 0x00007fffadd29000 	C:\WINDOWS\SYSTEM32\ntdll.dll
0x00007fffad750000 - 0x00007fffad819000 	C:\WINDOWS\System32\KERNEL32.DLL
0x00007fffab3d0000 - 0x00007fffab7c3000 	C:\WINDOWS\System32\KERNELBASE.dll
0x00007fffab1f0000 - 0x00007fffab33b000 	C:\WINDOWS\System32\ucrtbase.dll
0x00007ffefcbd0000 - 0x00007ffefcbee000 	c:\Users\samue\.vscode\extensions\redhat.java-1.45.0-win32-x64\jre\21.0.8-win32-x86_64\bin\VCRUNTIME140.dll
0x00007fff266f0000 - 0x00007fff26708000 	c:\Users\samue\.vscode\extensions\redhat.java-1.45.0-win32-x64\jre\21.0.8-win32-x86_64\bin\jli.dll
0x00007fffad8b0000 - 0x00007fffada74000 	C:\WINDOWS\System32\USER32.dll
0x00007fff968e0000 - 0x00007fff96b73000 	C:\WINDOWS\WinSxS\amd64_microsoft.windows.common-controls_6595b64144ccf1df_6.0.26100.5074_none_3e0d6f78e32fd63f\COMCTL32.dll
0x00007fffab9b0000 - 0x00007fffaba59000 	C:\WINDOWS\System32\msvcrt.dll
0x00007fffaad80000 - 0x00007fffaada7000 	C:\WINDOWS\System32\win32u.dll
0x00007fffac670000 - 0x00007fffac69b000 	C:\WINDOWS\System32\GDI32.dll
0x00007fffaac50000 - 0x00007fffaad7d000 	C:\WINDOWS\System32\gdi32full.dll
0x00007fffab0a0000 - 0x00007fffab143000 	C:\WINDOWS\System32\msvcp_win.dll
0x00007fffac2b0000 - 0x00007fffac2df000 	C:\WINDOWS\System32\IMM32.DLL
0x00007fff659a0000 - 0x00007fff659ac000 	c:\Users\samue\.vscode\extensions\redhat.java-1.45.0-win32-x64\jre\21.0.8-win32-x86_64\bin\vcruntime140_1.dll
0x00007ffefcb40000 - 0x00007ffefcbcd000 	c:\Users\samue\.vscode\extensions\redhat.java-1.45.0-win32-x64\jre\21.0.8-win32-x86_64\bin\msvcp140.dll
0x00007ffefbda0000 - 0x00007ffefcb37000 	c:\Users\samue\.vscode\extensions\redhat.java-1.45.0-win32-x64\jre\21.0.8-win32-x86_64\bin\server\jvm.dll
0x00007fffac9b0000 - 0x00007fffaca64000 	C:\WINDOWS\System32\ADVAPI32.dll
0x00007fffad6a0000 - 0x00007fffad746000 	C:\WINDOWS\System32\sechost.dll
0x00007fffad570000 - 0x00007fffad688000 	C:\WINDOWS\System32\RPCRT4.dll
0x00007fffac7f0000 - 0x00007fffac864000 	C:\WINDOWS\System32\WS2_32.dll
0x00007fffaaab0000 - 0x00007fffaab0e000 	C:\WINDOWS\SYSTEM32\POWRPROF.dll
0x00007fffa4060000 - 0x00007fffa406b000 	C:\WINDOWS\SYSTEM32\VERSION.dll
0x00007fffa36d0000 - 0x00007fffa3705000 	C:\WINDOWS\SYSTEM32\WINMM.dll
0x00007fffaaa90000 - 0x00007fffaaaa4000 	C:\WINDOWS\SYSTEM32\UMPDC.dll
0x00007fffa9990000 - 0x00007fffa99ab000 	C:\WINDOWS\SYSTEM32\kernel.appcore.dll
0x00007fff46c60000 - 0x00007fff46c6a000 	c:\Users\samue\.vscode\extensions\redhat.java-1.45.0-win32-x64\jre\21.0.8-win32-x86_64\bin\jimage.dll
0x00007fff9f510000 - 0x00007fff9f752000 	C:\WINDOWS\SYSTEM32\DBGHELP.DLL
0x00007fffac2f0000 - 0x00007fffac66b000 	C:\WINDOWS\System32\combase.dll
0x00007fffac8d0000 - 0x00007fffac9a7000 	C:\WINDOWS\System32\OLEAUT32.dll
0x00007fff71e30000 - 0x00007fff71e6d000 	C:\WINDOWS\SYSTEM32\dbgcore.DLL
0x00007fffab150000 - 0x00007fffab1e9000 	C:\WINDOWS\System32\bcryptPrimitives.dll
0x00007fffa5e90000 - 0x00007fffa5e9f000 	c:\Users\samue\.vscode\extensions\redhat.java-1.45.0-win32-x64\jre\21.0.8-win32-x86_64\bin\instrument.dll
0x00007ffefbb30000 - 0x00007ffefbb4f000 	c:\Users\samue\.vscode\extensions\redhat.java-1.45.0-win32-x64\jre\21.0.8-win32-x86_64\bin\java.dll
0x00007fffabb60000 - 0x00007fffac2ad000 	C:\WINDOWS\System32\SHELL32.dll
0x00007fffaadb0000 - 0x00007fffaaf1c000 	C:\WINDOWS\System32\wintypes.dll
0x00007fffa88a0000 - 0x00007fffa90f9000 	C:\WINDOWS\SYSTEM32\windows.storage.dll
0x00007fffaba60000 - 0x00007fffabb50000 	C:\WINDOWS\System32\SHCORE.dll
0x00007ffface90000 - 0x00007fffacef2000 	C:\WINDOWS\System32\shlwapi.dll
0x00007fffaab70000 - 0x00007fffaab99000 	C:\WINDOWS\SYSTEM32\profapi.dll
0x00007ffefbd80000 - 0x00007ffefbd98000 	c:\Users\samue\.vscode\extensions\redhat.java-1.45.0-win32-x64\jre\21.0.8-win32-x86_64\bin\zip.dll
0x00007fffa5e80000 - 0x00007fffa5e90000 	C:\Users\samue\.vscode\extensions\redhat.java-1.45.0-win32-x64\jre\21.0.8-win32-x86_64\bin\net.dll
0x00007fffa3c40000 - 0x00007fffa3d5f000 	C:\WINDOWS\SYSTEM32\WINHTTP.dll
0x00007fffa9fb0000 - 0x00007fffaa01b000 	C:\WINDOWS\system32\mswsock.dll
0x00007fff8ee10000 - 0x00007fff8ee26000 	C:\Users\samue\.vscode\extensions\redhat.java-1.45.0-win32-x64\jre\21.0.8-win32-x86_64\bin\nio.dll
0x00007fff991d0000 - 0x00007fff991e0000 	c:\Users\samue\.vscode\extensions\redhat.java-1.45.0-win32-x64\jre\21.0.8-win32-x86_64\bin\verify.dll
0x00007fff8a850000 - 0x00007fff8a894000 	C:\Users\samue\AppData\Roaming\Code\User\globalStorage\redhat.java\1.45.0\config_win\org.eclipse.equinox.launcher\org.eclipse.equinox.launcher.win32.win32.x86_64_1.2.1400.v20250801-0854\eclipse_11916.dll
0x00007fffaca70000 - 0x00007fffacc08000 	C:\WINDOWS\System32\ole32.dll
0x00007fffaa250000 - 0x00007fffaa26b000 	C:\WINDOWS\SYSTEM32\CRYPTSP.dll
0x00007fffa99b0000 - 0x00007fffa99eb000 	C:\WINDOWS\system32\rsaenh.dll
0x00007fffaa050000 - 0x00007fffaa07b000 	C:\WINDOWS\SYSTEM32\USERENV.dll
0x00007fffaab40000 - 0x00007fffaab66000 	C:\WINDOWS\SYSTEM32\bcrypt.dll
0x00007fffaa270000 - 0x00007fffaa27c000 	C:\WINDOWS\SYSTEM32\CRYPTBASE.dll
0x00007fffa9400000 - 0x00007fffa9434000 	C:\WINDOWS\SYSTEM32\IPHLPAPI.DLL
0x00007fffacdf0000 - 0x00007fffacdfa000 	C:\WINDOWS\System32\NSI.dll
0x00007fff8a800000 - 0x00007fff8a849000 	C:\Users\samue\AppData\Local\Temp\jna-109203119\jna6634649340477709027.dll
0x00007ffface00000 - 0x00007ffface08000 	C:\WINDOWS\System32\PSAPI.DLL
0x00007fffa40a0000 - 0x00007fffa40be000 	C:\WINDOWS\SYSTEM32\dhcpcsvc6.DLL
0x00007fffa4070000 - 0x00007fffa4093000 	C:\WINDOWS\SYSTEM32\dhcpcsvc.DLL

JVMTI agents:
c:\Users\samue\.vscode\extensions\redhat.java-1.45.0-win32-x64\lombok\lombok-1.18.39-4050.jar path:c:\Users\samue\.vscode\extensions\redhat.java-1.45.0-win32-x64\jre\21.0.8-win32-x86_64\bin\instrument.dll, loaded, initialized, instrumentlib options:none

dbghelp: loaded successfully - version: 4.0.5 - missing functions: none
symbol engine: initialized successfully - sym options: 0x614 - pdb path: .;c:\Users\samue\.vscode\extensions\redhat.java-1.45.0-win32-x64\jre\21.0.8-win32-x86_64\bin;C:\WINDOWS\SYSTEM32;C:\WINDOWS\WinSxS\amd64_microsoft.windows.common-controls_6595b64144ccf1df_6.0.26100.5074_none_3e0d6f78e32fd63f;c:\Users\samue\.vscode\extensions\redhat.java-1.45.0-win32-x64\jre\21.0.8-win32-x86_64\bin\server;C:\Users\samue\AppData\Roaming\Code\User\globalStorage\redhat.java\1.45.0\config_win\org.eclipse.equinox.launcher\org.eclipse.equinox.launcher.win32.win32.x86_64_1.2.1400.v20250801-0854;C:\Users\samue\AppData\Local\Temp\jna-109203119

VM Arguments:
jvm_args: --add-modules=ALL-SYSTEM --add-opens=java.base/java.util=ALL-UNNAMED --add-opens=java.base/java.lang=ALL-UNNAMED --add-opens=java.base/sun.nio.fs=ALL-UNNAMED -Declipse.application=org.eclipse.jdt.ls.core.id1 -Dosgi.bundles.defaultStartLevel=4 -Declipse.product=org.eclipse.jdt.ls.core.product -Djava.import.generatesMetadataFilesAtProjectRoot=false -DDetectVMInstallationsJob.disabled=true -Dfile.encoding=utf8 -XX:+UseParallelGC -XX:GCTimeRatio=4 -XX:AdaptiveSizePolicyWeight=90 -Dsun.zip.disableMemoryMapping=true -Xmx2G -Xms100m -Xlog:disable -javaagent:c:\Users\samue\.vscode\extensions\redhat.java-1.45.0-win32-x64\lombok\lombok-1.18.39-4050.jar -XX:+HeapDumpOnOutOfMemoryError -XX:HeapDumpPath=c:\Users\samue\AppData\Roaming\Code\User\workspaceStorage\cdf97f8f069daa303bb81283c0c28557\redhat.java -Daether.dependencyCollector.impl=bf 
java_command: c:\Users\samue\.vscode\extensions\redhat.java-1.45.0-win32-x64\server\plugins\org.eclipse.equinox.launcher_1.7.0.v20250519-0528.jar -configuration c:\Users\samue\AppData\Roaming\Code\User\globalStorage\redhat.java\1.45.0\config_win -data c:\Users\samue\AppData\Roaming\Code\User\workspaceStorage\cdf97f8f069daa303bb81283c0c28557\redhat.java\jdt_ws --pipe=\\.\pipe\lsp-3772dbde28cbce380bb64d30a42ad8bc-sock
java_class_path (initial): c:\Users\samue\.vscode\extensions\redhat.java-1.45.0-win32-x64\server\plugins\org.eclipse.equinox.launcher_1.7.0.v20250519-0528.jar
Launcher Type: SUN_STANDARD

[Global flags]
    uintx AdaptiveSizePolicyWeight                 = 90                                        {product} {command line}
     intx CICompilerCount                          = 12                                        {product} {ergonomic}
    uintx GCTimeRatio                              = 4                                         {product} {command line}
     bool HeapDumpOnOutOfMemoryError               = true                                   {manageable} {command line}
    ccstr HeapDumpPath                             = c:\Users\samue\AppData\Roaming\Code\User\workspaceStorage\cdf97f8f069daa303bb81283c0c28557\redhat.java         {manageable} {command line}
   size_t InitialHeapSize                          = 104857600                                 {product} {command line}
   size_t MaxHeapSize                              = 2147483648                                {product} {command line}
   size_t MaxNewSize                               = 715653120                                 {product} {ergonomic}
   size_t MinHeapDeltaBytes                        = 524288                                    {product} {ergonomic}
   size_t MinHeapSize                              = 104857600                                 {product} {command line}
   size_t NewSize                                  = 34603008                                  {product} {ergonomic}
    uintx NonNMethodCodeHeapSize                   = 7602480                                {pd product} {ergonomic}
    uintx NonProfiledCodeHeapSize                  = 122027880                              {pd product} {ergonomic}
   size_t OldSize                                  = 70254592                                  {product} {ergonomic}
    uintx ProfiledCodeHeapSize                     = 122027880                              {pd product} {ergonomic}
    uintx ReservedCodeCacheSize                    = 251658240                              {pd product} {ergonomic}
     bool SegmentedCodeCache                       = true                                      {product} {ergonomic}
   size_t SoftMaxHeapSize                          = 2147483648                             {manageable} {ergonomic}
     bool UseCompressedOops                        = true                           {product lp64_product} {ergonomic}
     bool UseLargePagesIndividualAllocation        = false                                  {pd product} {ergonomic}
     bool UseParallelGC                            = true                                      {product} {command line}

Logging:
Log output configuration:
 #0: stdout all=off uptime,level,tags foldmultilines=false
 #1: stderr all=off uptime,level,tags foldmultilines=false

Environment Variables:
JAVA_HOME=C:\Program Files\Java\jdk-24
PATH=C:\Program Files\Java\jdk-24\bin;C:\Program Files\Common Files\Oracle\Java\javapath;C:\Windows\system32;C:\Windows;C:\Windows\System32\Wbem;C:\Windows\System32\WindowsPowerShell\v1.0\;C:\Windows\System32\OpenSSH\;C:\Program Files\nodejs\;C:\Program Files\Git\cmd;C:\Program Files (x86)\Microsoft SQL Server\150\DTS\Binn\;C:\Program Files\Azure Data Studio\bin;C:\Program Files\Microsoft SQL Server\Client SDK\ODBC\170\Tools\Binn\;C:\Program Files (x86)\Microsoft SQL Server\150\Tools\Binn\;C:\Program Files\Microsoft SQL Server\150\Tools\Binn\;C:\Program Files\Microsoft SQL Server\150\DTS\Binn\;C:\php8.1.12;C:\WINDOWS\system32;C:\WINDOWS;C:\WINDOWS\System32\Wbem;C:\WINDOWS\System32\WindowsPowerShell\v1.0\;C:\WINDOWS\System32\OpenSSH\;C:\apache-maven-3.9.9\bin;;C:\Program Files\Docker\Docker\resources\bin;C:\Program Files\NVIDIA Corporation\NVIDIA App\NvDLISR;C:\Program Files (x86)\NVIDIA Corporation\PhysX\Common;C:\Users\samue\AppData\Local\Microsoft\WindowsApps;C:\Users\samue\AppData\Local\Programs\Microsoft VS Code\bin;C:\Users\samue\AppData\Roaming\npm;C:\Users\samue\AppData\Local\GitHubDesktop\bin;C:\Program Files\Azure Data Studio\bin;C:\apache-maven-3.9.9\bin;
USERNAME=samue
OS=Windows_NT
PROCESSOR_IDENTIFIER=AMD64 Family 23 Model 96 Stepping 1, AuthenticAMD
TMP=C:\Users\samue\AppData\Local\Temp
TEMP=C:\Users\samue\AppData\Local\Temp




Periodic native trim disabled

---------------  S Y S T E M  ---------------

OS:
 Windows 11 , 64 bit Build 26100 (10.0.26100.5074)
OS uptime: 1 days 8:18 hours
Hyper-V role detected

CPU: total 16 (initial active 16) (16 cores per cpu, 2 threads per core) family 23 model 96 stepping 1 microcode 0x8600103, cx8, cmov, fxsr, ht, mmx, 3dnowpref, sse, sse2, sse3, ssse3, sse4a, sse4.1, sse4.2, popcnt, lzcnt, tsc, tscinvbit, avx, avx2, aes, clmul, bmi1, bmi2, adx, sha, fma, vzeroupper, clflush, clflushopt, hv, rdtscp, rdpid, f16c
Processor Information for the first 16 processors :
  Max Mhz: 2900, Current Mhz: 2900, Mhz Limit: 2900

Memory: 4k page, system-wide physical 7549M (509M free)
TotalPageFile size 31101M (AvailPageFile size 2M)
current process WorkingSet (physical memory assigned to process): 297M, peak: 297M
current process commit charge ("private bytes"): 383M, peak: 386M

vm_info: OpenJDK 64-Bit Server VM (21.0.8+9-LTS) for windows-amd64 JRE (21.0.8+9-LTS), built on 2025-07-15T00:00:00Z by "admin" with MS VC++ 17.7 (VS2022)

END.
